[3.006s] Invoking command in '/home/user/ros2_emo_voice/src/emo_voice': PYTHONPATH=/home/user/ros2_emo_voice/build/emo_voice/prefix_override:/home/user/ros2_emo_voice/install/emo_voice/lib/python3.10/site-packages:${PYTHONPATH} /usr/bin/python3 setup.py egg_info --egg-base ../../build/emo_voice build --build-base /home/user/ros2_emo_voice/build/emo_voice/build install --record /home/user/ros2_emo_voice/build/emo_voice/install.log --single-version-externally-managed
[3.519s] running egg_info
[3.521s] writing ../../build/emo_voice/emo_voice.egg-info/PKG-INFO
[3.523s] writing dependency_links to ../../build/emo_voice/emo_voice.egg-info/dependency_links.txt
[3.524s] writing entry points to ../../build/emo_voice/emo_voice.egg-info/entry_points.txt
[3.525s] writing requirements to ../../build/emo_voice/emo_voice.egg-info/requires.txt
[3.526s] writing top-level names to ../../build/emo_voice/emo_voice.egg-info/top_level.txt
[3.531s] reading manifest file '../../build/emo_voice/emo_voice.egg-info/SOURCES.txt'
[3.533s] writing manifest file '../../build/emo_voice/emo_voice.egg-info/SOURCES.txt'
[3.535s] running build
[3.536s] running build_py
[3.537s] copying emo_voice/voice.py -> /home/user/ros2_emo_voice/build/emo_voice/build/lib/emo_voice
[3.539s] running install
[3.541s] running install_lib
[3.543s] copying /home/user/ros2_emo_voice/build/emo_voice/build/lib/emo_voice/voice.py -> /home/user/ros2_emo_voice/install/emo_voice/lib/python3.10/site-packages/emo_voice
[3.546s] byte-compiling /home/user/ros2_emo_voice/install/emo_voice/lib/python3.10/site-packages/emo_voice/voice.py to voice.cpython-310.pyc
[3.549s] running install_data
[3.551s] running install_egg_info
[3.554s] removing '/home/user/ros2_emo_voice/install/emo_voice/lib/python3.10/site-packages/emo_voice-0.0.0-py3.10.egg-info' (and everything under it)
[3.564s] Copying ../../build/emo_voice/emo_voice.egg-info to /home/user/ros2_emo_voice/install/emo_voice/lib/python3.10/site-packages/emo_voice-0.0.0-py3.10.egg-info
[3.574s] running install_scripts
[3.609s] Installing client script to /home/user/ros2_emo_voice/install/emo_voice/lib/emo_voice
[3.611s] Installing move script to /home/user/ros2_emo_voice/install/emo_voice/lib/emo_voice
[3.617s] Installing plot script to /home/user/ros2_emo_voice/install/emo_voice/lib/emo_voice
[3.620s] Installing sensor_pnnx script to /home/user/ros2_emo_voice/install/emo_voice/lib/emo_voice
[3.620s] Installing server script to /home/user/ros2_emo_voice/install/emo_voice/lib/emo_voice
[3.621s] writing list of installed files to '/home/user/ros2_emo_voice/build/emo_voice/install.log'
[3.743s] Invoked command in '/home/user/ros2_emo_voice/src/emo_voice' returned '0': PYTHONPATH=/home/user/ros2_emo_voice/build/emo_voice/prefix_override:/home/user/ros2_emo_voice/install/emo_voice/lib/python3.10/site-packages:${PYTHONPATH} /usr/bin/python3 setup.py egg_info --egg-base ../../build/emo_voice build --build-base /home/user/ros2_emo_voice/build/emo_voice/build install --record /home/user/ros2_emo_voice/build/emo_voice/install.log --single-version-externally-managed
