[7.148s] Invoking command in '/home/user/ros2_emo_voice/src/emo_voice': PYTHONPATH=/home/user/ros2_emo_voice/build/emo_voice/prefix_override:/home/user/ros2_emo_voice/install/emo_voice/lib/python3.10/site-packages:${PYTHONPATH} /usr/bin/python3 setup.py egg_info --egg-base ../../build/emo_voice build --build-base /home/user/ros2_emo_voice/build/emo_voice/build install --record /home/user/ros2_emo_voice/build/emo_voice/install.log --single-version-externally-managed
[8.324s] running egg_info
[8.326s] writing ../../build/emo_voice/emo_voice.egg-info/PKG-INFO
[8.336s] writing dependency_links to ../../build/emo_voice/emo_voice.egg-info/dependency_links.txt
[8.336s] writing entry points to ../../build/emo_voice/emo_voice.egg-info/entry_points.txt
[8.337s] writing requirements to ../../build/emo_voice/emo_voice.egg-info/requires.txt
[8.337s] writing top-level names to ../../build/emo_voice/emo_voice.egg-info/top_level.txt
[8.362s] reading manifest file '../../build/emo_voice/emo_voice.egg-info/SOURCES.txt'
[8.368s] writing manifest file '../../build/emo_voice/emo_voice.egg-info/SOURCES.txt'
[8.369s] running build
[8.369s] running build_py
[8.388s] running install
[8.388s] running install_lib
[8.421s] running install_data
[8.432s] running install_egg_info
[8.448s] removing '/home/user/ros2_emo_voice/install/emo_voice/lib/python3.10/site-packages/emo_voice-0.0.0-py3.10.egg-info' (and everything under it)
[8.454s] Copying ../../build/emo_voice/emo_voice.egg-info to /home/user/ros2_emo_voice/install/emo_voice/lib/python3.10/site-packages/emo_voice-0.0.0-py3.10.egg-info
[8.461s] running install_scripts
[8.632s] Installing client script to /home/user/ros2_emo_voice/install/emo_voice/lib/emo_voice
[8.641s] Installing move script to /home/user/ros2_emo_voice/install/emo_voice/lib/emo_voice
[8.642s] Installing plot script to /home/user/ros2_emo_voice/install/emo_voice/lib/emo_voice
[8.647s] Installing sensor_pnnx script to /home/user/ros2_emo_voice/install/emo_voice/lib/emo_voice
[8.647s] Installing server script to /home/user/ros2_emo_voice/install/emo_voice/lib/emo_voice
[8.647s] writing list of installed files to '/home/user/ros2_emo_voice/build/emo_voice/install.log'
[9.018s] Invoked command in '/home/user/ros2_emo_voice/src/emo_voice' returned '0': PYTHONPATH=/home/user/ros2_emo_voice/build/emo_voice/prefix_override:/home/user/ros2_emo_voice/install/emo_voice/lib/python3.10/site-packages:${PYTHONPATH} /usr/bin/python3 setup.py egg_info --egg-base ../../build/emo_voice build --build-base /home/user/ros2_emo_voice/build/emo_voice/build install --record /home/user/ros2_emo_voice/build/emo_voice/install.log --single-version-externally-managed
