[1.553s] Invoking command in '/home/user/ros2_emo_voice/build/emo_voice_interfaces': CMAKE_PREFIX_PATH=${CMAKE_PREFIX_PATH}:/home/user/ros2_emo_voice/install/emo_voice:/home/user/ros2_ws/install/mytest:/opt/ros/humble /usr/bin/cmake --build /home/user/ros2_emo_voice/build/emo_voice_interfaces -- -j2 -l2
[1.891s] [  3%] Built target emo_voice_interfaces__cpp
[1.987s] [ 12%] Built target emo_voice_interfaces__rosidl_generator_c
[2.190s] [ 22%] Built target emo_voice_interfaces__rosidl_typesupport_cpp
[2.245s] [ 22%] Built target ament_cmake_python_copy_emo_voice_interfaces
[2.394s] [ 32%] Built target emo_voice_interfaces__rosidl_typesupport_fastrtps_c
[2.488s] [ 41%] Built target emo_voice_interfaces__rosidl_typesupport_introspection_c
[2.542s] [ 51%] Built target emo_voice_interfaces__rosidl_typesupport_c
[2.657s] [ 61%] Built target emo_voice_interfaces__rosidl_typesupport_fastrtps_cpp
[2.752s] [ 70%] Built target emo_voice_interfaces__rosidl_typesupport_introspection_cpp
[3.002s] [ 70%] Built target emo_voice_interfaces
[3.219s] [ 74%] Built target emo_voice_interfaces__py
[3.467s] [ 80%] Built target emo_voice_interfaces__rosidl_generator_py
[3.706s] [ 87%] Built target emo_voice_interfaces__rosidl_typesupport_fastrtps_c__pyext
[3.939s] [ 93%] Built target emo_voice_interfaces__rosidl_typesupport_introspection_c__pyext
[4.231s] [100%] Built target emo_voice_interfaces__rosidl_typesupport_c__pyext
[4.544s] running egg_info
[4.549s] writing emo_voice_interfaces.egg-info/PKG-INFO
[4.563s] writing dependency_links to emo_voice_interfaces.egg-info/dependency_links.txt
[4.563s] writing top-level names to emo_voice_interfaces.egg-info/top_level.txt
[4.586s] reading manifest file 'emo_voice_interfaces.egg-info/SOURCES.txt'
[4.605s] writing manifest file 'emo_voice_interfaces.egg-info/SOURCES.txt'
[4.807s] [100%] Built target ament_cmake_python_build_emo_voice_interfaces_egg
[4.876s] Invoked command in '/home/user/ros2_emo_voice/build/emo_voice_interfaces' returned '0': CMAKE_PREFIX_PATH=${CMAKE_PREFIX_PATH}:/home/user/ros2_emo_voice/install/emo_voice:/home/user/ros2_ws/install/mytest:/opt/ros/humble /usr/bin/cmake --build /home/user/ros2_emo_voice/build/emo_voice_interfaces -- -j2 -l2
[5.524s] Invoking command in '/home/user/ros2_emo_voice/build/emo_voice_interfaces': CMAKE_PREFIX_PATH=${CMAKE_PREFIX_PATH}:/home/user/ros2_emo_voice/install/emo_voice:/home/user/ros2_ws/install/mytest:/opt/ros/humble /usr/bin/cmake --install /home/user/ros2_emo_voice/build/emo_voice_interfaces
[5.559s] -- Install configuration: ""
[5.560s] -- Up-to-date: /home/user/ros2_emo_voice/install/emo_voice_interfaces/share/ament_index/resource_index/rosidl_interfaces/emo_voice_interfaces
[5.561s] -- Up-to-date: /home/user/ros2_emo_voice/install/emo_voice_interfaces/include/emo_voice_interfaces/emo_voice_interfaces
[5.563s] -- Up-to-date: /home/user/ros2_emo_voice/install/emo_voice_interfaces/include/emo_voice_interfaces/emo_voice_interfaces/msg
[5.565s] -- Up-to-date: /home/user/ros2_emo_voice/install/emo_voice_interfaces/include/emo_voice_interfaces/emo_voice_interfaces/msg/rosidl_generator_c__visibility_control.h
[5.566s] -- Up-to-date: /home/user/ros2_emo_voice/install/emo_voice_interfaces/include/emo_voice_interfaces/emo_voice_interfaces/srv
[5.567s] -- Up-to-date: /home/user/ros2_emo_voice/install/emo_voice_interfaces/include/emo_voice_interfaces/emo_voice_interfaces/srv/detail
[5.568s] -- Up-to-date: /home/user/ros2_emo_voice/install/emo_voice_interfaces/include/emo_voice_interfaces/emo_voice_interfaces/srv/detail/gen_text__struct.h
[5.568s] -- Up-to-date: /home/user/ros2_emo_voice/install/emo_voice_interfaces/include/emo_voice_interfaces/emo_voice_interfaces/srv/detail/gen_text__type_support.h
[5.568s] -- Up-to-date: /home/user/ros2_emo_voice/install/emo_voice_interfaces/include/emo_voice_interfaces/emo_voice_interfaces/srv/detail/gen_text__functions.h
[5.573s] -- Up-to-date: /home/user/ros2_emo_voice/install/emo_voice_interfaces/include/emo_voice_interfaces/emo_voice_interfaces/srv/detail/gen_text__functions.c
[5.573s] -- Up-to-date: /home/user/ros2_emo_voice/install/emo_voice_interfaces/include/emo_voice_interfaces/emo_voice_interfaces/srv/gen_text.h
[5.573s] -- Up-to-date: /home/user/ros2_emo_voice/install/emo_voice_interfaces/share/emo_voice_interfaces/environment/library_path.sh
[5.573s] -- Up-to-date: /home/user/ros2_emo_voice/install/emo_voice_interfaces/share/emo_voice_interfaces/environment/library_path.dsv
[5.574s] -- Up-to-date: /home/user/ros2_emo_voice/install/emo_voice_interfaces/lib/libemo_voice_interfaces__rosidl_generator_c.so
[5.575s] -- Up-to-date: /home/user/ros2_emo_voice/install/emo_voice_interfaces/include/emo_voice_interfaces/emo_voice_interfaces
[5.575s] -- Up-to-date: /home/user/ros2_emo_voice/install/emo_voice_interfaces/include/emo_voice_interfaces/emo_voice_interfaces/msg
[5.575s] -- Up-to-date: /home/user/ros2_emo_voice/install/emo_voice_interfaces/include/emo_voice_interfaces/emo_voice_interfaces/msg/rosidl_typesupport_fastrtps_c__visibility_control.h
[5.575s] -- Up-to-date: /home/user/ros2_emo_voice/install/emo_voice_interfaces/include/emo_voice_interfaces/emo_voice_interfaces/srv
[5.576s] -- Up-to-date: /home/user/ros2_emo_voice/install/emo_voice_interfaces/include/emo_voice_interfaces/emo_voice_interfaces/srv/detail
[5.576s] -- Up-to-date: /home/user/ros2_emo_voice/install/emo_voice_interfaces/include/emo_voice_interfaces/emo_voice_interfaces/srv/detail/gen_text__rosidl_typesupport_fastrtps_c.h
[5.582s] -- Up-to-date: /home/user/ros2_emo_voice/install/emo_voice_interfaces/lib/libemo_voice_interfaces__rosidl_typesupport_fastrtps_c.so
[5.583s] -- Up-to-date: /home/user/ros2_emo_voice/install/emo_voice_interfaces/include/emo_voice_interfaces/emo_voice_interfaces
[5.583s] -- Up-to-date: /home/user/ros2_emo_voice/install/emo_voice_interfaces/include/emo_voice_interfaces/emo_voice_interfaces/msg
[5.584s] -- Up-to-date: /home/user/ros2_emo_voice/install/emo_voice_interfaces/include/emo_voice_interfaces/emo_voice_interfaces/msg/rosidl_typesupport_introspection_c__visibility_control.h
[5.584s] -- Up-to-date: /home/user/ros2_emo_voice/install/emo_voice_interfaces/include/emo_voice_interfaces/emo_voice_interfaces/srv
[5.586s] -- Up-to-date: /home/user/ros2_emo_voice/install/emo_voice_interfaces/include/emo_voice_interfaces/emo_voice_interfaces/srv/detail
[5.586s] -- Up-to-date: /home/user/ros2_emo_voice/install/emo_voice_interfaces/include/emo_voice_interfaces/emo_voice_interfaces/srv/detail/gen_text__rosidl_typesupport_introspection_c.h
[5.587s] -- Up-to-date: /home/user/ros2_emo_voice/install/emo_voice_interfaces/include/emo_voice_interfaces/emo_voice_interfaces/srv/detail/gen_text__type_support.c
[5.587s] -- Up-to-date: /home/user/ros2_emo_voice/install/emo_voice_interfaces/lib/libemo_voice_interfaces__rosidl_typesupport_introspection_c.so
[5.587s] -- Up-to-date: /home/user/ros2_emo_voice/install/emo_voice_interfaces/lib/libemo_voice_interfaces__rosidl_typesupport_c.so
[5.590s] -- Up-to-date: /home/user/ros2_emo_voice/install/emo_voice_interfaces/include/emo_voice_interfaces/emo_voice_interfaces
[5.591s] -- Up-to-date: /home/user/ros2_emo_voice/install/emo_voice_interfaces/include/emo_voice_interfaces/emo_voice_interfaces/srv
[5.591s] -- Up-to-date: /home/user/ros2_emo_voice/install/emo_voice_interfaces/include/emo_voice_interfaces/emo_voice_interfaces/srv/detail
[5.591s] -- Up-to-date: /home/user/ros2_emo_voice/install/emo_voice_interfaces/include/emo_voice_interfaces/emo_voice_interfaces/srv/detail/gen_text__traits.hpp
[5.591s] -- Up-to-date: /home/user/ros2_emo_voice/install/emo_voice_interfaces/include/emo_voice_interfaces/emo_voice_interfaces/srv/detail/gen_text__struct.hpp
[5.592s] -- Up-to-date: /home/user/ros2_emo_voice/install/emo_voice_interfaces/include/emo_voice_interfaces/emo_voice_interfaces/srv/detail/gen_text__builder.hpp
[5.592s] -- Up-to-date: /home/user/ros2_emo_voice/install/emo_voice_interfaces/include/emo_voice_interfaces/emo_voice_interfaces/srv/gen_text.hpp
[5.592s] -- Up-to-date: /home/user/ros2_emo_voice/install/emo_voice_interfaces/include/emo_voice_interfaces/emo_voice_interfaces
[5.592s] -- Up-to-date: /home/user/ros2_emo_voice/install/emo_voice_interfaces/include/emo_voice_interfaces/emo_voice_interfaces/msg
[5.593s] -- Up-to-date: /home/user/ros2_emo_voice/install/emo_voice_interfaces/include/emo_voice_interfaces/emo_voice_interfaces/msg/rosidl_typesupport_fastrtps_cpp__visibility_control.h
[5.593s] -- Up-to-date: /home/user/ros2_emo_voice/install/emo_voice_interfaces/include/emo_voice_interfaces/emo_voice_interfaces/srv
[5.593s] -- Up-to-date: /home/user/ros2_emo_voice/install/emo_voice_interfaces/include/emo_voice_interfaces/emo_voice_interfaces/srv/detail
[5.593s] -- Up-to-date: /home/user/ros2_emo_voice/install/emo_voice_interfaces/include/emo_voice_interfaces/emo_voice_interfaces/srv/detail/gen_text__rosidl_typesupport_fastrtps_cpp.hpp
[5.594s] -- Up-to-date: /home/user/ros2_emo_voice/install/emo_voice_interfaces/include/emo_voice_interfaces/emo_voice_interfaces/srv/detail/dds_fastrtps
[5.594s] -- Up-to-date: /home/user/ros2_emo_voice/install/emo_voice_interfaces/lib/libemo_voice_interfaces__rosidl_typesupport_fastrtps_cpp.so
[5.602s] -- Up-to-date: /home/user/ros2_emo_voice/install/emo_voice_interfaces/include/emo_voice_interfaces/emo_voice_interfaces
[5.603s] -- Up-to-date: /home/user/ros2_emo_voice/install/emo_voice_interfaces/include/emo_voice_interfaces/emo_voice_interfaces/srv
[5.603s] -- Up-to-date: /home/user/ros2_emo_voice/install/emo_voice_interfaces/include/emo_voice_interfaces/emo_voice_interfaces/srv/detail
[5.603s] -- Up-to-date: /home/user/ros2_emo_voice/install/emo_voice_interfaces/include/emo_voice_interfaces/emo_voice_interfaces/srv/detail/gen_text__rosidl_typesupport_introspection_cpp.hpp
[5.603s] -- Up-to-date: /home/user/ros2_emo_voice/install/emo_voice_interfaces/include/emo_voice_interfaces/emo_voice_interfaces/srv/detail/gen_text__type_support.cpp
[5.604s] -- Up-to-date: /home/user/ros2_emo_voice/install/emo_voice_interfaces/lib/libemo_voice_interfaces__rosidl_typesupport_introspection_cpp.so
[5.604s] -- Up-to-date: /home/user/ros2_emo_voice/install/emo_voice_interfaces/lib/libemo_voice_interfaces__rosidl_typesupport_cpp.so
[5.605s] -- Up-to-date: /home/user/ros2_emo_voice/install/emo_voice_interfaces/share/emo_voice_interfaces/environment/pythonpath.sh
[5.605s] -- Up-to-date: /home/user/ros2_emo_voice/install/emo_voice_interfaces/share/emo_voice_interfaces/environment/pythonpath.dsv
[5.610s] -- Up-to-date: /home/user/ros2_emo_voice/install/emo_voice_interfaces/local/lib/python3.10/dist-packages/emo_voice_interfaces-0.0.0-py3.10.egg-info
[5.611s] -- Installing: /home/user/ros2_emo_voice/install/emo_voice_interfaces/local/lib/python3.10/dist-packages/emo_voice_interfaces-0.0.0-py3.10.egg-info/top_level.txt
[5.611s] -- Installing: /home/user/ros2_emo_voice/install/emo_voice_interfaces/local/lib/python3.10/dist-packages/emo_voice_interfaces-0.0.0-py3.10.egg-info/PKG-INFO
[5.611s] -- Installing: /home/user/ros2_emo_voice/install/emo_voice_interfaces/local/lib/python3.10/dist-packages/emo_voice_interfaces-0.0.0-py3.10.egg-info/SOURCES.txt
[5.612s] -- Installing: /home/user/ros2_emo_voice/install/emo_voice_interfaces/local/lib/python3.10/dist-packages/emo_voice_interfaces-0.0.0-py3.10.egg-info/dependency_links.txt
[5.612s] -- Up-to-date: /home/user/ros2_emo_voice/install/emo_voice_interfaces/local/lib/python3.10/dist-packages/emo_voice_interfaces
[5.612s] -- Up-to-date: /home/user/ros2_emo_voice/install/emo_voice_interfaces/local/lib/python3.10/dist-packages/emo_voice_interfaces/_emo_voice_interfaces_s.ep.rosidl_typesupport_c.c
[5.613s] -- Up-to-date: /home/user/ros2_emo_voice/install/emo_voice_interfaces/local/lib/python3.10/dist-packages/emo_voice_interfaces/_emo_voice_interfaces_s.ep.rosidl_typesupport_introspection_c.c
[5.613s] -- Up-to-date: /home/user/ros2_emo_voice/install/emo_voice_interfaces/local/lib/python3.10/dist-packages/emo_voice_interfaces/_emo_voice_interfaces_s.ep.rosidl_typesupport_fastrtps_c.c
[5.613s] -- Up-to-date: /home/user/ros2_emo_voice/install/emo_voice_interfaces/local/lib/python3.10/dist-packages/emo_voice_interfaces/emo_voice_interfaces_s__rosidl_typesupport_introspection_c.cpython-310-x86_64-linux-gnu.so
[5.613s] -- Up-to-date: /home/user/ros2_emo_voice/install/emo_voice_interfaces/local/lib/python3.10/dist-packages/emo_voice_interfaces/__init__.py
[5.614s] -- Up-to-date: /home/user/ros2_emo_voice/install/emo_voice_interfaces/local/lib/python3.10/dist-packages/emo_voice_interfaces/emo_voice_interfaces_s__rosidl_typesupport_c.cpython-310-x86_64-linux-gnu.so
[5.614s] -- Up-to-date: /home/user/ros2_emo_voice/install/emo_voice_interfaces/local/lib/python3.10/dist-packages/emo_voice_interfaces/emo_voice_interfaces_s__rosidl_typesupport_fastrtps_c.cpython-310-x86_64-linux-gnu.so
[5.614s] -- Up-to-date: /home/user/ros2_emo_voice/install/emo_voice_interfaces/local/lib/python3.10/dist-packages/emo_voice_interfaces/srv
[5.618s] -- Up-to-date: /home/user/ros2_emo_voice/install/emo_voice_interfaces/local/lib/python3.10/dist-packages/emo_voice_interfaces/srv/_gen_text_s.c
[5.619s] -- Up-to-date: /home/user/ros2_emo_voice/install/emo_voice_interfaces/local/lib/python3.10/dist-packages/emo_voice_interfaces/srv/_gen_text.py
[5.619s] -- Up-to-date: /home/user/ros2_emo_voice/install/emo_voice_interfaces/local/lib/python3.10/dist-packages/emo_voice_interfaces/srv/__init__.py
[5.619s] -- Up-to-date: /home/user/ros2_emo_voice/install/emo_voice_interfaces/local/lib/python3.10/dist-packages/emo_voice_interfaces/libemo_voice_interfaces__rosidl_generator_py.so
[5.874s] Listing '/home/user/ros2_emo_voice/install/emo_voice_interfaces/local/lib/python3.10/dist-packages/emo_voice_interfaces'...
[5.875s] Listing '/home/user/ros2_emo_voice/install/emo_voice_interfaces/local/lib/python3.10/dist-packages/emo_voice_interfaces/srv'...
[5.910s] -- Up-to-date: /home/user/ros2_emo_voice/install/emo_voice_interfaces/local/lib/python3.10/dist-packages/emo_voice_interfaces/emo_voice_interfaces_s__rosidl_typesupport_fastrtps_c.cpython-310-x86_64-linux-gnu.so
[5.917s] -- Up-to-date: /home/user/ros2_emo_voice/install/emo_voice_interfaces/local/lib/python3.10/dist-packages/emo_voice_interfaces/emo_voice_interfaces_s__rosidl_typesupport_introspection_c.cpython-310-x86_64-linux-gnu.so
[5.919s] -- Up-to-date: /home/user/ros2_emo_voice/install/emo_voice_interfaces/local/lib/python3.10/dist-packages/emo_voice_interfaces/emo_voice_interfaces_s__rosidl_typesupport_c.cpython-310-x86_64-linux-gnu.so
[5.931s] -- Up-to-date: /home/user/ros2_emo_voice/install/emo_voice_interfaces/lib/libemo_voice_interfaces__rosidl_generator_py.so
[5.932s] -- Up-to-date: /home/user/ros2_emo_voice/install/emo_voice_interfaces/share/emo_voice_interfaces/srv/GenText.idl
[5.932s] -- Up-to-date: /home/user/ros2_emo_voice/install/emo_voice_interfaces/share/emo_voice_interfaces/srv/GenText.srv
[5.933s] -- Up-to-date: /home/user/ros2_emo_voice/install/emo_voice_interfaces/share/emo_voice_interfaces/srv/GenText_Request.msg
[5.933s] -- Up-to-date: /home/user/ros2_emo_voice/install/emo_voice_interfaces/share/emo_voice_interfaces/srv/GenText_Response.msg
[5.934s] -- Up-to-date: /home/user/ros2_emo_voice/install/emo_voice_interfaces/share/ament_index/resource_index/package_run_dependencies/emo_voice_interfaces
[5.934s] -- Up-to-date: /home/user/ros2_emo_voice/install/emo_voice_interfaces/share/ament_index/resource_index/parent_prefix_path/emo_voice_interfaces
[5.934s] -- Up-to-date: /home/user/ros2_emo_voice/install/emo_voice_interfaces/share/emo_voice_interfaces/environment/ament_prefix_path.sh
[5.935s] -- Up-to-date: /home/user/ros2_emo_voice/install/emo_voice_interfaces/share/emo_voice_interfaces/environment/ament_prefix_path.dsv
[5.935s] -- Up-to-date: /home/user/ros2_emo_voice/install/emo_voice_interfaces/share/emo_voice_interfaces/environment/path.sh
[5.935s] -- Up-to-date: /home/user/ros2_emo_voice/install/emo_voice_interfaces/share/emo_voice_interfaces/environment/path.dsv
[5.935s] -- Up-to-date: /home/user/ros2_emo_voice/install/emo_voice_interfaces/share/emo_voice_interfaces/local_setup.bash
[5.936s] -- Up-to-date: /home/user/ros2_emo_voice/install/emo_voice_interfaces/share/emo_voice_interfaces/local_setup.sh
[5.946s] -- Up-to-date: /home/user/ros2_emo_voice/install/emo_voice_interfaces/share/emo_voice_interfaces/local_setup.zsh
[5.946s] -- Up-to-date: /home/user/ros2_emo_voice/install/emo_voice_interfaces/share/emo_voice_interfaces/local_setup.dsv
[5.947s] -- Installing: /home/user/ros2_emo_voice/install/emo_voice_interfaces/share/emo_voice_interfaces/package.dsv
[5.947s] -- Up-to-date: /home/user/ros2_emo_voice/install/emo_voice_interfaces/share/ament_index/resource_index/packages/emo_voice_interfaces
[5.947s] -- Up-to-date: /home/user/ros2_emo_voice/install/emo_voice_interfaces/share/emo_voice_interfaces/cmake/export_emo_voice_interfaces__rosidl_generator_cExport.cmake
[5.947s] -- Up-to-date: /home/user/ros2_emo_voice/install/emo_voice_interfaces/share/emo_voice_interfaces/cmake/export_emo_voice_interfaces__rosidl_generator_cExport-noconfig.cmake
[5.948s] -- Up-to-date: /home/user/ros2_emo_voice/install/emo_voice_interfaces/share/emo_voice_interfaces/cmake/export_emo_voice_interfaces__rosidl_typesupport_fastrtps_cExport.cmake
[5.951s] -- Up-to-date: /home/user/ros2_emo_voice/install/emo_voice_interfaces/share/emo_voice_interfaces/cmake/export_emo_voice_interfaces__rosidl_typesupport_fastrtps_cExport-noconfig.cmake
[5.952s] -- Up-to-date: /home/user/ros2_emo_voice/install/emo_voice_interfaces/share/emo_voice_interfaces/cmake/emo_voice_interfaces__rosidl_typesupport_introspection_cExport.cmake
[5.953s] -- Up-to-date: /home/user/ros2_emo_voice/install/emo_voice_interfaces/share/emo_voice_interfaces/cmake/emo_voice_interfaces__rosidl_typesupport_introspection_cExport-noconfig.cmake
[5.961s] -- Up-to-date: /home/user/ros2_emo_voice/install/emo_voice_interfaces/share/emo_voice_interfaces/cmake/emo_voice_interfaces__rosidl_typesupport_cExport.cmake
[5.962s] -- Up-to-date: /home/user/ros2_emo_voice/install/emo_voice_interfaces/share/emo_voice_interfaces/cmake/emo_voice_interfaces__rosidl_typesupport_cExport-noconfig.cmake
[5.962s] -- Up-to-date: /home/user/ros2_emo_voice/install/emo_voice_interfaces/share/emo_voice_interfaces/cmake/export_emo_voice_interfaces__rosidl_generator_cppExport.cmake
[5.963s] -- Up-to-date: /home/user/ros2_emo_voice/install/emo_voice_interfaces/share/emo_voice_interfaces/cmake/export_emo_voice_interfaces__rosidl_typesupport_fastrtps_cppExport.cmake
[5.963s] -- Up-to-date: /home/user/ros2_emo_voice/install/emo_voice_interfaces/share/emo_voice_interfaces/cmake/export_emo_voice_interfaces__rosidl_typesupport_fastrtps_cppExport-noconfig.cmake
[5.963s] -- Up-to-date: /home/user/ros2_emo_voice/install/emo_voice_interfaces/share/emo_voice_interfaces/cmake/emo_voice_interfaces__rosidl_typesupport_introspection_cppExport.cmake
[5.963s] -- Up-to-date: /home/user/ros2_emo_voice/install/emo_voice_interfaces/share/emo_voice_interfaces/cmake/emo_voice_interfaces__rosidl_typesupport_introspection_cppExport-noconfig.cmake
[5.964s] -- Up-to-date: /home/user/ros2_emo_voice/install/emo_voice_interfaces/share/emo_voice_interfaces/cmake/emo_voice_interfaces__rosidl_typesupport_cppExport.cmake
[5.964s] -- Up-to-date: /home/user/ros2_emo_voice/install/emo_voice_interfaces/share/emo_voice_interfaces/cmake/emo_voice_interfaces__rosidl_typesupport_cppExport-noconfig.cmake
[5.964s] -- Up-to-date: /home/user/ros2_emo_voice/install/emo_voice_interfaces/share/emo_voice_interfaces/cmake/export_emo_voice_interfaces__rosidl_generator_pyExport.cmake
[5.964s] -- Up-to-date: /home/user/ros2_emo_voice/install/emo_voice_interfaces/share/emo_voice_interfaces/cmake/export_emo_voice_interfaces__rosidl_generator_pyExport-noconfig.cmake
[5.965s] -- Up-to-date: /home/user/ros2_emo_voice/install/emo_voice_interfaces/share/emo_voice_interfaces/cmake/rosidl_cmake-extras.cmake
[5.965s] -- Up-to-date: /home/user/ros2_emo_voice/install/emo_voice_interfaces/share/emo_voice_interfaces/cmake/ament_cmake_export_include_directories-extras.cmake
[5.965s] -- Up-to-date: /home/user/ros2_emo_voice/install/emo_voice_interfaces/share/emo_voice_interfaces/cmake/ament_cmake_export_libraries-extras.cmake
[5.965s] -- Up-to-date: /home/user/ros2_emo_voice/install/emo_voice_interfaces/share/emo_voice_interfaces/cmake/ament_cmake_export_targets-extras.cmake
[5.966s] -- Up-to-date: /home/user/ros2_emo_voice/install/emo_voice_interfaces/share/emo_voice_interfaces/cmake/rosidl_cmake_export_typesupport_targets-extras.cmake
[5.966s] -- Up-to-date: /home/user/ros2_emo_voice/install/emo_voice_interfaces/share/emo_voice_interfaces/cmake/ament_cmake_export_dependencies-extras.cmake
[5.966s] -- Up-to-date: /home/user/ros2_emo_voice/install/emo_voice_interfaces/share/emo_voice_interfaces/cmake/rosidl_cmake_export_typesupport_libraries-extras.cmake
[5.967s] -- Up-to-date: /home/user/ros2_emo_voice/install/emo_voice_interfaces/share/emo_voice_interfaces/cmake/emo_voice_interfacesConfig.cmake
[5.967s] -- Up-to-date: /home/user/ros2_emo_voice/install/emo_voice_interfaces/share/emo_voice_interfaces/cmake/emo_voice_interfacesConfig-version.cmake
[5.968s] -- Up-to-date: /home/user/ros2_emo_voice/install/emo_voice_interfaces/share/emo_voice_interfaces/package.xml
[6.193s] Invoked command in '/home/user/ros2_emo_voice/build/emo_voice_interfaces' returned '0': CMAKE_PREFIX_PATH=${CMAKE_PREFIX_PATH}:/home/user/ros2_emo_voice/install/emo_voice:/home/user/ros2_ws/install/mytest:/opt/ros/humble /usr/bin/cmake --install /home/user/ros2_emo_voice/build/emo_voice_interfaces
