[15.392s] Invoking command in '/home/user/ros2_emo_voice/src/emo_voice': PYTHONPATH=/home/user/ros2_emo_voice/build/emo_voice/prefix_override:/home/user/ros2_emo_voice/install/emo_voice/lib/python3.10/site-packages:${PYTHONPATH} /usr/bin/python3 setup.py egg_info --egg-base ../../build/emo_voice build --build-base /home/user/ros2_emo_voice/build/emo_voice/build install --record /home/user/ros2_emo_voice/build/emo_voice/install.log --single-version-externally-managed
[18.529s] running egg_info
[18.540s] writing ../../build/emo_voice/emo_voice.egg-info/PKG-INFO
[18.541s] writing dependency_links to ../../build/emo_voice/emo_voice.egg-info/dependency_links.txt
[18.541s] writing entry points to ../../build/emo_voice/emo_voice.egg-info/entry_points.txt
[18.542s] writing requirements to ../../build/emo_voice/emo_voice.egg-info/requires.txt
[18.542s] writing top-level names to ../../build/emo_voice/emo_voice.egg-info/top_level.txt
[18.578s] reading manifest file '../../build/emo_voice/emo_voice.egg-info/SOURCES.txt'
[18.590s] writing manifest file '../../build/emo_voice/emo_voice.egg-info/SOURCES.txt'
[18.596s] running build
[18.596s] running build_py
[18.602s] copying emo_voice/move.py -> /home/user/ros2_emo_voice/build/emo_voice/build/lib/emo_voice
[18.609s] copying emo_voice/voice.py -> /home/user/ros2_emo_voice/build/emo_voice/build/lib/emo_voice
[18.618s] copying emo_voice/client.py -> /home/user/ros2_emo_voice/build/emo_voice/build/lib/emo_voice
[18.626s] running install
[18.629s] running install_lib
[18.636s] copying /home/user/ros2_emo_voice/build/emo_voice/build/lib/emo_voice/move.py -> /home/user/ros2_emo_voice/install/emo_voice/lib/python3.10/site-packages/emo_voice
[18.646s] copying /home/user/ros2_emo_voice/build/emo_voice/build/lib/emo_voice/voice.py -> /home/user/ros2_emo_voice/install/emo_voice/lib/python3.10/site-packages/emo_voice
[18.652s] copying /home/user/ros2_emo_voice/build/emo_voice/build/lib/emo_voice/client.py -> /home/user/ros2_emo_voice/install/emo_voice/lib/python3.10/site-packages/emo_voice
[18.666s] byte-compiling /home/user/ros2_emo_voice/install/emo_voice/lib/python3.10/site-packages/emo_voice/move.py to move.cpython-310.pyc
[18.675s] byte-compiling /home/user/ros2_emo_voice/install/emo_voice/lib/python3.10/site-packages/emo_voice/voice.py to voice.cpython-310.pyc
[18.681s] byte-compiling /home/user/ros2_emo_voice/install/emo_voice/lib/python3.10/site-packages/emo_voice/client.py to client.cpython-310.pyc
[18.687s] running install_data
[18.692s] copying launch/emo_voice_launch.py -> /home/user/ros2_emo_voice/install/emo_voice/share/emo_voice
[18.698s] running install_egg_info
[18.703s] removing '/home/user/ros2_emo_voice/install/emo_voice/lib/python3.10/site-packages/emo_voice-0.0.0-py3.10.egg-info' (and everything under it)
[18.719s] Copying ../../build/emo_voice/emo_voice.egg-info to /home/user/ros2_emo_voice/install/emo_voice/lib/python3.10/site-packages/emo_voice-0.0.0-py3.10.egg-info
[18.736s] running install_scripts
[18.995s] Installing client script to /home/user/ros2_emo_voice/install/emo_voice/lib/emo_voice
[18.996s] Installing move script to /home/user/ros2_emo_voice/install/emo_voice/lib/emo_voice
[19.003s] Installing plot script to /home/user/ros2_emo_voice/install/emo_voice/lib/emo_voice
[19.004s] Installing sensor_pnnx script to /home/user/ros2_emo_voice/install/emo_voice/lib/emo_voice
[19.005s] Installing server script to /home/user/ros2_emo_voice/install/emo_voice/lib/emo_voice
[19.014s] writing list of installed files to '/home/user/ros2_emo_voice/build/emo_voice/install.log'
[19.267s] Invoked command in '/home/user/ros2_emo_voice/src/emo_voice' returned '0': PYTHONPATH=/home/user/ros2_emo_voice/build/emo_voice/prefix_override:/home/user/ros2_emo_voice/install/emo_voice/lib/python3.10/site-packages:${PYTHONPATH} /usr/bin/python3 setup.py egg_info --egg-base ../../build/emo_voice build --build-base /home/user/ros2_emo_voice/build/emo_voice/build install --record /home/user/ros2_emo_voice/build/emo_voice/install.log --single-version-externally-managed
