[10.733s] Invoking command in '/home/user/ros2_emo_voice/src/emo_voice': PYTHONPATH=/home/user/ros2_emo_voice/build/emo_voice/prefix_override:/home/user/ros2_emo_voice/install/emo_voice/lib/python3.10/site-packages:${PYTHONPATH} /usr/bin/python3 setup.py egg_info --egg-base ../../build/emo_voice build --build-base /home/user/ros2_emo_voice/build/emo_voice/build install --record /home/user/ros2_emo_voice/build/emo_voice/install.log --single-version-externally-managed
[12.425s] running egg_info
[12.434s] writing ../../build/emo_voice/emo_voice.egg-info/PKG-INFO
[12.440s] writing dependency_links to ../../build/emo_voice/emo_voice.egg-info/dependency_links.txt
[12.441s] writing entry points to ../../build/emo_voice/emo_voice.egg-info/entry_points.txt
[12.445s] writing requirements to ../../build/emo_voice/emo_voice.egg-info/requires.txt
[12.447s] writing top-level names to ../../build/emo_voice/emo_voice.egg-info/top_level.txt
[12.469s] reading manifest file '../../build/emo_voice/emo_voice.egg-info/SOURCES.txt'
[12.472s] writing manifest file '../../build/emo_voice/emo_voice.egg-info/SOURCES.txt'
[12.474s] running build
[12.474s] running build_py
[12.476s] copying emo_voice/voice.py -> /home/user/ros2_emo_voice/build/emo_voice/build/lib/emo_voice
[12.491s] running install
[12.504s] running install_lib
[12.508s] copying /home/user/ros2_emo_voice/build/emo_voice/build/lib/emo_voice/voice.py -> /home/user/ros2_emo_voice/install/emo_voice/lib/python3.10/site-packages/emo_voice
[12.512s] byte-compiling /home/user/ros2_emo_voice/install/emo_voice/lib/python3.10/site-packages/emo_voice/voice.py to voice.cpython-310.pyc
[12.517s] running install_data
[12.524s] running install_egg_info
[12.530s] removing '/home/user/ros2_emo_voice/install/emo_voice/lib/python3.10/site-packages/emo_voice-0.0.0-py3.10.egg-info' (and everything under it)
[12.549s] Copying ../../build/emo_voice/emo_voice.egg-info to /home/user/ros2_emo_voice/install/emo_voice/lib/python3.10/site-packages/emo_voice-0.0.0-py3.10.egg-info
[12.566s] running install_scripts
[12.683s] Installing client script to /home/user/ros2_emo_voice/install/emo_voice/lib/emo_voice
[12.684s] Installing move script to /home/user/ros2_emo_voice/install/emo_voice/lib/emo_voice
[12.687s] Installing plot script to /home/user/ros2_emo_voice/install/emo_voice/lib/emo_voice
[12.690s] Installing sensor_pnnx script to /home/user/ros2_emo_voice/install/emo_voice/lib/emo_voice
[12.692s] Installing server script to /home/user/ros2_emo_voice/install/emo_voice/lib/emo_voice
[12.695s] writing list of installed files to '/home/user/ros2_emo_voice/build/emo_voice/install.log'
[13.094s] Invoked command in '/home/user/ros2_emo_voice/src/emo_voice' returned '0': PYTHONPATH=/home/user/ros2_emo_voice/build/emo_voice/prefix_override:/home/user/ros2_emo_voice/install/emo_voice/lib/python3.10/site-packages:${PYTHONPATH} /usr/bin/python3 setup.py egg_info --egg-base ../../build/emo_voice build --build-base /home/user/ros2_emo_voice/build/emo_voice/build install --record /home/user/ros2_emo_voice/build/emo_voice/install.log --single-version-externally-managed
