[2.167s] DEBUG:colcon:Command line arguments: ['/usr/bin/colcon', 'build']
[2.168s] DEBUG:colcon:Parsed command line arguments: Namespace(log_base=None, log_level=None, verb_name='build', build_base='build', install_base='install', merge_install=False, symlink_install=False, test_result_base=None, continue_on_error=False, executor='parallel', parallel_workers=2, event_handlers=None, ignore_user_meta=False, metas=['./colcon.meta'], base_paths=['.'], packages_ignore=None, packages_ignore_regex=None, paths=None, packages_up_to=None, packages_up_to_regex=None, packages_above=None, packages_above_and_dependencies=None, packages_above_depth=None, packages_select_by_dep=None, packages_skip_by_dep=None, packages_skip_up_to=None, packages_select_build_failed=False, packages_skip_build_finished=False, packages_select_test_failures=False, packages_skip_test_passed=False, packages_select=None, packages_skip=None, packages_select_regex=None, packages_skip_regex=None, packages_start=None, packages_end=None, allow_overriding=[], cmake_args=None, cmake_target=None, cmake_target_skip_unavailable=False, cmake_clean_cache=False, cmake_clean_first=False, cmake_force_configure=False, ament_cmake_args=None, catkin_cmake_args=None, catkin_skip_building_tests=False, verb_parser=<colcon_defaults.argument_parser.defaults.DefaultArgumentsDecorator object at 0x7a7859342170>, verb_extension=<colcon_core.verb.build.BuildVerb object at 0x7a785943eb60>, main=<bound method BuildVerb.main of <colcon_core.verb.build.BuildVerb object at 0x7a785943eb60>>)
[3.967s] Level 1:colcon.colcon_core.package_discovery:discover_packages(colcon_meta) check parameters
[3.967s] Level 1:colcon.colcon_core.package_discovery:discover_packages(recursive) check parameters
[3.967s] Level 1:colcon.colcon_core.package_discovery:discover_packages(ignore) check parameters
[3.967s] Level 1:colcon.colcon_core.package_discovery:discover_packages(path) check parameters
[3.968s] Level 1:colcon.colcon_core.package_discovery:discover_packages(colcon_meta) discover
[3.968s] Level 1:colcon.colcon_core.package_discovery:discover_packages(recursive) discover
[3.968s] INFO:colcon.colcon_core.package_discovery:Crawling recursively for packages in '/home/user/ros2_emo_voice/src'
[3.969s] Level 1:colcon.colcon_core.package_identification:_identify(.) by extensions ['ignore', 'ignore_ament_install']
[3.970s] Level 1:colcon.colcon_core.package_identification:_identify(.) by extension 'ignore'
[3.970s] Level 1:colcon.colcon_core.package_identification:_identify(.) by extension 'ignore_ament_install'
[3.970s] Level 1:colcon.colcon_core.package_identification:_identify(.) by extensions ['colcon_pkg']
[3.971s] Level 1:colcon.colcon_core.package_identification:_identify(.) by extension 'colcon_pkg'
[3.971s] Level 1:colcon.colcon_core.package_identification:_identify(.) by extensions ['colcon_meta']
[3.971s] Level 1:colcon.colcon_core.package_identification:_identify(.) by extension 'colcon_meta'
[3.971s] Level 1:colcon.colcon_core.package_identification:_identify(.) by extensions ['ros']
[3.971s] Level 1:colcon.colcon_core.package_identification:_identify(.) by extension 'ros'
[4.018s] Level 1:colcon.colcon_core.package_identification:_identify(.) by extensions ['cmake', 'python']
[4.018s] Level 1:colcon.colcon_core.package_identification:_identify(.) by extension 'cmake'
[4.018s] Level 1:colcon.colcon_core.package_identification:_identify(.) by extension 'python'
[4.019s] Level 1:colcon.colcon_core.package_identification:_identify(.) by extensions ['python_setup_py']
[4.019s] Level 1:colcon.colcon_core.package_identification:_identify(.) by extension 'python_setup_py'
[4.019s] Level 1:colcon.colcon_core.package_identification:_identify(build) by extensions ['ignore', 'ignore_ament_install']
[4.020s] Level 1:colcon.colcon_core.package_identification:_identify(build) by extension 'ignore'
[4.020s] Level 1:colcon.colcon_core.package_identification:_identify(build) ignored
[4.020s] Level 1:colcon.colcon_core.package_identification:_identify(emo_voice) by extensions ['ignore', 'ignore_ament_install']
[4.021s] Level 1:colcon.colcon_core.package_identification:_identify(emo_voice) by extension 'ignore'
[4.021s] Level 1:colcon.colcon_core.package_identification:_identify(emo_voice) by extension 'ignore_ament_install'
[4.021s] Level 1:colcon.colcon_core.package_identification:_identify(emo_voice) by extensions ['colcon_pkg']
[4.022s] Level 1:colcon.colcon_core.package_identification:_identify(emo_voice) by extension 'colcon_pkg'
[4.022s] Level 1:colcon.colcon_core.package_identification:_identify(emo_voice) by extensions ['colcon_meta']
[4.022s] Level 1:colcon.colcon_core.package_identification:_identify(emo_voice) by extension 'colcon_meta'
[4.022s] Level 1:colcon.colcon_core.package_identification:_identify(emo_voice) by extensions ['ros']
[4.022s] Level 1:colcon.colcon_core.package_identification:_identify(emo_voice) by extension 'ros'
[4.039s] DEBUG:colcon.colcon_core.package_identification:Package 'emo_voice' with type 'ros.ament_python' and name 'emo_voice'
[4.039s] Level 1:colcon.colcon_core.package_identification:_identify(emo_voice_interfaces) by extensions ['ignore', 'ignore_ament_install']
[4.040s] Level 1:colcon.colcon_core.package_identification:_identify(emo_voice_interfaces) by extension 'ignore'
[4.040s] Level 1:colcon.colcon_core.package_identification:_identify(emo_voice_interfaces) by extension 'ignore_ament_install'
[4.040s] Level 1:colcon.colcon_core.package_identification:_identify(emo_voice_interfaces) by extensions ['colcon_pkg']
[4.041s] Level 1:colcon.colcon_core.package_identification:_identify(emo_voice_interfaces) by extension 'colcon_pkg'
[4.041s] Level 1:colcon.colcon_core.package_identification:_identify(emo_voice_interfaces) by extensions ['colcon_meta']
[4.041s] Level 1:colcon.colcon_core.package_identification:_identify(emo_voice_interfaces) by extension 'colcon_meta'
[4.041s] Level 1:colcon.colcon_core.package_identification:_identify(emo_voice_interfaces) by extensions ['ros']
[4.041s] Level 1:colcon.colcon_core.package_identification:_identify(emo_voice_interfaces) by extension 'ros'
[4.046s] DEBUG:colcon.colcon_core.package_identification:Package 'emo_voice_interfaces' with type 'ros.ament_cmake' and name 'emo_voice_interfaces'
[4.047s] Level 1:colcon.colcon_core.package_identification:_identify(install) by extensions ['ignore', 'ignore_ament_install']
[4.047s] Level 1:colcon.colcon_core.package_identification:_identify(install) by extension 'ignore'
[4.048s] Level 1:colcon.colcon_core.package_identification:_identify(install) ignored
[4.048s] Level 1:colcon.colcon_core.package_identification:_identify(log) by extensions ['ignore', 'ignore_ament_install']
[4.048s] Level 1:colcon.colcon_core.package_identification:_identify(log) by extension 'ignore'
[4.049s] Level 1:colcon.colcon_core.package_identification:_identify(log) ignored
[4.049s] Level 1:colcon.colcon_core.package_discovery:discover_packages(recursive) using defaults
[4.049s] Level 1:colcon.colcon_core.package_discovery:discover_packages(ignore) discover
[4.049s] Level 1:colcon.colcon_core.package_discovery:discover_packages(ignore) using defaults
[4.050s] Level 1:colcon.colcon_core.package_discovery:discover_packages(path) discover
[4.050s] Level 1:colcon.colcon_core.package_discovery:discover_packages(path) using defaults
[4.206s] Level 1:colcon.colcon_core.package_discovery:discover_packages(prefix_path) check parameters
[4.206s] Level 1:colcon.colcon_core.package_discovery:discover_packages(prefix_path) discover
[4.233s] DEBUG:colcon.colcon_installed_package_information.package_discovery:Found 2 installed packages in /home/user/ros2_emo_voice/install
[4.238s] DEBUG:colcon.colcon_installed_package_information.package_discovery:Found 1 installed packages in /home/user/ros2_ws/install
[4.254s] DEBUG:colcon.colcon_installed_package_information.package_discovery:Found 397 installed packages in /opt/ros/humble
[4.258s] Level 1:colcon.colcon_core.package_discovery:discover_packages(prefix_path) using defaults
[4.981s] Level 5:colcon.colcon_core.verb:set package 'emo_voice' build argument 'cmake_args' from command line to 'None'
[4.982s] Level 5:colcon.colcon_core.verb:set package 'emo_voice' build argument 'cmake_target' from command line to 'None'
[4.983s] Level 5:colcon.colcon_core.verb:set package 'emo_voice' build argument 'cmake_target_skip_unavailable' from command line to 'False'
[4.983s] Level 5:colcon.colcon_core.verb:set package 'emo_voice' build argument 'cmake_clean_cache' from command line to 'False'
[4.983s] Level 5:colcon.colcon_core.verb:set package 'emo_voice' build argument 'cmake_clean_first' from command line to 'False'
[4.984s] Level 5:colcon.colcon_core.verb:set package 'emo_voice' build argument 'cmake_force_configure' from command line to 'False'
[4.984s] Level 5:colcon.colcon_core.verb:set package 'emo_voice' build argument 'ament_cmake_args' from command line to 'None'
[4.984s] Level 5:colcon.colcon_core.verb:set package 'emo_voice' build argument 'catkin_cmake_args' from command line to 'None'
[4.985s] Level 5:colcon.colcon_core.verb:set package 'emo_voice' build argument 'catkin_skip_building_tests' from command line to 'False'
[4.985s] DEBUG:colcon.colcon_core.verb:Building package 'emo_voice' with the following arguments: {'ament_cmake_args': None, 'build_base': '/home/user/ros2_emo_voice/src/build/emo_voice', 'catkin_cmake_args': None, 'catkin_skip_building_tests': False, 'cmake_args': None, 'cmake_clean_cache': False, 'cmake_clean_first': False, 'cmake_force_configure': False, 'cmake_target': None, 'cmake_target_skip_unavailable': False, 'install_base': '/home/user/ros2_emo_voice/src/install/emo_voice', 'merge_install': False, 'path': '/home/user/ros2_emo_voice/src/emo_voice', 'symlink_install': False, 'test_result_base': None}
[4.986s] Level 5:colcon.colcon_core.verb:set package 'emo_voice_interfaces' build argument 'cmake_args' from command line to 'None'
[4.987s] Level 5:colcon.colcon_core.verb:set package 'emo_voice_interfaces' build argument 'cmake_target' from command line to 'None'
[4.987s] Level 5:colcon.colcon_core.verb:set package 'emo_voice_interfaces' build argument 'cmake_target_skip_unavailable' from command line to 'False'
[4.987s] Level 5:colcon.colcon_core.verb:set package 'emo_voice_interfaces' build argument 'cmake_clean_cache' from command line to 'False'
[4.987s] Level 5:colcon.colcon_core.verb:set package 'emo_voice_interfaces' build argument 'cmake_clean_first' from command line to 'False'
[4.988s] Level 5:colcon.colcon_core.verb:set package 'emo_voice_interfaces' build argument 'cmake_force_configure' from command line to 'False'
[4.988s] Level 5:colcon.colcon_core.verb:set package 'emo_voice_interfaces' build argument 'ament_cmake_args' from command line to 'None'
[4.988s] Level 5:colcon.colcon_core.verb:set package 'emo_voice_interfaces' build argument 'catkin_cmake_args' from command line to 'None'
[4.989s] Level 5:colcon.colcon_core.verb:set package 'emo_voice_interfaces' build argument 'catkin_skip_building_tests' from command line to 'False'
[4.989s] DEBUG:colcon.colcon_core.verb:Building package 'emo_voice_interfaces' with the following arguments: {'ament_cmake_args': None, 'build_base': '/home/user/ros2_emo_voice/src/build/emo_voice_interfaces', 'catkin_cmake_args': None, 'catkin_skip_building_tests': False, 'cmake_args': None, 'cmake_clean_cache': False, 'cmake_clean_first': False, 'cmake_force_configure': False, 'cmake_target': None, 'cmake_target_skip_unavailable': False, 'install_base': '/home/user/ros2_emo_voice/src/install/emo_voice_interfaces', 'merge_install': False, 'path': '/home/user/ros2_emo_voice/src/emo_voice_interfaces', 'symlink_install': False, 'test_result_base': None}
[4.990s] INFO:colcon.colcon_core.executor:Executing jobs using 'parallel' executor
[4.993s] DEBUG:colcon.colcon_parallel_executor.executor.parallel:run_until_complete
[4.997s] INFO:colcon.colcon_ros.task.ament_python.build:Building ROS package in '/home/user/ros2_emo_voice/src/emo_voice' with build type 'ament_python'
[4.999s] Level 1:colcon.colcon_core.shell:create_environment_hook('emo_voice', 'ament_prefix_path')
[5.035s] INFO:colcon.colcon_core.plugin_system:Skipping extension 'colcon_core.shell.bat': Not used on non-Windows systems
[5.036s] INFO:colcon.colcon_core.shell:Creating environment hook '/home/user/ros2_emo_voice/src/install/emo_voice/share/emo_voice/hook/ament_prefix_path.ps1'
[5.044s] INFO:colcon.colcon_core.shell:Creating environment descriptor '/home/user/ros2_emo_voice/src/install/emo_voice/share/emo_voice/hook/ament_prefix_path.dsv'
[5.048s] INFO:colcon.colcon_core.shell:Creating environment hook '/home/user/ros2_emo_voice/src/install/emo_voice/share/emo_voice/hook/ament_prefix_path.sh'
[5.053s] INFO:colcon.colcon_core.shell:Skip shell extension 'powershell' for command environment: Not usable outside of PowerShell
[5.053s] DEBUG:colcon.colcon_core.shell:Skip shell extension 'dsv' for command environment
[5.070s] INFO:colcon.colcon_ros.task.ament_cmake.build:Building ROS package in '/home/user/ros2_emo_voice/src/emo_voice_interfaces' with build type 'ament_cmake'
[5.075s] INFO:colcon.colcon_cmake.task.cmake.build:Building CMake package in '/home/user/ros2_emo_voice/src/emo_voice_interfaces'
[5.076s] INFO:colcon.colcon_core.shell:Skip shell extension 'powershell' for command environment: Not usable outside of PowerShell
[5.077s] DEBUG:colcon.colcon_core.shell:Skip shell extension 'dsv' for command environment
[6.078s] INFO:colcon.colcon_core.task.python.build:Building Python package in '/home/user/ros2_emo_voice/src/emo_voice'
[6.079s] INFO:colcon.colcon_core.shell:Skip shell extension 'powershell' for command environment: Not usable outside of PowerShell
[6.080s] DEBUG:colcon.colcon_core.shell:Skip shell extension 'dsv' for command environment
[6.119s] DEBUG:colcon.colcon_core.event_handler.log_command:Invoking command in '/home/user/ros2_emo_voice/src/build/emo_voice_interfaces': CMAKE_PREFIX_PATH=${CMAKE_PREFIX_PATH}:/home/user/ros2_emo_voice/install/emo_voice:/home/user/ros2_ws/install/mytest:/opt/ros/humble /usr/bin/cmake --build /home/user/ros2_emo_voice/src/build/emo_voice_interfaces -- -j2 -l2
[6.373s] DEBUG:colcon.colcon_core.event_handler.log_command:Invoked command in '/home/user/ros2_emo_voice/src/build/emo_voice_interfaces' returned '2': CMAKE_PREFIX_PATH=${CMAKE_PREFIX_PATH}:/home/user/ros2_emo_voice/install/emo_voice:/home/user/ros2_ws/install/mytest:/opt/ros/humble /usr/bin/cmake --build /home/user/ros2_emo_voice/src/build/emo_voice_interfaces -- -j2 -l2
[6.784s] Level 1:colcon.colcon_core.environment:create_environment_scripts_only(emo_voice_interfaces)
[6.828s] Level 1:colcon.colcon_core.environment:checking '/home/user/ros2_emo_voice/src/install/emo_voice_interfaces' for CMake module files
[6.831s] Level 1:colcon.colcon_core.environment:checking '/home/user/ros2_emo_voice/src/install/emo_voice_interfaces' for CMake config files
[6.832s] Level 1:colcon.colcon_core.shell:create_environment_hook('emo_voice_interfaces', 'cmake_prefix_path')
[6.833s] INFO:colcon.colcon_core.shell:Creating environment hook '/home/user/ros2_emo_voice/src/install/emo_voice_interfaces/share/emo_voice_interfaces/hook/cmake_prefix_path.ps1'
[6.846s] INFO:colcon.colcon_core.shell:Creating environment descriptor '/home/user/ros2_emo_voice/src/install/emo_voice_interfaces/share/emo_voice_interfaces/hook/cmake_prefix_path.dsv'
[6.849s] INFO:colcon.colcon_core.shell:Creating environment hook '/home/user/ros2_emo_voice/src/install/emo_voice_interfaces/share/emo_voice_interfaces/hook/cmake_prefix_path.sh'
[6.855s] Level 1:colcon.colcon_core.environment:checking '/home/user/ros2_emo_voice/src/install/emo_voice_interfaces/lib'
[6.856s] Level 1:colcon.colcon_core.shell:create_environment_hook('emo_voice_interfaces', 'ld_library_path_lib')
[6.857s] INFO:colcon.colcon_core.shell:Creating environment hook '/home/user/ros2_emo_voice/src/install/emo_voice_interfaces/share/emo_voice_interfaces/hook/ld_library_path_lib.ps1'
[6.859s] INFO:colcon.colcon_core.shell:Creating environment descriptor '/home/user/ros2_emo_voice/src/install/emo_voice_interfaces/share/emo_voice_interfaces/hook/ld_library_path_lib.dsv'
[6.861s] INFO:colcon.colcon_core.shell:Creating environment hook '/home/user/ros2_emo_voice/src/install/emo_voice_interfaces/share/emo_voice_interfaces/hook/ld_library_path_lib.sh'
[6.862s] Level 1:colcon.colcon_core.environment:checking '/home/user/ros2_emo_voice/src/install/emo_voice_interfaces/bin'
[6.863s] Level 1:colcon.colcon_core.environment:checking '/home/user/ros2_emo_voice/src/install/emo_voice_interfaces/lib/pkgconfig/emo_voice_interfaces.pc'
[6.864s] Level 1:colcon.colcon_core.environment:checking '/home/user/ros2_emo_voice/src/install/emo_voice_interfaces/lib/python3.10/site-packages'
[6.864s] Level 1:colcon.colcon_core.environment:checking '/home/user/ros2_emo_voice/src/install/emo_voice_interfaces/bin'
[6.866s] INFO:colcon.colcon_core.shell:Creating package script '/home/user/ros2_emo_voice/src/install/emo_voice_interfaces/share/emo_voice_interfaces/package.ps1'
[6.871s] INFO:colcon.colcon_core.shell:Creating package descriptor '/home/user/ros2_emo_voice/src/install/emo_voice_interfaces/share/emo_voice_interfaces/package.dsv'
[6.875s] INFO:colcon.colcon_core.shell:Creating package script '/home/user/ros2_emo_voice/src/install/emo_voice_interfaces/share/emo_voice_interfaces/package.sh'
[6.880s] INFO:colcon.colcon_core.shell:Creating package script '/home/user/ros2_emo_voice/src/install/emo_voice_interfaces/share/emo_voice_interfaces/package.bash'
[6.886s] INFO:colcon.colcon_core.shell:Creating package script '/home/user/ros2_emo_voice/src/install/emo_voice_interfaces/share/emo_voice_interfaces/package.zsh'
[6.893s] Level 1:colcon.colcon_core.environment:create_file_with_runtime_dependencies(/home/user/ros2_emo_voice/src/install/emo_voice_interfaces/share/colcon-core/packages/emo_voice_interfaces)
[9.094s] DEBUG:colcon.colcon_parallel_executor.executor.parallel:closing loop
[9.095s] DEBUG:colcon.colcon_parallel_executor.executor.parallel:loop closed
[9.096s] DEBUG:colcon.colcon_parallel_executor.executor.parallel:run_until_complete finished with '2'
[9.096s] DEBUG:colcon.colcon_core.event_reactor:joining thread
[9.166s] INFO:colcon.colcon_core.plugin_system:Skipping extension 'colcon_notification.desktop_notification.terminal_notifier': Not used on non-Darwin systems
[9.167s] INFO:colcon.colcon_core.plugin_system:Skipping extension 'colcon_notification.desktop_notification.win32': Not used on non-Windows systems
[9.167s] INFO:colcon.colcon_notification.desktop_notification:Sending desktop notification using 'notify2'
[10.159s] DEBUG:colcon.colcon_core.event_reactor:joined thread
[10.163s] INFO:colcon.colcon_core.shell:Creating prefix script '/home/user/ros2_emo_voice/src/install/local_setup.ps1'
[10.180s] INFO:colcon.colcon_core.shell:Creating prefix util module '/home/user/ros2_emo_voice/src/install/_local_setup_util_ps1.py'
[10.194s] INFO:colcon.colcon_core.shell:Creating prefix chain script '/home/user/ros2_emo_voice/src/install/setup.ps1'
[10.201s] INFO:colcon.colcon_core.shell:Creating prefix script '/home/user/ros2_emo_voice/src/install/local_setup.sh'
[10.205s] INFO:colcon.colcon_core.shell:Creating prefix util module '/home/user/ros2_emo_voice/src/install/_local_setup_util_sh.py'
[10.207s] INFO:colcon.colcon_core.shell:Creating prefix chain script '/home/user/ros2_emo_voice/src/install/setup.sh'
[10.213s] INFO:colcon.colcon_core.shell:Creating prefix script '/home/user/ros2_emo_voice/src/install/local_setup.bash'
[10.217s] INFO:colcon.colcon_core.shell:Creating prefix chain script '/home/user/ros2_emo_voice/src/install/setup.bash'
[10.222s] INFO:colcon.colcon_core.shell:Creating prefix script '/home/user/ros2_emo_voice/src/install/local_setup.zsh'
[10.227s] INFO:colcon.colcon_core.shell:Creating prefix chain script '/home/user/ros2_emo_voice/src/install/setup.zsh'
