[4.047s] Invoking command in '/home/user/ros2_emo_voice/src/emo_voice': PYTHONPATH=/home/user/ros2_emo_voice/build/emo_voice/prefix_override:/home/user/ros2_emo_voice/install/emo_voice/lib/python3.10/site-packages:${PYTHONPATH} /usr/bin/python3 setup.py egg_info --egg-base ../../build/emo_voice build --build-base /home/user/ros2_emo_voice/build/emo_voice/build install --record /home/user/ros2_emo_voice/build/emo_voice/install.log --single-version-externally-managed
[5.163s] running egg_info
[5.167s] writing ../../build/emo_voice/emo_voice.egg-info/PKG-INFO
[5.170s] writing dependency_links to ../../build/emo_voice/emo_voice.egg-info/dependency_links.txt
[5.173s] writing entry points to ../../build/emo_voice/emo_voice.egg-info/entry_points.txt
[5.176s] writing requirements to ../../build/emo_voice/emo_voice.egg-info/requires.txt
[5.178s] writing top-level names to ../../build/emo_voice/emo_voice.egg-info/top_level.txt
[5.190s] reading manifest file '../../build/emo_voice/emo_voice.egg-info/SOURCES.txt'
[5.196s] writing manifest file '../../build/emo_voice/emo_voice.egg-info/SOURCES.txt'
[5.199s] running build
[5.199s] running build_py
[5.202s] running install
[5.204s] running install_lib
[5.221s] running install_data
[5.225s] running install_egg_info
[5.232s] removing '/home/user/ros2_emo_voice/install/emo_voice/lib/python3.10/site-packages/emo_voice-0.0.0-py3.10.egg-info' (and everything under it)
[5.235s] Copying ../../build/emo_voice/emo_voice.egg-info to /home/user/ros2_emo_voice/install/emo_voice/lib/python3.10/site-packages/emo_voice-0.0.0-py3.10.egg-info
[5.240s] running install_scripts
[5.322s] Installing move script to /home/user/ros2_emo_voice/install/emo_voice/lib/emo_voice
[5.324s] Installing plot script to /home/user/ros2_emo_voice/install/emo_voice/lib/emo_voice
[5.326s] Installing sensor_pnnx script to /home/user/ros2_emo_voice/install/emo_voice/lib/emo_voice
[5.328s] writing list of installed files to '/home/user/ros2_emo_voice/build/emo_voice/install.log'
[5.455s] Invoked command in '/home/user/ros2_emo_voice/src/emo_voice' returned '0': PYTHONPATH=/home/user/ros2_emo_voice/build/emo_voice/prefix_override:/home/user/ros2_emo_voice/install/emo_voice/lib/python3.10/site-packages:${PYTHONPATH} /usr/bin/python3 setup.py egg_info --egg-base ../../build/emo_voice build --build-base /home/user/ros2_emo_voice/build/emo_voice/build install --record /home/user/ros2_emo_voice/build/emo_voice/install.log --single-version-externally-managed
