[8.658s] DEBUG:colcon:Command line arguments: ['/usr/bin/colcon', 'build']
[8.658s] DEBUG:colcon:Parsed command line arguments: Namespace(log_base=None, log_level=None, verb_name='build', build_base='build', install_base='install', merge_install=False, symlink_install=False, test_result_base=None, continue_on_error=False, executor='parallel', parallel_workers=2, event_handlers=None, ignore_user_meta=False, metas=['./colcon.meta'], base_paths=['.'], packages_ignore=None, packages_ignore_regex=None, paths=None, packages_up_to=None, packages_up_to_regex=None, packages_above=None, packages_above_and_dependencies=None, packages_above_depth=None, packages_select_by_dep=None, packages_skip_by_dep=None, packages_skip_up_to=None, packages_select_build_failed=False, packages_skip_build_finished=False, packages_select_test_failures=False, packages_skip_test_passed=False, packages_select=None, packages_skip=None, packages_select_regex=None, packages_skip_regex=None, packages_start=None, packages_end=None, allow_overriding=[], cmake_args=None, cmake_target=None, cmake_target_skip_unavailable=False, cmake_clean_cache=False, cmake_clean_first=False, cmake_force_configure=False, ament_cmake_args=None, catkin_cmake_args=None, catkin_skip_building_tests=False, verb_parser=<colcon_defaults.argument_parser.defaults.DefaultArgumentsDecorator object at 0x726add875ae0>, verb_extension=<colcon_core.verb.build.BuildVerb object at 0x726add875f60>, main=<bound method BuildVerb.main of <colcon_core.verb.build.BuildVerb object at 0x726add875f60>>)
[8.900s] Level 1:colcon.colcon_core.package_discovery:discover_packages(colcon_meta) check parameters
[8.901s] Level 1:colcon.colcon_core.package_discovery:discover_packages(recursive) check parameters
[8.901s] Level 1:colcon.colcon_core.package_discovery:discover_packages(ignore) check parameters
[8.902s] Level 1:colcon.colcon_core.package_discovery:discover_packages(path) check parameters
[8.902s] Level 1:colcon.colcon_core.package_discovery:discover_packages(colcon_meta) discover
[8.902s] Level 1:colcon.colcon_core.package_discovery:discover_packages(recursive) discover
[8.902s] INFO:colcon.colcon_core.package_discovery:Crawling recursively for packages in '/home/user/ros2_emo_voice'
[8.903s] Level 1:colcon.colcon_core.package_identification:_identify(.) by extensions ['ignore', 'ignore_ament_install']
[8.904s] Level 1:colcon.colcon_core.package_identification:_identify(.) by extension 'ignore'
[8.904s] Level 1:colcon.colcon_core.package_identification:_identify(.) by extension 'ignore_ament_install'
[8.904s] Level 1:colcon.colcon_core.package_identification:_identify(.) by extensions ['colcon_pkg']
[8.905s] Level 1:colcon.colcon_core.package_identification:_identify(.) by extension 'colcon_pkg'
[8.905s] Level 1:colcon.colcon_core.package_identification:_identify(.) by extensions ['colcon_meta']
[8.905s] Level 1:colcon.colcon_core.package_identification:_identify(.) by extension 'colcon_meta'
[8.905s] Level 1:colcon.colcon_core.package_identification:_identify(.) by extensions ['ros']
[8.905s] Level 1:colcon.colcon_core.package_identification:_identify(.) by extension 'ros'
[8.962s] Level 1:colcon.colcon_core.package_identification:_identify(.) by extensions ['cmake', 'python']
[8.963s] Level 1:colcon.colcon_core.package_identification:_identify(.) by extension 'cmake'
[8.963s] Level 1:colcon.colcon_core.package_identification:_identify(.) by extension 'python'
[8.963s] Level 1:colcon.colcon_core.package_identification:_identify(.) by extensions ['python_setup_py']
[8.963s] Level 1:colcon.colcon_core.package_identification:_identify(.) by extension 'python_setup_py'
[8.963s] Level 1:colcon.colcon_core.package_identification:_identify(build) by extensions ['ignore', 'ignore_ament_install']
[8.964s] Level 1:colcon.colcon_core.package_identification:_identify(build) by extension 'ignore'
[8.964s] Level 1:colcon.colcon_core.package_identification:_identify(build) ignored
[8.964s] Level 1:colcon.colcon_core.package_identification:_identify(install) by extensions ['ignore', 'ignore_ament_install']
[8.965s] Level 1:colcon.colcon_core.package_identification:_identify(install) by extension 'ignore'
[8.965s] Level 1:colcon.colcon_core.package_identification:_identify(install) ignored
[8.966s] Level 1:colcon.colcon_core.package_identification:_identify(log) by extensions ['ignore', 'ignore_ament_install']
[8.966s] Level 1:colcon.colcon_core.package_identification:_identify(log) by extension 'ignore'
[8.966s] Level 1:colcon.colcon_core.package_identification:_identify(log) ignored
[8.967s] Level 1:colcon.colcon_core.package_identification:_identify(src) by extensions ['ignore', 'ignore_ament_install']
[8.967s] Level 1:colcon.colcon_core.package_identification:_identify(src) by extension 'ignore'
[8.968s] Level 1:colcon.colcon_core.package_identification:_identify(src) by extension 'ignore_ament_install'
[8.968s] Level 1:colcon.colcon_core.package_identification:_identify(src) by extensions ['colcon_pkg']
[8.968s] Level 1:colcon.colcon_core.package_identification:_identify(src) by extension 'colcon_pkg'
[8.969s] Level 1:colcon.colcon_core.package_identification:_identify(src) by extensions ['colcon_meta']
[8.969s] Level 1:colcon.colcon_core.package_identification:_identify(src) by extension 'colcon_meta'
[8.969s] Level 1:colcon.colcon_core.package_identification:_identify(src) by extensions ['ros']
[8.969s] Level 1:colcon.colcon_core.package_identification:_identify(src) by extension 'ros'
[8.970s] Level 1:colcon.colcon_core.package_identification:_identify(src) by extensions ['cmake', 'python']
[8.970s] Level 1:colcon.colcon_core.package_identification:_identify(src) by extension 'cmake'
[8.970s] Level 1:colcon.colcon_core.package_identification:_identify(src) by extension 'python'
[8.970s] Level 1:colcon.colcon_core.package_identification:_identify(src) by extensions ['python_setup_py']
[8.970s] Level 1:colcon.colcon_core.package_identification:_identify(src) by extension 'python_setup_py'
[8.971s] Level 1:colcon.colcon_core.package_identification:_identify(src/build) by extensions ['ignore', 'ignore_ament_install']
[8.971s] Level 1:colcon.colcon_core.package_identification:_identify(src/build) by extension 'ignore'
[8.971s] Level 1:colcon.colcon_core.package_identification:_identify(src/build) ignored
[8.972s] Level 1:colcon.colcon_core.package_identification:_identify(src/emo_voice) by extensions ['ignore', 'ignore_ament_install']
[8.972s] Level 1:colcon.colcon_core.package_identification:_identify(src/emo_voice) by extension 'ignore'
[8.973s] Level 1:colcon.colcon_core.package_identification:_identify(src/emo_voice) by extension 'ignore_ament_install'
[8.973s] Level 1:colcon.colcon_core.package_identification:_identify(src/emo_voice) by extensions ['colcon_pkg']
[8.974s] Level 1:colcon.colcon_core.package_identification:_identify(src/emo_voice) by extension 'colcon_pkg'
[8.974s] Level 1:colcon.colcon_core.package_identification:_identify(src/emo_voice) by extensions ['colcon_meta']
[8.974s] Level 1:colcon.colcon_core.package_identification:_identify(src/emo_voice) by extension 'colcon_meta'
[8.974s] Level 1:colcon.colcon_core.package_identification:_identify(src/emo_voice) by extensions ['ros']
[8.974s] Level 1:colcon.colcon_core.package_identification:_identify(src/emo_voice) by extension 'ros'
[8.992s] DEBUG:colcon.colcon_core.package_identification:Package 'src/emo_voice' with type 'ros.ament_python' and name 'emo_voice'
[8.992s] Level 1:colcon.colcon_core.package_identification:_identify(src/emo_voice_interfaces) by extensions ['ignore', 'ignore_ament_install']
[8.993s] Level 1:colcon.colcon_core.package_identification:_identify(src/emo_voice_interfaces) by extension 'ignore'
[8.993s] Level 1:colcon.colcon_core.package_identification:_identify(src/emo_voice_interfaces) by extension 'ignore_ament_install'
[8.993s] Level 1:colcon.colcon_core.package_identification:_identify(src/emo_voice_interfaces) by extensions ['colcon_pkg']
[8.994s] Level 1:colcon.colcon_core.package_identification:_identify(src/emo_voice_interfaces) by extension 'colcon_pkg'
[8.994s] Level 1:colcon.colcon_core.package_identification:_identify(src/emo_voice_interfaces) by extensions ['colcon_meta']
[8.994s] Level 1:colcon.colcon_core.package_identification:_identify(src/emo_voice_interfaces) by extension 'colcon_meta'
[8.995s] Level 1:colcon.colcon_core.package_identification:_identify(src/emo_voice_interfaces) by extensions ['ros']
[8.995s] Level 1:colcon.colcon_core.package_identification:_identify(src/emo_voice_interfaces) by extension 'ros'
[8.998s] DEBUG:colcon.colcon_core.package_identification:Package 'src/emo_voice_interfaces' with type 'ros.ament_cmake' and name 'emo_voice_interfaces'
[8.999s] Level 1:colcon.colcon_core.package_identification:_identify(src/install) by extensions ['ignore', 'ignore_ament_install']
[8.999s] Level 1:colcon.colcon_core.package_identification:_identify(src/install) by extension 'ignore'
[9.000s] Level 1:colcon.colcon_core.package_identification:_identify(src/install) ignored
[9.001s] Level 1:colcon.colcon_core.package_identification:_identify(src/log) by extensions ['ignore', 'ignore_ament_install']
[9.002s] Level 1:colcon.colcon_core.package_identification:_identify(src/log) by extension 'ignore'
[9.002s] Level 1:colcon.colcon_core.package_identification:_identify(src/log) ignored
[9.003s] Level 1:colcon.colcon_core.package_discovery:discover_packages(recursive) using defaults
[9.003s] Level 1:colcon.colcon_core.package_discovery:discover_packages(ignore) discover
[9.003s] Level 1:colcon.colcon_core.package_discovery:discover_packages(ignore) using defaults
[9.004s] Level 1:colcon.colcon_core.package_discovery:discover_packages(path) discover
[9.004s] Level 1:colcon.colcon_core.package_discovery:discover_packages(path) using defaults
[9.458s] Level 1:colcon.colcon_core.package_discovery:discover_packages(prefix_path) check parameters
[9.459s] Level 1:colcon.colcon_core.package_discovery:discover_packages(prefix_path) discover
[9.634s] DEBUG:colcon.colcon_installed_package_information.package_discovery:Found 2 installed packages in /home/user/ros2_emo_voice/install
[9.729s] DEBUG:colcon.colcon_installed_package_information.package_discovery:Found 1 installed packages in /home/user/ros2_ws/install
[9.822s] DEBUG:colcon.colcon_installed_package_information.package_discovery:Found 396 installed packages in /opt/ros/humble
[9.830s] Level 1:colcon.colcon_core.package_discovery:discover_packages(prefix_path) using defaults
[10.754s] Level 5:colcon.colcon_core.verb:set package 'emo_voice' build argument 'cmake_args' from command line to 'None'
[10.755s] Level 5:colcon.colcon_core.verb:set package 'emo_voice' build argument 'cmake_target' from command line to 'None'
[10.755s] Level 5:colcon.colcon_core.verb:set package 'emo_voice' build argument 'cmake_target_skip_unavailable' from command line to 'False'
[10.755s] Level 5:colcon.colcon_core.verb:set package 'emo_voice' build argument 'cmake_clean_cache' from command line to 'False'
[10.755s] Level 5:colcon.colcon_core.verb:set package 'emo_voice' build argument 'cmake_clean_first' from command line to 'False'
[10.755s] Level 5:colcon.colcon_core.verb:set package 'emo_voice' build argument 'cmake_force_configure' from command line to 'False'
[10.755s] Level 5:colcon.colcon_core.verb:set package 'emo_voice' build argument 'ament_cmake_args' from command line to 'None'
[10.755s] Level 5:colcon.colcon_core.verb:set package 'emo_voice' build argument 'catkin_cmake_args' from command line to 'None'
[10.755s] Level 5:colcon.colcon_core.verb:set package 'emo_voice' build argument 'catkin_skip_building_tests' from command line to 'False'
[10.755s] DEBUG:colcon.colcon_core.verb:Building package 'emo_voice' with the following arguments: {'ament_cmake_args': None, 'build_base': '/home/user/ros2_emo_voice/build/emo_voice', 'catkin_cmake_args': None, 'catkin_skip_building_tests': False, 'cmake_args': None, 'cmake_clean_cache': False, 'cmake_clean_first': False, 'cmake_force_configure': False, 'cmake_target': None, 'cmake_target_skip_unavailable': False, 'install_base': '/home/user/ros2_emo_voice/install/emo_voice', 'merge_install': False, 'path': '/home/user/ros2_emo_voice/src/emo_voice', 'symlink_install': False, 'test_result_base': None}
[10.788s] Level 5:colcon.colcon_core.verb:set package 'emo_voice_interfaces' build argument 'cmake_args' from command line to 'None'
[10.788s] Level 5:colcon.colcon_core.verb:set package 'emo_voice_interfaces' build argument 'cmake_target' from command line to 'None'
[10.788s] Level 5:colcon.colcon_core.verb:set package 'emo_voice_interfaces' build argument 'cmake_target_skip_unavailable' from command line to 'False'
[10.788s] Level 5:colcon.colcon_core.verb:set package 'emo_voice_interfaces' build argument 'cmake_clean_cache' from command line to 'False'
[10.788s] Level 5:colcon.colcon_core.verb:set package 'emo_voice_interfaces' build argument 'cmake_clean_first' from command line to 'False'
[10.788s] Level 5:colcon.colcon_core.verb:set package 'emo_voice_interfaces' build argument 'cmake_force_configure' from command line to 'False'
[10.789s] Level 5:colcon.colcon_core.verb:set package 'emo_voice_interfaces' build argument 'ament_cmake_args' from command line to 'None'
[10.789s] Level 5:colcon.colcon_core.verb:set package 'emo_voice_interfaces' build argument 'catkin_cmake_args' from command line to 'None'
[10.789s] Level 5:colcon.colcon_core.verb:set package 'emo_voice_interfaces' build argument 'catkin_skip_building_tests' from command line to 'False'
[10.789s] DEBUG:colcon.colcon_core.verb:Building package 'emo_voice_interfaces' with the following arguments: {'ament_cmake_args': None, 'build_base': '/home/user/ros2_emo_voice/build/emo_voice_interfaces', 'catkin_cmake_args': None, 'catkin_skip_building_tests': False, 'cmake_args': None, 'cmake_clean_cache': False, 'cmake_clean_first': False, 'cmake_force_configure': False, 'cmake_target': None, 'cmake_target_skip_unavailable': False, 'install_base': '/home/user/ros2_emo_voice/install/emo_voice_interfaces', 'merge_install': False, 'path': '/home/user/ros2_emo_voice/src/emo_voice_interfaces', 'symlink_install': False, 'test_result_base': None}
[10.820s] INFO:colcon.colcon_core.executor:Executing jobs using 'parallel' executor
[10.860s] DEBUG:colcon.colcon_parallel_executor.executor.parallel:run_until_complete
[10.862s] INFO:colcon.colcon_ros.task.ament_python.build:Building ROS package in '/home/user/ros2_emo_voice/src/emo_voice' with build type 'ament_python'
[10.863s] Level 1:colcon.colcon_core.shell:create_environment_hook('emo_voice', 'ament_prefix_path')
[10.941s] INFO:colcon.colcon_core.plugin_system:Skipping extension 'colcon_core.shell.bat': Not used on non-Windows systems
[10.942s] INFO:colcon.colcon_core.shell:Creating environment hook '/home/user/ros2_emo_voice/install/emo_voice/share/emo_voice/hook/ament_prefix_path.ps1'
[10.948s] INFO:colcon.colcon_core.shell:Creating environment descriptor '/home/user/ros2_emo_voice/install/emo_voice/share/emo_voice/hook/ament_prefix_path.dsv'
[10.951s] INFO:colcon.colcon_core.shell:Creating environment hook '/home/user/ros2_emo_voice/install/emo_voice/share/emo_voice/hook/ament_prefix_path.sh'
[11.035s] INFO:colcon.colcon_core.shell:Skip shell extension 'powershell' for command environment: Not usable outside of PowerShell
[11.035s] DEBUG:colcon.colcon_core.shell:Skip shell extension 'dsv' for command environment
[11.262s] INFO:colcon.colcon_ros.task.ament_cmake.build:Building ROS package in '/home/user/ros2_emo_voice/src/emo_voice_interfaces' with build type 'ament_cmake'
[11.263s] INFO:colcon.colcon_cmake.task.cmake.build:Building CMake package in '/home/user/ros2_emo_voice/src/emo_voice_interfaces'
[11.314s] INFO:colcon.colcon_core.shell:Skip shell extension 'powershell' for command environment: Not usable outside of PowerShell
[11.314s] DEBUG:colcon.colcon_core.shell:Skip shell extension 'dsv' for command environment
[13.025s] INFO:colcon.colcon_core.task.python.build:Building Python package in '/home/user/ros2_emo_voice/src/emo_voice'
[13.082s] INFO:colcon.colcon_core.shell:Skip shell extension 'powershell' for command environment: Not usable outside of PowerShell
[13.083s] DEBUG:colcon.colcon_core.shell:Skip shell extension 'dsv' for command environment
[13.310s] DEBUG:colcon.colcon_core.event_handler.log_command:Invoking command in '/home/user/ros2_emo_voice/build/emo_voice_interfaces': CMAKE_PREFIX_PATH=${CMAKE_PREFIX_PATH}:/home/user/ros2_emo_voice/install/emo_voice:/home/user/ros2_ws/install/mytest:/opt/ros/humble /usr/bin/cmake --build /home/user/ros2_emo_voice/build/emo_voice_interfaces -- -j2 -l2
[18.032s] DEBUG:colcon.colcon_core.event_handler.log_command:Invoking command in '/home/user/ros2_emo_voice/src/emo_voice': PYTHONPATH=/home/user/ros2_emo_voice/build/emo_voice/prefix_override:/home/user/ros2_emo_voice/install/emo_voice/lib/python3.10/site-packages:${PYTHONPATH} /usr/bin/python3 setup.py egg_info --egg-base ../../build/emo_voice build --build-base /home/user/ros2_emo_voice/build/emo_voice/build install --record /home/user/ros2_emo_voice/build/emo_voice/install.log --single-version-externally-managed
[19.785s] DEBUG:colcon.colcon_core.event_handler.log_command:Invoked command in '/home/user/ros2_emo_voice/build/emo_voice_interfaces' returned '0': CMAKE_PREFIX_PATH=${CMAKE_PREFIX_PATH}:/home/user/ros2_emo_voice/install/emo_voice:/home/user/ros2_ws/install/mytest:/opt/ros/humble /usr/bin/cmake --build /home/user/ros2_emo_voice/build/emo_voice_interfaces -- -j2 -l2
[19.829s] DEBUG:colcon.colcon_core.event_handler.log_command:Invoked command in '/home/user/ros2_emo_voice/src/emo_voice' returned '0': PYTHONPATH=/home/user/ros2_emo_voice/build/emo_voice/prefix_override:/home/user/ros2_emo_voice/install/emo_voice/lib/python3.10/site-packages:${PYTHONPATH} /usr/bin/python3 setup.py egg_info --egg-base ../../build/emo_voice build --build-base /home/user/ros2_emo_voice/build/emo_voice/build install --record /home/user/ros2_emo_voice/build/emo_voice/install.log --single-version-externally-managed
[19.964s] Level 1:colcon.colcon_core.environment:checking '/home/user/ros2_emo_voice/install/emo_voice' for CMake module files
[19.967s] Level 1:colcon.colcon_core.environment:checking '/home/user/ros2_emo_voice/install/emo_voice' for CMake config files
[19.972s] Level 1:colcon.colcon_core.environment:checking '/home/user/ros2_emo_voice/install/emo_voice/lib'
[19.974s] Level 1:colcon.colcon_core.environment:checking '/home/user/ros2_emo_voice/install/emo_voice/bin'
[19.976s] Level 1:colcon.colcon_core.environment:checking '/home/user/ros2_emo_voice/install/emo_voice/lib/pkgconfig/emo_voice.pc'
[19.977s] Level 1:colcon.colcon_core.environment:checking '/home/user/ros2_emo_voice/install/emo_voice/lib/python3.10/site-packages'
[19.979s] Level 1:colcon.colcon_core.shell:create_environment_hook('emo_voice', 'pythonpath')
[20.058s] INFO:colcon.colcon_core.shell:Creating environment hook '/home/user/ros2_emo_voice/install/emo_voice/share/emo_voice/hook/pythonpath.ps1'
[20.061s] INFO:colcon.colcon_core.shell:Creating environment descriptor '/home/user/ros2_emo_voice/install/emo_voice/share/emo_voice/hook/pythonpath.dsv'
[20.063s] INFO:colcon.colcon_core.shell:Creating environment hook '/home/user/ros2_emo_voice/install/emo_voice/share/emo_voice/hook/pythonpath.sh'
[20.068s] Level 1:colcon.colcon_core.environment:checking '/home/user/ros2_emo_voice/install/emo_voice/bin'
[20.068s] Level 1:colcon.colcon_core.environment:create_environment_scripts_only(emo_voice)
[20.123s] INFO:colcon.colcon_core.shell:Creating package script '/home/user/ros2_emo_voice/install/emo_voice/share/emo_voice/package.ps1'
[20.128s] INFO:colcon.colcon_core.shell:Creating package descriptor '/home/user/ros2_emo_voice/install/emo_voice/share/emo_voice/package.dsv'
[20.133s] INFO:colcon.colcon_core.shell:Creating package script '/home/user/ros2_emo_voice/install/emo_voice/share/emo_voice/package.sh'
[20.138s] INFO:colcon.colcon_core.shell:Creating package script '/home/user/ros2_emo_voice/install/emo_voice/share/emo_voice/package.bash'
[20.144s] INFO:colcon.colcon_core.shell:Creating package script '/home/user/ros2_emo_voice/install/emo_voice/share/emo_voice/package.zsh'
[20.149s] Level 1:colcon.colcon_core.environment:create_file_with_runtime_dependencies(/home/user/ros2_emo_voice/install/emo_voice/share/colcon-core/packages/emo_voice)
[20.288s] DEBUG:colcon.colcon_core.event_handler.log_command:Invoking command in '/home/user/ros2_emo_voice/build/emo_voice_interfaces': CMAKE_PREFIX_PATH=${CMAKE_PREFIX_PATH}:/home/user/ros2_emo_voice/install/emo_voice:/home/user/ros2_ws/install/mytest:/opt/ros/humble /usr/bin/cmake --install /home/user/ros2_emo_voice/build/emo_voice_interfaces
[20.625s] Level 1:colcon.colcon_core.environment:create_environment_scripts_only(emo_voice_interfaces)
[20.627s] DEBUG:colcon.colcon_core.event_handler.log_command:Invoked command in '/home/user/ros2_emo_voice/build/emo_voice_interfaces' returned '0': CMAKE_PREFIX_PATH=${CMAKE_PREFIX_PATH}:/home/user/ros2_emo_voice/install/emo_voice:/home/user/ros2_ws/install/mytest:/opt/ros/humble /usr/bin/cmake --install /home/user/ros2_emo_voice/build/emo_voice_interfaces
[20.702s] Level 1:colcon.colcon_core.environment:checking '/home/user/ros2_emo_voice/install/emo_voice_interfaces' for CMake module files
[20.708s] Level 1:colcon.colcon_core.environment:checking '/home/user/ros2_emo_voice/install/emo_voice_interfaces' for CMake config files
[20.709s] Level 1:colcon.colcon_core.shell:create_environment_hook('emo_voice_interfaces', 'cmake_prefix_path')
[20.770s] INFO:colcon.colcon_core.shell:Creating environment hook '/home/user/ros2_emo_voice/install/emo_voice_interfaces/share/emo_voice_interfaces/hook/cmake_prefix_path.ps1'
[20.772s] INFO:colcon.colcon_core.shell:Creating environment descriptor '/home/user/ros2_emo_voice/install/emo_voice_interfaces/share/emo_voice_interfaces/hook/cmake_prefix_path.dsv'
[20.775s] INFO:colcon.colcon_core.shell:Creating environment hook '/home/user/ros2_emo_voice/install/emo_voice_interfaces/share/emo_voice_interfaces/hook/cmake_prefix_path.sh'
[20.778s] Level 1:colcon.colcon_core.environment:checking '/home/user/ros2_emo_voice/install/emo_voice_interfaces/lib'
[20.778s] Level 1:colcon.colcon_core.shell:create_environment_hook('emo_voice_interfaces', 'ld_library_path_lib')
[20.851s] INFO:colcon.colcon_core.shell:Creating environment hook '/home/user/ros2_emo_voice/install/emo_voice_interfaces/share/emo_voice_interfaces/hook/ld_library_path_lib.ps1'
[20.859s] INFO:colcon.colcon_core.shell:Creating environment descriptor '/home/user/ros2_emo_voice/install/emo_voice_interfaces/share/emo_voice_interfaces/hook/ld_library_path_lib.dsv'
[20.860s] INFO:colcon.colcon_core.shell:Creating environment hook '/home/user/ros2_emo_voice/install/emo_voice_interfaces/share/emo_voice_interfaces/hook/ld_library_path_lib.sh'
[20.862s] Level 1:colcon.colcon_core.environment:checking '/home/user/ros2_emo_voice/install/emo_voice_interfaces/bin'
[20.863s] Level 1:colcon.colcon_core.environment:checking '/home/user/ros2_emo_voice/install/emo_voice_interfaces/lib/pkgconfig/emo_voice_interfaces.pc'
[20.864s] Level 1:colcon.colcon_core.environment:checking '/home/user/ros2_emo_voice/install/emo_voice_interfaces/lib/python3.10/site-packages'
[20.865s] Level 1:colcon.colcon_core.environment:checking '/home/user/ros2_emo_voice/install/emo_voice_interfaces/bin'
[20.996s] INFO:colcon.colcon_core.shell:Creating package script '/home/user/ros2_emo_voice/install/emo_voice_interfaces/share/emo_voice_interfaces/package.ps1'
[21.000s] INFO:colcon.colcon_core.shell:Creating package descriptor '/home/user/ros2_emo_voice/install/emo_voice_interfaces/share/emo_voice_interfaces/package.dsv'
[21.002s] INFO:colcon.colcon_core.shell:Creating package script '/home/user/ros2_emo_voice/install/emo_voice_interfaces/share/emo_voice_interfaces/package.sh'
[21.004s] INFO:colcon.colcon_core.shell:Creating package script '/home/user/ros2_emo_voice/install/emo_voice_interfaces/share/emo_voice_interfaces/package.bash'
[21.008s] INFO:colcon.colcon_core.shell:Creating package script '/home/user/ros2_emo_voice/install/emo_voice_interfaces/share/emo_voice_interfaces/package.zsh'
[21.010s] Level 1:colcon.colcon_core.environment:create_file_with_runtime_dependencies(/home/user/ros2_emo_voice/install/emo_voice_interfaces/share/colcon-core/packages/emo_voice_interfaces)
[21.713s] Level 1:colcon.colcon_core.environment:create_environment_scripts_only(emo_voice_interfaces)
[21.782s] Level 1:colcon.colcon_core.environment:checking '/home/user/ros2_emo_voice/install/emo_voice_interfaces' for CMake module files
[21.784s] Level 1:colcon.colcon_core.environment:checking '/home/user/ros2_emo_voice/install/emo_voice_interfaces' for CMake config files
[21.785s] Level 1:colcon.colcon_core.shell:create_environment_hook('emo_voice_interfaces', 'cmake_prefix_path')
[21.847s] INFO:colcon.colcon_core.shell:Creating environment hook '/home/user/ros2_emo_voice/install/emo_voice_interfaces/share/emo_voice_interfaces/hook/cmake_prefix_path.ps1'
[21.849s] INFO:colcon.colcon_core.shell:Creating environment descriptor '/home/user/ros2_emo_voice/install/emo_voice_interfaces/share/emo_voice_interfaces/hook/cmake_prefix_path.dsv'
[21.852s] INFO:colcon.colcon_core.shell:Creating environment hook '/home/user/ros2_emo_voice/install/emo_voice_interfaces/share/emo_voice_interfaces/hook/cmake_prefix_path.sh'
[21.856s] Level 1:colcon.colcon_core.environment:checking '/home/user/ros2_emo_voice/install/emo_voice_interfaces/lib'
[21.856s] Level 1:colcon.colcon_core.shell:create_environment_hook('emo_voice_interfaces', 'ld_library_path_lib')
[21.924s] INFO:colcon.colcon_core.shell:Creating environment hook '/home/user/ros2_emo_voice/install/emo_voice_interfaces/share/emo_voice_interfaces/hook/ld_library_path_lib.ps1'
[21.926s] INFO:colcon.colcon_core.shell:Creating environment descriptor '/home/user/ros2_emo_voice/install/emo_voice_interfaces/share/emo_voice_interfaces/hook/ld_library_path_lib.dsv'
[21.928s] INFO:colcon.colcon_core.shell:Creating environment hook '/home/user/ros2_emo_voice/install/emo_voice_interfaces/share/emo_voice_interfaces/hook/ld_library_path_lib.sh'
[21.931s] Level 1:colcon.colcon_core.environment:checking '/home/user/ros2_emo_voice/install/emo_voice_interfaces/bin'
[21.931s] Level 1:colcon.colcon_core.environment:checking '/home/user/ros2_emo_voice/install/emo_voice_interfaces/lib/pkgconfig/emo_voice_interfaces.pc'
[21.932s] Level 1:colcon.colcon_core.environment:checking '/home/user/ros2_emo_voice/install/emo_voice_interfaces/lib/python3.10/site-packages'
[21.933s] Level 1:colcon.colcon_core.environment:checking '/home/user/ros2_emo_voice/install/emo_voice_interfaces/bin'
[22.009s] INFO:colcon.colcon_core.shell:Creating package script '/home/user/ros2_emo_voice/install/emo_voice_interfaces/share/emo_voice_interfaces/package.ps1'
[22.014s] INFO:colcon.colcon_core.shell:Creating package descriptor '/home/user/ros2_emo_voice/install/emo_voice_interfaces/share/emo_voice_interfaces/package.dsv'
[22.018s] INFO:colcon.colcon_core.shell:Creating package script '/home/user/ros2_emo_voice/install/emo_voice_interfaces/share/emo_voice_interfaces/package.sh'
[22.023s] INFO:colcon.colcon_core.shell:Creating package script '/home/user/ros2_emo_voice/install/emo_voice_interfaces/share/emo_voice_interfaces/package.bash'
[22.025s] INFO:colcon.colcon_core.shell:Creating package script '/home/user/ros2_emo_voice/install/emo_voice_interfaces/share/emo_voice_interfaces/package.zsh'
[22.027s] Level 1:colcon.colcon_core.environment:create_file_with_runtime_dependencies(/home/user/ros2_emo_voice/install/emo_voice_interfaces/share/colcon-core/packages/emo_voice_interfaces)
[22.030s] DEBUG:colcon.colcon_parallel_executor.executor.parallel:closing loop
[22.031s] DEBUG:colcon.colcon_parallel_executor.executor.parallel:loop closed
[22.032s] DEBUG:colcon.colcon_parallel_executor.executor.parallel:run_until_complete finished with '0'
[22.033s] DEBUG:colcon.colcon_core.event_reactor:joining thread
[22.188s] INFO:colcon.colcon_core.plugin_system:Skipping extension 'colcon_notification.desktop_notification.terminal_notifier': Not used on non-Darwin systems
[22.189s] INFO:colcon.colcon_core.plugin_system:Skipping extension 'colcon_notification.desktop_notification.win32': Not used on non-Windows systems
[22.189s] INFO:colcon.colcon_notification.desktop_notification:Sending desktop notification using 'notify2'
[22.357s] DEBUG:colcon.colcon_core.event_reactor:joined thread
[22.452s] INFO:colcon.colcon_core.shell:Creating prefix script '/home/user/ros2_emo_voice/install/local_setup.ps1'
[22.459s] INFO:colcon.colcon_core.shell:Creating prefix util module '/home/user/ros2_emo_voice/install/_local_setup_util_ps1.py'
[22.470s] INFO:colcon.colcon_core.shell:Creating prefix chain script '/home/user/ros2_emo_voice/install/setup.ps1'
[22.551s] INFO:colcon.colcon_core.shell:Creating prefix script '/home/user/ros2_emo_voice/install/local_setup.sh'
[22.556s] INFO:colcon.colcon_core.shell:Creating prefix util module '/home/user/ros2_emo_voice/install/_local_setup_util_sh.py'
[22.559s] INFO:colcon.colcon_core.shell:Creating prefix chain script '/home/user/ros2_emo_voice/install/setup.sh'
[22.620s] INFO:colcon.colcon_core.shell:Creating prefix script '/home/user/ros2_emo_voice/install/local_setup.bash'
[22.623s] INFO:colcon.colcon_core.shell:Creating prefix chain script '/home/user/ros2_emo_voice/install/setup.bash'
[22.663s] INFO:colcon.colcon_core.shell:Creating prefix script '/home/user/ros2_emo_voice/install/local_setup.zsh'
[22.667s] INFO:colcon.colcon_core.shell:Creating prefix chain script '/home/user/ros2_emo_voice/install/setup.zsh'
