[6.840s] Invoking command in '/home/user/ros2_emo_voice/src/emo_voice': PYTHONPATH=/home/user/ros2_emo_voice/build/emo_voice/prefix_override:/home/user/ros2_emo_voice/install/emo_voice/lib/python3.10/site-packages:${PYTHONPATH} /usr/bin/python3 setup.py egg_info --egg-base ../../build/emo_voice build --build-base /home/user/ros2_emo_voice/build/emo_voice/build install --record /home/user/ros2_emo_voice/build/emo_voice/install.log --single-version-externally-managed
[8.100s] running egg_info
[8.107s] writing ../../build/emo_voice/emo_voice.egg-info/PKG-INFO
[8.115s] writing dependency_links to ../../build/emo_voice/emo_voice.egg-info/dependency_links.txt
[8.120s] writing entry points to ../../build/emo_voice/emo_voice.egg-info/entry_points.txt
[8.125s] writing requirements to ../../build/emo_voice/emo_voice.egg-info/requires.txt
[8.130s] writing top-level names to ../../build/emo_voice/emo_voice.egg-info/top_level.txt
[8.144s] reading manifest file '../../build/emo_voice/emo_voice.egg-info/SOURCES.txt'
[8.150s] writing manifest file '../../build/emo_voice/emo_voice.egg-info/SOURCES.txt'
[8.153s] running build
[8.154s] running build_py
[8.168s] copying emo_voice/voice.py -> /home/user/ros2_emo_voice/build/emo_voice/build/lib/emo_voice
[8.180s] copying emo_voice/client.py -> /home/user/ros2_emo_voice/build/emo_voice/build/lib/emo_voice
[8.195s] running install
[8.199s] running install_lib
[8.206s] copying /home/user/ros2_emo_voice/build/emo_voice/build/lib/emo_voice/voice.py -> /home/user/ros2_emo_voice/install/emo_voice/lib/python3.10/site-packages/emo_voice
[8.215s] copying /home/user/ros2_emo_voice/build/emo_voice/build/lib/emo_voice/client.py -> /home/user/ros2_emo_voice/install/emo_voice/lib/python3.10/site-packages/emo_voice
[8.226s] byte-compiling /home/user/ros2_emo_voice/install/emo_voice/lib/python3.10/site-packages/emo_voice/voice.py to voice.cpython-310.pyc
[8.309s] byte-compiling /home/user/ros2_emo_voice/install/emo_voice/lib/python3.10/site-packages/emo_voice/client.py to client.cpython-310.pyc
[8.310s] running install_data
[8.342s] running install_egg_info
[8.359s] removing '/home/user/ros2_emo_voice/install/emo_voice/lib/python3.10/site-packages/emo_voice-0.0.0-py3.10.egg-info' (and everything under it)
[8.391s] Copying ../../build/emo_voice/emo_voice.egg-info to /home/user/ros2_emo_voice/install/emo_voice/lib/python3.10/site-packages/emo_voice-0.0.0-py3.10.egg-info
[8.405s] running install_scripts
[8.584s] Installing client script to /home/user/ros2_emo_voice/install/emo_voice/lib/emo_voice
[8.591s] Installing move script to /home/user/ros2_emo_voice/install/emo_voice/lib/emo_voice
[8.593s] Installing plot script to /home/user/ros2_emo_voice/install/emo_voice/lib/emo_voice
[8.595s] Installing sensor_pnnx script to /home/user/ros2_emo_voice/install/emo_voice/lib/emo_voice
[8.599s] Installing server script to /home/user/ros2_emo_voice/install/emo_voice/lib/emo_voice
[8.603s] writing list of installed files to '/home/user/ros2_emo_voice/build/emo_voice/install.log'
[8.783s] Invoked command in '/home/user/ros2_emo_voice/src/emo_voice' returned '0': PYTHONPATH=/home/user/ros2_emo_voice/build/emo_voice/prefix_override:/home/user/ros2_emo_voice/install/emo_voice/lib/python3.10/site-packages:${PYTHONPATH} /usr/bin/python3 setup.py egg_info --egg-base ../../build/emo_voice build --build-base /home/user/ros2_emo_voice/build/emo_voice/build install --record /home/user/ros2_emo_voice/build/emo_voice/install.log --single-version-externally-managed
