[5.560s] Invoking command in '/home/user/ros2_emo_voice/src/emo_voice': PYTHONPATH=/home/user/ros2_emo_voice/build/emo_voice/prefix_override:/home/user/ros2_emo_voice/install/emo_voice/lib/python3.10/site-packages:${PYTHONPATH} /usr/bin/python3 setup.py egg_info --egg-base ../../build/emo_voice build --build-base /home/user/ros2_emo_voice/build/emo_voice/build install --record /home/user/ros2_emo_voice/build/emo_voice/install.log --single-version-externally-managed
[7.117s] running egg_info
[7.137s] writing ../../build/emo_voice/emo_voice.egg-info/PKG-INFO
[7.140s] writing dependency_links to ../../build/emo_voice/emo_voice.egg-info/dependency_links.txt
[7.164s] writing entry points to ../../build/emo_voice/emo_voice.egg-info/entry_points.txt
[7.165s] writing requirements to ../../build/emo_voice/emo_voice.egg-info/requires.txt
[7.165s] writing top-level names to ../../build/emo_voice/emo_voice.egg-info/top_level.txt
[7.168s] reading manifest file '../../build/emo_voice/emo_voice.egg-info/SOURCES.txt'
[7.188s] writing manifest file '../../build/emo_voice/emo_voice.egg-info/SOURCES.txt'
[7.188s] running build
[7.189s] running build_py
[7.189s] copying emo_voice/voice.py -> /home/user/ros2_emo_voice/build/emo_voice/build/lib/emo_voice
[7.189s] running install
[7.189s] running install_lib
[7.190s] copying /home/user/ros2_emo_voice/build/emo_voice/build/lib/emo_voice/voice.py -> /home/user/ros2_emo_voice/install/emo_voice/lib/python3.10/site-packages/emo_voice
[7.200s] byte-compiling /home/user/ros2_emo_voice/install/emo_voice/lib/python3.10/site-packages/emo_voice/voice.py to voice.cpython-310.pyc
[7.200s] running install_data
[7.215s] running install_egg_info
[7.215s] removing '/home/user/ros2_emo_voice/install/emo_voice/lib/python3.10/site-packages/emo_voice-0.0.0-py3.10.egg-info' (and everything under it)
[7.228s] Copying ../../build/emo_voice/emo_voice.egg-info to /home/user/ros2_emo_voice/install/emo_voice/lib/python3.10/site-packages/emo_voice-0.0.0-py3.10.egg-info
[7.231s] running install_scripts
[7.359s] Installing client script to /home/user/ros2_emo_voice/install/emo_voice/lib/emo_voice
[7.359s] Installing move script to /home/user/ros2_emo_voice/install/emo_voice/lib/emo_voice
[7.360s] Installing plot script to /home/user/ros2_emo_voice/install/emo_voice/lib/emo_voice
[7.360s] Installing sensor_pnnx script to /home/user/ros2_emo_voice/install/emo_voice/lib/emo_voice
[7.360s] Installing server script to /home/user/ros2_emo_voice/install/emo_voice/lib/emo_voice
[7.360s] writing list of installed files to '/home/user/ros2_emo_voice/build/emo_voice/install.log'
[7.585s] Invoked command in '/home/user/ros2_emo_voice/src/emo_voice' returned '0': PYTHONPATH=/home/user/ros2_emo_voice/build/emo_voice/prefix_override:/home/user/ros2_emo_voice/install/emo_voice/lib/python3.10/site-packages:${PYTHONPATH} /usr/bin/python3 setup.py egg_info --egg-base ../../build/emo_voice build --build-base /home/user/ros2_emo_voice/build/emo_voice/build install --record /home/user/ros2_emo_voice/build/emo_voice/install.log --single-version-externally-managed
