[5.368s] Invoking command in '/home/user/ros2_emo_voice/src/emo_voice': PYTHONPATH=/home/user/ros2_emo_voice/build/emo_voice/prefix_override:/home/user/ros2_emo_voice/install/emo_voice/lib/python3.10/site-packages:${PYTHONPATH} /usr/bin/python3 setup.py egg_info --egg-base ../../build/emo_voice build --build-base /home/user/ros2_emo_voice/build/emo_voice/build install --record /home/user/ros2_emo_voice/build/emo_voice/install.log --single-version-externally-managed
[6.919s] running egg_info
[6.925s] writing ../../build/emo_voice/emo_voice.egg-info/PKG-INFO
[6.928s] writing dependency_links to ../../build/emo_voice/emo_voice.egg-info/dependency_links.txt
[6.934s] writing entry points to ../../build/emo_voice/emo_voice.egg-info/entry_points.txt
[6.941s] writing requirements to ../../build/emo_voice/emo_voice.egg-info/requires.txt
[6.943s] writing top-level names to ../../build/emo_voice/emo_voice.egg-info/top_level.txt
[6.965s] reading manifest file '../../build/emo_voice/emo_voice.egg-info/SOURCES.txt'
[6.976s] writing manifest file '../../build/emo_voice/emo_voice.egg-info/SOURCES.txt'
[6.978s] running build
[6.979s] running build_py
[6.980s] copying emo_voice/voice.py -> /home/user/ros2_emo_voice/build/emo_voice/build/lib/emo_voice
[6.981s] copying emo_voice/client.py -> /home/user/ros2_emo_voice/build/emo_voice/build/lib/emo_voice
[6.983s] running install
[6.985s] running install_lib
[6.994s] copying /home/user/ros2_emo_voice/build/emo_voice/build/lib/emo_voice/voice.py -> /home/user/ros2_emo_voice/install/emo_voice/lib/python3.10/site-packages/emo_voice
[6.995s] copying /home/user/ros2_emo_voice/build/emo_voice/build/lib/emo_voice/client.py -> /home/user/ros2_emo_voice/install/emo_voice/lib/python3.10/site-packages/emo_voice
[6.998s] byte-compiling /home/user/ros2_emo_voice/install/emo_voice/lib/python3.10/site-packages/emo_voice/voice.py to voice.cpython-310.pyc
[7.008s] byte-compiling /home/user/ros2_emo_voice/install/emo_voice/lib/python3.10/site-packages/emo_voice/client.py to client.cpython-310.pyc
[7.013s] running install_data
[7.016s] running install_egg_info
[7.038s] removing '/home/user/ros2_emo_voice/install/emo_voice/lib/python3.10/site-packages/emo_voice-0.0.0-py3.10.egg-info' (and everything under it)
[7.049s] Copying ../../build/emo_voice/emo_voice.egg-info to /home/user/ros2_emo_voice/install/emo_voice/lib/python3.10/site-packages/emo_voice-0.0.0-py3.10.egg-info
[7.055s] running install_scripts
[7.167s] Installing client script to /home/user/ros2_emo_voice/install/emo_voice/lib/emo_voice
[7.169s] Installing move script to /home/user/ros2_emo_voice/install/emo_voice/lib/emo_voice
[7.171s] Installing plot script to /home/user/ros2_emo_voice/install/emo_voice/lib/emo_voice
[7.173s] Installing sensor_pnnx script to /home/user/ros2_emo_voice/install/emo_voice/lib/emo_voice
[7.176s] Installing server script to /home/user/ros2_emo_voice/install/emo_voice/lib/emo_voice
[7.179s] writing list of installed files to '/home/user/ros2_emo_voice/build/emo_voice/install.log'
[7.394s] Invoked command in '/home/user/ros2_emo_voice/src/emo_voice' returned '0': PYTHONPATH=/home/user/ros2_emo_voice/build/emo_voice/prefix_override:/home/user/ros2_emo_voice/install/emo_voice/lib/python3.10/site-packages:${PYTHONPATH} /usr/bin/python3 setup.py egg_info --egg-base ../../build/emo_voice build --build-base /home/user/ros2_emo_voice/build/emo_voice/build install --record /home/user/ros2_emo_voice/build/emo_voice/install.log --single-version-externally-managed
