[0.792s] Invoking command in '/home/user/ros2_emo_voice/build/emo_voice_interfaces': /usr/bin/cmake --build /home/user/ros2_emo_voice/build/emo_voice_interfaces -- -j2 -l2
[1.337s] [  3%] Built target emo_voice_interfaces__cpp
[1.361s] [ 12%] Built target emo_voice_interfaces__rosidl_generator_c
[1.502s] [ 22%] Built target emo_voice_interfaces__rosidl_typesupport_fastrtps_cpp
[1.524s] [ 22%] Built target ament_cmake_python_copy_emo_voice_interfaces
[1.657s] [ 32%] Built target emo_voice_interfaces__rosidl_typesupport_cpp
[1.690s] [ 41%] Built target emo_voice_interfaces__rosidl_typesupport_introspection_cpp
[1.765s] [ 51%] Built target emo_voice_interfaces__rosidl_typesupport_fastrtps_c
[1.777s] [ 61%] Built target emo_voice_interfaces__rosidl_typesupport_introspection_c
[1.848s] [ 70%] Built target emo_voice_interfaces__rosidl_typesupport_c
[1.915s] [ 70%] Built target emo_voice_interfaces
[2.052s] [ 74%] Built target emo_voice_interfaces__py
[2.423s] [ 80%] Built target emo_voice_interfaces__rosidl_generator_py
[3.055s] [ 87%] Built target emo_voice_interfaces__rosidl_typesupport_fastrtps_c__pyext
[3.372s] running egg_info
[3.374s] writing emo_voice_interfaces.egg-info/PKG-INFO
[3.375s] writing dependency_links to emo_voice_interfaces.egg-info/dependency_links.txt
[3.381s] writing top-level names to emo_voice_interfaces.egg-info/top_level.txt
[3.392s] reading manifest file 'emo_voice_interfaces.egg-info/SOURCES.txt'
[3.393s] writing manifest file 'emo_voice_interfaces.egg-info/SOURCES.txt'
[3.533s] [ 87%] Built target ament_cmake_python_build_emo_voice_interfaces_egg
[3.592s] [ 93%] Built target emo_voice_interfaces__rosidl_typesupport_introspection_c__pyext
[3.705s] [100%] Built target emo_voice_interfaces__rosidl_typesupport_c__pyext
[3.775s] Invoked command in '/home/user/ros2_emo_voice/build/emo_voice_interfaces' returned '0': /usr/bin/cmake --build /home/user/ros2_emo_voice/build/emo_voice_interfaces -- -j2 -l2
[4.427s] Invoking command in '/home/user/ros2_emo_voice/build/emo_voice_interfaces': /usr/bin/cmake --install /home/user/ros2_emo_voice/build/emo_voice_interfaces
[4.453s] -- Install configuration: ""
[4.453s] -- Up-to-date: /home/user/ros2_emo_voice/install/emo_voice_interfaces/share/ament_index/resource_index/rosidl_interfaces/emo_voice_interfaces
[4.453s] -- Up-to-date: /home/user/ros2_emo_voice/install/emo_voice_interfaces/include/emo_voice_interfaces/emo_voice_interfaces
[4.454s] -- Up-to-date: /home/user/ros2_emo_voice/install/emo_voice_interfaces/include/emo_voice_interfaces/emo_voice_interfaces/msg
[4.454s] -- Up-to-date: /home/user/ros2_emo_voice/install/emo_voice_interfaces/include/emo_voice_interfaces/emo_voice_interfaces/msg/rosidl_generator_c__visibility_control.h
[4.454s] -- Up-to-date: /home/user/ros2_emo_voice/install/emo_voice_interfaces/include/emo_voice_interfaces/emo_voice_interfaces/srv
[4.454s] -- Up-to-date: /home/user/ros2_emo_voice/install/emo_voice_interfaces/include/emo_voice_interfaces/emo_voice_interfaces/srv/detail
[4.454s] -- Up-to-date: /home/user/ros2_emo_voice/install/emo_voice_interfaces/include/emo_voice_interfaces/emo_voice_interfaces/srv/detail/gen_text__struct.h
[4.454s] -- Up-to-date: /home/user/ros2_emo_voice/install/emo_voice_interfaces/include/emo_voice_interfaces/emo_voice_interfaces/srv/detail/gen_text__type_support.h
[4.459s] -- Up-to-date: /home/user/ros2_emo_voice/install/emo_voice_interfaces/include/emo_voice_interfaces/emo_voice_interfaces/srv/detail/gen_text__functions.h
[4.460s] -- Up-to-date: /home/user/ros2_emo_voice/install/emo_voice_interfaces/include/emo_voice_interfaces/emo_voice_interfaces/srv/detail/gen_text__functions.c
[4.460s] -- Up-to-date: /home/user/ros2_emo_voice/install/emo_voice_interfaces/include/emo_voice_interfaces/emo_voice_interfaces/srv/gen_text.h
[4.461s] -- Up-to-date: /home/user/ros2_emo_voice/install/emo_voice_interfaces/share/emo_voice_interfaces/environment/library_path.sh
[4.476s] -- Up-to-date: /home/user/ros2_emo_voice/install/emo_voice_interfaces/share/emo_voice_interfaces/environment/library_path.dsv
[4.477s] -- Up-to-date: /home/user/ros2_emo_voice/install/emo_voice_interfaces/lib/libemo_voice_interfaces__rosidl_generator_c.so
[4.477s] -- Up-to-date: /home/user/ros2_emo_voice/install/emo_voice_interfaces/include/emo_voice_interfaces/emo_voice_interfaces
[4.477s] -- Up-to-date: /home/user/ros2_emo_voice/install/emo_voice_interfaces/include/emo_voice_interfaces/emo_voice_interfaces/msg
[4.477s] -- Up-to-date: /home/user/ros2_emo_voice/install/emo_voice_interfaces/include/emo_voice_interfaces/emo_voice_interfaces/msg/rosidl_typesupport_fastrtps_c__visibility_control.h
[4.477s] -- Up-to-date: /home/user/ros2_emo_voice/install/emo_voice_interfaces/include/emo_voice_interfaces/emo_voice_interfaces/srv
[4.477s] -- Up-to-date: /home/user/ros2_emo_voice/install/emo_voice_interfaces/include/emo_voice_interfaces/emo_voice_interfaces/srv/detail
[4.477s] -- Up-to-date: /home/user/ros2_emo_voice/install/emo_voice_interfaces/include/emo_voice_interfaces/emo_voice_interfaces/srv/detail/gen_text__rosidl_typesupport_fastrtps_c.h
[4.477s] -- Up-to-date: /home/user/ros2_emo_voice/install/emo_voice_interfaces/lib/libemo_voice_interfaces__rosidl_typesupport_fastrtps_c.so
[4.478s] -- Up-to-date: /home/user/ros2_emo_voice/install/emo_voice_interfaces/include/emo_voice_interfaces/emo_voice_interfaces
[4.478s] -- Up-to-date: /home/user/ros2_emo_voice/install/emo_voice_interfaces/include/emo_voice_interfaces/emo_voice_interfaces/msg
[4.478s] -- Up-to-date: /home/user/ros2_emo_voice/install/emo_voice_interfaces/include/emo_voice_interfaces/emo_voice_interfaces/msg/rosidl_typesupport_introspection_c__visibility_control.h
[4.478s] -- Up-to-date: /home/user/ros2_emo_voice/install/emo_voice_interfaces/include/emo_voice_interfaces/emo_voice_interfaces/srv
[4.478s] -- Up-to-date: /home/user/ros2_emo_voice/install/emo_voice_interfaces/include/emo_voice_interfaces/emo_voice_interfaces/srv/detail
[4.478s] -- Up-to-date: /home/user/ros2_emo_voice/install/emo_voice_interfaces/include/emo_voice_interfaces/emo_voice_interfaces/srv/detail/gen_text__rosidl_typesupport_introspection_c.h
[4.478s] -- Up-to-date: /home/user/ros2_emo_voice/install/emo_voice_interfaces/include/emo_voice_interfaces/emo_voice_interfaces/srv/detail/gen_text__type_support.c
[4.478s] -- Up-to-date: /home/user/ros2_emo_voice/install/emo_voice_interfaces/lib/libemo_voice_interfaces__rosidl_typesupport_introspection_c.so
[4.478s] -- Up-to-date: /home/user/ros2_emo_voice/install/emo_voice_interfaces/lib/libemo_voice_interfaces__rosidl_typesupport_c.so
[4.478s] -- Up-to-date: /home/user/ros2_emo_voice/install/emo_voice_interfaces/include/emo_voice_interfaces/emo_voice_interfaces
[4.478s] -- Up-to-date: /home/user/ros2_emo_voice/install/emo_voice_interfaces/include/emo_voice_interfaces/emo_voice_interfaces/srv
[4.479s] -- Up-to-date: /home/user/ros2_emo_voice/install/emo_voice_interfaces/include/emo_voice_interfaces/emo_voice_interfaces/srv/detail
[4.479s] -- Up-to-date: /home/user/ros2_emo_voice/install/emo_voice_interfaces/include/emo_voice_interfaces/emo_voice_interfaces/srv/detail/gen_text__traits.hpp
[4.479s] -- Up-to-date: /home/user/ros2_emo_voice/install/emo_voice_interfaces/include/emo_voice_interfaces/emo_voice_interfaces/srv/detail/gen_text__struct.hpp
[4.479s] -- Up-to-date: /home/user/ros2_emo_voice/install/emo_voice_interfaces/include/emo_voice_interfaces/emo_voice_interfaces/srv/detail/gen_text__builder.hpp
[4.479s] -- Up-to-date: /home/user/ros2_emo_voice/install/emo_voice_interfaces/include/emo_voice_interfaces/emo_voice_interfaces/srv/gen_text.hpp
[4.479s] -- Up-to-date: /home/user/ros2_emo_voice/install/emo_voice_interfaces/include/emo_voice_interfaces/emo_voice_interfaces
[4.479s] -- Up-to-date: /home/user/ros2_emo_voice/install/emo_voice_interfaces/include/emo_voice_interfaces/emo_voice_interfaces/msg
[4.479s] -- Up-to-date: /home/user/ros2_emo_voice/install/emo_voice_interfaces/include/emo_voice_interfaces/emo_voice_interfaces/msg/rosidl_typesupport_fastrtps_cpp__visibility_control.h
[4.479s] -- Up-to-date: /home/user/ros2_emo_voice/install/emo_voice_interfaces/include/emo_voice_interfaces/emo_voice_interfaces/srv
[4.479s] -- Up-to-date: /home/user/ros2_emo_voice/install/emo_voice_interfaces/include/emo_voice_interfaces/emo_voice_interfaces/srv/detail
[4.479s] -- Up-to-date: /home/user/ros2_emo_voice/install/emo_voice_interfaces/include/emo_voice_interfaces/emo_voice_interfaces/srv/detail/gen_text__rosidl_typesupport_fastrtps_cpp.hpp
[4.480s] -- Up-to-date: /home/user/ros2_emo_voice/install/emo_voice_interfaces/include/emo_voice_interfaces/emo_voice_interfaces/srv/detail/dds_fastrtps
[4.480s] -- Up-to-date: /home/user/ros2_emo_voice/install/emo_voice_interfaces/lib/libemo_voice_interfaces__rosidl_typesupport_fastrtps_cpp.so
[4.480s] -- Up-to-date: /home/user/ros2_emo_voice/install/emo_voice_interfaces/include/emo_voice_interfaces/emo_voice_interfaces
[4.480s] -- Up-to-date: /home/user/ros2_emo_voice/install/emo_voice_interfaces/include/emo_voice_interfaces/emo_voice_interfaces/srv
[4.480s] -- Up-to-date: /home/user/ros2_emo_voice/install/emo_voice_interfaces/include/emo_voice_interfaces/emo_voice_interfaces/srv/detail
[4.480s] -- Up-to-date: /home/user/ros2_emo_voice/install/emo_voice_interfaces/include/emo_voice_interfaces/emo_voice_interfaces/srv/detail/gen_text__rosidl_typesupport_introspection_cpp.hpp
[4.480s] -- Up-to-date: /home/user/ros2_emo_voice/install/emo_voice_interfaces/include/emo_voice_interfaces/emo_voice_interfaces/srv/detail/gen_text__type_support.cpp
[4.480s] -- Up-to-date: /home/user/ros2_emo_voice/install/emo_voice_interfaces/lib/libemo_voice_interfaces__rosidl_typesupport_introspection_cpp.so
[4.497s] -- Up-to-date: /home/user/ros2_emo_voice/install/emo_voice_interfaces/lib/libemo_voice_interfaces__rosidl_typesupport_cpp.so
[4.497s] -- Up-to-date: /home/user/ros2_emo_voice/install/emo_voice_interfaces/share/emo_voice_interfaces/environment/pythonpath.sh
[4.497s] -- Up-to-date: /home/user/ros2_emo_voice/install/emo_voice_interfaces/share/emo_voice_interfaces/environment/pythonpath.dsv
[4.497s] -- Up-to-date: /home/user/ros2_emo_voice/install/emo_voice_interfaces/local/lib/python3.10/dist-packages/emo_voice_interfaces-0.0.0-py3.10.egg-info
[4.497s] -- Installing: /home/user/ros2_emo_voice/install/emo_voice_interfaces/local/lib/python3.10/dist-packages/emo_voice_interfaces-0.0.0-py3.10.egg-info/top_level.txt
[4.497s] -- Installing: /home/user/ros2_emo_voice/install/emo_voice_interfaces/local/lib/python3.10/dist-packages/emo_voice_interfaces-0.0.0-py3.10.egg-info/PKG-INFO
[4.497s] -- Installing: /home/user/ros2_emo_voice/install/emo_voice_interfaces/local/lib/python3.10/dist-packages/emo_voice_interfaces-0.0.0-py3.10.egg-info/SOURCES.txt
[4.498s] -- Installing: /home/user/ros2_emo_voice/install/emo_voice_interfaces/local/lib/python3.10/dist-packages/emo_voice_interfaces-0.0.0-py3.10.egg-info/dependency_links.txt
[4.498s] -- Up-to-date: /home/user/ros2_emo_voice/install/emo_voice_interfaces/local/lib/python3.10/dist-packages/emo_voice_interfaces
[4.498s] -- Up-to-date: /home/user/ros2_emo_voice/install/emo_voice_interfaces/local/lib/python3.10/dist-packages/emo_voice_interfaces/_emo_voice_interfaces_s.ep.rosidl_typesupport_c.c
[4.498s] -- Up-to-date: /home/user/ros2_emo_voice/install/emo_voice_interfaces/local/lib/python3.10/dist-packages/emo_voice_interfaces/_emo_voice_interfaces_s.ep.rosidl_typesupport_introspection_c.c
[4.498s] -- Up-to-date: /home/user/ros2_emo_voice/install/emo_voice_interfaces/local/lib/python3.10/dist-packages/emo_voice_interfaces/_emo_voice_interfaces_s.ep.rosidl_typesupport_fastrtps_c.c
[4.498s] -- Up-to-date: /home/user/ros2_emo_voice/install/emo_voice_interfaces/local/lib/python3.10/dist-packages/emo_voice_interfaces/emo_voice_interfaces_s__rosidl_typesupport_introspection_c.cpython-310-x86_64-linux-gnu.so
[4.498s] -- Up-to-date: /home/user/ros2_emo_voice/install/emo_voice_interfaces/local/lib/python3.10/dist-packages/emo_voice_interfaces/__init__.py
[4.498s] -- Up-to-date: /home/user/ros2_emo_voice/install/emo_voice_interfaces/local/lib/python3.10/dist-packages/emo_voice_interfaces/emo_voice_interfaces_s__rosidl_typesupport_c.cpython-310-x86_64-linux-gnu.so
[4.499s] -- Up-to-date: /home/user/ros2_emo_voice/install/emo_voice_interfaces/local/lib/python3.10/dist-packages/emo_voice_interfaces/emo_voice_interfaces_s__rosidl_typesupport_fastrtps_c.cpython-310-x86_64-linux-gnu.so
[4.499s] -- Up-to-date: /home/user/ros2_emo_voice/install/emo_voice_interfaces/local/lib/python3.10/dist-packages/emo_voice_interfaces/srv
[4.506s] -- Up-to-date: /home/user/ros2_emo_voice/install/emo_voice_interfaces/local/lib/python3.10/dist-packages/emo_voice_interfaces/srv/_gen_text_s.c
[4.506s] -- Up-to-date: /home/user/ros2_emo_voice/install/emo_voice_interfaces/local/lib/python3.10/dist-packages/emo_voice_interfaces/srv/_gen_text.py
[4.507s] -- Up-to-date: /home/user/ros2_emo_voice/install/emo_voice_interfaces/local/lib/python3.10/dist-packages/emo_voice_interfaces/srv/__init__.py
[4.507s] -- Up-to-date: /home/user/ros2_emo_voice/install/emo_voice_interfaces/local/lib/python3.10/dist-packages/emo_voice_interfaces/libemo_voice_interfaces__rosidl_generator_py.so
[4.800s] Listing '/home/user/ros2_emo_voice/install/emo_voice_interfaces/local/lib/python3.10/dist-packages/emo_voice_interfaces'...
[4.802s] Listing '/home/user/ros2_emo_voice/install/emo_voice_interfaces/local/lib/python3.10/dist-packages/emo_voice_interfaces/srv'...
[4.820s] -- Up-to-date: /home/user/ros2_emo_voice/install/emo_voice_interfaces/local/lib/python3.10/dist-packages/emo_voice_interfaces/emo_voice_interfaces_s__rosidl_typesupport_fastrtps_c.cpython-310-x86_64-linux-gnu.so
[4.821s] -- Up-to-date: /home/user/ros2_emo_voice/install/emo_voice_interfaces/local/lib/python3.10/dist-packages/emo_voice_interfaces/emo_voice_interfaces_s__rosidl_typesupport_introspection_c.cpython-310-x86_64-linux-gnu.so
[4.822s] -- Up-to-date: /home/user/ros2_emo_voice/install/emo_voice_interfaces/local/lib/python3.10/dist-packages/emo_voice_interfaces/emo_voice_interfaces_s__rosidl_typesupport_c.cpython-310-x86_64-linux-gnu.so
[4.822s] -- Up-to-date: /home/user/ros2_emo_voice/install/emo_voice_interfaces/lib/libemo_voice_interfaces__rosidl_generator_py.so
[4.822s] -- Up-to-date: /home/user/ros2_emo_voice/install/emo_voice_interfaces/share/emo_voice_interfaces/srv/GenText.idl
[4.822s] -- Up-to-date: /home/user/ros2_emo_voice/install/emo_voice_interfaces/share/emo_voice_interfaces/srv/GenText.srv
[4.822s] -- Up-to-date: /home/user/ros2_emo_voice/install/emo_voice_interfaces/share/emo_voice_interfaces/srv/GenText_Request.msg
[4.822s] -- Up-to-date: /home/user/ros2_emo_voice/install/emo_voice_interfaces/share/emo_voice_interfaces/srv/GenText_Response.msg
[4.822s] -- Up-to-date: /home/user/ros2_emo_voice/install/emo_voice_interfaces/share/ament_index/resource_index/package_run_dependencies/emo_voice_interfaces
[4.822s] -- Up-to-date: /home/user/ros2_emo_voice/install/emo_voice_interfaces/share/ament_index/resource_index/parent_prefix_path/emo_voice_interfaces
[4.822s] -- Up-to-date: /home/user/ros2_emo_voice/install/emo_voice_interfaces/share/emo_voice_interfaces/environment/ament_prefix_path.sh
[4.822s] -- Up-to-date: /home/user/ros2_emo_voice/install/emo_voice_interfaces/share/emo_voice_interfaces/environment/ament_prefix_path.dsv
[4.823s] -- Up-to-date: /home/user/ros2_emo_voice/install/emo_voice_interfaces/share/emo_voice_interfaces/environment/path.sh
[4.823s] -- Up-to-date: /home/user/ros2_emo_voice/install/emo_voice_interfaces/share/emo_voice_interfaces/environment/path.dsv
[4.823s] -- Up-to-date: /home/user/ros2_emo_voice/install/emo_voice_interfaces/share/emo_voice_interfaces/local_setup.bash
[4.823s] -- Up-to-date: /home/user/ros2_emo_voice/install/emo_voice_interfaces/share/emo_voice_interfaces/local_setup.sh
[4.823s] -- Up-to-date: /home/user/ros2_emo_voice/install/emo_voice_interfaces/share/emo_voice_interfaces/local_setup.zsh
[4.823s] -- Up-to-date: /home/user/ros2_emo_voice/install/emo_voice_interfaces/share/emo_voice_interfaces/local_setup.dsv
[4.823s] -- Installing: /home/user/ros2_emo_voice/install/emo_voice_interfaces/share/emo_voice_interfaces/package.dsv
[4.823s] -- Up-to-date: /home/user/ros2_emo_voice/install/emo_voice_interfaces/share/ament_index/resource_index/packages/emo_voice_interfaces
[4.823s] -- Up-to-date: /home/user/ros2_emo_voice/install/emo_voice_interfaces/share/emo_voice_interfaces/cmake/export_emo_voice_interfaces__rosidl_generator_cExport.cmake
[4.823s] -- Up-to-date: /home/user/ros2_emo_voice/install/emo_voice_interfaces/share/emo_voice_interfaces/cmake/export_emo_voice_interfaces__rosidl_generator_cExport-noconfig.cmake
[4.823s] -- Up-to-date: /home/user/ros2_emo_voice/install/emo_voice_interfaces/share/emo_voice_interfaces/cmake/export_emo_voice_interfaces__rosidl_typesupport_fastrtps_cExport.cmake
[4.824s] -- Up-to-date: /home/user/ros2_emo_voice/install/emo_voice_interfaces/share/emo_voice_interfaces/cmake/export_emo_voice_interfaces__rosidl_typesupport_fastrtps_cExport-noconfig.cmake
[4.824s] -- Up-to-date: /home/user/ros2_emo_voice/install/emo_voice_interfaces/share/emo_voice_interfaces/cmake/emo_voice_interfaces__rosidl_typesupport_introspection_cExport.cmake
[4.824s] -- Up-to-date: /home/user/ros2_emo_voice/install/emo_voice_interfaces/share/emo_voice_interfaces/cmake/emo_voice_interfaces__rosidl_typesupport_introspection_cExport-noconfig.cmake
[4.824s] -- Up-to-date: /home/user/ros2_emo_voice/install/emo_voice_interfaces/share/emo_voice_interfaces/cmake/emo_voice_interfaces__rosidl_typesupport_cExport.cmake
[4.824s] -- Up-to-date: /home/user/ros2_emo_voice/install/emo_voice_interfaces/share/emo_voice_interfaces/cmake/emo_voice_interfaces__rosidl_typesupport_cExport-noconfig.cmake
[4.824s] -- Up-to-date: /home/user/ros2_emo_voice/install/emo_voice_interfaces/share/emo_voice_interfaces/cmake/export_emo_voice_interfaces__rosidl_generator_cppExport.cmake
[4.824s] -- Up-to-date: /home/user/ros2_emo_voice/install/emo_voice_interfaces/share/emo_voice_interfaces/cmake/export_emo_voice_interfaces__rosidl_typesupport_fastrtps_cppExport.cmake
[4.824s] -- Up-to-date: /home/user/ros2_emo_voice/install/emo_voice_interfaces/share/emo_voice_interfaces/cmake/export_emo_voice_interfaces__rosidl_typesupport_fastrtps_cppExport-noconfig.cmake
[4.824s] -- Up-to-date: /home/user/ros2_emo_voice/install/emo_voice_interfaces/share/emo_voice_interfaces/cmake/emo_voice_interfaces__rosidl_typesupport_introspection_cppExport.cmake
[4.824s] -- Up-to-date: /home/user/ros2_emo_voice/install/emo_voice_interfaces/share/emo_voice_interfaces/cmake/emo_voice_interfaces__rosidl_typesupport_introspection_cppExport-noconfig.cmake
[4.824s] -- Up-to-date: /home/user/ros2_emo_voice/install/emo_voice_interfaces/share/emo_voice_interfaces/cmake/emo_voice_interfaces__rosidl_typesupport_cppExport.cmake
[4.825s] -- Up-to-date: /home/user/ros2_emo_voice/install/emo_voice_interfaces/share/emo_voice_interfaces/cmake/emo_voice_interfaces__rosidl_typesupport_cppExport-noconfig.cmake
[4.825s] -- Up-to-date: /home/user/ros2_emo_voice/install/emo_voice_interfaces/share/emo_voice_interfaces/cmake/export_emo_voice_interfaces__rosidl_generator_pyExport.cmake
[4.825s] -- Up-to-date: /home/user/ros2_emo_voice/install/emo_voice_interfaces/share/emo_voice_interfaces/cmake/export_emo_voice_interfaces__rosidl_generator_pyExport-noconfig.cmake
[4.825s] -- Up-to-date: /home/user/ros2_emo_voice/install/emo_voice_interfaces/share/emo_voice_interfaces/cmake/rosidl_cmake-extras.cmake
[4.825s] -- Up-to-date: /home/user/ros2_emo_voice/install/emo_voice_interfaces/share/emo_voice_interfaces/cmake/ament_cmake_export_include_directories-extras.cmake
[4.825s] -- Up-to-date: /home/user/ros2_emo_voice/install/emo_voice_interfaces/share/emo_voice_interfaces/cmake/ament_cmake_export_libraries-extras.cmake
[4.825s] -- Up-to-date: /home/user/ros2_emo_voice/install/emo_voice_interfaces/share/emo_voice_interfaces/cmake/ament_cmake_export_targets-extras.cmake
[4.825s] -- Up-to-date: /home/user/ros2_emo_voice/install/emo_voice_interfaces/share/emo_voice_interfaces/cmake/rosidl_cmake_export_typesupport_targets-extras.cmake
[4.825s] -- Up-to-date: /home/user/ros2_emo_voice/install/emo_voice_interfaces/share/emo_voice_interfaces/cmake/ament_cmake_export_dependencies-extras.cmake
[4.825s] -- Up-to-date: /home/user/ros2_emo_voice/install/emo_voice_interfaces/share/emo_voice_interfaces/cmake/rosidl_cmake_export_typesupport_libraries-extras.cmake
[4.826s] -- Up-to-date: /home/user/ros2_emo_voice/install/emo_voice_interfaces/share/emo_voice_interfaces/cmake/emo_voice_interfacesConfig.cmake
[4.829s] -- Up-to-date: /home/user/ros2_emo_voice/install/emo_voice_interfaces/share/emo_voice_interfaces/cmake/emo_voice_interfacesConfig-version.cmake
[4.829s] -- Up-to-date: /home/user/ros2_emo_voice/install/emo_voice_interfaces/share/emo_voice_interfaces/package.xml
[4.896s] Invoked command in '/home/user/ros2_emo_voice/build/emo_voice_interfaces' returned '0': /usr/bin/cmake --install /home/user/ros2_emo_voice/build/emo_voice_interfaces
