[4.579s] Invoking command in '/home/user/ros2_emo_voice/src/emo_voice': PYTHONPATH=/home/user/ros2_emo_voice/build/emo_voice/prefix_override:/home/user/ros2_emo_voice/install/emo_voice/lib/python3.10/site-packages:${PYTHONPATH} /usr/bin/python3 setup.py egg_info --egg-base ../../build/emo_voice build --build-base /home/user/ros2_emo_voice/build/emo_voice/build install --record /home/user/ros2_emo_voice/build/emo_voice/install.log --single-version-externally-managed
[5.682s] running egg_info
[5.692s] writing ../../build/emo_voice/emo_voice.egg-info/PKG-INFO
[5.696s] writing dependency_links to ../../build/emo_voice/emo_voice.egg-info/dependency_links.txt
[5.699s] writing entry points to ../../build/emo_voice/emo_voice.egg-info/entry_points.txt
[5.702s] writing requirements to ../../build/emo_voice/emo_voice.egg-info/requires.txt
[5.708s] writing top-level names to ../../build/emo_voice/emo_voice.egg-info/top_level.txt
[5.716s] reading manifest file '../../build/emo_voice/emo_voice.egg-info/SOURCES.txt'
[5.722s] writing manifest file '../../build/emo_voice/emo_voice.egg-info/SOURCES.txt'
[5.725s] running build
[5.725s] running build_py
[5.730s] copying emo_voice/voice.py -> /home/user/ros2_emo_voice/build/emo_voice/build/lib/emo_voice
[5.736s] running install
[5.739s] running install_lib
[5.745s] copying /home/user/ros2_emo_voice/build/emo_voice/build/lib/emo_voice/voice.py -> /home/user/ros2_emo_voice/install/emo_voice/lib/python3.10/site-packages/emo_voice
[5.753s] byte-compiling /home/user/ros2_emo_voice/install/emo_voice/lib/python3.10/site-packages/emo_voice/voice.py to voice.cpython-310.pyc
[5.762s] running install_data
[5.766s] running install_egg_info
[5.774s] removing '/home/user/ros2_emo_voice/install/emo_voice/lib/python3.10/site-packages/emo_voice-0.0.0-py3.10.egg-info' (and everything under it)
[5.795s] Copying ../../build/emo_voice/emo_voice.egg-info to /home/user/ros2_emo_voice/install/emo_voice/lib/python3.10/site-packages/emo_voice-0.0.0-py3.10.egg-info
[5.812s] running install_scripts
[5.895s] Installing client script to /home/user/ros2_emo_voice/install/emo_voice/lib/emo_voice
[5.899s] Installing move script to /home/user/ros2_emo_voice/install/emo_voice/lib/emo_voice
[5.904s] Installing plot script to /home/user/ros2_emo_voice/install/emo_voice/lib/emo_voice
[5.908s] Installing sensor_pnnx script to /home/user/ros2_emo_voice/install/emo_voice/lib/emo_voice
[5.912s] Installing server script to /home/user/ros2_emo_voice/install/emo_voice/lib/emo_voice
[5.918s] writing list of installed files to '/home/user/ros2_emo_voice/build/emo_voice/install.log'
[6.091s] Invoked command in '/home/user/ros2_emo_voice/src/emo_voice' returned '0': PYTHONPATH=/home/user/ros2_emo_voice/build/emo_voice/prefix_override:/home/user/ros2_emo_voice/install/emo_voice/lib/python3.10/site-packages:${PYTHONPATH} /usr/bin/python3 setup.py egg_info --egg-base ../../build/emo_voice build --build-base /home/user/ros2_emo_voice/build/emo_voice/build install --record /home/user/ros2_emo_voice/build/emo_voice/install.log --single-version-externally-managed
