[4.444s] Invoking command in '/home/user/ros2_emo_voice/src/emo_voice': PYTHONPATH=/home/user/ros2_emo_voice/build/emo_voice/prefix_override:/home/user/ros2_emo_voice/install/emo_voice/lib/python3.10/site-packages:${PYTHONPATH} /usr/bin/python3 setup.py egg_info --egg-base ../../build/emo_voice build --build-base /home/user/ros2_emo_voice/build/emo_voice/build install --record /home/user/ros2_emo_voice/build/emo_voice/install.log --single-version-externally-managed
[6.029s] running egg_info
[6.036s] writing ../../build/emo_voice/emo_voice.egg-info/PKG-INFO
[6.038s] writing dependency_links to ../../build/emo_voice/emo_voice.egg-info/dependency_links.txt
[6.051s] writing entry points to ../../build/emo_voice/emo_voice.egg-info/entry_points.txt
[6.053s] writing requirements to ../../build/emo_voice/emo_voice.egg-info/requires.txt
[6.054s] writing top-level names to ../../build/emo_voice/emo_voice.egg-info/top_level.txt
[6.061s] reading manifest file '../../build/emo_voice/emo_voice.egg-info/SOURCES.txt'
[6.066s] writing manifest file '../../build/emo_voice/emo_voice.egg-info/SOURCES.txt'
[6.071s] running build
[6.072s] running build_py
[6.075s] copying emo_voice/client.py -> /home/user/ros2_emo_voice/build/emo_voice/build/lib/emo_voice
[6.077s] running install
[6.080s] running install_lib
[6.094s] copying /home/user/ros2_emo_voice/build/emo_voice/build/lib/emo_voice/client.py -> /home/user/ros2_emo_voice/install/emo_voice/lib/python3.10/site-packages/emo_voice
[6.104s] byte-compiling /home/user/ros2_emo_voice/install/emo_voice/lib/python3.10/site-packages/emo_voice/client.py to client.cpython-310.pyc
[6.110s] running install_data
[6.117s] running install_egg_info
[6.123s] removing '/home/user/ros2_emo_voice/install/emo_voice/lib/python3.10/site-packages/emo_voice-0.0.0-py3.10.egg-info' (and everything under it)
[6.128s] Copying ../../build/emo_voice/emo_voice.egg-info to /home/user/ros2_emo_voice/install/emo_voice/lib/python3.10/site-packages/emo_voice-0.0.0-py3.10.egg-info
[6.132s] running install_scripts
[6.243s] Installing client script to /home/user/ros2_emo_voice/install/emo_voice/lib/emo_voice
[6.243s] Installing move script to /home/user/ros2_emo_voice/install/emo_voice/lib/emo_voice
[6.246s] Installing plot script to /home/user/ros2_emo_voice/install/emo_voice/lib/emo_voice
[6.247s] Installing sensor_pnnx script to /home/user/ros2_emo_voice/install/emo_voice/lib/emo_voice
[6.247s] Installing server script to /home/user/ros2_emo_voice/install/emo_voice/lib/emo_voice
[6.247s] writing list of installed files to '/home/user/ros2_emo_voice/build/emo_voice/install.log'
[6.356s] Invoked command in '/home/user/ros2_emo_voice/src/emo_voice' returned '0': PYTHONPATH=/home/user/ros2_emo_voice/build/emo_voice/prefix_override:/home/user/ros2_emo_voice/install/emo_voice/lib/python3.10/site-packages:${PYTHONPATH} /usr/bin/python3 setup.py egg_info --egg-base ../../build/emo_voice build --build-base /home/user/ros2_emo_voice/build/emo_voice/build install --record /home/user/ros2_emo_voice/build/emo_voice/install.log --single-version-externally-managed
