[5.343s] DEBUG:colcon:Command line arguments: ['/usr/bin/colcon', 'build']
[5.343s] DEBUG:colcon:Parsed command line arguments: Namespace(log_base=None, log_level=None, verb_name='build', build_base='build', install_base='install', merge_install=False, symlink_install=False, test_result_base=None, continue_on_error=False, executor='parallel', parallel_workers=2, event_handlers=None, ignore_user_meta=False, metas=['./colcon.meta'], base_paths=['.'], packages_ignore=None, packages_ignore_regex=None, paths=None, packages_up_to=None, packages_up_to_regex=None, packages_above=None, packages_above_and_dependencies=None, packages_above_depth=None, packages_select_by_dep=None, packages_skip_by_dep=None, packages_skip_up_to=None, packages_select_build_failed=False, packages_skip_build_finished=False, packages_select_test_failures=False, packages_skip_test_passed=False, packages_select=None, packages_skip=None, packages_select_regex=None, packages_skip_regex=None, packages_start=None, packages_end=None, allow_overriding=[], cmake_args=None, cmake_target=None, cmake_target_skip_unavailable=False, cmake_clean_cache=False, cmake_clean_first=False, cmake_force_configure=False, ament_cmake_args=None, catkin_cmake_args=None, catkin_skip_building_tests=False, verb_parser=<colcon_defaults.argument_parser.defaults.DefaultArgumentsDecorator object at 0x7e46c1b7d480>, verb_extension=<colcon_core.verb.build.BuildVerb object at 0x7e46c1b7fb20>, main=<bound method BuildVerb.main of <colcon_core.verb.build.BuildVerb object at 0x7e46c1b7fb20>>)
[5.615s] Level 1:colcon.colcon_core.package_discovery:discover_packages(colcon_meta) check parameters
[5.615s] Level 1:colcon.colcon_core.package_discovery:discover_packages(recursive) check parameters
[5.616s] Level 1:colcon.colcon_core.package_discovery:discover_packages(ignore) check parameters
[5.616s] Level 1:colcon.colcon_core.package_discovery:discover_packages(path) check parameters
[5.617s] Level 1:colcon.colcon_core.package_discovery:discover_packages(colcon_meta) discover
[5.618s] Level 1:colcon.colcon_core.package_discovery:discover_packages(recursive) discover
[5.618s] INFO:colcon.colcon_core.package_discovery:Crawling recursively for packages in '/home/user/ros2_emo_voice'
[5.619s] Level 1:colcon.colcon_core.package_identification:_identify(.) by extensions ['ignore', 'ignore_ament_install']
[5.620s] Level 1:colcon.colcon_core.package_identification:_identify(.) by extension 'ignore'
[5.621s] Level 1:colcon.colcon_core.package_identification:_identify(.) by extension 'ignore_ament_install'
[5.622s] Level 1:colcon.colcon_core.package_identification:_identify(.) by extensions ['colcon_pkg']
[5.622s] Level 1:colcon.colcon_core.package_identification:_identify(.) by extension 'colcon_pkg'
[5.623s] Level 1:colcon.colcon_core.package_identification:_identify(.) by extensions ['colcon_meta']
[5.623s] Level 1:colcon.colcon_core.package_identification:_identify(.) by extension 'colcon_meta'
[5.624s] Level 1:colcon.colcon_core.package_identification:_identify(.) by extensions ['ros']
[5.624s] Level 1:colcon.colcon_core.package_identification:_identify(.) by extension 'ros'
[5.690s] Level 1:colcon.colcon_core.package_identification:_identify(.) by extensions ['cmake', 'python']
[5.691s] Level 1:colcon.colcon_core.package_identification:_identify(.) by extension 'cmake'
[5.692s] Level 1:colcon.colcon_core.package_identification:_identify(.) by extension 'python'
[5.692s] Level 1:colcon.colcon_core.package_identification:_identify(.) by extensions ['python_setup_py']
[5.692s] Level 1:colcon.colcon_core.package_identification:_identify(.) by extension 'python_setup_py'
[5.693s] Level 1:colcon.colcon_core.package_identification:_identify(build) by extensions ['ignore', 'ignore_ament_install']
[5.694s] Level 1:colcon.colcon_core.package_identification:_identify(build) by extension 'ignore'
[5.694s] Level 1:colcon.colcon_core.package_identification:_identify(build) ignored
[5.696s] Level 1:colcon.colcon_core.package_identification:_identify(install) by extensions ['ignore', 'ignore_ament_install']
[5.697s] Level 1:colcon.colcon_core.package_identification:_identify(install) by extension 'ignore'
[5.698s] Level 1:colcon.colcon_core.package_identification:_identify(install) ignored
[5.699s] Level 1:colcon.colcon_core.package_identification:_identify(log) by extensions ['ignore', 'ignore_ament_install']
[5.699s] Level 1:colcon.colcon_core.package_identification:_identify(log) by extension 'ignore'
[5.700s] Level 1:colcon.colcon_core.package_identification:_identify(log) ignored
[5.701s] Level 1:colcon.colcon_core.package_identification:_identify(src) by extensions ['ignore', 'ignore_ament_install']
[5.702s] Level 1:colcon.colcon_core.package_identification:_identify(src) by extension 'ignore'
[5.702s] Level 1:colcon.colcon_core.package_identification:_identify(src) by extension 'ignore_ament_install'
[5.703s] Level 1:colcon.colcon_core.package_identification:_identify(src) by extensions ['colcon_pkg']
[5.703s] Level 1:colcon.colcon_core.package_identification:_identify(src) by extension 'colcon_pkg'
[5.704s] Level 1:colcon.colcon_core.package_identification:_identify(src) by extensions ['colcon_meta']
[5.704s] Level 1:colcon.colcon_core.package_identification:_identify(src) by extension 'colcon_meta'
[5.705s] Level 1:colcon.colcon_core.package_identification:_identify(src) by extensions ['ros']
[5.706s] Level 1:colcon.colcon_core.package_identification:_identify(src) by extension 'ros'
[5.706s] Level 1:colcon.colcon_core.package_identification:_identify(src) by extensions ['cmake', 'python']
[5.707s] Level 1:colcon.colcon_core.package_identification:_identify(src) by extension 'cmake'
[5.707s] Level 1:colcon.colcon_core.package_identification:_identify(src) by extension 'python'
[5.707s] Level 1:colcon.colcon_core.package_identification:_identify(src) by extensions ['python_setup_py']
[5.707s] Level 1:colcon.colcon_core.package_identification:_identify(src) by extension 'python_setup_py'
[5.708s] Level 1:colcon.colcon_core.package_identification:_identify(src/build) by extensions ['ignore', 'ignore_ament_install']
[5.708s] Level 1:colcon.colcon_core.package_identification:_identify(src/build) by extension 'ignore'
[5.708s] Level 1:colcon.colcon_core.package_identification:_identify(src/build) ignored
[5.709s] Level 1:colcon.colcon_core.package_identification:_identify(src/emo_voice) by extensions ['ignore', 'ignore_ament_install']
[5.710s] Level 1:colcon.colcon_core.package_identification:_identify(src/emo_voice) by extension 'ignore'
[5.711s] Level 1:colcon.colcon_core.package_identification:_identify(src/emo_voice) by extension 'ignore_ament_install'
[5.712s] Level 1:colcon.colcon_core.package_identification:_identify(src/emo_voice) by extensions ['colcon_pkg']
[5.712s] Level 1:colcon.colcon_core.package_identification:_identify(src/emo_voice) by extension 'colcon_pkg'
[5.713s] Level 1:colcon.colcon_core.package_identification:_identify(src/emo_voice) by extensions ['colcon_meta']
[5.714s] Level 1:colcon.colcon_core.package_identification:_identify(src/emo_voice) by extension 'colcon_meta'
[5.714s] Level 1:colcon.colcon_core.package_identification:_identify(src/emo_voice) by extensions ['ros']
[5.714s] Level 1:colcon.colcon_core.package_identification:_identify(src/emo_voice) by extension 'ros'
[5.731s] DEBUG:colcon.colcon_core.package_identification:Package 'src/emo_voice' with type 'ros.ament_python' and name 'emo_voice'
[5.732s] Level 1:colcon.colcon_core.package_identification:_identify(src/emo_voice_interfaces) by extensions ['ignore', 'ignore_ament_install']
[5.733s] Level 1:colcon.colcon_core.package_identification:_identify(src/emo_voice_interfaces) by extension 'ignore'
[5.734s] Level 1:colcon.colcon_core.package_identification:_identify(src/emo_voice_interfaces) by extension 'ignore_ament_install'
[5.735s] Level 1:colcon.colcon_core.package_identification:_identify(src/emo_voice_interfaces) by extensions ['colcon_pkg']
[5.736s] Level 1:colcon.colcon_core.package_identification:_identify(src/emo_voice_interfaces) by extension 'colcon_pkg'
[5.737s] Level 1:colcon.colcon_core.package_identification:_identify(src/emo_voice_interfaces) by extensions ['colcon_meta']
[5.737s] Level 1:colcon.colcon_core.package_identification:_identify(src/emo_voice_interfaces) by extension 'colcon_meta'
[5.737s] Level 1:colcon.colcon_core.package_identification:_identify(src/emo_voice_interfaces) by extensions ['ros']
[5.737s] Level 1:colcon.colcon_core.package_identification:_identify(src/emo_voice_interfaces) by extension 'ros'
[5.740s] DEBUG:colcon.colcon_core.package_identification:Package 'src/emo_voice_interfaces' with type 'ros.ament_cmake' and name 'emo_voice_interfaces'
[5.741s] Level 1:colcon.colcon_core.package_identification:_identify(src/install) by extensions ['ignore', 'ignore_ament_install']
[5.742s] Level 1:colcon.colcon_core.package_identification:_identify(src/install) by extension 'ignore'
[5.743s] Level 1:colcon.colcon_core.package_identification:_identify(src/install) ignored
[5.744s] Level 1:colcon.colcon_core.package_identification:_identify(src/log) by extensions ['ignore', 'ignore_ament_install']
[5.745s] Level 1:colcon.colcon_core.package_identification:_identify(src/log) by extension 'ignore'
[5.746s] Level 1:colcon.colcon_core.package_identification:_identify(src/log) ignored
[5.746s] Level 1:colcon.colcon_core.package_discovery:discover_packages(recursive) using defaults
[5.746s] Level 1:colcon.colcon_core.package_discovery:discover_packages(ignore) discover
[5.747s] Level 1:colcon.colcon_core.package_discovery:discover_packages(ignore) using defaults
[5.747s] Level 1:colcon.colcon_core.package_discovery:discover_packages(path) discover
[5.747s] Level 1:colcon.colcon_core.package_discovery:discover_packages(path) using defaults
[6.314s] Level 1:colcon.colcon_core.package_discovery:discover_packages(prefix_path) check parameters
[6.314s] Level 1:colcon.colcon_core.package_discovery:discover_packages(prefix_path) discover
[6.484s] DEBUG:colcon.colcon_installed_package_information.package_discovery:Found 2 installed packages in /home/user/ros2_emo_voice/install
[6.586s] DEBUG:colcon.colcon_installed_package_information.package_discovery:Found 1 installed packages in /home/user/ros2_ws/install
[6.657s] DEBUG:colcon.colcon_installed_package_information.package_discovery:Found 396 installed packages in /opt/ros/humble
[6.663s] Level 1:colcon.colcon_core.package_discovery:discover_packages(prefix_path) using defaults
[7.353s] Level 5:colcon.colcon_core.verb:set package 'emo_voice' build argument 'cmake_args' from command line to 'None'
[7.354s] Level 5:colcon.colcon_core.verb:set package 'emo_voice' build argument 'cmake_target' from command line to 'None'
[7.354s] Level 5:colcon.colcon_core.verb:set package 'emo_voice' build argument 'cmake_target_skip_unavailable' from command line to 'False'
[7.354s] Level 5:colcon.colcon_core.verb:set package 'emo_voice' build argument 'cmake_clean_cache' from command line to 'False'
[7.355s] Level 5:colcon.colcon_core.verb:set package 'emo_voice' build argument 'cmake_clean_first' from command line to 'False'
[7.355s] Level 5:colcon.colcon_core.verb:set package 'emo_voice' build argument 'cmake_force_configure' from command line to 'False'
[7.355s] Level 5:colcon.colcon_core.verb:set package 'emo_voice' build argument 'ament_cmake_args' from command line to 'None'
[7.355s] Level 5:colcon.colcon_core.verb:set package 'emo_voice' build argument 'catkin_cmake_args' from command line to 'None'
[7.356s] Level 5:colcon.colcon_core.verb:set package 'emo_voice' build argument 'catkin_skip_building_tests' from command line to 'False'
[7.356s] DEBUG:colcon.colcon_core.verb:Building package 'emo_voice' with the following arguments: {'ament_cmake_args': None, 'build_base': '/home/user/ros2_emo_voice/build/emo_voice', 'catkin_cmake_args': None, 'catkin_skip_building_tests': False, 'cmake_args': None, 'cmake_clean_cache': False, 'cmake_clean_first': False, 'cmake_force_configure': False, 'cmake_target': None, 'cmake_target_skip_unavailable': False, 'install_base': '/home/user/ros2_emo_voice/install/emo_voice', 'merge_install': False, 'path': '/home/user/ros2_emo_voice/src/emo_voice', 'symlink_install': False, 'test_result_base': None}
[7.413s] Level 5:colcon.colcon_core.verb:set package 'emo_voice_interfaces' build argument 'cmake_args' from command line to 'None'
[7.413s] Level 5:colcon.colcon_core.verb:set package 'emo_voice_interfaces' build argument 'cmake_target' from command line to 'None'
[7.414s] Level 5:colcon.colcon_core.verb:set package 'emo_voice_interfaces' build argument 'cmake_target_skip_unavailable' from command line to 'False'
[7.414s] Level 5:colcon.colcon_core.verb:set package 'emo_voice_interfaces' build argument 'cmake_clean_cache' from command line to 'False'
[7.414s] Level 5:colcon.colcon_core.verb:set package 'emo_voice_interfaces' build argument 'cmake_clean_first' from command line to 'False'
[7.415s] Level 5:colcon.colcon_core.verb:set package 'emo_voice_interfaces' build argument 'cmake_force_configure' from command line to 'False'
[7.415s] Level 5:colcon.colcon_core.verb:set package 'emo_voice_interfaces' build argument 'ament_cmake_args' from command line to 'None'
[7.415s] Level 5:colcon.colcon_core.verb:set package 'emo_voice_interfaces' build argument 'catkin_cmake_args' from command line to 'None'
[7.415s] Level 5:colcon.colcon_core.verb:set package 'emo_voice_interfaces' build argument 'catkin_skip_building_tests' from command line to 'False'
[7.416s] DEBUG:colcon.colcon_core.verb:Building package 'emo_voice_interfaces' with the following arguments: {'ament_cmake_args': None, 'build_base': '/home/user/ros2_emo_voice/build/emo_voice_interfaces', 'catkin_cmake_args': None, 'catkin_skip_building_tests': False, 'cmake_args': None, 'cmake_clean_cache': False, 'cmake_clean_first': False, 'cmake_force_configure': False, 'cmake_target': None, 'cmake_target_skip_unavailable': False, 'install_base': '/home/user/ros2_emo_voice/install/emo_voice_interfaces', 'merge_install': False, 'path': '/home/user/ros2_emo_voice/src/emo_voice_interfaces', 'symlink_install': False, 'test_result_base': None}
[7.473s] INFO:colcon.colcon_core.executor:Executing jobs using 'parallel' executor
[7.540s] DEBUG:colcon.colcon_parallel_executor.executor.parallel:run_until_complete
[7.544s] INFO:colcon.colcon_ros.task.ament_python.build:Building ROS package in '/home/user/ros2_emo_voice/src/emo_voice' with build type 'ament_python'
[7.546s] Level 1:colcon.colcon_core.shell:create_environment_hook('emo_voice', 'ament_prefix_path')
[7.625s] INFO:colcon.colcon_core.plugin_system:Skipping extension 'colcon_core.shell.bat': Not used on non-Windows systems
[7.626s] INFO:colcon.colcon_core.shell:Creating environment hook '/home/user/ros2_emo_voice/install/emo_voice/share/emo_voice/hook/ament_prefix_path.ps1'
[7.629s] INFO:colcon.colcon_core.shell:Creating environment descriptor '/home/user/ros2_emo_voice/install/emo_voice/share/emo_voice/hook/ament_prefix_path.dsv'
[7.632s] INFO:colcon.colcon_core.shell:Creating environment hook '/home/user/ros2_emo_voice/install/emo_voice/share/emo_voice/hook/ament_prefix_path.sh'
[7.723s] INFO:colcon.colcon_core.shell:Skip shell extension 'powershell' for command environment: Not usable outside of PowerShell
[7.724s] DEBUG:colcon.colcon_core.shell:Skip shell extension 'dsv' for command environment
[8.067s] INFO:colcon.colcon_ros.task.ament_cmake.build:Building ROS package in '/home/user/ros2_emo_voice/src/emo_voice_interfaces' with build type 'ament_cmake'
[8.069s] INFO:colcon.colcon_cmake.task.cmake.build:Building CMake package in '/home/user/ros2_emo_voice/src/emo_voice_interfaces'
[8.172s] INFO:colcon.colcon_core.shell:Skip shell extension 'powershell' for command environment: Not usable outside of PowerShell
[8.172s] DEBUG:colcon.colcon_core.shell:Skip shell extension 'dsv' for command environment
[9.495s] INFO:colcon.colcon_core.task.python.build:Building Python package in '/home/user/ros2_emo_voice/src/emo_voice'
[9.568s] INFO:colcon.colcon_core.shell:Skip shell extension 'powershell' for command environment: Not usable outside of PowerShell
[9.569s] DEBUG:colcon.colcon_core.shell:Skip shell extension 'dsv' for command environment
[9.888s] DEBUG:colcon.colcon_core.event_handler.log_command:Invoking command in '/home/user/ros2_emo_voice/build/emo_voice_interfaces': CMAKE_PREFIX_PATH=${CMAKE_PREFIX_PATH}:/home/user/ros2_emo_voice/install/emo_voice:/home/user/ros2_ws/install/mytest:/opt/ros/humble /usr/bin/cmake --build /home/user/ros2_emo_voice/build/emo_voice_interfaces -- -j2 -l2
[16.416s] DEBUG:colcon.colcon_core.event_handler.log_command:Invoking command in '/home/user/ros2_emo_voice/src/emo_voice': PYTHONPATH=/home/user/ros2_emo_voice/build/emo_voice/prefix_override:/home/user/ros2_emo_voice/install/emo_voice/lib/python3.10/site-packages:${PYTHONPATH} /usr/bin/python3 setup.py egg_info --egg-base ../../build/emo_voice build --build-base /home/user/ros2_emo_voice/build/emo_voice/build install --record /home/user/ros2_emo_voice/build/emo_voice/install.log --single-version-externally-managed
[17.552s] DEBUG:colcon.colcon_core.event_handler.log_command:Invoked command in '/home/user/ros2_emo_voice/build/emo_voice_interfaces' returned '0': CMAKE_PREFIX_PATH=${CMAKE_PREFIX_PATH}:/home/user/ros2_emo_voice/install/emo_voice:/home/user/ros2_ws/install/mytest:/opt/ros/humble /usr/bin/cmake --build /home/user/ros2_emo_voice/build/emo_voice_interfaces -- -j2 -l2
[18.208s] DEBUG:colcon.colcon_core.event_handler.log_command:Invoking command in '/home/user/ros2_emo_voice/build/emo_voice_interfaces': CMAKE_PREFIX_PATH=${CMAKE_PREFIX_PATH}:/home/user/ros2_emo_voice/install/emo_voice:/home/user/ros2_ws/install/mytest:/opt/ros/humble /usr/bin/cmake --install /home/user/ros2_emo_voice/build/emo_voice_interfaces
[18.289s] DEBUG:colcon.colcon_core.event_handler.log_command:Invoked command in '/home/user/ros2_emo_voice/src/emo_voice' returned '0': PYTHONPATH=/home/user/ros2_emo_voice/build/emo_voice/prefix_override:/home/user/ros2_emo_voice/install/emo_voice/lib/python3.10/site-packages:${PYTHONPATH} /usr/bin/python3 setup.py egg_info --egg-base ../../build/emo_voice build --build-base /home/user/ros2_emo_voice/build/emo_voice/build install --record /home/user/ros2_emo_voice/build/emo_voice/install.log --single-version-externally-managed
[18.521s] Level 1:colcon.colcon_core.environment:checking '/home/user/ros2_emo_voice/install/emo_voice' for CMake module files
[18.526s] Level 1:colcon.colcon_core.environment:checking '/home/user/ros2_emo_voice/install/emo_voice' for CMake config files
[18.536s] Level 1:colcon.colcon_core.environment:checking '/home/user/ros2_emo_voice/install/emo_voice/lib'
[18.537s] Level 1:colcon.colcon_core.environment:checking '/home/user/ros2_emo_voice/install/emo_voice/bin'
[18.538s] Level 1:colcon.colcon_core.environment:checking '/home/user/ros2_emo_voice/install/emo_voice/lib/pkgconfig/emo_voice.pc'
[18.538s] Level 1:colcon.colcon_core.environment:checking '/home/user/ros2_emo_voice/install/emo_voice/lib/python3.10/site-packages'
[18.539s] Level 1:colcon.colcon_core.shell:create_environment_hook('emo_voice', 'pythonpath')
[18.671s] INFO:colcon.colcon_core.shell:Creating environment hook '/home/user/ros2_emo_voice/install/emo_voice/share/emo_voice/hook/pythonpath.ps1'
[18.674s] INFO:colcon.colcon_core.shell:Creating environment descriptor '/home/user/ros2_emo_voice/install/emo_voice/share/emo_voice/hook/pythonpath.dsv'
[18.676s] INFO:colcon.colcon_core.shell:Creating environment hook '/home/user/ros2_emo_voice/install/emo_voice/share/emo_voice/hook/pythonpath.sh'
[18.680s] Level 1:colcon.colcon_core.environment:checking '/home/user/ros2_emo_voice/install/emo_voice/bin'
[18.681s] Level 1:colcon.colcon_core.environment:create_environment_scripts_only(emo_voice)
[18.790s] INFO:colcon.colcon_core.shell:Creating package script '/home/user/ros2_emo_voice/install/emo_voice/share/emo_voice/package.ps1'
[18.799s] INFO:colcon.colcon_core.shell:Creating package descriptor '/home/user/ros2_emo_voice/install/emo_voice/share/emo_voice/package.dsv'
[18.802s] INFO:colcon.colcon_core.shell:Creating package script '/home/user/ros2_emo_voice/install/emo_voice/share/emo_voice/package.sh'
[18.805s] INFO:colcon.colcon_core.shell:Creating package script '/home/user/ros2_emo_voice/install/emo_voice/share/emo_voice/package.bash'
[18.810s] INFO:colcon.colcon_core.shell:Creating package script '/home/user/ros2_emo_voice/install/emo_voice/share/emo_voice/package.zsh'
[18.815s] Level 1:colcon.colcon_core.environment:create_file_with_runtime_dependencies(/home/user/ros2_emo_voice/install/emo_voice/share/colcon-core/packages/emo_voice)
[18.820s] Level 1:colcon.colcon_core.environment:create_environment_scripts_only(emo_voice_interfaces)
[18.821s] DEBUG:colcon.colcon_core.event_handler.log_command:Invoked command in '/home/user/ros2_emo_voice/build/emo_voice_interfaces' returned '0': CMAKE_PREFIX_PATH=${CMAKE_PREFIX_PATH}:/home/user/ros2_emo_voice/install/emo_voice:/home/user/ros2_ws/install/mytest:/opt/ros/humble /usr/bin/cmake --install /home/user/ros2_emo_voice/build/emo_voice_interfaces
[18.882s] Level 1:colcon.colcon_core.environment:checking '/home/user/ros2_emo_voice/install/emo_voice_interfaces' for CMake module files
[18.884s] Level 1:colcon.colcon_core.environment:checking '/home/user/ros2_emo_voice/install/emo_voice_interfaces' for CMake config files
[18.884s] Level 1:colcon.colcon_core.shell:create_environment_hook('emo_voice_interfaces', 'cmake_prefix_path')
[18.946s] INFO:colcon.colcon_core.shell:Creating environment hook '/home/user/ros2_emo_voice/install/emo_voice_interfaces/share/emo_voice_interfaces/hook/cmake_prefix_path.ps1'
[18.947s] INFO:colcon.colcon_core.shell:Creating environment descriptor '/home/user/ros2_emo_voice/install/emo_voice_interfaces/share/emo_voice_interfaces/hook/cmake_prefix_path.dsv'
[18.949s] INFO:colcon.colcon_core.shell:Creating environment hook '/home/user/ros2_emo_voice/install/emo_voice_interfaces/share/emo_voice_interfaces/hook/cmake_prefix_path.sh'
[18.952s] Level 1:colcon.colcon_core.environment:checking '/home/user/ros2_emo_voice/install/emo_voice_interfaces/lib'
[18.952s] Level 1:colcon.colcon_core.shell:create_environment_hook('emo_voice_interfaces', 'ld_library_path_lib')
[19.001s] INFO:colcon.colcon_core.shell:Creating environment hook '/home/user/ros2_emo_voice/install/emo_voice_interfaces/share/emo_voice_interfaces/hook/ld_library_path_lib.ps1'
[19.003s] INFO:colcon.colcon_core.shell:Creating environment descriptor '/home/user/ros2_emo_voice/install/emo_voice_interfaces/share/emo_voice_interfaces/hook/ld_library_path_lib.dsv'
[19.006s] INFO:colcon.colcon_core.shell:Creating environment hook '/home/user/ros2_emo_voice/install/emo_voice_interfaces/share/emo_voice_interfaces/hook/ld_library_path_lib.sh'
[19.008s] Level 1:colcon.colcon_core.environment:checking '/home/user/ros2_emo_voice/install/emo_voice_interfaces/bin'
[19.009s] Level 1:colcon.colcon_core.environment:checking '/home/user/ros2_emo_voice/install/emo_voice_interfaces/lib/pkgconfig/emo_voice_interfaces.pc'
[19.010s] Level 1:colcon.colcon_core.environment:checking '/home/user/ros2_emo_voice/install/emo_voice_interfaces/lib/python3.10/site-packages'
[19.011s] Level 1:colcon.colcon_core.environment:checking '/home/user/ros2_emo_voice/install/emo_voice_interfaces/bin'
[19.063s] INFO:colcon.colcon_core.shell:Creating package script '/home/user/ros2_emo_voice/install/emo_voice_interfaces/share/emo_voice_interfaces/package.ps1'
[19.065s] INFO:colcon.colcon_core.shell:Creating package descriptor '/home/user/ros2_emo_voice/install/emo_voice_interfaces/share/emo_voice_interfaces/package.dsv'
[19.068s] INFO:colcon.colcon_core.shell:Creating package script '/home/user/ros2_emo_voice/install/emo_voice_interfaces/share/emo_voice_interfaces/package.sh'
[19.071s] INFO:colcon.colcon_core.shell:Creating package script '/home/user/ros2_emo_voice/install/emo_voice_interfaces/share/emo_voice_interfaces/package.bash'
[19.074s] INFO:colcon.colcon_core.shell:Creating package script '/home/user/ros2_emo_voice/install/emo_voice_interfaces/share/emo_voice_interfaces/package.zsh'
[19.076s] Level 1:colcon.colcon_core.environment:create_file_with_runtime_dependencies(/home/user/ros2_emo_voice/install/emo_voice_interfaces/share/colcon-core/packages/emo_voice_interfaces)
[19.735s] Level 1:colcon.colcon_core.environment:create_environment_scripts_only(emo_voice_interfaces)
[19.803s] Level 1:colcon.colcon_core.environment:checking '/home/user/ros2_emo_voice/install/emo_voice_interfaces' for CMake module files
[19.805s] Level 1:colcon.colcon_core.environment:checking '/home/user/ros2_emo_voice/install/emo_voice_interfaces' for CMake config files
[19.807s] Level 1:colcon.colcon_core.shell:create_environment_hook('emo_voice_interfaces', 'cmake_prefix_path')
[19.892s] INFO:colcon.colcon_core.shell:Creating environment hook '/home/user/ros2_emo_voice/install/emo_voice_interfaces/share/emo_voice_interfaces/hook/cmake_prefix_path.ps1'
[19.895s] INFO:colcon.colcon_core.shell:Creating environment descriptor '/home/user/ros2_emo_voice/install/emo_voice_interfaces/share/emo_voice_interfaces/hook/cmake_prefix_path.dsv'
[19.898s] INFO:colcon.colcon_core.shell:Creating environment hook '/home/user/ros2_emo_voice/install/emo_voice_interfaces/share/emo_voice_interfaces/hook/cmake_prefix_path.sh'
[19.902s] Level 1:colcon.colcon_core.environment:checking '/home/user/ros2_emo_voice/install/emo_voice_interfaces/lib'
[19.903s] Level 1:colcon.colcon_core.shell:create_environment_hook('emo_voice_interfaces', 'ld_library_path_lib')
[19.974s] INFO:colcon.colcon_core.shell:Creating environment hook '/home/user/ros2_emo_voice/install/emo_voice_interfaces/share/emo_voice_interfaces/hook/ld_library_path_lib.ps1'
[19.978s] INFO:colcon.colcon_core.shell:Creating environment descriptor '/home/user/ros2_emo_voice/install/emo_voice_interfaces/share/emo_voice_interfaces/hook/ld_library_path_lib.dsv'
[19.982s] INFO:colcon.colcon_core.shell:Creating environment hook '/home/user/ros2_emo_voice/install/emo_voice_interfaces/share/emo_voice_interfaces/hook/ld_library_path_lib.sh'
[19.986s] Level 1:colcon.colcon_core.environment:checking '/home/user/ros2_emo_voice/install/emo_voice_interfaces/bin'
[19.987s] Level 1:colcon.colcon_core.environment:checking '/home/user/ros2_emo_voice/install/emo_voice_interfaces/lib/pkgconfig/emo_voice_interfaces.pc'
[19.988s] Level 1:colcon.colcon_core.environment:checking '/home/user/ros2_emo_voice/install/emo_voice_interfaces/lib/python3.10/site-packages'
[19.990s] Level 1:colcon.colcon_core.environment:checking '/home/user/ros2_emo_voice/install/emo_voice_interfaces/bin'
[20.075s] INFO:colcon.colcon_core.shell:Creating package script '/home/user/ros2_emo_voice/install/emo_voice_interfaces/share/emo_voice_interfaces/package.ps1'
[20.080s] INFO:colcon.colcon_core.shell:Creating package descriptor '/home/user/ros2_emo_voice/install/emo_voice_interfaces/share/emo_voice_interfaces/package.dsv'
[20.083s] INFO:colcon.colcon_core.shell:Creating package script '/home/user/ros2_emo_voice/install/emo_voice_interfaces/share/emo_voice_interfaces/package.sh'
[20.087s] INFO:colcon.colcon_core.shell:Creating package script '/home/user/ros2_emo_voice/install/emo_voice_interfaces/share/emo_voice_interfaces/package.bash'
[20.091s] INFO:colcon.colcon_core.shell:Creating package script '/home/user/ros2_emo_voice/install/emo_voice_interfaces/share/emo_voice_interfaces/package.zsh'
[20.095s] Level 1:colcon.colcon_core.environment:create_file_with_runtime_dependencies(/home/user/ros2_emo_voice/install/emo_voice_interfaces/share/colcon-core/packages/emo_voice_interfaces)
[20.098s] DEBUG:colcon.colcon_parallel_executor.executor.parallel:closing loop
[20.104s] DEBUG:colcon.colcon_parallel_executor.executor.parallel:loop closed
[20.105s] DEBUG:colcon.colcon_parallel_executor.executor.parallel:run_until_complete finished with '0'
[20.106s] DEBUG:colcon.colcon_core.event_reactor:joining thread
[20.231s] INFO:colcon.colcon_core.plugin_system:Skipping extension 'colcon_notification.desktop_notification.terminal_notifier': Not used on non-Darwin systems
[20.232s] INFO:colcon.colcon_core.plugin_system:Skipping extension 'colcon_notification.desktop_notification.win32': Not used on non-Windows systems
[20.232s] INFO:colcon.colcon_notification.desktop_notification:Sending desktop notification using 'notify2'
[20.311s] DEBUG:colcon.colcon_core.event_reactor:joined thread
[20.405s] INFO:colcon.colcon_core.shell:Creating prefix script '/home/user/ros2_emo_voice/install/local_setup.ps1'
[20.413s] INFO:colcon.colcon_core.shell:Creating prefix util module '/home/user/ros2_emo_voice/install/_local_setup_util_ps1.py'
[20.421s] INFO:colcon.colcon_core.shell:Creating prefix chain script '/home/user/ros2_emo_voice/install/setup.ps1'
[20.520s] INFO:colcon.colcon_core.shell:Creating prefix script '/home/user/ros2_emo_voice/install/local_setup.sh'
[20.527s] INFO:colcon.colcon_core.shell:Creating prefix util module '/home/user/ros2_emo_voice/install/_local_setup_util_sh.py'
[20.530s] INFO:colcon.colcon_core.shell:Creating prefix chain script '/home/user/ros2_emo_voice/install/setup.sh'
[20.636s] INFO:colcon.colcon_core.shell:Creating prefix script '/home/user/ros2_emo_voice/install/local_setup.bash'
[20.640s] INFO:colcon.colcon_core.shell:Creating prefix chain script '/home/user/ros2_emo_voice/install/setup.bash'
[20.707s] INFO:colcon.colcon_core.shell:Creating prefix script '/home/user/ros2_emo_voice/install/local_setup.zsh'
[20.711s] INFO:colcon.colcon_core.shell:Creating prefix chain script '/home/user/ros2_emo_voice/install/setup.zsh'
