[7.169s] Invoking command in '/home/user/ros2_emo_voice/src/emo_voice': PYTHONPATH=/home/user/ros2_emo_voice/build/emo_voice/prefix_override:/home/user/ros2_emo_voice/install/emo_voice/lib/python3.10/site-packages:${PYTHONPATH} /usr/bin/python3 setup.py egg_info --egg-base ../../build/emo_voice build --build-base /home/user/ros2_emo_voice/build/emo_voice/build install --record /home/user/ros2_emo_voice/build/emo_voice/install.log --single-version-externally-managed
[8.685s] running egg_info
[8.688s] writing ../../build/emo_voice/emo_voice.egg-info/PKG-INFO
[8.690s] writing dependency_links to ../../build/emo_voice/emo_voice.egg-info/dependency_links.txt
[8.692s] writing entry points to ../../build/emo_voice/emo_voice.egg-info/entry_points.txt
[8.693s] writing requirements to ../../build/emo_voice/emo_voice.egg-info/requires.txt
[8.694s] writing top-level names to ../../build/emo_voice/emo_voice.egg-info/top_level.txt
[8.699s] reading manifest file '../../build/emo_voice/emo_voice.egg-info/SOURCES.txt'
[8.706s] writing manifest file '../../build/emo_voice/emo_voice.egg-info/SOURCES.txt'
[8.707s] running build
[8.710s] running build_py
[8.712s] copying emo_voice/voice.py -> /home/user/ros2_emo_voice/build/emo_voice/build/lib/emo_voice
[8.715s] running install
[8.718s] running install_lib
[8.718s] copying /home/user/ros2_emo_voice/build/emo_voice/build/lib/emo_voice/voice.py -> /home/user/ros2_emo_voice/install/emo_voice/lib/python3.10/site-packages/emo_voice
[8.719s] byte-compiling /home/user/ros2_emo_voice/install/emo_voice/lib/python3.10/site-packages/emo_voice/voice.py to voice.cpython-310.pyc
[8.725s] running install_data
[8.726s] running install_egg_info
[8.733s] removing '/home/user/ros2_emo_voice/install/emo_voice/lib/python3.10/site-packages/emo_voice-0.0.0-py3.10.egg-info' (and everything under it)
[8.749s] Copying ../../build/emo_voice/emo_voice.egg-info to /home/user/ros2_emo_voice/install/emo_voice/lib/python3.10/site-packages/emo_voice-0.0.0-py3.10.egg-info
[8.751s] running install_scripts
[8.828s] Installing client script to /home/user/ros2_emo_voice/install/emo_voice/lib/emo_voice
[8.830s] Installing move script to /home/user/ros2_emo_voice/install/emo_voice/lib/emo_voice
[8.832s] Installing plot script to /home/user/ros2_emo_voice/install/emo_voice/lib/emo_voice
[8.834s] Installing sensor_pnnx script to /home/user/ros2_emo_voice/install/emo_voice/lib/emo_voice
[8.835s] Installing server script to /home/user/ros2_emo_voice/install/emo_voice/lib/emo_voice
[8.838s] writing list of installed files to '/home/user/ros2_emo_voice/build/emo_voice/install.log'
[8.966s] Invoked command in '/home/user/ros2_emo_voice/src/emo_voice' returned '0': PYTHONPATH=/home/user/ros2_emo_voice/build/emo_voice/prefix_override:/home/user/ros2_emo_voice/install/emo_voice/lib/python3.10/site-packages:${PYTHONPATH} /usr/bin/python3 setup.py egg_info --egg-base ../../build/emo_voice build --build-base /home/user/ros2_emo_voice/build/emo_voice/build install --record /home/user/ros2_emo_voice/build/emo_voice/install.log --single-version-externally-managed
