[3.689s] DEBUG:colcon:Command line arguments: ['/usr/bin/colcon', 'build']
[3.690s] DEBUG:colcon:Parsed command line arguments: Namespace(log_base=None, log_level=None, verb_name='build', build_base='build', install_base='install', merge_install=False, symlink_install=False, test_result_base=None, continue_on_error=False, executor='parallel', parallel_workers=2, event_handlers=None, ignore_user_meta=False, metas=['./colcon.meta'], base_paths=['.'], packages_ignore=None, packages_ignore_regex=None, paths=None, packages_up_to=None, packages_up_to_regex=None, packages_above=None, packages_above_and_dependencies=None, packages_above_depth=None, packages_select_by_dep=None, packages_skip_by_dep=None, packages_skip_up_to=None, packages_select_build_failed=False, packages_skip_build_finished=False, packages_select_test_failures=False, packages_skip_test_passed=False, packages_select=None, packages_skip=None, packages_select_regex=None, packages_skip_regex=None, packages_start=None, packages_end=None, allow_overriding=[], cmake_args=None, cmake_target=None, cmake_target_skip_unavailable=False, cmake_clean_cache=False, cmake_clean_first=False, cmake_force_configure=False, ament_cmake_args=None, catkin_cmake_args=None, catkin_skip_building_tests=False, verb_parser=<colcon_defaults.argument_parser.defaults.DefaultArgumentsDecorator object at 0x77d25ca786a0>, verb_extension=<colcon_core.verb.build.BuildVerb object at 0x77d25ca7b1c0>, main=<bound method BuildVerb.main of <colcon_core.verb.build.BuildVerb object at 0x77d25ca7b1c0>>)
[3.855s] Level 1:colcon.colcon_core.package_discovery:discover_packages(colcon_meta) check parameters
[3.855s] Level 1:colcon.colcon_core.package_discovery:discover_packages(recursive) check parameters
[3.856s] Level 1:colcon.colcon_core.package_discovery:discover_packages(ignore) check parameters
[3.856s] Level 1:colcon.colcon_core.package_discovery:discover_packages(path) check parameters
[3.857s] Level 1:colcon.colcon_core.package_discovery:discover_packages(colcon_meta) discover
[3.857s] Level 1:colcon.colcon_core.package_discovery:discover_packages(recursive) discover
[3.857s] INFO:colcon.colcon_core.package_discovery:Crawling recursively for packages in '/home/user/ros2_emo_voice'
[3.858s] Level 1:colcon.colcon_core.package_identification:_identify(.) by extensions ['ignore', 'ignore_ament_install']
[3.858s] Level 1:colcon.colcon_core.package_identification:_identify(.) by extension 'ignore'
[3.859s] Level 1:colcon.colcon_core.package_identification:_identify(.) by extension 'ignore_ament_install'
[3.859s] Level 1:colcon.colcon_core.package_identification:_identify(.) by extensions ['colcon_pkg']
[3.859s] Level 1:colcon.colcon_core.package_identification:_identify(.) by extension 'colcon_pkg'
[3.860s] Level 1:colcon.colcon_core.package_identification:_identify(.) by extensions ['colcon_meta']
[3.860s] Level 1:colcon.colcon_core.package_identification:_identify(.) by extension 'colcon_meta'
[3.861s] Level 1:colcon.colcon_core.package_identification:_identify(.) by extensions ['ros']
[3.861s] Level 1:colcon.colcon_core.package_identification:_identify(.) by extension 'ros'
[3.896s] Level 1:colcon.colcon_core.package_identification:_identify(.) by extensions ['cmake', 'python']
[3.897s] Level 1:colcon.colcon_core.package_identification:_identify(.) by extension 'cmake'
[3.897s] Level 1:colcon.colcon_core.package_identification:_identify(.) by extension 'python'
[3.897s] Level 1:colcon.colcon_core.package_identification:_identify(.) by extensions ['python_setup_py']
[3.898s] Level 1:colcon.colcon_core.package_identification:_identify(.) by extension 'python_setup_py'
[3.898s] Level 1:colcon.colcon_core.package_identification:_identify(build) by extensions ['ignore', 'ignore_ament_install']
[3.899s] Level 1:colcon.colcon_core.package_identification:_identify(build) by extension 'ignore'
[3.899s] Level 1:colcon.colcon_core.package_identification:_identify(build) ignored
[3.900s] Level 1:colcon.colcon_core.package_identification:_identify(install) by extensions ['ignore', 'ignore_ament_install']
[3.900s] Level 1:colcon.colcon_core.package_identification:_identify(install) by extension 'ignore'
[3.901s] Level 1:colcon.colcon_core.package_identification:_identify(install) ignored
[3.902s] Level 1:colcon.colcon_core.package_identification:_identify(log) by extensions ['ignore', 'ignore_ament_install']
[3.903s] Level 1:colcon.colcon_core.package_identification:_identify(log) by extension 'ignore'
[3.904s] Level 1:colcon.colcon_core.package_identification:_identify(log) ignored
[3.904s] Level 1:colcon.colcon_core.package_identification:_identify(src) by extensions ['ignore', 'ignore_ament_install']
[3.905s] Level 1:colcon.colcon_core.package_identification:_identify(src) by extension 'ignore'
[3.906s] Level 1:colcon.colcon_core.package_identification:_identify(src) by extension 'ignore_ament_install'
[3.907s] Level 1:colcon.colcon_core.package_identification:_identify(src) by extensions ['colcon_pkg']
[3.908s] Level 1:colcon.colcon_core.package_identification:_identify(src) by extension 'colcon_pkg'
[3.908s] Level 1:colcon.colcon_core.package_identification:_identify(src) by extensions ['colcon_meta']
[3.909s] Level 1:colcon.colcon_core.package_identification:_identify(src) by extension 'colcon_meta'
[3.909s] Level 1:colcon.colcon_core.package_identification:_identify(src) by extensions ['ros']
[3.909s] Level 1:colcon.colcon_core.package_identification:_identify(src) by extension 'ros'
[3.910s] Level 1:colcon.colcon_core.package_identification:_identify(src) by extensions ['cmake', 'python']
[3.910s] Level 1:colcon.colcon_core.package_identification:_identify(src) by extension 'cmake'
[3.910s] Level 1:colcon.colcon_core.package_identification:_identify(src) by extension 'python'
[3.911s] Level 1:colcon.colcon_core.package_identification:_identify(src) by extensions ['python_setup_py']
[3.911s] Level 1:colcon.colcon_core.package_identification:_identify(src) by extension 'python_setup_py'
[3.911s] Level 1:colcon.colcon_core.package_identification:_identify(src/build) by extensions ['ignore', 'ignore_ament_install']
[3.912s] Level 1:colcon.colcon_core.package_identification:_identify(src/build) by extension 'ignore'
[3.913s] Level 1:colcon.colcon_core.package_identification:_identify(src/build) ignored
[3.913s] Level 1:colcon.colcon_core.package_identification:_identify(src/emo_voice) by extensions ['ignore', 'ignore_ament_install']
[3.914s] Level 1:colcon.colcon_core.package_identification:_identify(src/emo_voice) by extension 'ignore'
[3.914s] Level 1:colcon.colcon_core.package_identification:_identify(src/emo_voice) by extension 'ignore_ament_install'
[3.915s] Level 1:colcon.colcon_core.package_identification:_identify(src/emo_voice) by extensions ['colcon_pkg']
[3.916s] Level 1:colcon.colcon_core.package_identification:_identify(src/emo_voice) by extension 'colcon_pkg'
[3.916s] Level 1:colcon.colcon_core.package_identification:_identify(src/emo_voice) by extensions ['colcon_meta']
[3.917s] Level 1:colcon.colcon_core.package_identification:_identify(src/emo_voice) by extension 'colcon_meta'
[3.917s] Level 1:colcon.colcon_core.package_identification:_identify(src/emo_voice) by extensions ['ros']
[3.918s] Level 1:colcon.colcon_core.package_identification:_identify(src/emo_voice) by extension 'ros'
[3.928s] DEBUG:colcon.colcon_core.package_identification:Package 'src/emo_voice' with type 'ros.ament_python' and name 'emo_voice'
[3.928s] Level 1:colcon.colcon_core.package_identification:_identify(src/emo_voice_interfaces) by extensions ['ignore', 'ignore_ament_install']
[3.929s] Level 1:colcon.colcon_core.package_identification:_identify(src/emo_voice_interfaces) by extension 'ignore'
[3.929s] Level 1:colcon.colcon_core.package_identification:_identify(src/emo_voice_interfaces) by extension 'ignore_ament_install'
[3.930s] Level 1:colcon.colcon_core.package_identification:_identify(src/emo_voice_interfaces) by extensions ['colcon_pkg']
[3.930s] Level 1:colcon.colcon_core.package_identification:_identify(src/emo_voice_interfaces) by extension 'colcon_pkg'
[3.930s] Level 1:colcon.colcon_core.package_identification:_identify(src/emo_voice_interfaces) by extensions ['colcon_meta']
[3.931s] Level 1:colcon.colcon_core.package_identification:_identify(src/emo_voice_interfaces) by extension 'colcon_meta'
[3.931s] Level 1:colcon.colcon_core.package_identification:_identify(src/emo_voice_interfaces) by extensions ['ros']
[3.931s] Level 1:colcon.colcon_core.package_identification:_identify(src/emo_voice_interfaces) by extension 'ros'
[3.933s] DEBUG:colcon.colcon_core.package_identification:Package 'src/emo_voice_interfaces' with type 'ros.ament_cmake' and name 'emo_voice_interfaces'
[3.934s] Level 1:colcon.colcon_core.package_identification:_identify(src/install) by extensions ['ignore', 'ignore_ament_install']
[3.934s] Level 1:colcon.colcon_core.package_identification:_identify(src/install) by extension 'ignore'
[3.934s] Level 1:colcon.colcon_core.package_identification:_identify(src/install) ignored
[3.935s] Level 1:colcon.colcon_core.package_identification:_identify(src/log) by extensions ['ignore', 'ignore_ament_install']
[3.935s] Level 1:colcon.colcon_core.package_identification:_identify(src/log) by extension 'ignore'
[3.936s] Level 1:colcon.colcon_core.package_identification:_identify(src/log) ignored
[3.936s] Level 1:colcon.colcon_core.package_discovery:discover_packages(recursive) using defaults
[3.936s] Level 1:colcon.colcon_core.package_discovery:discover_packages(ignore) discover
[3.937s] Level 1:colcon.colcon_core.package_discovery:discover_packages(ignore) using defaults
[3.937s] Level 1:colcon.colcon_core.package_discovery:discover_packages(path) discover
[3.937s] Level 1:colcon.colcon_core.package_discovery:discover_packages(path) using defaults
[4.262s] Level 1:colcon.colcon_core.package_discovery:discover_packages(prefix_path) check parameters
[4.262s] Level 1:colcon.colcon_core.package_discovery:discover_packages(prefix_path) discover
[4.422s] DEBUG:colcon.colcon_installed_package_information.package_discovery:Found 2 installed packages in /home/user/ros2_emo_voice/install
[4.496s] DEBUG:colcon.colcon_installed_package_information.package_discovery:Found 1 installed packages in /home/user/ros2_ws/install
[4.551s] DEBUG:colcon.colcon_installed_package_information.package_discovery:Found 396 installed packages in /opt/ros/humble
[4.557s] Level 1:colcon.colcon_core.package_discovery:discover_packages(prefix_path) using defaults
[4.922s] Level 5:colcon.colcon_core.verb:set package 'emo_voice' build argument 'cmake_args' from command line to 'None'
[4.923s] Level 5:colcon.colcon_core.verb:set package 'emo_voice' build argument 'cmake_target' from command line to 'None'
[4.924s] Level 5:colcon.colcon_core.verb:set package 'emo_voice' build argument 'cmake_target_skip_unavailable' from command line to 'False'
[4.924s] Level 5:colcon.colcon_core.verb:set package 'emo_voice' build argument 'cmake_clean_cache' from command line to 'False'
[4.925s] Level 5:colcon.colcon_core.verb:set package 'emo_voice' build argument 'cmake_clean_first' from command line to 'False'
[4.925s] Level 5:colcon.colcon_core.verb:set package 'emo_voice' build argument 'cmake_force_configure' from command line to 'False'
[4.925s] Level 5:colcon.colcon_core.verb:set package 'emo_voice' build argument 'ament_cmake_args' from command line to 'None'
[4.926s] Level 5:colcon.colcon_core.verb:set package 'emo_voice' build argument 'catkin_cmake_args' from command line to 'None'
[4.926s] Level 5:colcon.colcon_core.verb:set package 'emo_voice' build argument 'catkin_skip_building_tests' from command line to 'False'
[4.926s] DEBUG:colcon.colcon_core.verb:Building package 'emo_voice' with the following arguments: {'ament_cmake_args': None, 'build_base': '/home/user/ros2_emo_voice/build/emo_voice', 'catkin_cmake_args': None, 'catkin_skip_building_tests': False, 'cmake_args': None, 'cmake_clean_cache': False, 'cmake_clean_first': False, 'cmake_force_configure': False, 'cmake_target': None, 'cmake_target_skip_unavailable': False, 'install_base': '/home/user/ros2_emo_voice/install/emo_voice', 'merge_install': False, 'path': '/home/user/ros2_emo_voice/src/emo_voice', 'symlink_install': False, 'test_result_base': None}
[4.966s] Level 5:colcon.colcon_core.verb:set package 'emo_voice_interfaces' build argument 'cmake_args' from command line to 'None'
[4.966s] Level 5:colcon.colcon_core.verb:set package 'emo_voice_interfaces' build argument 'cmake_target' from command line to 'None'
[4.967s] Level 5:colcon.colcon_core.verb:set package 'emo_voice_interfaces' build argument 'cmake_target_skip_unavailable' from command line to 'False'
[4.967s] Level 5:colcon.colcon_core.verb:set package 'emo_voice_interfaces' build argument 'cmake_clean_cache' from command line to 'False'
[4.967s] Level 5:colcon.colcon_core.verb:set package 'emo_voice_interfaces' build argument 'cmake_clean_first' from command line to 'False'
[4.967s] Level 5:colcon.colcon_core.verb:set package 'emo_voice_interfaces' build argument 'cmake_force_configure' from command line to 'False'
[4.967s] Level 5:colcon.colcon_core.verb:set package 'emo_voice_interfaces' build argument 'ament_cmake_args' from command line to 'None'
[4.967s] Level 5:colcon.colcon_core.verb:set package 'emo_voice_interfaces' build argument 'catkin_cmake_args' from command line to 'None'
[4.968s] Level 5:colcon.colcon_core.verb:set package 'emo_voice_interfaces' build argument 'catkin_skip_building_tests' from command line to 'False'
[4.968s] DEBUG:colcon.colcon_core.verb:Building package 'emo_voice_interfaces' with the following arguments: {'ament_cmake_args': None, 'build_base': '/home/user/ros2_emo_voice/build/emo_voice_interfaces', 'catkin_cmake_args': None, 'catkin_skip_building_tests': False, 'cmake_args': None, 'cmake_clean_cache': False, 'cmake_clean_first': False, 'cmake_force_configure': False, 'cmake_target': None, 'cmake_target_skip_unavailable': False, 'install_base': '/home/user/ros2_emo_voice/install/emo_voice_interfaces', 'merge_install': False, 'path': '/home/user/ros2_emo_voice/src/emo_voice_interfaces', 'symlink_install': False, 'test_result_base': None}
[5.011s] INFO:colcon.colcon_core.executor:Executing jobs using 'parallel' executor
[5.048s] DEBUG:colcon.colcon_parallel_executor.executor.parallel:run_until_complete
[5.048s] INFO:colcon.colcon_ros.task.ament_python.build:Building ROS package in '/home/user/ros2_emo_voice/src/emo_voice' with build type 'ament_python'
[5.049s] Level 1:colcon.colcon_core.shell:create_environment_hook('emo_voice', 'ament_prefix_path')
[5.126s] INFO:colcon.colcon_core.plugin_system:Skipping extension 'colcon_core.shell.bat': Not used on non-Windows systems
[5.126s] INFO:colcon.colcon_core.shell:Creating environment hook '/home/user/ros2_emo_voice/install/emo_voice/share/emo_voice/hook/ament_prefix_path.ps1'
[5.130s] INFO:colcon.colcon_core.shell:Creating environment descriptor '/home/user/ros2_emo_voice/install/emo_voice/share/emo_voice/hook/ament_prefix_path.dsv'
[5.132s] INFO:colcon.colcon_core.shell:Creating environment hook '/home/user/ros2_emo_voice/install/emo_voice/share/emo_voice/hook/ament_prefix_path.sh'
[5.209s] INFO:colcon.colcon_core.shell:Skip shell extension 'powershell' for command environment: Not usable outside of PowerShell
[5.209s] DEBUG:colcon.colcon_core.shell:Skip shell extension 'dsv' for command environment
[5.468s] INFO:colcon.colcon_ros.task.ament_cmake.build:Building ROS package in '/home/user/ros2_emo_voice/src/emo_voice_interfaces' with build type 'ament_cmake'
[5.470s] INFO:colcon.colcon_cmake.task.cmake.build:Building CMake package in '/home/user/ros2_emo_voice/src/emo_voice_interfaces'
[5.538s] INFO:colcon.colcon_core.shell:Skip shell extension 'powershell' for command environment: Not usable outside of PowerShell
[5.539s] DEBUG:colcon.colcon_core.shell:Skip shell extension 'dsv' for command environment
[6.790s] INFO:colcon.colcon_core.task.python.build:Building Python package in '/home/user/ros2_emo_voice/src/emo_voice'
[6.847s] INFO:colcon.colcon_core.shell:Skip shell extension 'powershell' for command environment: Not usable outside of PowerShell
[6.847s] DEBUG:colcon.colcon_core.shell:Skip shell extension 'dsv' for command environment
[7.167s] DEBUG:colcon.colcon_core.event_handler.log_command:Invoking command in '/home/user/ros2_emo_voice/build/emo_voice_interfaces': CMAKE_PREFIX_PATH=${CMAKE_PREFIX_PATH}:/home/user/ros2_emo_voice/install/emo_voice:/home/user/ros2_ws/install/mytest:/opt/ros/humble /usr/bin/cmake --build /home/user/ros2_emo_voice/build/emo_voice_interfaces -- -j2 -l2
[9.716s] DEBUG:colcon.colcon_core.event_handler.log_command:Invoking command in '/home/user/ros2_emo_voice/src/emo_voice': PYTHONPATH=/home/user/ros2_emo_voice/build/emo_voice/prefix_override:/home/user/ros2_emo_voice/install/emo_voice/lib/python3.10/site-packages:${PYTHONPATH} /usr/bin/python3 setup.py egg_info --egg-base ../../build/emo_voice build --build-base /home/user/ros2_emo_voice/build/emo_voice/build install --record /home/user/ros2_emo_voice/build/emo_voice/install.log --single-version-externally-managed
[10.183s] DEBUG:colcon.colcon_core.event_handler.log_command:Invoked command in '/home/user/ros2_emo_voice/build/emo_voice_interfaces' returned '0': CMAKE_PREFIX_PATH=${CMAKE_PREFIX_PATH}:/home/user/ros2_emo_voice/install/emo_voice:/home/user/ros2_ws/install/mytest:/opt/ros/humble /usr/bin/cmake --build /home/user/ros2_emo_voice/build/emo_voice_interfaces -- -j2 -l2
[10.696s] DEBUG:colcon.colcon_core.event_handler.log_command:Invoking command in '/home/user/ros2_emo_voice/build/emo_voice_interfaces': CMAKE_PREFIX_PATH=${CMAKE_PREFIX_PATH}:/home/user/ros2_emo_voice/install/emo_voice:/home/user/ros2_ws/install/mytest:/opt/ros/humble /usr/bin/cmake --install /home/user/ros2_emo_voice/build/emo_voice_interfaces
[11.211s] Level 1:colcon.colcon_core.environment:create_environment_scripts_only(emo_voice_interfaces)
[11.281s] DEBUG:colcon.colcon_core.event_handler.log_command:Invoked command in '/home/user/ros2_emo_voice/build/emo_voice_interfaces' returned '0': CMAKE_PREFIX_PATH=${CMAKE_PREFIX_PATH}:/home/user/ros2_emo_voice/install/emo_voice:/home/user/ros2_ws/install/mytest:/opt/ros/humble /usr/bin/cmake --install /home/user/ros2_emo_voice/build/emo_voice_interfaces
[11.433s] Level 1:colcon.colcon_core.environment:checking '/home/user/ros2_emo_voice/install/emo_voice_interfaces' for CMake module files
[11.437s] Level 1:colcon.colcon_core.environment:checking '/home/user/ros2_emo_voice/install/emo_voice_interfaces' for CMake config files
[11.438s] Level 1:colcon.colcon_core.shell:create_environment_hook('emo_voice_interfaces', 'cmake_prefix_path')
[11.527s] INFO:colcon.colcon_core.shell:Creating environment hook '/home/user/ros2_emo_voice/install/emo_voice_interfaces/share/emo_voice_interfaces/hook/cmake_prefix_path.ps1'
[11.530s] INFO:colcon.colcon_core.shell:Creating environment descriptor '/home/user/ros2_emo_voice/install/emo_voice_interfaces/share/emo_voice_interfaces/hook/cmake_prefix_path.dsv'
[11.531s] INFO:colcon.colcon_core.shell:Creating environment hook '/home/user/ros2_emo_voice/install/emo_voice_interfaces/share/emo_voice_interfaces/hook/cmake_prefix_path.sh'
[11.539s] Level 1:colcon.colcon_core.environment:checking '/home/user/ros2_emo_voice/install/emo_voice_interfaces/lib'
[11.541s] Level 1:colcon.colcon_core.shell:create_environment_hook('emo_voice_interfaces', 'ld_library_path_lib')
[11.614s] INFO:colcon.colcon_core.shell:Creating environment hook '/home/user/ros2_emo_voice/install/emo_voice_interfaces/share/emo_voice_interfaces/hook/ld_library_path_lib.ps1'
[11.616s] INFO:colcon.colcon_core.shell:Creating environment descriptor '/home/user/ros2_emo_voice/install/emo_voice_interfaces/share/emo_voice_interfaces/hook/ld_library_path_lib.dsv'
[11.619s] INFO:colcon.colcon_core.shell:Creating environment hook '/home/user/ros2_emo_voice/install/emo_voice_interfaces/share/emo_voice_interfaces/hook/ld_library_path_lib.sh'
[11.621s] Level 1:colcon.colcon_core.environment:checking '/home/user/ros2_emo_voice/install/emo_voice_interfaces/bin'
[11.622s] Level 1:colcon.colcon_core.environment:checking '/home/user/ros2_emo_voice/install/emo_voice_interfaces/lib/pkgconfig/emo_voice_interfaces.pc'
[11.623s] Level 1:colcon.colcon_core.environment:checking '/home/user/ros2_emo_voice/install/emo_voice_interfaces/lib/python3.10/site-packages'
[11.624s] Level 1:colcon.colcon_core.environment:checking '/home/user/ros2_emo_voice/install/emo_voice_interfaces/bin'
[11.682s] INFO:colcon.colcon_core.shell:Creating package script '/home/user/ros2_emo_voice/install/emo_voice_interfaces/share/emo_voice_interfaces/package.ps1'
[11.687s] INFO:colcon.colcon_core.shell:Creating package descriptor '/home/user/ros2_emo_voice/install/emo_voice_interfaces/share/emo_voice_interfaces/package.dsv'
[11.690s] INFO:colcon.colcon_core.shell:Creating package script '/home/user/ros2_emo_voice/install/emo_voice_interfaces/share/emo_voice_interfaces/package.sh'
[11.693s] INFO:colcon.colcon_core.shell:Creating package script '/home/user/ros2_emo_voice/install/emo_voice_interfaces/share/emo_voice_interfaces/package.bash'
[11.696s] INFO:colcon.colcon_core.shell:Creating package script '/home/user/ros2_emo_voice/install/emo_voice_interfaces/share/emo_voice_interfaces/package.zsh'
[11.699s] Level 1:colcon.colcon_core.environment:create_file_with_runtime_dependencies(/home/user/ros2_emo_voice/install/emo_voice_interfaces/share/colcon-core/packages/emo_voice_interfaces)
[11.719s] DEBUG:colcon.colcon_core.event_handler.log_command:Invoked command in '/home/user/ros2_emo_voice/src/emo_voice' returned '0': PYTHONPATH=/home/user/ros2_emo_voice/build/emo_voice/prefix_override:/home/user/ros2_emo_voice/install/emo_voice/lib/python3.10/site-packages:${PYTHONPATH} /usr/bin/python3 setup.py egg_info --egg-base ../../build/emo_voice build --build-base /home/user/ros2_emo_voice/build/emo_voice/build install --record /home/user/ros2_emo_voice/build/emo_voice/install.log --single-version-externally-managed
[11.808s] Level 1:colcon.colcon_core.environment:checking '/home/user/ros2_emo_voice/install/emo_voice' for CMake module files
[11.812s] Level 1:colcon.colcon_core.environment:checking '/home/user/ros2_emo_voice/install/emo_voice' for CMake config files
[11.815s] Level 1:colcon.colcon_core.environment:checking '/home/user/ros2_emo_voice/install/emo_voice/lib'
[11.816s] Level 1:colcon.colcon_core.environment:checking '/home/user/ros2_emo_voice/install/emo_voice/bin'
[11.817s] Level 1:colcon.colcon_core.environment:checking '/home/user/ros2_emo_voice/install/emo_voice/lib/pkgconfig/emo_voice.pc'
[11.819s] Level 1:colcon.colcon_core.environment:checking '/home/user/ros2_emo_voice/install/emo_voice/lib/python3.10/site-packages'
[11.820s] Level 1:colcon.colcon_core.shell:create_environment_hook('emo_voice', 'pythonpath')
[11.915s] INFO:colcon.colcon_core.shell:Creating environment hook '/home/user/ros2_emo_voice/install/emo_voice/share/emo_voice/hook/pythonpath.ps1'
[11.919s] INFO:colcon.colcon_core.shell:Creating environment descriptor '/home/user/ros2_emo_voice/install/emo_voice/share/emo_voice/hook/pythonpath.dsv'
[11.924s] INFO:colcon.colcon_core.shell:Creating environment hook '/home/user/ros2_emo_voice/install/emo_voice/share/emo_voice/hook/pythonpath.sh'
[11.928s] Level 1:colcon.colcon_core.environment:checking '/home/user/ros2_emo_voice/install/emo_voice/bin'
[11.929s] Level 1:colcon.colcon_core.environment:create_environment_scripts_only(emo_voice)
[12.044s] INFO:colcon.colcon_core.shell:Creating package script '/home/user/ros2_emo_voice/install/emo_voice/share/emo_voice/package.ps1'
[12.049s] INFO:colcon.colcon_core.shell:Creating package descriptor '/home/user/ros2_emo_voice/install/emo_voice/share/emo_voice/package.dsv'
[12.052s] INFO:colcon.colcon_core.shell:Creating package script '/home/user/ros2_emo_voice/install/emo_voice/share/emo_voice/package.sh'
[12.055s] INFO:colcon.colcon_core.shell:Creating package script '/home/user/ros2_emo_voice/install/emo_voice/share/emo_voice/package.bash'
[12.057s] INFO:colcon.colcon_core.shell:Creating package script '/home/user/ros2_emo_voice/install/emo_voice/share/emo_voice/package.zsh'
[12.060s] Level 1:colcon.colcon_core.environment:create_file_with_runtime_dependencies(/home/user/ros2_emo_voice/install/emo_voice/share/colcon-core/packages/emo_voice)
[12.261s] Level 1:colcon.colcon_core.environment:create_environment_scripts_only(emo_voice_interfaces)
[12.325s] Level 1:colcon.colcon_core.environment:checking '/home/user/ros2_emo_voice/install/emo_voice_interfaces' for CMake module files
[12.327s] Level 1:colcon.colcon_core.environment:checking '/home/user/ros2_emo_voice/install/emo_voice_interfaces' for CMake config files
[12.327s] Level 1:colcon.colcon_core.shell:create_environment_hook('emo_voice_interfaces', 'cmake_prefix_path')
[12.394s] INFO:colcon.colcon_core.shell:Creating environment hook '/home/user/ros2_emo_voice/install/emo_voice_interfaces/share/emo_voice_interfaces/hook/cmake_prefix_path.ps1'
[12.397s] INFO:colcon.colcon_core.shell:Creating environment descriptor '/home/user/ros2_emo_voice/install/emo_voice_interfaces/share/emo_voice_interfaces/hook/cmake_prefix_path.dsv'
[12.403s] INFO:colcon.colcon_core.shell:Creating environment hook '/home/user/ros2_emo_voice/install/emo_voice_interfaces/share/emo_voice_interfaces/hook/cmake_prefix_path.sh'
[12.408s] Level 1:colcon.colcon_core.environment:checking '/home/user/ros2_emo_voice/install/emo_voice_interfaces/lib'
[12.409s] Level 1:colcon.colcon_core.shell:create_environment_hook('emo_voice_interfaces', 'ld_library_path_lib')
[12.515s] INFO:colcon.colcon_core.shell:Creating environment hook '/home/user/ros2_emo_voice/install/emo_voice_interfaces/share/emo_voice_interfaces/hook/ld_library_path_lib.ps1'
[12.517s] INFO:colcon.colcon_core.shell:Creating environment descriptor '/home/user/ros2_emo_voice/install/emo_voice_interfaces/share/emo_voice_interfaces/hook/ld_library_path_lib.dsv'
[12.518s] INFO:colcon.colcon_core.shell:Creating environment hook '/home/user/ros2_emo_voice/install/emo_voice_interfaces/share/emo_voice_interfaces/hook/ld_library_path_lib.sh'
[12.520s] Level 1:colcon.colcon_core.environment:checking '/home/user/ros2_emo_voice/install/emo_voice_interfaces/bin'
[12.521s] Level 1:colcon.colcon_core.environment:checking '/home/user/ros2_emo_voice/install/emo_voice_interfaces/lib/pkgconfig/emo_voice_interfaces.pc'
[12.522s] Level 1:colcon.colcon_core.environment:checking '/home/user/ros2_emo_voice/install/emo_voice_interfaces/lib/python3.10/site-packages'
[12.523s] Level 1:colcon.colcon_core.environment:checking '/home/user/ros2_emo_voice/install/emo_voice_interfaces/bin'
[12.572s] INFO:colcon.colcon_core.shell:Creating package script '/home/user/ros2_emo_voice/install/emo_voice_interfaces/share/emo_voice_interfaces/package.ps1'
[12.575s] INFO:colcon.colcon_core.shell:Creating package descriptor '/home/user/ros2_emo_voice/install/emo_voice_interfaces/share/emo_voice_interfaces/package.dsv'
[12.577s] INFO:colcon.colcon_core.shell:Creating package script '/home/user/ros2_emo_voice/install/emo_voice_interfaces/share/emo_voice_interfaces/package.sh'
[12.578s] INFO:colcon.colcon_core.shell:Creating package script '/home/user/ros2_emo_voice/install/emo_voice_interfaces/share/emo_voice_interfaces/package.bash'
[12.582s] INFO:colcon.colcon_core.shell:Creating package script '/home/user/ros2_emo_voice/install/emo_voice_interfaces/share/emo_voice_interfaces/package.zsh'
[12.584s] Level 1:colcon.colcon_core.environment:create_file_with_runtime_dependencies(/home/user/ros2_emo_voice/install/emo_voice_interfaces/share/colcon-core/packages/emo_voice_interfaces)
[12.586s] DEBUG:colcon.colcon_parallel_executor.executor.parallel:closing loop
[12.588s] DEBUG:colcon.colcon_parallel_executor.executor.parallel:loop closed
[12.588s] DEBUG:colcon.colcon_parallel_executor.executor.parallel:run_until_complete finished with '0'
[12.589s] DEBUG:colcon.colcon_core.event_reactor:joining thread
[12.662s] INFO:colcon.colcon_core.plugin_system:Skipping extension 'colcon_notification.desktop_notification.terminal_notifier': Not used on non-Darwin systems
[12.662s] INFO:colcon.colcon_core.plugin_system:Skipping extension 'colcon_notification.desktop_notification.win32': Not used on non-Windows systems
[12.663s] INFO:colcon.colcon_notification.desktop_notification:Sending desktop notification using 'notify2'
[12.707s] DEBUG:colcon.colcon_core.event_reactor:joined thread
[12.798s] INFO:colcon.colcon_core.shell:Creating prefix script '/home/user/ros2_emo_voice/install/local_setup.ps1'
[12.804s] INFO:colcon.colcon_core.shell:Creating prefix util module '/home/user/ros2_emo_voice/install/_local_setup_util_ps1.py'
[12.811s] INFO:colcon.colcon_core.shell:Creating prefix chain script '/home/user/ros2_emo_voice/install/setup.ps1'
[12.912s] INFO:colcon.colcon_core.shell:Creating prefix script '/home/user/ros2_emo_voice/install/local_setup.sh'
[12.918s] INFO:colcon.colcon_core.shell:Creating prefix util module '/home/user/ros2_emo_voice/install/_local_setup_util_sh.py'
[12.921s] INFO:colcon.colcon_core.shell:Creating prefix chain script '/home/user/ros2_emo_voice/install/setup.sh'
[12.987s] INFO:colcon.colcon_core.shell:Creating prefix script '/home/user/ros2_emo_voice/install/local_setup.bash'
[12.990s] INFO:colcon.colcon_core.shell:Creating prefix chain script '/home/user/ros2_emo_voice/install/setup.bash'
[13.063s] INFO:colcon.colcon_core.shell:Creating prefix script '/home/user/ros2_emo_voice/install/local_setup.zsh'
[13.066s] INFO:colcon.colcon_core.shell:Creating prefix chain script '/home/user/ros2_emo_voice/install/setup.zsh'
