[17.507s] Invoking command in '/home/user/ros2_emo_voice/src/emo_voice': PYTHONPATH=/home/user/ros2_emo_voice/build/emo_voice/prefix_override:/home/user/ros2_emo_voice/install/emo_voice/lib/python3.10/site-packages:${PYTHONPATH} /usr/bin/python3 setup.py egg_info --egg-base ../../build/emo_voice build --build-base /home/user/ros2_emo_voice/build/emo_voice/build install --record /home/user/ros2_emo_voice/build/emo_voice/install.log --single-version-externally-managed
[22.105s] running egg_info
[22.106s] writing ../../build/emo_voice/emo_voice.egg-info/PKG-INFO
[22.115s] writing dependency_links to ../../build/emo_voice/emo_voice.egg-info/dependency_links.txt
[22.116s] writing entry points to ../../build/emo_voice/emo_voice.egg-info/entry_points.txt
[22.148s] writing requirements to ../../build/emo_voice/emo_voice.egg-info/requires.txt
[22.148s] writing top-level names to ../../build/emo_voice/emo_voice.egg-info/top_level.txt
[22.279s] reading manifest file '../../build/emo_voice/emo_voice.egg-info/SOURCES.txt'
[22.349s] writing manifest file '../../build/emo_voice/emo_voice.egg-info/SOURCES.txt'
[22.364s] running build
[22.365s] running build_py
[22.393s] copying emo_voice/voice.py -> /home/user/ros2_emo_voice/build/emo_voice/build/lib/emo_voice
[22.404s] running install
[22.405s] running install_lib
[22.429s] copying /home/user/ros2_emo_voice/build/emo_voice/build/lib/emo_voice/voice.py -> /home/user/ros2_emo_voice/install/emo_voice/lib/python3.10/site-packages/emo_voice
[22.450s] byte-compiling /home/user/ros2_emo_voice/install/emo_voice/lib/python3.10/site-packages/emo_voice/voice.py to voice.cpython-310.pyc
[22.471s] running install_data
[22.484s] running install_egg_info
[22.522s] removing '/home/user/ros2_emo_voice/install/emo_voice/lib/python3.10/site-packages/emo_voice-0.0.0-py3.10.egg-info' (and everything under it)
[22.523s] Copying ../../build/emo_voice/emo_voice.egg-info to /home/user/ros2_emo_voice/install/emo_voice/lib/python3.10/site-packages/emo_voice-0.0.0-py3.10.egg-info
[22.533s] running install_scripts
[22.761s] Installing client script to /home/user/ros2_emo_voice/install/emo_voice/lib/emo_voice
[22.763s] Installing move script to /home/user/ros2_emo_voice/install/emo_voice/lib/emo_voice
[22.769s] Installing plot script to /home/user/ros2_emo_voice/install/emo_voice/lib/emo_voice
[22.770s] Installing sensor_pnnx script to /home/user/ros2_emo_voice/install/emo_voice/lib/emo_voice
[22.773s] Installing server script to /home/user/ros2_emo_voice/install/emo_voice/lib/emo_voice
[22.777s] writing list of installed files to '/home/user/ros2_emo_voice/build/emo_voice/install.log'
[22.979s] Invoked command in '/home/user/ros2_emo_voice/src/emo_voice' returned '0': PYTHONPATH=/home/user/ros2_emo_voice/build/emo_voice/prefix_override:/home/user/ros2_emo_voice/install/emo_voice/lib/python3.10/site-packages:${PYTHONPATH} /usr/bin/python3 setup.py egg_info --egg-base ../../build/emo_voice build --build-base /home/user/ros2_emo_voice/build/emo_voice/build install --record /home/user/ros2_emo_voice/build/emo_voice/install.log --single-version-externally-managed
