[5.389s] DEBUG:colcon:Command line arguments: ['/usr/bin/colcon', 'build']
[5.390s] DEBUG:colcon:Parsed command line arguments: Namespace(log_base=None, log_level=None, verb_name='build', build_base='build', install_base='install', merge_install=False, symlink_install=False, test_result_base=None, continue_on_error=False, executor='parallel', parallel_workers=2, event_handlers=None, ignore_user_meta=False, metas=['./colcon.meta'], base_paths=['.'], packages_ignore=None, packages_ignore_regex=None, paths=None, packages_up_to=None, packages_up_to_regex=None, packages_above=None, packages_above_and_dependencies=None, packages_above_depth=None, packages_select_by_dep=None, packages_skip_by_dep=None, packages_skip_up_to=None, packages_select_build_failed=False, packages_skip_build_finished=False, packages_select_test_failures=False, packages_skip_test_passed=False, packages_select=None, packages_skip=None, packages_select_regex=None, packages_skip_regex=None, packages_start=None, packages_end=None, allow_overriding=[], cmake_args=None, cmake_target=None, cmake_target_skip_unavailable=False, cmake_clean_cache=False, cmake_clean_first=False, cmake_force_configure=False, ament_cmake_args=None, catkin_cmake_args=None, catkin_skip_building_tests=False, verb_parser=<colcon_defaults.argument_parser.defaults.DefaultArgumentsDecorator object at 0x736091f79450>, verb_extension=<colcon_core.verb.build.BuildVerb object at 0x736091f7b910>, main=<bound method BuildVerb.main of <colcon_core.verb.build.BuildVerb object at 0x736091f7b910>>)
[5.660s] Level 1:colcon.colcon_core.package_discovery:discover_packages(colcon_meta) check parameters
[5.661s] Level 1:colcon.colcon_core.package_discovery:discover_packages(recursive) check parameters
[5.661s] Level 1:colcon.colcon_core.package_discovery:discover_packages(ignore) check parameters
[5.661s] Level 1:colcon.colcon_core.package_discovery:discover_packages(path) check parameters
[5.661s] Level 1:colcon.colcon_core.package_discovery:discover_packages(colcon_meta) discover
[5.662s] Level 1:colcon.colcon_core.package_discovery:discover_packages(recursive) discover
[5.662s] INFO:colcon.colcon_core.package_discovery:Crawling recursively for packages in '/home/user/ros2_emo_voice'
[5.662s] Level 1:colcon.colcon_core.package_identification:_identify(.) by extensions ['ignore', 'ignore_ament_install']
[5.663s] Level 1:colcon.colcon_core.package_identification:_identify(.) by extension 'ignore'
[5.663s] Level 1:colcon.colcon_core.package_identification:_identify(.) by extension 'ignore_ament_install'
[5.663s] Level 1:colcon.colcon_core.package_identification:_identify(.) by extensions ['colcon_pkg']
[5.663s] Level 1:colcon.colcon_core.package_identification:_identify(.) by extension 'colcon_pkg'
[5.664s] Level 1:colcon.colcon_core.package_identification:_identify(.) by extensions ['colcon_meta']
[5.664s] Level 1:colcon.colcon_core.package_identification:_identify(.) by extension 'colcon_meta'
[5.665s] Level 1:colcon.colcon_core.package_identification:_identify(.) by extensions ['ros']
[5.665s] Level 1:colcon.colcon_core.package_identification:_identify(.) by extension 'ros'
[5.734s] Level 1:colcon.colcon_core.package_identification:_identify(.) by extensions ['cmake', 'python']
[5.734s] Level 1:colcon.colcon_core.package_identification:_identify(.) by extension 'cmake'
[5.734s] Level 1:colcon.colcon_core.package_identification:_identify(.) by extension 'python'
[5.735s] Level 1:colcon.colcon_core.package_identification:_identify(.) by extensions ['python_setup_py']
[5.735s] Level 1:colcon.colcon_core.package_identification:_identify(.) by extension 'python_setup_py'
[5.735s] Level 1:colcon.colcon_core.package_identification:_identify(build) by extensions ['ignore', 'ignore_ament_install']
[5.735s] Level 1:colcon.colcon_core.package_identification:_identify(build) by extension 'ignore'
[5.736s] Level 1:colcon.colcon_core.package_identification:_identify(build) ignored
[5.736s] Level 1:colcon.colcon_core.package_identification:_identify(install) by extensions ['ignore', 'ignore_ament_install']
[5.736s] Level 1:colcon.colcon_core.package_identification:_identify(install) by extension 'ignore'
[5.737s] Level 1:colcon.colcon_core.package_identification:_identify(install) ignored
[5.738s] Level 1:colcon.colcon_core.package_identification:_identify(log) by extensions ['ignore', 'ignore_ament_install']
[5.738s] Level 1:colcon.colcon_core.package_identification:_identify(log) by extension 'ignore'
[5.738s] Level 1:colcon.colcon_core.package_identification:_identify(log) ignored
[5.739s] Level 1:colcon.colcon_core.package_identification:_identify(src) by extensions ['ignore', 'ignore_ament_install']
[5.739s] Level 1:colcon.colcon_core.package_identification:_identify(src) by extension 'ignore'
[5.739s] Level 1:colcon.colcon_core.package_identification:_identify(src) by extension 'ignore_ament_install'
[5.739s] Level 1:colcon.colcon_core.package_identification:_identify(src) by extensions ['colcon_pkg']
[5.739s] Level 1:colcon.colcon_core.package_identification:_identify(src) by extension 'colcon_pkg'
[5.739s] Level 1:colcon.colcon_core.package_identification:_identify(src) by extensions ['colcon_meta']
[5.740s] Level 1:colcon.colcon_core.package_identification:_identify(src) by extension 'colcon_meta'
[5.740s] Level 1:colcon.colcon_core.package_identification:_identify(src) by extensions ['ros']
[5.740s] Level 1:colcon.colcon_core.package_identification:_identify(src) by extension 'ros'
[5.740s] Level 1:colcon.colcon_core.package_identification:_identify(src) by extensions ['cmake', 'python']
[5.740s] Level 1:colcon.colcon_core.package_identification:_identify(src) by extension 'cmake'
[5.740s] Level 1:colcon.colcon_core.package_identification:_identify(src) by extension 'python'
[5.740s] Level 1:colcon.colcon_core.package_identification:_identify(src) by extensions ['python_setup_py']
[5.741s] Level 1:colcon.colcon_core.package_identification:_identify(src) by extension 'python_setup_py'
[5.741s] Level 1:colcon.colcon_core.package_identification:_identify(src/build) by extensions ['ignore', 'ignore_ament_install']
[5.742s] Level 1:colcon.colcon_core.package_identification:_identify(src/build) by extension 'ignore'
[5.742s] Level 1:colcon.colcon_core.package_identification:_identify(src/build) ignored
[5.742s] Level 1:colcon.colcon_core.package_identification:_identify(src/emo_voice) by extensions ['ignore', 'ignore_ament_install']
[5.742s] Level 1:colcon.colcon_core.package_identification:_identify(src/emo_voice) by extension 'ignore'
[5.743s] Level 1:colcon.colcon_core.package_identification:_identify(src/emo_voice) by extension 'ignore_ament_install'
[5.743s] Level 1:colcon.colcon_core.package_identification:_identify(src/emo_voice) by extensions ['colcon_pkg']
[5.743s] Level 1:colcon.colcon_core.package_identification:_identify(src/emo_voice) by extension 'colcon_pkg'
[5.743s] Level 1:colcon.colcon_core.package_identification:_identify(src/emo_voice) by extensions ['colcon_meta']
[5.743s] Level 1:colcon.colcon_core.package_identification:_identify(src/emo_voice) by extension 'colcon_meta'
[5.743s] Level 1:colcon.colcon_core.package_identification:_identify(src/emo_voice) by extensions ['ros']
[5.743s] Level 1:colcon.colcon_core.package_identification:_identify(src/emo_voice) by extension 'ros'
[5.751s] DEBUG:colcon.colcon_core.package_identification:Package 'src/emo_voice' with type 'ros.ament_python' and name 'emo_voice'
[5.752s] Level 1:colcon.colcon_core.package_identification:_identify(src/emo_voice_interfaces) by extensions ['ignore', 'ignore_ament_install']
[5.752s] Level 1:colcon.colcon_core.package_identification:_identify(src/emo_voice_interfaces) by extension 'ignore'
[5.752s] Level 1:colcon.colcon_core.package_identification:_identify(src/emo_voice_interfaces) by extension 'ignore_ament_install'
[5.752s] Level 1:colcon.colcon_core.package_identification:_identify(src/emo_voice_interfaces) by extensions ['colcon_pkg']
[5.753s] Level 1:colcon.colcon_core.package_identification:_identify(src/emo_voice_interfaces) by extension 'colcon_pkg'
[5.753s] Level 1:colcon.colcon_core.package_identification:_identify(src/emo_voice_interfaces) by extensions ['colcon_meta']
[5.753s] Level 1:colcon.colcon_core.package_identification:_identify(src/emo_voice_interfaces) by extension 'colcon_meta'
[5.753s] Level 1:colcon.colcon_core.package_identification:_identify(src/emo_voice_interfaces) by extensions ['ros']
[5.753s] Level 1:colcon.colcon_core.package_identification:_identify(src/emo_voice_interfaces) by extension 'ros'
[5.755s] DEBUG:colcon.colcon_core.package_identification:Package 'src/emo_voice_interfaces' with type 'ros.ament_cmake' and name 'emo_voice_interfaces'
[5.755s] Level 1:colcon.colcon_core.package_identification:_identify(src/install) by extensions ['ignore', 'ignore_ament_install']
[5.756s] Level 1:colcon.colcon_core.package_identification:_identify(src/install) by extension 'ignore'
[5.756s] Level 1:colcon.colcon_core.package_identification:_identify(src/install) ignored
[5.757s] Level 1:colcon.colcon_core.package_identification:_identify(src/log) by extensions ['ignore', 'ignore_ament_install']
[5.757s] Level 1:colcon.colcon_core.package_identification:_identify(src/log) by extension 'ignore'
[5.757s] Level 1:colcon.colcon_core.package_identification:_identify(src/log) ignored
[5.757s] Level 1:colcon.colcon_core.package_discovery:discover_packages(recursive) using defaults
[5.757s] Level 1:colcon.colcon_core.package_discovery:discover_packages(ignore) discover
[5.758s] Level 1:colcon.colcon_core.package_discovery:discover_packages(ignore) using defaults
[5.758s] Level 1:colcon.colcon_core.package_discovery:discover_packages(path) discover
[5.758s] Level 1:colcon.colcon_core.package_discovery:discover_packages(path) using defaults
[6.316s] Level 1:colcon.colcon_core.package_discovery:discover_packages(prefix_path) check parameters
[6.316s] Level 1:colcon.colcon_core.package_discovery:discover_packages(prefix_path) discover
[6.472s] DEBUG:colcon.colcon_installed_package_information.package_discovery:Found 2 installed packages in /home/user/ros2_emo_voice/install
[6.553s] DEBUG:colcon.colcon_installed_package_information.package_discovery:Found 1 installed packages in /home/user/ros2_ws/install
[6.618s] DEBUG:colcon.colcon_installed_package_information.package_discovery:Found 396 installed packages in /opt/ros/humble
[6.623s] Level 1:colcon.colcon_core.package_discovery:discover_packages(prefix_path) using defaults
[7.033s] Level 5:colcon.colcon_core.verb:set package 'emo_voice' build argument 'cmake_args' from command line to 'None'
[7.034s] Level 5:colcon.colcon_core.verb:set package 'emo_voice' build argument 'cmake_target' from command line to 'None'
[7.034s] Level 5:colcon.colcon_core.verb:set package 'emo_voice' build argument 'cmake_target_skip_unavailable' from command line to 'False'
[7.034s] Level 5:colcon.colcon_core.verb:set package 'emo_voice' build argument 'cmake_clean_cache' from command line to 'False'
[7.034s] Level 5:colcon.colcon_core.verb:set package 'emo_voice' build argument 'cmake_clean_first' from command line to 'False'
[7.034s] Level 5:colcon.colcon_core.verb:set package 'emo_voice' build argument 'cmake_force_configure' from command line to 'False'
[7.034s] Level 5:colcon.colcon_core.verb:set package 'emo_voice' build argument 'ament_cmake_args' from command line to 'None'
[7.034s] Level 5:colcon.colcon_core.verb:set package 'emo_voice' build argument 'catkin_cmake_args' from command line to 'None'
[7.034s] Level 5:colcon.colcon_core.verb:set package 'emo_voice' build argument 'catkin_skip_building_tests' from command line to 'False'
[7.035s] DEBUG:colcon.colcon_core.verb:Building package 'emo_voice' with the following arguments: {'ament_cmake_args': None, 'build_base': '/home/user/ros2_emo_voice/build/emo_voice', 'catkin_cmake_args': None, 'catkin_skip_building_tests': False, 'cmake_args': None, 'cmake_clean_cache': False, 'cmake_clean_first': False, 'cmake_force_configure': False, 'cmake_target': None, 'cmake_target_skip_unavailable': False, 'install_base': '/home/user/ros2_emo_voice/install/emo_voice', 'merge_install': False, 'path': '/home/user/ros2_emo_voice/src/emo_voice', 'symlink_install': False, 'test_result_base': None}
[7.081s] Level 5:colcon.colcon_core.verb:set package 'emo_voice_interfaces' build argument 'cmake_args' from command line to 'None'
[7.081s] Level 5:colcon.colcon_core.verb:set package 'emo_voice_interfaces' build argument 'cmake_target' from command line to 'None'
[7.082s] Level 5:colcon.colcon_core.verb:set package 'emo_voice_interfaces' build argument 'cmake_target_skip_unavailable' from command line to 'False'
[7.082s] Level 5:colcon.colcon_core.verb:set package 'emo_voice_interfaces' build argument 'cmake_clean_cache' from command line to 'False'
[7.082s] Level 5:colcon.colcon_core.verb:set package 'emo_voice_interfaces' build argument 'cmake_clean_first' from command line to 'False'
[7.082s] Level 5:colcon.colcon_core.verb:set package 'emo_voice_interfaces' build argument 'cmake_force_configure' from command line to 'False'
[7.082s] Level 5:colcon.colcon_core.verb:set package 'emo_voice_interfaces' build argument 'ament_cmake_args' from command line to 'None'
[7.082s] Level 5:colcon.colcon_core.verb:set package 'emo_voice_interfaces' build argument 'catkin_cmake_args' from command line to 'None'
[7.082s] Level 5:colcon.colcon_core.verb:set package 'emo_voice_interfaces' build argument 'catkin_skip_building_tests' from command line to 'False'
[7.082s] DEBUG:colcon.colcon_core.verb:Building package 'emo_voice_interfaces' with the following arguments: {'ament_cmake_args': None, 'build_base': '/home/user/ros2_emo_voice/build/emo_voice_interfaces', 'catkin_cmake_args': None, 'catkin_skip_building_tests': False, 'cmake_args': None, 'cmake_clean_cache': False, 'cmake_clean_first': False, 'cmake_force_configure': False, 'cmake_target': None, 'cmake_target_skip_unavailable': False, 'install_base': '/home/user/ros2_emo_voice/install/emo_voice_interfaces', 'merge_install': False, 'path': '/home/user/ros2_emo_voice/src/emo_voice_interfaces', 'symlink_install': False, 'test_result_base': None}
[7.128s] INFO:colcon.colcon_core.executor:Executing jobs using 'parallel' executor
[7.196s] DEBUG:colcon.colcon_parallel_executor.executor.parallel:run_until_complete
[7.197s] INFO:colcon.colcon_ros.task.ament_python.build:Building ROS package in '/home/user/ros2_emo_voice/src/emo_voice' with build type 'ament_python'
[7.197s] Level 1:colcon.colcon_core.shell:create_environment_hook('emo_voice', 'ament_prefix_path')
[7.272s] INFO:colcon.colcon_core.plugin_system:Skipping extension 'colcon_core.shell.bat': Not used on non-Windows systems
[7.273s] INFO:colcon.colcon_core.shell:Creating environment hook '/home/user/ros2_emo_voice/install/emo_voice/share/emo_voice/hook/ament_prefix_path.ps1'
[7.275s] INFO:colcon.colcon_core.shell:Creating environment descriptor '/home/user/ros2_emo_voice/install/emo_voice/share/emo_voice/hook/ament_prefix_path.dsv'
[7.277s] INFO:colcon.colcon_core.shell:Creating environment hook '/home/user/ros2_emo_voice/install/emo_voice/share/emo_voice/hook/ament_prefix_path.sh'
[7.346s] INFO:colcon.colcon_core.shell:Skip shell extension 'powershell' for command environment: Not usable outside of PowerShell
[7.346s] DEBUG:colcon.colcon_core.shell:Skip shell extension 'dsv' for command environment
[7.619s] INFO:colcon.colcon_ros.task.ament_cmake.build:Building ROS package in '/home/user/ros2_emo_voice/src/emo_voice_interfaces' with build type 'ament_cmake'
[7.619s] INFO:colcon.colcon_cmake.task.cmake.build:Building CMake package in '/home/user/ros2_emo_voice/src/emo_voice_interfaces'
[7.685s] INFO:colcon.colcon_core.shell:Skip shell extension 'powershell' for command environment: Not usable outside of PowerShell
[7.686s] DEBUG:colcon.colcon_core.shell:Skip shell extension 'dsv' for command environment
[9.005s] INFO:colcon.colcon_core.task.python.build:Building Python package in '/home/user/ros2_emo_voice/src/emo_voice'
[9.068s] INFO:colcon.colcon_core.shell:Skip shell extension 'powershell' for command environment: Not usable outside of PowerShell
[9.069s] DEBUG:colcon.colcon_core.shell:Skip shell extension 'dsv' for command environment
[9.327s] DEBUG:colcon.colcon_core.event_handler.log_command:Invoking command in '/home/user/ros2_emo_voice/build/emo_voice_interfaces': CMAKE_PREFIX_PATH=${CMAKE_PREFIX_PATH}:/home/user/ros2_emo_voice/install/emo_voice:/home/user/ros2_ws/install/mytest:/opt/ros/humble /usr/bin/cmake --build /home/user/ros2_emo_voice/build/emo_voice_interfaces -- -j2 -l2
[12.259s] DEBUG:colcon.colcon_core.event_handler.log_command:Invoking command in '/home/user/ros2_emo_voice/src/emo_voice': PYTHONPATH=/home/user/ros2_emo_voice/build/emo_voice/prefix_override:/home/user/ros2_emo_voice/install/emo_voice/lib/python3.10/site-packages:${PYTHONPATH} /usr/bin/python3 setup.py egg_info --egg-base ../../build/emo_voice build --build-base /home/user/ros2_emo_voice/build/emo_voice/build install --record /home/user/ros2_emo_voice/build/emo_voice/install.log --single-version-externally-managed
[13.998s] DEBUG:colcon.colcon_core.event_handler.log_command:Invoked command in '/home/user/ros2_emo_voice/src/emo_voice' returned '0': PYTHONPATH=/home/user/ros2_emo_voice/build/emo_voice/prefix_override:/home/user/ros2_emo_voice/install/emo_voice/lib/python3.10/site-packages:${PYTHONPATH} /usr/bin/python3 setup.py egg_info --egg-base ../../build/emo_voice build --build-base /home/user/ros2_emo_voice/build/emo_voice/build install --record /home/user/ros2_emo_voice/build/emo_voice/install.log --single-version-externally-managed
[14.182s] Level 1:colcon.colcon_core.environment:checking '/home/user/ros2_emo_voice/install/emo_voice' for CMake module files
[14.184s] Level 1:colcon.colcon_core.environment:checking '/home/user/ros2_emo_voice/install/emo_voice' for CMake config files
[14.187s] Level 1:colcon.colcon_core.environment:checking '/home/user/ros2_emo_voice/install/emo_voice/lib'
[14.188s] Level 1:colcon.colcon_core.environment:checking '/home/user/ros2_emo_voice/install/emo_voice/bin'
[14.188s] Level 1:colcon.colcon_core.environment:checking '/home/user/ros2_emo_voice/install/emo_voice/lib/pkgconfig/emo_voice.pc'
[14.191s] Level 1:colcon.colcon_core.environment:checking '/home/user/ros2_emo_voice/install/emo_voice/lib/python3.10/site-packages'
[14.192s] Level 1:colcon.colcon_core.shell:create_environment_hook('emo_voice', 'pythonpath')
[14.331s] INFO:colcon.colcon_core.shell:Creating environment hook '/home/user/ros2_emo_voice/install/emo_voice/share/emo_voice/hook/pythonpath.ps1'
[14.333s] INFO:colcon.colcon_core.shell:Creating environment descriptor '/home/user/ros2_emo_voice/install/emo_voice/share/emo_voice/hook/pythonpath.dsv'
[14.334s] INFO:colcon.colcon_core.shell:Creating environment hook '/home/user/ros2_emo_voice/install/emo_voice/share/emo_voice/hook/pythonpath.sh'
[14.338s] Level 1:colcon.colcon_core.environment:checking '/home/user/ros2_emo_voice/install/emo_voice/bin'
[14.338s] Level 1:colcon.colcon_core.environment:create_environment_scripts_only(emo_voice)
[14.432s] INFO:colcon.colcon_core.shell:Creating package script '/home/user/ros2_emo_voice/install/emo_voice/share/emo_voice/package.ps1'
[14.435s] INFO:colcon.colcon_core.shell:Creating package descriptor '/home/user/ros2_emo_voice/install/emo_voice/share/emo_voice/package.dsv'
[14.437s] INFO:colcon.colcon_core.shell:Creating package script '/home/user/ros2_emo_voice/install/emo_voice/share/emo_voice/package.sh'
[14.440s] INFO:colcon.colcon_core.shell:Creating package script '/home/user/ros2_emo_voice/install/emo_voice/share/emo_voice/package.bash'
[14.443s] INFO:colcon.colcon_core.shell:Creating package script '/home/user/ros2_emo_voice/install/emo_voice/share/emo_voice/package.zsh'
[14.445s] Level 1:colcon.colcon_core.environment:create_file_with_runtime_dependencies(/home/user/ros2_emo_voice/install/emo_voice/share/colcon-core/packages/emo_voice)
[14.451s] DEBUG:colcon.colcon_core.event_handler.log_command:Invoked command in '/home/user/ros2_emo_voice/build/emo_voice_interfaces' returned '0': CMAKE_PREFIX_PATH=${CMAKE_PREFIX_PATH}:/home/user/ros2_emo_voice/install/emo_voice:/home/user/ros2_ws/install/mytest:/opt/ros/humble /usr/bin/cmake --build /home/user/ros2_emo_voice/build/emo_voice_interfaces -- -j2 -l2
[14.969s] DEBUG:colcon.colcon_core.event_handler.log_command:Invoking command in '/home/user/ros2_emo_voice/build/emo_voice_interfaces': CMAKE_PREFIX_PATH=${CMAKE_PREFIX_PATH}:/home/user/ros2_emo_voice/install/emo_voice:/home/user/ros2_ws/install/mytest:/opt/ros/humble /usr/bin/cmake --install /home/user/ros2_emo_voice/build/emo_voice_interfaces
[15.192s] Level 1:colcon.colcon_core.environment:create_environment_scripts_only(emo_voice_interfaces)
[15.207s] DEBUG:colcon.colcon_core.event_handler.log_command:Invoked command in '/home/user/ros2_emo_voice/build/emo_voice_interfaces' returned '0': CMAKE_PREFIX_PATH=${CMAKE_PREFIX_PATH}:/home/user/ros2_emo_voice/install/emo_voice:/home/user/ros2_ws/install/mytest:/opt/ros/humble /usr/bin/cmake --install /home/user/ros2_emo_voice/build/emo_voice_interfaces
[15.240s] Level 1:colcon.colcon_core.environment:checking '/home/user/ros2_emo_voice/install/emo_voice_interfaces' for CMake module files
[15.241s] Level 1:colcon.colcon_core.environment:checking '/home/user/ros2_emo_voice/install/emo_voice_interfaces' for CMake config files
[15.242s] Level 1:colcon.colcon_core.shell:create_environment_hook('emo_voice_interfaces', 'cmake_prefix_path')
[15.416s] INFO:colcon.colcon_core.shell:Creating environment hook '/home/user/ros2_emo_voice/install/emo_voice_interfaces/share/emo_voice_interfaces/hook/cmake_prefix_path.ps1'
[15.419s] INFO:colcon.colcon_core.shell:Creating environment descriptor '/home/user/ros2_emo_voice/install/emo_voice_interfaces/share/emo_voice_interfaces/hook/cmake_prefix_path.dsv'
[15.421s] INFO:colcon.colcon_core.shell:Creating environment hook '/home/user/ros2_emo_voice/install/emo_voice_interfaces/share/emo_voice_interfaces/hook/cmake_prefix_path.sh'
[15.423s] Level 1:colcon.colcon_core.environment:checking '/home/user/ros2_emo_voice/install/emo_voice_interfaces/lib'
[15.424s] Level 1:colcon.colcon_core.shell:create_environment_hook('emo_voice_interfaces', 'ld_library_path_lib')
[15.480s] INFO:colcon.colcon_core.shell:Creating environment hook '/home/user/ros2_emo_voice/install/emo_voice_interfaces/share/emo_voice_interfaces/hook/ld_library_path_lib.ps1'
[15.482s] INFO:colcon.colcon_core.shell:Creating environment descriptor '/home/user/ros2_emo_voice/install/emo_voice_interfaces/share/emo_voice_interfaces/hook/ld_library_path_lib.dsv'
[15.484s] INFO:colcon.colcon_core.shell:Creating environment hook '/home/user/ros2_emo_voice/install/emo_voice_interfaces/share/emo_voice_interfaces/hook/ld_library_path_lib.sh'
[15.485s] Level 1:colcon.colcon_core.environment:checking '/home/user/ros2_emo_voice/install/emo_voice_interfaces/bin'
[15.486s] Level 1:colcon.colcon_core.environment:checking '/home/user/ros2_emo_voice/install/emo_voice_interfaces/lib/pkgconfig/emo_voice_interfaces.pc'
[15.487s] Level 1:colcon.colcon_core.environment:checking '/home/user/ros2_emo_voice/install/emo_voice_interfaces/lib/python3.10/site-packages'
[15.488s] Level 1:colcon.colcon_core.environment:checking '/home/user/ros2_emo_voice/install/emo_voice_interfaces/bin'
[15.539s] INFO:colcon.colcon_core.shell:Creating package script '/home/user/ros2_emo_voice/install/emo_voice_interfaces/share/emo_voice_interfaces/package.ps1'
[15.541s] INFO:colcon.colcon_core.shell:Creating package descriptor '/home/user/ros2_emo_voice/install/emo_voice_interfaces/share/emo_voice_interfaces/package.dsv'
[15.543s] INFO:colcon.colcon_core.shell:Creating package script '/home/user/ros2_emo_voice/install/emo_voice_interfaces/share/emo_voice_interfaces/package.sh'
[15.545s] INFO:colcon.colcon_core.shell:Creating package script '/home/user/ros2_emo_voice/install/emo_voice_interfaces/share/emo_voice_interfaces/package.bash'
[15.547s] INFO:colcon.colcon_core.shell:Creating package script '/home/user/ros2_emo_voice/install/emo_voice_interfaces/share/emo_voice_interfaces/package.zsh'
[15.549s] Level 1:colcon.colcon_core.environment:create_file_with_runtime_dependencies(/home/user/ros2_emo_voice/install/emo_voice_interfaces/share/colcon-core/packages/emo_voice_interfaces)
[16.140s] Level 1:colcon.colcon_core.environment:create_environment_scripts_only(emo_voice_interfaces)
[16.207s] Level 1:colcon.colcon_core.environment:checking '/home/user/ros2_emo_voice/install/emo_voice_interfaces' for CMake module files
[16.209s] Level 1:colcon.colcon_core.environment:checking '/home/user/ros2_emo_voice/install/emo_voice_interfaces' for CMake config files
[16.210s] Level 1:colcon.colcon_core.shell:create_environment_hook('emo_voice_interfaces', 'cmake_prefix_path')
[16.275s] INFO:colcon.colcon_core.shell:Creating environment hook '/home/user/ros2_emo_voice/install/emo_voice_interfaces/share/emo_voice_interfaces/hook/cmake_prefix_path.ps1'
[16.278s] INFO:colcon.colcon_core.shell:Creating environment descriptor '/home/user/ros2_emo_voice/install/emo_voice_interfaces/share/emo_voice_interfaces/hook/cmake_prefix_path.dsv'
[16.280s] INFO:colcon.colcon_core.shell:Creating environment hook '/home/user/ros2_emo_voice/install/emo_voice_interfaces/share/emo_voice_interfaces/hook/cmake_prefix_path.sh'
[16.283s] Level 1:colcon.colcon_core.environment:checking '/home/user/ros2_emo_voice/install/emo_voice_interfaces/lib'
[16.284s] Level 1:colcon.colcon_core.shell:create_environment_hook('emo_voice_interfaces', 'ld_library_path_lib')
[16.331s] INFO:colcon.colcon_core.shell:Creating environment hook '/home/user/ros2_emo_voice/install/emo_voice_interfaces/share/emo_voice_interfaces/hook/ld_library_path_lib.ps1'
[16.333s] INFO:colcon.colcon_core.shell:Creating environment descriptor '/home/user/ros2_emo_voice/install/emo_voice_interfaces/share/emo_voice_interfaces/hook/ld_library_path_lib.dsv'
[16.335s] INFO:colcon.colcon_core.shell:Creating environment hook '/home/user/ros2_emo_voice/install/emo_voice_interfaces/share/emo_voice_interfaces/hook/ld_library_path_lib.sh'
[16.337s] Level 1:colcon.colcon_core.environment:checking '/home/user/ros2_emo_voice/install/emo_voice_interfaces/bin'
[16.337s] Level 1:colcon.colcon_core.environment:checking '/home/user/ros2_emo_voice/install/emo_voice_interfaces/lib/pkgconfig/emo_voice_interfaces.pc'
[16.338s] Level 1:colcon.colcon_core.environment:checking '/home/user/ros2_emo_voice/install/emo_voice_interfaces/lib/python3.10/site-packages'
[16.339s] Level 1:colcon.colcon_core.environment:checking '/home/user/ros2_emo_voice/install/emo_voice_interfaces/bin'
[16.405s] INFO:colcon.colcon_core.shell:Creating package script '/home/user/ros2_emo_voice/install/emo_voice_interfaces/share/emo_voice_interfaces/package.ps1'
[16.407s] INFO:colcon.colcon_core.shell:Creating package descriptor '/home/user/ros2_emo_voice/install/emo_voice_interfaces/share/emo_voice_interfaces/package.dsv'
[16.409s] INFO:colcon.colcon_core.shell:Creating package script '/home/user/ros2_emo_voice/install/emo_voice_interfaces/share/emo_voice_interfaces/package.sh'
[16.411s] INFO:colcon.colcon_core.shell:Creating package script '/home/user/ros2_emo_voice/install/emo_voice_interfaces/share/emo_voice_interfaces/package.bash'
[16.413s] INFO:colcon.colcon_core.shell:Creating package script '/home/user/ros2_emo_voice/install/emo_voice_interfaces/share/emo_voice_interfaces/package.zsh'
[16.415s] Level 1:colcon.colcon_core.environment:create_file_with_runtime_dependencies(/home/user/ros2_emo_voice/install/emo_voice_interfaces/share/colcon-core/packages/emo_voice_interfaces)
[16.416s] DEBUG:colcon.colcon_parallel_executor.executor.parallel:closing loop
[16.419s] DEBUG:colcon.colcon_parallel_executor.executor.parallel:loop closed
[16.419s] DEBUG:colcon.colcon_parallel_executor.executor.parallel:run_until_complete finished with '0'
[16.430s] DEBUG:colcon.colcon_core.event_reactor:joining thread
[16.522s] INFO:colcon.colcon_core.plugin_system:Skipping extension 'colcon_notification.desktop_notification.terminal_notifier': Not used on non-Darwin systems
[16.522s] INFO:colcon.colcon_core.plugin_system:Skipping extension 'colcon_notification.desktop_notification.win32': Not used on non-Windows systems
[16.522s] INFO:colcon.colcon_notification.desktop_notification:Sending desktop notification using 'notify2'
[16.591s] DEBUG:colcon.colcon_core.event_reactor:joined thread
[16.710s] INFO:colcon.colcon_core.shell:Creating prefix script '/home/user/ros2_emo_voice/install/local_setup.ps1'
[16.715s] INFO:colcon.colcon_core.shell:Creating prefix util module '/home/user/ros2_emo_voice/install/_local_setup_util_ps1.py'
[16.722s] INFO:colcon.colcon_core.shell:Creating prefix chain script '/home/user/ros2_emo_voice/install/setup.ps1'
[16.830s] INFO:colcon.colcon_core.shell:Creating prefix script '/home/user/ros2_emo_voice/install/local_setup.sh'
[16.834s] INFO:colcon.colcon_core.shell:Creating prefix util module '/home/user/ros2_emo_voice/install/_local_setup_util_sh.py'
[16.836s] INFO:colcon.colcon_core.shell:Creating prefix chain script '/home/user/ros2_emo_voice/install/setup.sh'
[16.927s] INFO:colcon.colcon_core.shell:Creating prefix script '/home/user/ros2_emo_voice/install/local_setup.bash'
[16.929s] INFO:colcon.colcon_core.shell:Creating prefix chain script '/home/user/ros2_emo_voice/install/setup.bash'
[17.010s] INFO:colcon.colcon_core.shell:Creating prefix script '/home/user/ros2_emo_voice/install/local_setup.zsh'
[17.012s] INFO:colcon.colcon_core.shell:Creating prefix chain script '/home/user/ros2_emo_voice/install/setup.zsh'
