[11.743s] Invoking command in '/home/user/ros2_emo_voice/src/emo_voice': PYTHONPATH=/home/user/ros2_emo_voice/build/emo_voice/prefix_override:/home/user/ros2_emo_voice/install/emo_voice/lib/python3.10/site-packages:${PYTHONPATH} /usr/bin/python3 setup.py egg_info --egg-base ../../build/emo_voice build --build-base /home/user/ros2_emo_voice/build/emo_voice/build install --record /home/user/ros2_emo_voice/build/emo_voice/install.log --single-version-externally-managed
[14.149s] running egg_info
[14.157s] writing ../../build/emo_voice/emo_voice.egg-info/PKG-INFO
[14.164s] writing dependency_links to ../../build/emo_voice/emo_voice.egg-info/dependency_links.txt
[14.169s] writing entry points to ../../build/emo_voice/emo_voice.egg-info/entry_points.txt
[14.184s] writing requirements to ../../build/emo_voice/emo_voice.egg-info/requires.txt
[14.187s] writing top-level names to ../../build/emo_voice/emo_voice.egg-info/top_level.txt
[14.215s] reading manifest file '../../build/emo_voice/emo_voice.egg-info/SOURCES.txt'
[14.219s] writing manifest file '../../build/emo_voice/emo_voice.egg-info/SOURCES.txt'
[14.221s] running build
[14.223s] running build_py
[14.240s] copying emo_voice/client.py -> /home/user/ros2_emo_voice/build/emo_voice/build/lib/emo_voice
[14.247s] running install
[14.247s] running install_lib
[14.263s] copying /home/user/ros2_emo_voice/build/emo_voice/build/lib/emo_voice/client.py -> /home/user/ros2_emo_voice/install/emo_voice/lib/python3.10/site-packages/emo_voice
[14.283s] byte-compiling /home/user/ros2_emo_voice/install/emo_voice/lib/python3.10/site-packages/emo_voice/client.py to client.cpython-310.pyc
[14.291s] running install_data
[14.301s] running install_egg_info
[14.316s] removing '/home/user/ros2_emo_voice/install/emo_voice/lib/python3.10/site-packages/emo_voice-0.0.0-py3.10.egg-info' (and everything under it)
[14.329s] Copying ../../build/emo_voice/emo_voice.egg-info to /home/user/ros2_emo_voice/install/emo_voice/lib/python3.10/site-packages/emo_voice-0.0.0-py3.10.egg-info
[14.351s] running install_scripts
[14.548s] Installing client script to /home/user/ros2_emo_voice/install/emo_voice/lib/emo_voice
[14.553s] Installing move script to /home/user/ros2_emo_voice/install/emo_voice/lib/emo_voice
[14.553s] Installing plot script to /home/user/ros2_emo_voice/install/emo_voice/lib/emo_voice
[14.554s] Installing sensor_pnnx script to /home/user/ros2_emo_voice/install/emo_voice/lib/emo_voice
[14.561s] Installing server script to /home/user/ros2_emo_voice/install/emo_voice/lib/emo_voice
[14.574s] writing list of installed files to '/home/user/ros2_emo_voice/build/emo_voice/install.log'
[14.758s] Invoked command in '/home/user/ros2_emo_voice/src/emo_voice' returned '0': PYTHONPATH=/home/user/ros2_emo_voice/build/emo_voice/prefix_override:/home/user/ros2_emo_voice/install/emo_voice/lib/python3.10/site-packages:${PYTHONPATH} /usr/bin/python3 setup.py egg_info --egg-base ../../build/emo_voice build --build-base /home/user/ros2_emo_voice/build/emo_voice/build install --record /home/user/ros2_emo_voice/build/emo_voice/install.log --single-version-externally-managed
