[2.541s] Invoking command in '/home/user/ros2_emo_voice/src/emo_voice': PYTHONPATH=/home/user/ros2_emo_voice/build/emo_voice/prefix_override:/home/user/ros2_emo_voice/install/emo_voice/lib/python3.10/site-packages:${PYTHONPATH} /usr/bin/python3 setup.py egg_info --egg-base ../../build/emo_voice build --build-base /home/user/ros2_emo_voice/build/emo_voice/build install --record /home/user/ros2_emo_voice/build/emo_voice/install.log --single-version-externally-managed
[3.032s] running egg_info
[3.034s] writing ../../build/emo_voice/emo_voice.egg-info/PKG-INFO
[3.035s] writing dependency_links to ../../build/emo_voice/emo_voice.egg-info/dependency_links.txt
[3.036s] writing entry points to ../../build/emo_voice/emo_voice.egg-info/entry_points.txt
[3.037s] writing requirements to ../../build/emo_voice/emo_voice.egg-info/requires.txt
[3.039s] writing top-level names to ../../build/emo_voice/emo_voice.egg-info/top_level.txt
[3.043s] reading manifest file '../../build/emo_voice/emo_voice.egg-info/SOURCES.txt'
[3.050s] writing manifest file '../../build/emo_voice/emo_voice.egg-info/SOURCES.txt'
[3.050s] running build
[3.050s] running build_py
[3.050s] running install
[3.051s] running install_lib
[3.051s] running install_data
[3.054s] running install_egg_info
[3.058s] removing '/home/user/ros2_emo_voice/install/emo_voice/lib/python3.10/site-packages/emo_voice-0.0.0-py3.10.egg-info' (and everything under it)
[3.066s] Copying ../../build/emo_voice/emo_voice.egg-info to /home/user/ros2_emo_voice/install/emo_voice/lib/python3.10/site-packages/emo_voice-0.0.0-py3.10.egg-info
[3.069s] running install_scripts
[3.110s] Installing client script to /home/user/ros2_emo_voice/install/emo_voice/lib/emo_voice
[3.113s] Installing move script to /home/user/ros2_emo_voice/install/emo_voice/lib/emo_voice
[3.115s] Installing plot script to /home/user/ros2_emo_voice/install/emo_voice/lib/emo_voice
[3.115s] Installing sensor_pnnx script to /home/user/ros2_emo_voice/install/emo_voice/lib/emo_voice
[3.115s] Installing server script to /home/user/ros2_emo_voice/install/emo_voice/lib/emo_voice
[3.116s] writing list of installed files to '/home/user/ros2_emo_voice/build/emo_voice/install.log'
[3.163s] Invoked command in '/home/user/ros2_emo_voice/src/emo_voice' returned '0': PYTHONPATH=/home/user/ros2_emo_voice/build/emo_voice/prefix_override:/home/user/ros2_emo_voice/install/emo_voice/lib/python3.10/site-packages:${PYTHONPATH} /usr/bin/python3 setup.py egg_info --egg-base ../../build/emo_voice build --build-base /home/user/ros2_emo_voice/build/emo_voice/build install --record /home/user/ros2_emo_voice/build/emo_voice/install.log --single-version-externally-managed
