[6.575s] Invoking command in '/home/user/ros2_emo_voice/src/emo_voice': PYTHONPATH=/home/user/ros2_emo_voice/build/emo_voice/prefix_override:/home/user/ros2_emo_voice/install/emo_voice/lib/python3.10/site-packages:${PYTHONPATH} /usr/bin/python3 setup.py egg_info --egg-base ../../build/emo_voice build --build-base /home/user/ros2_emo_voice/build/emo_voice/build install --record /home/user/ros2_emo_voice/build/emo_voice/install.log --single-version-externally-managed
[8.647s] running egg_info
[8.647s] writing ../../build/emo_voice/emo_voice.egg-info/PKG-INFO
[8.655s] writing dependency_links to ../../build/emo_voice/emo_voice.egg-info/dependency_links.txt
[8.655s] writing entry points to ../../build/emo_voice/emo_voice.egg-info/entry_points.txt
[8.656s] writing requirements to ../../build/emo_voice/emo_voice.egg-info/requires.txt
[8.656s] writing top-level names to ../../build/emo_voice/emo_voice.egg-info/top_level.txt
[8.675s] reading manifest file '../../build/emo_voice/emo_voice.egg-info/SOURCES.txt'
[8.676s] writing manifest file '../../build/emo_voice/emo_voice.egg-info/SOURCES.txt'
[8.679s] running build
[8.679s] running build_py
[8.683s] copying emo_voice/voice.py -> /home/user/ros2_emo_voice/build/emo_voice/build/lib/emo_voice
[8.695s] running install
[8.695s] running install_lib
[8.698s] copying /home/user/ros2_emo_voice/build/emo_voice/build/lib/emo_voice/voice.py -> /home/user/ros2_emo_voice/install/emo_voice/lib/python3.10/site-packages/emo_voice
[8.702s] byte-compiling /home/user/ros2_emo_voice/install/emo_voice/lib/python3.10/site-packages/emo_voice/voice.py to voice.cpython-310.pyc
[8.722s] running install_data
[8.736s] running install_egg_info
[8.748s] removing '/home/user/ros2_emo_voice/install/emo_voice/lib/python3.10/site-packages/emo_voice-0.0.0-py3.10.egg-info' (and everything under it)
[8.770s] Copying ../../build/emo_voice/emo_voice.egg-info to /home/user/ros2_emo_voice/install/emo_voice/lib/python3.10/site-packages/emo_voice-0.0.0-py3.10.egg-info
[8.794s] running install_scripts
[8.881s] Installing client script to /home/user/ros2_emo_voice/install/emo_voice/lib/emo_voice
[8.887s] Installing move script to /home/user/ros2_emo_voice/install/emo_voice/lib/emo_voice
[8.893s] Installing plot script to /home/user/ros2_emo_voice/install/emo_voice/lib/emo_voice
[8.899s] Installing sensor_pnnx script to /home/user/ros2_emo_voice/install/emo_voice/lib/emo_voice
[8.905s] Installing server script to /home/user/ros2_emo_voice/install/emo_voice/lib/emo_voice
[8.913s] writing list of installed files to '/home/user/ros2_emo_voice/build/emo_voice/install.log'
[9.034s] Invoked command in '/home/user/ros2_emo_voice/src/emo_voice' returned '0': PYTHONPATH=/home/user/ros2_emo_voice/build/emo_voice/prefix_override:/home/user/ros2_emo_voice/install/emo_voice/lib/python3.10/site-packages:${PYTHONPATH} /usr/bin/python3 setup.py egg_info --egg-base ../../build/emo_voice build --build-base /home/user/ros2_emo_voice/build/emo_voice/build install --record /home/user/ros2_emo_voice/build/emo_voice/install.log --single-version-externally-managed
