[2.474s] DEBUG:colcon:Command line arguments: ['/usr/bin/colcon', 'build']
[2.474s] DEBUG:colcon:Parsed command line arguments: Namespace(log_base=None, log_level=None, verb_name='build', build_base='build', install_base='install', merge_install=False, symlink_install=False, test_result_base=None, continue_on_error=False, executor='parallel', parallel_workers=2, event_handlers=None, ignore_user_meta=False, metas=['./colcon.meta'], base_paths=['.'], packages_ignore=None, packages_ignore_regex=None, paths=None, packages_up_to=None, packages_up_to_regex=None, packages_above=None, packages_above_and_dependencies=None, packages_above_depth=None, packages_select_by_dep=None, packages_skip_by_dep=None, packages_skip_up_to=None, packages_select_build_failed=False, packages_skip_build_finished=False, packages_select_test_failures=False, packages_skip_test_passed=False, packages_select=None, packages_skip=None, packages_select_regex=None, packages_skip_regex=None, packages_start=None, packages_end=None, allow_overriding=[], cmake_args=None, cmake_target=None, cmake_target_skip_unavailable=False, cmake_clean_cache=False, cmake_clean_first=False, cmake_force_configure=False, ament_cmake_args=None, catkin_cmake_args=None, catkin_skip_building_tests=False, verb_parser=<colcon_defaults.argument_parser.defaults.DefaultArgumentsDecorator object at 0x7ae8ee3805e0>, verb_extension=<colcon_core.verb.build.BuildVerb object at 0x7ae8ee3822c0>, main=<bound method BuildVerb.main of <colcon_core.verb.build.BuildVerb object at 0x7ae8ee3822c0>>)
[2.605s] Level 1:colcon.colcon_core.package_discovery:discover_packages(colcon_meta) check parameters
[2.605s] Level 1:colcon.colcon_core.package_discovery:discover_packages(recursive) check parameters
[2.605s] Level 1:colcon.colcon_core.package_discovery:discover_packages(ignore) check parameters
[2.605s] Level 1:colcon.colcon_core.package_discovery:discover_packages(path) check parameters
[2.605s] Level 1:colcon.colcon_core.package_discovery:discover_packages(colcon_meta) discover
[2.605s] Level 1:colcon.colcon_core.package_discovery:discover_packages(recursive) discover
[2.605s] INFO:colcon.colcon_core.package_discovery:Crawling recursively for packages in '/home/user/ros2_emo_voice/src'
[2.606s] Level 1:colcon.colcon_core.package_identification:_identify(.) by extensions ['ignore', 'ignore_ament_install']
[2.606s] Level 1:colcon.colcon_core.package_identification:_identify(.) by extension 'ignore'
[2.606s] Level 1:colcon.colcon_core.package_identification:_identify(.) by extension 'ignore_ament_install'
[2.607s] Level 1:colcon.colcon_core.package_identification:_identify(.) by extensions ['colcon_pkg']
[2.607s] Level 1:colcon.colcon_core.package_identification:_identify(.) by extension 'colcon_pkg'
[2.607s] Level 1:colcon.colcon_core.package_identification:_identify(.) by extensions ['colcon_meta']
[2.607s] Level 1:colcon.colcon_core.package_identification:_identify(.) by extension 'colcon_meta'
[2.607s] Level 1:colcon.colcon_core.package_identification:_identify(.) by extensions ['ros']
[2.607s] Level 1:colcon.colcon_core.package_identification:_identify(.) by extension 'ros'
[2.630s] Level 1:colcon.colcon_core.package_identification:_identify(.) by extensions ['cmake', 'python']
[2.630s] Level 1:colcon.colcon_core.package_identification:_identify(.) by extension 'cmake'
[2.630s] Level 1:colcon.colcon_core.package_identification:_identify(.) by extension 'python'
[2.630s] Level 1:colcon.colcon_core.package_identification:_identify(.) by extensions ['python_setup_py']
[2.630s] Level 1:colcon.colcon_core.package_identification:_identify(.) by extension 'python_setup_py'
[2.630s] Level 1:colcon.colcon_core.package_identification:_identify(build) by extensions ['ignore', 'ignore_ament_install']
[2.631s] Level 1:colcon.colcon_core.package_identification:_identify(build) by extension 'ignore'
[2.631s] Level 1:colcon.colcon_core.package_identification:_identify(build) ignored
[2.631s] Level 1:colcon.colcon_core.package_identification:_identify(emo_voice) by extensions ['ignore', 'ignore_ament_install']
[2.631s] Level 1:colcon.colcon_core.package_identification:_identify(emo_voice) by extension 'ignore'
[2.631s] Level 1:colcon.colcon_core.package_identification:_identify(emo_voice) by extension 'ignore_ament_install'
[2.631s] Level 1:colcon.colcon_core.package_identification:_identify(emo_voice) by extensions ['colcon_pkg']
[2.631s] Level 1:colcon.colcon_core.package_identification:_identify(emo_voice) by extension 'colcon_pkg'
[2.631s] Level 1:colcon.colcon_core.package_identification:_identify(emo_voice) by extensions ['colcon_meta']
[2.631s] Level 1:colcon.colcon_core.package_identification:_identify(emo_voice) by extension 'colcon_meta'
[2.632s] Level 1:colcon.colcon_core.package_identification:_identify(emo_voice) by extensions ['ros']
[2.632s] Level 1:colcon.colcon_core.package_identification:_identify(emo_voice) by extension 'ros'
[2.646s] DEBUG:colcon.colcon_core.package_identification:Package 'emo_voice' with type 'ros.ament_python' and name 'emo_voice'
[2.647s] Level 1:colcon.colcon_core.package_identification:_identify(emo_voice_interfaces) by extensions ['ignore', 'ignore_ament_install']
[2.647s] Level 1:colcon.colcon_core.package_identification:_identify(emo_voice_interfaces) by extension 'ignore'
[2.647s] Level 1:colcon.colcon_core.package_identification:_identify(emo_voice_interfaces) by extension 'ignore_ament_install'
[2.647s] Level 1:colcon.colcon_core.package_identification:_identify(emo_voice_interfaces) by extensions ['colcon_pkg']
[2.647s] Level 1:colcon.colcon_core.package_identification:_identify(emo_voice_interfaces) by extension 'colcon_pkg'
[2.647s] Level 1:colcon.colcon_core.package_identification:_identify(emo_voice_interfaces) by extensions ['colcon_meta']
[2.647s] Level 1:colcon.colcon_core.package_identification:_identify(emo_voice_interfaces) by extension 'colcon_meta'
[2.647s] Level 1:colcon.colcon_core.package_identification:_identify(emo_voice_interfaces) by extensions ['ros']
[2.647s] Level 1:colcon.colcon_core.package_identification:_identify(emo_voice_interfaces) by extension 'ros'
[2.649s] DEBUG:colcon.colcon_core.package_identification:Package 'emo_voice_interfaces' with type 'ros.ament_cmake' and name 'emo_voice_interfaces'
[2.649s] Level 1:colcon.colcon_core.package_identification:_identify(install) by extensions ['ignore', 'ignore_ament_install']
[2.649s] Level 1:colcon.colcon_core.package_identification:_identify(install) by extension 'ignore'
[2.649s] Level 1:colcon.colcon_core.package_identification:_identify(install) ignored
[2.649s] Level 1:colcon.colcon_core.package_identification:_identify(log) by extensions ['ignore', 'ignore_ament_install']
[2.650s] Level 1:colcon.colcon_core.package_identification:_identify(log) by extension 'ignore'
[2.650s] Level 1:colcon.colcon_core.package_identification:_identify(log) ignored
[2.650s] Level 1:colcon.colcon_core.package_discovery:discover_packages(recursive) using defaults
[2.650s] Level 1:colcon.colcon_core.package_discovery:discover_packages(ignore) discover
[2.650s] Level 1:colcon.colcon_core.package_discovery:discover_packages(ignore) using defaults
[2.650s] Level 1:colcon.colcon_core.package_discovery:discover_packages(path) discover
[2.650s] Level 1:colcon.colcon_core.package_discovery:discover_packages(path) using defaults
[2.818s] Level 1:colcon.colcon_core.package_discovery:discover_packages(prefix_path) check parameters
[2.818s] Level 1:colcon.colcon_core.package_discovery:discover_packages(prefix_path) discover
[2.869s] DEBUG:colcon.colcon_installed_package_information.package_discovery:Found 2 installed packages in /home/user/ros2_emo_voice/install
[2.907s] DEBUG:colcon.colcon_installed_package_information.package_discovery:Found 1 installed packages in /home/user/ros2_ws/install
[2.933s] DEBUG:colcon.colcon_installed_package_information.package_discovery:Found 397 installed packages in /opt/ros/humble
[2.937s] Level 1:colcon.colcon_core.package_discovery:discover_packages(prefix_path) using defaults
[3.243s] Level 5:colcon.colcon_core.verb:set package 'emo_voice' build argument 'cmake_args' from command line to 'None'
[3.243s] Level 5:colcon.colcon_core.verb:set package 'emo_voice' build argument 'cmake_target' from command line to 'None'
[3.243s] Level 5:colcon.colcon_core.verb:set package 'emo_voice' build argument 'cmake_target_skip_unavailable' from command line to 'False'
[3.243s] Level 5:colcon.colcon_core.verb:set package 'emo_voice' build argument 'cmake_clean_cache' from command line to 'False'
[3.243s] Level 5:colcon.colcon_core.verb:set package 'emo_voice' build argument 'cmake_clean_first' from command line to 'False'
[3.243s] Level 5:colcon.colcon_core.verb:set package 'emo_voice' build argument 'cmake_force_configure' from command line to 'False'
[3.243s] Level 5:colcon.colcon_core.verb:set package 'emo_voice' build argument 'ament_cmake_args' from command line to 'None'
[3.244s] Level 5:colcon.colcon_core.verb:set package 'emo_voice' build argument 'catkin_cmake_args' from command line to 'None'
[3.244s] Level 5:colcon.colcon_core.verb:set package 'emo_voice' build argument 'catkin_skip_building_tests' from command line to 'False'
[3.244s] DEBUG:colcon.colcon_core.verb:Building package 'emo_voice' with the following arguments: {'ament_cmake_args': None, 'build_base': '/home/user/ros2_emo_voice/src/build/emo_voice', 'catkin_cmake_args': None, 'catkin_skip_building_tests': False, 'cmake_args': None, 'cmake_clean_cache': False, 'cmake_clean_first': False, 'cmake_force_configure': False, 'cmake_target': None, 'cmake_target_skip_unavailable': False, 'install_base': '/home/user/ros2_emo_voice/src/install/emo_voice', 'merge_install': False, 'path': '/home/user/ros2_emo_voice/src/emo_voice', 'symlink_install': False, 'test_result_base': None}
[3.266s] Level 5:colcon.colcon_core.verb:set package 'emo_voice_interfaces' build argument 'cmake_args' from command line to 'None'
[3.266s] Level 5:colcon.colcon_core.verb:set package 'emo_voice_interfaces' build argument 'cmake_target' from command line to 'None'
[3.266s] Level 5:colcon.colcon_core.verb:set package 'emo_voice_interfaces' build argument 'cmake_target_skip_unavailable' from command line to 'False'
[3.266s] Level 5:colcon.colcon_core.verb:set package 'emo_voice_interfaces' build argument 'cmake_clean_cache' from command line to 'False'
[3.266s] Level 5:colcon.colcon_core.verb:set package 'emo_voice_interfaces' build argument 'cmake_clean_first' from command line to 'False'
[3.266s] Level 5:colcon.colcon_core.verb:set package 'emo_voice_interfaces' build argument 'cmake_force_configure' from command line to 'False'
[3.266s] Level 5:colcon.colcon_core.verb:set package 'emo_voice_interfaces' build argument 'ament_cmake_args' from command line to 'None'
[3.266s] Level 5:colcon.colcon_core.verb:set package 'emo_voice_interfaces' build argument 'catkin_cmake_args' from command line to 'None'
[3.266s] Level 5:colcon.colcon_core.verb:set package 'emo_voice_interfaces' build argument 'catkin_skip_building_tests' from command line to 'False'
[3.266s] DEBUG:colcon.colcon_core.verb:Building package 'emo_voice_interfaces' with the following arguments: {'ament_cmake_args': None, 'build_base': '/home/user/ros2_emo_voice/src/build/emo_voice_interfaces', 'catkin_cmake_args': None, 'catkin_skip_building_tests': False, 'cmake_args': None, 'cmake_clean_cache': False, 'cmake_clean_first': False, 'cmake_force_configure': False, 'cmake_target': None, 'cmake_target_skip_unavailable': False, 'install_base': '/home/user/ros2_emo_voice/src/install/emo_voice_interfaces', 'merge_install': False, 'path': '/home/user/ros2_emo_voice/src/emo_voice_interfaces', 'symlink_install': False, 'test_result_base': None}
[3.286s] INFO:colcon.colcon_core.executor:Executing jobs using 'parallel' executor
[3.309s] DEBUG:colcon.colcon_parallel_executor.executor.parallel:run_until_complete
[3.310s] INFO:colcon.colcon_ros.task.ament_python.build:Building ROS package in '/home/user/ros2_emo_voice/src/emo_voice' with build type 'ament_python'
[3.310s] Level 1:colcon.colcon_core.shell:create_environment_hook('emo_voice', 'ament_prefix_path')
[3.354s] INFO:colcon.colcon_core.plugin_system:Skipping extension 'colcon_core.shell.bat': Not used on non-Windows systems
[3.355s] INFO:colcon.colcon_core.shell:Creating environment hook '/home/user/ros2_emo_voice/src/install/emo_voice/share/emo_voice/hook/ament_prefix_path.ps1'
[3.358s] INFO:colcon.colcon_core.shell:Creating environment descriptor '/home/user/ros2_emo_voice/src/install/emo_voice/share/emo_voice/hook/ament_prefix_path.dsv'
[3.360s] INFO:colcon.colcon_core.shell:Creating environment hook '/home/user/ros2_emo_voice/src/install/emo_voice/share/emo_voice/hook/ament_prefix_path.sh'
[3.381s] INFO:colcon.colcon_core.shell:Skip shell extension 'powershell' for command environment: Not usable outside of PowerShell
[3.381s] DEBUG:colcon.colcon_core.shell:Skip shell extension 'dsv' for command environment
[3.480s] INFO:colcon.colcon_ros.task.ament_cmake.build:Building ROS package in '/home/user/ros2_emo_voice/src/emo_voice_interfaces' with build type 'ament_cmake'
[3.480s] INFO:colcon.colcon_cmake.task.cmake.build:Building CMake package in '/home/user/ros2_emo_voice/src/emo_voice_interfaces'
[3.503s] INFO:colcon.colcon_core.shell:Skip shell extension 'powershell' for command environment: Not usable outside of PowerShell
[3.503s] DEBUG:colcon.colcon_core.shell:Skip shell extension 'dsv' for command environment
[4.501s] INFO:colcon.colcon_core.task.python.build:Building Python package in '/home/user/ros2_emo_voice/src/emo_voice'
[4.533s] INFO:colcon.colcon_core.shell:Skip shell extension 'powershell' for command environment: Not usable outside of PowerShell
[4.533s] DEBUG:colcon.colcon_core.shell:Skip shell extension 'dsv' for command environment
[4.668s] DEBUG:colcon.colcon_core.event_handler.log_command:Invoking command in '/home/user/ros2_emo_voice/src/build/emo_voice_interfaces': CMAKE_PREFIX_PATH=${CMAKE_PREFIX_PATH}:/home/user/ros2_emo_voice/install/emo_voice:/home/user/ros2_ws/install/mytest:/opt/ros/humble /usr/bin/cmake --build /home/user/ros2_emo_voice/src/build/emo_voice_interfaces -- -j2 -l2
[5.513s] DEBUG:colcon.colcon_core.event_handler.log_command:Invoked command in '/home/user/ros2_emo_voice/src/build/emo_voice_interfaces' returned '2': CMAKE_PREFIX_PATH=${CMAKE_PREFIX_PATH}:/home/user/ros2_emo_voice/install/emo_voice:/home/user/ros2_ws/install/mytest:/opt/ros/humble /usr/bin/cmake --build /home/user/ros2_emo_voice/src/build/emo_voice_interfaces -- -j2 -l2
[6.827s] Level 1:colcon.colcon_core.environment:create_environment_scripts_only(emo_voice_interfaces)
[6.876s] Level 1:colcon.colcon_core.environment:checking '/home/user/ros2_emo_voice/src/install/emo_voice_interfaces' for CMake module files
[6.878s] Level 1:colcon.colcon_core.environment:checking '/home/user/ros2_emo_voice/src/install/emo_voice_interfaces' for CMake config files
[6.878s] Level 1:colcon.colcon_core.shell:create_environment_hook('emo_voice_interfaces', 'cmake_prefix_path')
[6.903s] INFO:colcon.colcon_core.shell:Creating environment hook '/home/user/ros2_emo_voice/src/install/emo_voice_interfaces/share/emo_voice_interfaces/hook/cmake_prefix_path.ps1'
[6.906s] INFO:colcon.colcon_core.shell:Creating environment descriptor '/home/user/ros2_emo_voice/src/install/emo_voice_interfaces/share/emo_voice_interfaces/hook/cmake_prefix_path.dsv'
[6.908s] INFO:colcon.colcon_core.shell:Creating environment hook '/home/user/ros2_emo_voice/src/install/emo_voice_interfaces/share/emo_voice_interfaces/hook/cmake_prefix_path.sh'
[6.911s] Level 1:colcon.colcon_core.environment:checking '/home/user/ros2_emo_voice/src/install/emo_voice_interfaces/lib'
[6.911s] Level 1:colcon.colcon_core.shell:create_environment_hook('emo_voice_interfaces', 'ld_library_path_lib')
[6.937s] INFO:colcon.colcon_core.shell:Creating environment hook '/home/user/ros2_emo_voice/src/install/emo_voice_interfaces/share/emo_voice_interfaces/hook/ld_library_path_lib.ps1'
[6.938s] INFO:colcon.colcon_core.shell:Creating environment descriptor '/home/user/ros2_emo_voice/src/install/emo_voice_interfaces/share/emo_voice_interfaces/hook/ld_library_path_lib.dsv'
[6.939s] INFO:colcon.colcon_core.shell:Creating environment hook '/home/user/ros2_emo_voice/src/install/emo_voice_interfaces/share/emo_voice_interfaces/hook/ld_library_path_lib.sh'
[6.940s] Level 1:colcon.colcon_core.environment:checking '/home/user/ros2_emo_voice/src/install/emo_voice_interfaces/bin'
[6.940s] Level 1:colcon.colcon_core.environment:checking '/home/user/ros2_emo_voice/src/install/emo_voice_interfaces/lib/pkgconfig/emo_voice_interfaces.pc'
[6.941s] Level 1:colcon.colcon_core.environment:checking '/home/user/ros2_emo_voice/src/install/emo_voice_interfaces/lib/python3.10/site-packages'
[6.941s] Level 1:colcon.colcon_core.environment:checking '/home/user/ros2_emo_voice/src/install/emo_voice_interfaces/bin'
[6.968s] INFO:colcon.colcon_core.shell:Creating package script '/home/user/ros2_emo_voice/src/install/emo_voice_interfaces/share/emo_voice_interfaces/package.ps1'
[6.970s] INFO:colcon.colcon_core.shell:Creating package descriptor '/home/user/ros2_emo_voice/src/install/emo_voice_interfaces/share/emo_voice_interfaces/package.dsv'
[6.972s] INFO:colcon.colcon_core.shell:Creating package script '/home/user/ros2_emo_voice/src/install/emo_voice_interfaces/share/emo_voice_interfaces/package.sh'
[6.975s] INFO:colcon.colcon_core.shell:Creating package script '/home/user/ros2_emo_voice/src/install/emo_voice_interfaces/share/emo_voice_interfaces/package.bash'
[6.979s] INFO:colcon.colcon_core.shell:Creating package script '/home/user/ros2_emo_voice/src/install/emo_voice_interfaces/share/emo_voice_interfaces/package.zsh'
[6.982s] Level 1:colcon.colcon_core.environment:create_file_with_runtime_dependencies(/home/user/ros2_emo_voice/src/install/emo_voice_interfaces/share/colcon-core/packages/emo_voice_interfaces)
[7.237s] DEBUG:colcon.colcon_parallel_executor.executor.parallel:closing loop
[7.237s] DEBUG:colcon.colcon_parallel_executor.executor.parallel:loop closed
[7.237s] DEBUG:colcon.colcon_parallel_executor.executor.parallel:run_until_complete finished with '2'
[7.237s] DEBUG:colcon.colcon_core.event_reactor:joining thread
[7.298s] INFO:colcon.colcon_core.plugin_system:Skipping extension 'colcon_notification.desktop_notification.terminal_notifier': Not used on non-Darwin systems
[7.298s] INFO:colcon.colcon_core.plugin_system:Skipping extension 'colcon_notification.desktop_notification.win32': Not used on non-Windows systems
[7.298s] INFO:colcon.colcon_notification.desktop_notification:Sending desktop notification using 'notify2'
[7.527s] DEBUG:colcon.colcon_core.event_reactor:joined thread
[7.556s] INFO:colcon.colcon_core.shell:Creating prefix script '/home/user/ros2_emo_voice/src/install/local_setup.ps1'
[7.559s] INFO:colcon.colcon_core.shell:Creating prefix util module '/home/user/ros2_emo_voice/src/install/_local_setup_util_ps1.py'
[7.562s] INFO:colcon.colcon_core.shell:Creating prefix chain script '/home/user/ros2_emo_voice/src/install/setup.ps1'
[7.590s] INFO:colcon.colcon_core.shell:Creating prefix script '/home/user/ros2_emo_voice/src/install/local_setup.sh'
[7.591s] INFO:colcon.colcon_core.shell:Creating prefix util module '/home/user/ros2_emo_voice/src/install/_local_setup_util_sh.py'
[7.592s] INFO:colcon.colcon_core.shell:Creating prefix chain script '/home/user/ros2_emo_voice/src/install/setup.sh'
[7.630s] INFO:colcon.colcon_core.shell:Creating prefix script '/home/user/ros2_emo_voice/src/install/local_setup.bash'
[7.632s] INFO:colcon.colcon_core.shell:Creating prefix chain script '/home/user/ros2_emo_voice/src/install/setup.bash'
[7.666s] INFO:colcon.colcon_core.shell:Creating prefix script '/home/user/ros2_emo_voice/src/install/local_setup.zsh'
[7.668s] INFO:colcon.colcon_core.shell:Creating prefix chain script '/home/user/ros2_emo_voice/src/install/setup.zsh'
