[4.835s] DEBUG:colcon:Command line arguments: ['/usr/bin/colcon', 'build']
[4.835s] DEBUG:colcon:Parsed command line arguments: Namespace(log_base=None, log_level=None, verb_name='build', build_base='build', install_base='install', merge_install=False, symlink_install=False, test_result_base=None, continue_on_error=False, executor='parallel', parallel_workers=2, event_handlers=None, ignore_user_meta=False, metas=['./colcon.meta'], base_paths=['.'], packages_ignore=None, packages_ignore_regex=None, paths=None, packages_up_to=None, packages_up_to_regex=None, packages_above=None, packages_above_and_dependencies=None, packages_above_depth=None, packages_select_by_dep=None, packages_skip_by_dep=None, packages_skip_up_to=None, packages_select_build_failed=False, packages_skip_build_finished=False, packages_select_test_failures=False, packages_skip_test_passed=False, packages_select=None, packages_skip=None, packages_select_regex=None, packages_skip_regex=None, packages_start=None, packages_end=None, allow_overriding=[], cmake_args=None, cmake_target=None, cmake_target_skip_unavailable=False, cmake_clean_cache=False, cmake_clean_first=False, cmake_force_configure=False, ament_cmake_args=None, catkin_cmake_args=None, catkin_skip_building_tests=False, verb_parser=<colcon_defaults.argument_parser.defaults.DefaultArgumentsDecorator object at 0x7e0e8b0d9090>, verb_extension=<colcon_core.verb.build.BuildVerb object at 0x7e0e8b0da6e0>, main=<bound method BuildVerb.main of <colcon_core.verb.build.BuildVerb object at 0x7e0e8b0da6e0>>)
[5.109s] Level 1:colcon.colcon_core.package_discovery:discover_packages(colcon_meta) check parameters
[5.109s] Level 1:colcon.colcon_core.package_discovery:discover_packages(recursive) check parameters
[5.110s] Level 1:colcon.colcon_core.package_discovery:discover_packages(ignore) check parameters
[5.110s] Level 1:colcon.colcon_core.package_discovery:discover_packages(path) check parameters
[5.110s] Level 1:colcon.colcon_core.package_discovery:discover_packages(colcon_meta) discover
[5.110s] Level 1:colcon.colcon_core.package_discovery:discover_packages(recursive) discover
[5.111s] INFO:colcon.colcon_core.package_discovery:Crawling recursively for packages in '/home/user/ros2_ws_demo'
[5.111s] Level 1:colcon.colcon_core.package_identification:_identify(.) by extensions ['ignore', 'ignore_ament_install']
[5.111s] Level 1:colcon.colcon_core.package_identification:_identify(.) by extension 'ignore'
[5.111s] Level 1:colcon.colcon_core.package_identification:_identify(.) by extension 'ignore_ament_install'
[5.112s] Level 1:colcon.colcon_core.package_identification:_identify(.) by extensions ['colcon_pkg']
[5.112s] Level 1:colcon.colcon_core.package_identification:_identify(.) by extension 'colcon_pkg'
[5.112s] Level 1:colcon.colcon_core.package_identification:_identify(.) by extensions ['colcon_meta']
[5.112s] Level 1:colcon.colcon_core.package_identification:_identify(.) by extension 'colcon_meta'
[5.112s] Level 1:colcon.colcon_core.package_identification:_identify(.) by extensions ['ros']
[5.112s] Level 1:colcon.colcon_core.package_identification:_identify(.) by extension 'ros'
[5.151s] Level 1:colcon.colcon_core.package_identification:_identify(.) by extensions ['cmake', 'python']
[5.152s] Level 1:colcon.colcon_core.package_identification:_identify(.) by extension 'cmake'
[5.152s] Level 1:colcon.colcon_core.package_identification:_identify(.) by extension 'python'
[5.152s] Level 1:colcon.colcon_core.package_identification:_identify(.) by extensions ['python_setup_py']
[5.152s] Level 1:colcon.colcon_core.package_identification:_identify(.) by extension 'python_setup_py'
[5.152s] Level 1:colcon.colcon_core.package_identification:_identify(build) by extensions ['ignore', 'ignore_ament_install']
[5.153s] Level 1:colcon.colcon_core.package_identification:_identify(build) by extension 'ignore'
[5.153s] Level 1:colcon.colcon_core.package_identification:_identify(build) ignored
[5.153s] Level 1:colcon.colcon_core.package_identification:_identify(install) by extensions ['ignore', 'ignore_ament_install']
[5.154s] Level 1:colcon.colcon_core.package_identification:_identify(install) by extension 'ignore'
[5.154s] Level 1:colcon.colcon_core.package_identification:_identify(install) ignored
[5.155s] Level 1:colcon.colcon_core.package_identification:_identify(log) by extensions ['ignore', 'ignore_ament_install']
[5.155s] Level 1:colcon.colcon_core.package_identification:_identify(log) by extension 'ignore'
[5.155s] Level 1:colcon.colcon_core.package_identification:_identify(log) ignored
[5.155s] Level 1:colcon.colcon_core.package_identification:_identify(src) by extensions ['ignore', 'ignore_ament_install']
[5.155s] Level 1:colcon.colcon_core.package_identification:_identify(src) by extension 'ignore'
[5.156s] Level 1:colcon.colcon_core.package_identification:_identify(src) by extension 'ignore_ament_install'
[5.156s] Level 1:colcon.colcon_core.package_identification:_identify(src) by extensions ['colcon_pkg']
[5.156s] Level 1:colcon.colcon_core.package_identification:_identify(src) by extension 'colcon_pkg'
[5.156s] Level 1:colcon.colcon_core.package_identification:_identify(src) by extensions ['colcon_meta']
[5.157s] Level 1:colcon.colcon_core.package_identification:_identify(src) by extension 'colcon_meta'
[5.157s] Level 1:colcon.colcon_core.package_identification:_identify(src) by extensions ['ros']
[5.157s] Level 1:colcon.colcon_core.package_identification:_identify(src) by extension 'ros'
[5.157s] Level 1:colcon.colcon_core.package_identification:_identify(src) by extensions ['cmake', 'python']
[5.157s] Level 1:colcon.colcon_core.package_identification:_identify(src) by extension 'cmake'
[5.157s] Level 1:colcon.colcon_core.package_identification:_identify(src) by extension 'python'
[5.157s] Level 1:colcon.colcon_core.package_identification:_identify(src) by extensions ['python_setup_py']
[5.157s] Level 1:colcon.colcon_core.package_identification:_identify(src) by extension 'python_setup_py'
[5.158s] Level 1:colcon.colcon_core.package_identification:_identify(src/mytest) by extensions ['ignore', 'ignore_ament_install']
[5.158s] Level 1:colcon.colcon_core.package_identification:_identify(src/mytest) by extension 'ignore'
[5.158s] Level 1:colcon.colcon_core.package_identification:_identify(src/mytest) by extension 'ignore_ament_install'
[5.159s] Level 1:colcon.colcon_core.package_identification:_identify(src/mytest) by extensions ['colcon_pkg']
[5.159s] Level 1:colcon.colcon_core.package_identification:_identify(src/mytest) by extension 'colcon_pkg'
[5.159s] Level 1:colcon.colcon_core.package_identification:_identify(src/mytest) by extensions ['colcon_meta']
[5.159s] Level 1:colcon.colcon_core.package_identification:_identify(src/mytest) by extension 'colcon_meta'
[5.159s] Level 1:colcon.colcon_core.package_identification:_identify(src/mytest) by extensions ['ros']
[5.159s] Level 1:colcon.colcon_core.package_identification:_identify(src/mytest) by extension 'ros'
[5.170s] DEBUG:colcon.colcon_core.package_identification:Package 'src/mytest' with type 'ros.ament_python' and name 'mytest'
[5.170s] Level 1:colcon.colcon_core.package_discovery:discover_packages(recursive) using defaults
[5.171s] Level 1:colcon.colcon_core.package_discovery:discover_packages(ignore) discover
[5.171s] Level 1:colcon.colcon_core.package_discovery:discover_packages(ignore) using defaults
[5.171s] Level 1:colcon.colcon_core.package_discovery:discover_packages(path) discover
[5.171s] Level 1:colcon.colcon_core.package_discovery:discover_packages(path) using defaults
[5.587s] Level 1:colcon.colcon_core.package_discovery:discover_packages(prefix_path) check parameters
[5.587s] Level 1:colcon.colcon_core.package_discovery:discover_packages(prefix_path) discover
[5.756s] DEBUG:colcon.colcon_installed_package_information.package_discovery:Found 1 installed packages in /home/user/ros2_ws_demo/install
[5.835s] DEBUG:colcon.colcon_installed_package_information.package_discovery:Found 1 installed packages in /home/user/ros2_ws/install
[5.896s] DEBUG:colcon.colcon_installed_package_information.package_discovery:Found 396 installed packages in /opt/ros/humble
[5.906s] Level 1:colcon.colcon_core.package_discovery:discover_packages(prefix_path) using defaults
[6.678s] Level 5:colcon.colcon_core.verb:set package 'mytest' build argument 'cmake_args' from command line to 'None'
[6.678s] Level 5:colcon.colcon_core.verb:set package 'mytest' build argument 'cmake_target' from command line to 'None'
[6.678s] Level 5:colcon.colcon_core.verb:set package 'mytest' build argument 'cmake_target_skip_unavailable' from command line to 'False'
[6.678s] Level 5:colcon.colcon_core.verb:set package 'mytest' build argument 'cmake_clean_cache' from command line to 'False'
[6.678s] Level 5:colcon.colcon_core.verb:set package 'mytest' build argument 'cmake_clean_first' from command line to 'False'
[6.678s] Level 5:colcon.colcon_core.verb:set package 'mytest' build argument 'cmake_force_configure' from command line to 'False'
[6.678s] Level 5:colcon.colcon_core.verb:set package 'mytest' build argument 'ament_cmake_args' from command line to 'None'
[6.678s] Level 5:colcon.colcon_core.verb:set package 'mytest' build argument 'catkin_cmake_args' from command line to 'None'
[6.678s] Level 5:colcon.colcon_core.verb:set package 'mytest' build argument 'catkin_skip_building_tests' from command line to 'False'
[6.678s] DEBUG:colcon.colcon_core.verb:Building package 'mytest' with the following arguments: {'ament_cmake_args': None, 'build_base': '/home/user/ros2_ws_demo/build/mytest', 'catkin_cmake_args': None, 'catkin_skip_building_tests': False, 'cmake_args': None, 'cmake_clean_cache': False, 'cmake_clean_first': False, 'cmake_force_configure': False, 'cmake_target': None, 'cmake_target_skip_unavailable': False, 'install_base': '/home/user/ros2_ws_demo/install/mytest', 'merge_install': False, 'path': '/home/user/ros2_ws_demo/src/mytest', 'symlink_install': False, 'test_result_base': None}
[6.727s] INFO:colcon.colcon_core.executor:Executing jobs using 'parallel' executor
[6.773s] DEBUG:colcon.colcon_parallel_executor.executor.parallel:run_until_complete
[6.774s] INFO:colcon.colcon_ros.task.ament_python.build:Building ROS package in '/home/user/ros2_ws_demo/src/mytest' with build type 'ament_python'
[6.775s] Level 1:colcon.colcon_core.shell:create_environment_hook('mytest', 'ament_prefix_path')
[6.868s] INFO:colcon.colcon_core.plugin_system:Skipping extension 'colcon_core.shell.bat': Not used on non-Windows systems
[6.868s] INFO:colcon.colcon_core.shell:Creating environment hook '/home/user/ros2_ws_demo/install/mytest/share/mytest/hook/ament_prefix_path.ps1'
[6.877s] INFO:colcon.colcon_core.shell:Creating environment descriptor '/home/user/ros2_ws_demo/install/mytest/share/mytest/hook/ament_prefix_path.dsv'
[6.882s] INFO:colcon.colcon_core.shell:Creating environment hook '/home/user/ros2_ws_demo/install/mytest/share/mytest/hook/ament_prefix_path.sh'
[6.948s] INFO:colcon.colcon_core.shell:Skip shell extension 'powershell' for command environment: Not usable outside of PowerShell
[6.948s] DEBUG:colcon.colcon_core.shell:Skip shell extension 'dsv' for command environment
[8.051s] INFO:colcon.colcon_core.task.python.build:Building Python package in '/home/user/ros2_ws_demo/src/mytest'
[8.097s] INFO:colcon.colcon_core.shell:Skip shell extension 'powershell' for command environment: Not usable outside of PowerShell
[8.098s] DEBUG:colcon.colcon_core.shell:Skip shell extension 'dsv' for command environment
[10.345s] DEBUG:colcon.colcon_core.event_handler.log_command:Invoking command in '/home/user/ros2_ws_demo/src/mytest': PYTHONPATH=/home/user/ros2_ws_demo/build/mytest/prefix_override:/home/user/ros2_ws_demo/install/mytest/lib/python3.10/site-packages:${PYTHONPATH} /usr/bin/python3 setup.py egg_info --egg-base ../../build/mytest build --build-base /home/user/ros2_ws_demo/build/mytest/build install --record /home/user/ros2_ws_demo/build/mytest/install.log --single-version-externally-managed
[11.363s] DEBUG:colcon.colcon_core.event_handler.log_command:Invoked command in '/home/user/ros2_ws_demo/src/mytest' returned '0': PYTHONPATH=/home/user/ros2_ws_demo/build/mytest/prefix_override:/home/user/ros2_ws_demo/install/mytest/lib/python3.10/site-packages:${PYTHONPATH} /usr/bin/python3 setup.py egg_info --egg-base ../../build/mytest build --build-base /home/user/ros2_ws_demo/build/mytest/build install --record /home/user/ros2_ws_demo/build/mytest/install.log --single-version-externally-managed
[11.436s] Level 1:colcon.colcon_core.environment:checking '/home/user/ros2_ws_demo/install/mytest' for CMake module files
[11.438s] Level 1:colcon.colcon_core.environment:checking '/home/user/ros2_ws_demo/install/mytest' for CMake config files
[11.444s] Level 1:colcon.colcon_core.environment:checking '/home/user/ros2_ws_demo/install/mytest/lib'
[11.445s] Level 1:colcon.colcon_core.environment:checking '/home/user/ros2_ws_demo/install/mytest/bin'
[11.445s] Level 1:colcon.colcon_core.environment:checking '/home/user/ros2_ws_demo/install/mytest/lib/pkgconfig/mytest.pc'
[11.447s] Level 1:colcon.colcon_core.environment:checking '/home/user/ros2_ws_demo/install/mytest/lib/python3.10/site-packages'
[11.447s] Level 1:colcon.colcon_core.shell:create_environment_hook('mytest', 'pythonpath')
[11.496s] INFO:colcon.colcon_core.shell:Creating environment hook '/home/user/ros2_ws_demo/install/mytest/share/mytest/hook/pythonpath.ps1'
[11.497s] INFO:colcon.colcon_core.shell:Creating environment descriptor '/home/user/ros2_ws_demo/install/mytest/share/mytest/hook/pythonpath.dsv'
[11.498s] INFO:colcon.colcon_core.shell:Creating environment hook '/home/user/ros2_ws_demo/install/mytest/share/mytest/hook/pythonpath.sh'
[11.501s] Level 1:colcon.colcon_core.environment:checking '/home/user/ros2_ws_demo/install/mytest/bin'
[11.501s] Level 1:colcon.colcon_core.environment:create_environment_scripts_only(mytest)
[11.570s] INFO:colcon.colcon_core.shell:Creating package script '/home/user/ros2_ws_demo/install/mytest/share/mytest/package.ps1'
[11.585s] INFO:colcon.colcon_core.shell:Creating package descriptor '/home/user/ros2_ws_demo/install/mytest/share/mytest/package.dsv'
[11.589s] INFO:colcon.colcon_core.shell:Creating package script '/home/user/ros2_ws_demo/install/mytest/share/mytest/package.sh'
[11.594s] INFO:colcon.colcon_core.shell:Creating package script '/home/user/ros2_ws_demo/install/mytest/share/mytest/package.bash'
[11.599s] INFO:colcon.colcon_core.shell:Creating package script '/home/user/ros2_ws_demo/install/mytest/share/mytest/package.zsh'
[11.605s] Level 1:colcon.colcon_core.environment:create_file_with_runtime_dependencies(/home/user/ros2_ws_demo/install/mytest/share/colcon-core/packages/mytest)
[11.607s] DEBUG:colcon.colcon_parallel_executor.executor.parallel:closing loop
[11.610s] DEBUG:colcon.colcon_parallel_executor.executor.parallel:loop closed
[11.610s] DEBUG:colcon.colcon_parallel_executor.executor.parallel:run_until_complete finished with '0'
[11.610s] DEBUG:colcon.colcon_core.event_reactor:joining thread
[11.721s] INFO:colcon.colcon_core.plugin_system:Skipping extension 'colcon_notification.desktop_notification.terminal_notifier': Not used on non-Darwin systems
[11.722s] INFO:colcon.colcon_core.plugin_system:Skipping extension 'colcon_notification.desktop_notification.win32': Not used on non-Windows systems
[11.722s] INFO:colcon.colcon_notification.desktop_notification:Sending desktop notification using 'notify2'
[11.764s] DEBUG:colcon.colcon_core.event_reactor:joined thread
[11.844s] INFO:colcon.colcon_core.shell:Creating prefix script '/home/user/ros2_ws_demo/install/local_setup.ps1'
[11.849s] INFO:colcon.colcon_core.shell:Creating prefix util module '/home/user/ros2_ws_demo/install/_local_setup_util_ps1.py'
[11.855s] INFO:colcon.colcon_core.shell:Creating prefix chain script '/home/user/ros2_ws_demo/install/setup.ps1'
[11.931s] INFO:colcon.colcon_core.shell:Creating prefix script '/home/user/ros2_ws_demo/install/local_setup.sh'
[11.935s] INFO:colcon.colcon_core.shell:Creating prefix util module '/home/user/ros2_ws_demo/install/_local_setup_util_sh.py'
[11.938s] INFO:colcon.colcon_core.shell:Creating prefix chain script '/home/user/ros2_ws_demo/install/setup.sh'
[12.010s] INFO:colcon.colcon_core.shell:Creating prefix script '/home/user/ros2_ws_demo/install/local_setup.bash'
[12.013s] INFO:colcon.colcon_core.shell:Creating prefix chain script '/home/user/ros2_ws_demo/install/setup.bash'
[12.061s] INFO:colcon.colcon_core.shell:Creating prefix script '/home/user/ros2_ws_demo/install/local_setup.zsh'
[12.065s] INFO:colcon.colcon_core.shell:Creating prefix chain script '/home/user/ros2_ws_demo/install/setup.zsh'
