[3.459s] DEBUG:colcon:Command line arguments: ['/usr/bin/colcon', 'build']
[3.459s] DEBUG:colcon:Parsed command line arguments: Namespace(log_base=None, log_level=None, verb_name='build', build_base='build', install_base='install', merge_install=False, symlink_install=False, test_result_base=None, continue_on_error=False, executor='parallel', parallel_workers=2, event_handlers=None, ignore_user_meta=False, metas=['./colcon.meta'], base_paths=['.'], packages_ignore=None, packages_ignore_regex=None, paths=None, packages_up_to=None, packages_up_to_regex=None, packages_above=None, packages_above_and_dependencies=None, packages_above_depth=None, packages_select_by_dep=None, packages_skip_by_dep=None, packages_skip_up_to=None, packages_select_build_failed=False, packages_skip_build_finished=False, packages_select_test_failures=False, packages_skip_test_passed=False, packages_select=None, packages_skip=None, packages_select_regex=None, packages_skip_regex=None, packages_start=None, packages_end=None, allow_overriding=[], cmake_args=None, cmake_target=None, cmake_target_skip_unavailable=False, cmake_clean_cache=False, cmake_clean_first=False, cmake_force_configure=False, ament_cmake_args=None, catkin_cmake_args=None, catkin_skip_building_tests=False, verb_parser=<colcon_defaults.argument_parser.defaults.DefaultArgumentsDecorator object at 0x7f98236dd630>, verb_extension=<colcon_core.verb.build.BuildVerb object at 0x7f98236dc250>, main=<bound method BuildVerb.main of <colcon_core.verb.build.BuildVerb object at 0x7f98236dc250>>)
[3.594s] Level 1:colcon.colcon_core.package_discovery:discover_packages(colcon_meta) check parameters
[3.595s] Level 1:colcon.colcon_core.package_discovery:discover_packages(recursive) check parameters
[3.595s] Level 1:colcon.colcon_core.package_discovery:discover_packages(ignore) check parameters
[3.595s] Level 1:colcon.colcon_core.package_discovery:discover_packages(path) check parameters
[3.595s] Level 1:colcon.colcon_core.package_discovery:discover_packages(colcon_meta) discover
[3.595s] Level 1:colcon.colcon_core.package_discovery:discover_packages(recursive) discover
[3.595s] INFO:colcon.colcon_core.package_discovery:Crawling recursively for packages in '/home/user/ros2_ws_demo'
[3.595s] Level 1:colcon.colcon_core.package_identification:_identify(.) by extensions ['ignore', 'ignore_ament_install']
[3.596s] Level 1:colcon.colcon_core.package_identification:_identify(.) by extension 'ignore'
[3.596s] Level 1:colcon.colcon_core.package_identification:_identify(.) by extension 'ignore_ament_install'
[3.596s] Level 1:colcon.colcon_core.package_identification:_identify(.) by extensions ['colcon_pkg']
[3.596s] Level 1:colcon.colcon_core.package_identification:_identify(.) by extension 'colcon_pkg'
[3.596s] Level 1:colcon.colcon_core.package_identification:_identify(.) by extensions ['colcon_meta']
[3.596s] Level 1:colcon.colcon_core.package_identification:_identify(.) by extension 'colcon_meta'
[3.596s] Level 1:colcon.colcon_core.package_identification:_identify(.) by extensions ['ros']
[3.596s] Level 1:colcon.colcon_core.package_identification:_identify(.) by extension 'ros'
[3.631s] Level 1:colcon.colcon_core.package_identification:_identify(.) by extensions ['cmake', 'python']
[3.631s] Level 1:colcon.colcon_core.package_identification:_identify(.) by extension 'cmake'
[3.631s] Level 1:colcon.colcon_core.package_identification:_identify(.) by extension 'python'
[3.631s] Level 1:colcon.colcon_core.package_identification:_identify(.) by extensions ['python_setup_py']
[3.631s] Level 1:colcon.colcon_core.package_identification:_identify(.) by extension 'python_setup_py'
[3.632s] Level 1:colcon.colcon_core.package_identification:_identify(build) by extensions ['ignore', 'ignore_ament_install']
[3.632s] Level 1:colcon.colcon_core.package_identification:_identify(build) by extension 'ignore'
[3.632s] Level 1:colcon.colcon_core.package_identification:_identify(build) ignored
[3.632s] Level 1:colcon.colcon_core.package_identification:_identify(install) by extensions ['ignore', 'ignore_ament_install']
[3.633s] Level 1:colcon.colcon_core.package_identification:_identify(install) by extension 'ignore'
[3.633s] Level 1:colcon.colcon_core.package_identification:_identify(install) ignored
[3.633s] Level 1:colcon.colcon_core.package_identification:_identify(log) by extensions ['ignore', 'ignore_ament_install']
[3.633s] Level 1:colcon.colcon_core.package_identification:_identify(log) by extension 'ignore'
[3.633s] Level 1:colcon.colcon_core.package_identification:_identify(log) ignored
[3.634s] Level 1:colcon.colcon_core.package_identification:_identify(src) by extensions ['ignore', 'ignore_ament_install']
[3.634s] Level 1:colcon.colcon_core.package_identification:_identify(src) by extension 'ignore'
[3.634s] Level 1:colcon.colcon_core.package_identification:_identify(src) by extension 'ignore_ament_install'
[3.634s] Level 1:colcon.colcon_core.package_identification:_identify(src) by extensions ['colcon_pkg']
[3.634s] Level 1:colcon.colcon_core.package_identification:_identify(src) by extension 'colcon_pkg'
[3.634s] Level 1:colcon.colcon_core.package_identification:_identify(src) by extensions ['colcon_meta']
[3.634s] Level 1:colcon.colcon_core.package_identification:_identify(src) by extension 'colcon_meta'
[3.634s] Level 1:colcon.colcon_core.package_identification:_identify(src) by extensions ['ros']
[3.635s] Level 1:colcon.colcon_core.package_identification:_identify(src) by extension 'ros'
[3.635s] Level 1:colcon.colcon_core.package_identification:_identify(src) by extensions ['cmake', 'python']
[3.635s] Level 1:colcon.colcon_core.package_identification:_identify(src) by extension 'cmake'
[3.635s] Level 1:colcon.colcon_core.package_identification:_identify(src) by extension 'python'
[3.635s] Level 1:colcon.colcon_core.package_identification:_identify(src) by extensions ['python_setup_py']
[3.635s] Level 1:colcon.colcon_core.package_identification:_identify(src) by extension 'python_setup_py'
[3.635s] Level 1:colcon.colcon_core.package_identification:_identify(src/mytest) by extensions ['ignore', 'ignore_ament_install']
[3.636s] Level 1:colcon.colcon_core.package_identification:_identify(src/mytest) by extension 'ignore'
[3.636s] Level 1:colcon.colcon_core.package_identification:_identify(src/mytest) by extension 'ignore_ament_install'
[3.636s] Level 1:colcon.colcon_core.package_identification:_identify(src/mytest) by extensions ['colcon_pkg']
[3.636s] Level 1:colcon.colcon_core.package_identification:_identify(src/mytest) by extension 'colcon_pkg'
[3.636s] Level 1:colcon.colcon_core.package_identification:_identify(src/mytest) by extensions ['colcon_meta']
[3.636s] Level 1:colcon.colcon_core.package_identification:_identify(src/mytest) by extension 'colcon_meta'
[3.636s] Level 1:colcon.colcon_core.package_identification:_identify(src/mytest) by extensions ['ros']
[3.636s] Level 1:colcon.colcon_core.package_identification:_identify(src/mytest) by extension 'ros'
[3.642s] DEBUG:colcon.colcon_core.package_identification:Package 'src/mytest' with type 'ros.ament_python' and name 'mytest'
[3.643s] Level 1:colcon.colcon_core.package_discovery:discover_packages(recursive) using defaults
[3.643s] Level 1:colcon.colcon_core.package_discovery:discover_packages(ignore) discover
[3.643s] Level 1:colcon.colcon_core.package_discovery:discover_packages(ignore) using defaults
[3.643s] Level 1:colcon.colcon_core.package_discovery:discover_packages(path) discover
[3.643s] Level 1:colcon.colcon_core.package_discovery:discover_packages(path) using defaults
[3.934s] Level 1:colcon.colcon_core.package_discovery:discover_packages(prefix_path) check parameters
[3.934s] Level 1:colcon.colcon_core.package_discovery:discover_packages(prefix_path) discover
[4.024s] DEBUG:colcon.colcon_installed_package_information.package_discovery:Found 1 installed packages in /home/user/ros2_ws_demo/install
[4.086s] DEBUG:colcon.colcon_installed_package_information.package_discovery:Found 1 installed packages in /home/user/ros2_ws/install
[4.152s] DEBUG:colcon.colcon_installed_package_information.package_discovery:Found 396 installed packages in /opt/ros/humble
[4.156s] Level 1:colcon.colcon_core.package_discovery:discover_packages(prefix_path) using defaults
[4.482s] Level 5:colcon.colcon_core.verb:set package 'mytest' build argument 'cmake_args' from command line to 'None'
[4.482s] Level 5:colcon.colcon_core.verb:set package 'mytest' build argument 'cmake_target' from command line to 'None'
[4.482s] Level 5:colcon.colcon_core.verb:set package 'mytest' build argument 'cmake_target_skip_unavailable' from command line to 'False'
[4.482s] Level 5:colcon.colcon_core.verb:set package 'mytest' build argument 'cmake_clean_cache' from command line to 'False'
[4.482s] Level 5:colcon.colcon_core.verb:set package 'mytest' build argument 'cmake_clean_first' from command line to 'False'
[4.482s] Level 5:colcon.colcon_core.verb:set package 'mytest' build argument 'cmake_force_configure' from command line to 'False'
[4.482s] Level 5:colcon.colcon_core.verb:set package 'mytest' build argument 'ament_cmake_args' from command line to 'None'
[4.482s] Level 5:colcon.colcon_core.verb:set package 'mytest' build argument 'catkin_cmake_args' from command line to 'None'
[4.482s] Level 5:colcon.colcon_core.verb:set package 'mytest' build argument 'catkin_skip_building_tests' from command line to 'False'
[4.483s] DEBUG:colcon.colcon_core.verb:Building package 'mytest' with the following arguments: {'ament_cmake_args': None, 'build_base': '/home/user/ros2_ws_demo/build/mytest', 'catkin_cmake_args': None, 'catkin_skip_building_tests': False, 'cmake_args': None, 'cmake_clean_cache': False, 'cmake_clean_first': False, 'cmake_force_configure': False, 'cmake_target': None, 'cmake_target_skip_unavailable': False, 'install_base': '/home/user/ros2_ws_demo/install/mytest', 'merge_install': False, 'path': '/home/user/ros2_ws_demo/src/mytest', 'symlink_install': False, 'test_result_base': None}
[4.524s] INFO:colcon.colcon_core.executor:Executing jobs using 'parallel' executor
[4.571s] DEBUG:colcon.colcon_parallel_executor.executor.parallel:run_until_complete
[4.572s] INFO:colcon.colcon_ros.task.ament_python.build:Building ROS package in '/home/user/ros2_ws_demo/src/mytest' with build type 'ament_python'
[4.572s] Level 1:colcon.colcon_core.shell:create_environment_hook('mytest', 'ament_prefix_path')
[4.636s] INFO:colcon.colcon_core.plugin_system:Skipping extension 'colcon_core.shell.bat': Not used on non-Windows systems
[4.636s] INFO:colcon.colcon_core.shell:Creating environment hook '/home/user/ros2_ws_demo/install/mytest/share/mytest/hook/ament_prefix_path.ps1'
[4.637s] INFO:colcon.colcon_core.shell:Creating environment descriptor '/home/user/ros2_ws_demo/install/mytest/share/mytest/hook/ament_prefix_path.dsv'
[4.639s] INFO:colcon.colcon_core.shell:Creating environment hook '/home/user/ros2_ws_demo/install/mytest/share/mytest/hook/ament_prefix_path.sh'
[4.674s] INFO:colcon.colcon_core.shell:Skip shell extension 'powershell' for command environment: Not usable outside of PowerShell
[4.674s] DEBUG:colcon.colcon_core.shell:Skip shell extension 'dsv' for command environment
[5.602s] INFO:colcon.colcon_core.task.python.build:Building Python package in '/home/user/ros2_ws_demo/src/mytest'
[5.654s] INFO:colcon.colcon_core.shell:Skip shell extension 'powershell' for command environment: Not usable outside of PowerShell
[5.655s] DEBUG:colcon.colcon_core.shell:Skip shell extension 'dsv' for command environment
[6.982s] DEBUG:colcon.colcon_core.event_handler.log_command:Invoking command in '/home/user/ros2_ws_demo/src/mytest': PYTHONPATH=/home/user/ros2_ws_demo/build/mytest/prefix_override:/home/user/ros2_ws_demo/install/mytest/lib/python3.10/site-packages:${PYTHONPATH} /usr/bin/python3 setup.py egg_info --egg-base ../../build/mytest build --build-base /home/user/ros2_ws_demo/build/mytest/build install --record /home/user/ros2_ws_demo/build/mytest/install.log --single-version-externally-managed
[8.103s] DEBUG:colcon.colcon_core.event_handler.log_command:Invoked command in '/home/user/ros2_ws_demo/src/mytest' returned '0': PYTHONPATH=/home/user/ros2_ws_demo/build/mytest/prefix_override:/home/user/ros2_ws_demo/install/mytest/lib/python3.10/site-packages:${PYTHONPATH} /usr/bin/python3 setup.py egg_info --egg-base ../../build/mytest build --build-base /home/user/ros2_ws_demo/build/mytest/build install --record /home/user/ros2_ws_demo/build/mytest/install.log --single-version-externally-managed
[8.160s] Level 1:colcon.colcon_core.environment:checking '/home/user/ros2_ws_demo/install/mytest' for CMake module files
[8.161s] Level 1:colcon.colcon_core.environment:checking '/home/user/ros2_ws_demo/install/mytest' for CMake config files
[8.163s] Level 1:colcon.colcon_core.environment:checking '/home/user/ros2_ws_demo/install/mytest/lib'
[8.164s] Level 1:colcon.colcon_core.environment:checking '/home/user/ros2_ws_demo/install/mytest/bin'
[8.164s] Level 1:colcon.colcon_core.environment:checking '/home/user/ros2_ws_demo/install/mytest/lib/pkgconfig/mytest.pc'
[8.165s] Level 1:colcon.colcon_core.environment:checking '/home/user/ros2_ws_demo/install/mytest/lib/python3.10/site-packages'
[8.165s] Level 1:colcon.colcon_core.shell:create_environment_hook('mytest', 'pythonpath')
[8.209s] INFO:colcon.colcon_core.shell:Creating environment hook '/home/user/ros2_ws_demo/install/mytest/share/mytest/hook/pythonpath.ps1'
[8.211s] INFO:colcon.colcon_core.shell:Creating environment descriptor '/home/user/ros2_ws_demo/install/mytest/share/mytest/hook/pythonpath.dsv'
[8.213s] INFO:colcon.colcon_core.shell:Creating environment hook '/home/user/ros2_ws_demo/install/mytest/share/mytest/hook/pythonpath.sh'
[8.215s] Level 1:colcon.colcon_core.environment:checking '/home/user/ros2_ws_demo/install/mytest/bin'
[8.215s] Level 1:colcon.colcon_core.environment:create_environment_scripts_only(mytest)
[8.266s] INFO:colcon.colcon_core.shell:Creating package script '/home/user/ros2_ws_demo/install/mytest/share/mytest/package.ps1'
[8.269s] INFO:colcon.colcon_core.shell:Creating package descriptor '/home/user/ros2_ws_demo/install/mytest/share/mytest/package.dsv'
[8.271s] INFO:colcon.colcon_core.shell:Creating package script '/home/user/ros2_ws_demo/install/mytest/share/mytest/package.sh'
[8.273s] INFO:colcon.colcon_core.shell:Creating package script '/home/user/ros2_ws_demo/install/mytest/share/mytest/package.bash'
[8.275s] INFO:colcon.colcon_core.shell:Creating package script '/home/user/ros2_ws_demo/install/mytest/share/mytest/package.zsh'
[8.277s] Level 1:colcon.colcon_core.environment:create_file_with_runtime_dependencies(/home/user/ros2_ws_demo/install/mytest/share/colcon-core/packages/mytest)
[8.279s] DEBUG:colcon.colcon_parallel_executor.executor.parallel:closing loop
[8.282s] DEBUG:colcon.colcon_parallel_executor.executor.parallel:loop closed
[8.282s] DEBUG:colcon.colcon_parallel_executor.executor.parallel:run_until_complete finished with '0'
[8.282s] DEBUG:colcon.colcon_core.event_reactor:joining thread
[8.354s] INFO:colcon.colcon_core.plugin_system:Skipping extension 'colcon_notification.desktop_notification.terminal_notifier': Not used on non-Darwin systems
[8.354s] INFO:colcon.colcon_core.plugin_system:Skipping extension 'colcon_notification.desktop_notification.win32': Not used on non-Windows systems
[8.354s] INFO:colcon.colcon_notification.desktop_notification:Sending desktop notification using 'notify2'
[8.394s] DEBUG:colcon.colcon_core.event_reactor:joined thread
[8.466s] INFO:colcon.colcon_core.shell:Creating prefix script '/home/user/ros2_ws_demo/install/local_setup.ps1'
[8.470s] INFO:colcon.colcon_core.shell:Creating prefix util module '/home/user/ros2_ws_demo/install/_local_setup_util_ps1.py'
[8.475s] INFO:colcon.colcon_core.shell:Creating prefix chain script '/home/user/ros2_ws_demo/install/setup.ps1'
[8.538s] INFO:colcon.colcon_core.shell:Creating prefix script '/home/user/ros2_ws_demo/install/local_setup.sh'
[8.541s] INFO:colcon.colcon_core.shell:Creating prefix util module '/home/user/ros2_ws_demo/install/_local_setup_util_sh.py'
[8.543s] INFO:colcon.colcon_core.shell:Creating prefix chain script '/home/user/ros2_ws_demo/install/setup.sh'
[8.610s] INFO:colcon.colcon_core.shell:Creating prefix script '/home/user/ros2_ws_demo/install/local_setup.bash'
[8.612s] INFO:colcon.colcon_core.shell:Creating prefix chain script '/home/user/ros2_ws_demo/install/setup.bash'
[8.659s] INFO:colcon.colcon_core.shell:Creating prefix script '/home/user/ros2_ws_demo/install/local_setup.zsh'
[8.661s] INFO:colcon.colcon_core.shell:Creating prefix chain script '/home/user/ros2_ws_demo/install/setup.zsh'
