[5.061s] Invoking command in '/home/user/ros2_emo_voice/src/emo_voice': PYTHONPATH=/home/user/ros2_emo_voice/build/emo_voice/prefix_override:/home/user/ros2_emo_voice/install/emo_voice/lib/python3.10/site-packages:${PYTHONPATH} /usr/bin/python3 setup.py egg_info --egg-base ../../build/emo_voice build --build-base /home/user/ros2_emo_voice/build/emo_voice/build install --record /home/user/ros2_emo_voice/build/emo_voice/install.log --single-version-externally-managed
[6.426s] running egg_info
[6.427s] writing ../../build/emo_voice/emo_voice.egg-info/PKG-INFO
[6.427s] writing dependency_links to ../../build/emo_voice/emo_voice.egg-info/dependency_links.txt
[6.427s] writing entry points to ../../build/emo_voice/emo_voice.egg-info/entry_points.txt
[6.428s] writing requirements to ../../build/emo_voice/emo_voice.egg-info/requires.txt
[6.446s] writing top-level names to ../../build/emo_voice/emo_voice.egg-info/top_level.txt
[6.457s] reading manifest file '../../build/emo_voice/emo_voice.egg-info/SOURCES.txt'
[6.460s] writing manifest file '../../build/emo_voice/emo_voice.egg-info/SOURCES.txt'
[6.460s] running build
[6.460s] running build_py
[6.465s] copying emo_voice/voice.py -> /home/user/ros2_emo_voice/build/emo_voice/build/lib/emo_voice
[6.486s] running install
[6.487s] running install_lib
[6.487s] copying /home/user/ros2_emo_voice/build/emo_voice/build/lib/emo_voice/voice.py -> /home/user/ros2_emo_voice/install/emo_voice/lib/python3.10/site-packages/emo_voice
[6.487s] byte-compiling /home/user/ros2_emo_voice/install/emo_voice/lib/python3.10/site-packages/emo_voice/voice.py to voice.cpython-310.pyc
[6.488s] running install_data
[6.488s] running install_egg_info
[6.497s] removing '/home/user/ros2_emo_voice/install/emo_voice/lib/python3.10/site-packages/emo_voice-0.0.0-py3.10.egg-info' (and everything under it)
[6.497s] Copying ../../build/emo_voice/emo_voice.egg-info to /home/user/ros2_emo_voice/install/emo_voice/lib/python3.10/site-packages/emo_voice-0.0.0-py3.10.egg-info
[6.497s] running install_scripts
[6.616s] Installing client script to /home/user/ros2_emo_voice/install/emo_voice/lib/emo_voice
[6.618s] Installing move script to /home/user/ros2_emo_voice/install/emo_voice/lib/emo_voice
[6.622s] Installing plot script to /home/user/ros2_emo_voice/install/emo_voice/lib/emo_voice
[6.627s] Installing sensor_pnnx script to /home/user/ros2_emo_voice/install/emo_voice/lib/emo_voice
[6.634s] Installing server script to /home/user/ros2_emo_voice/install/emo_voice/lib/emo_voice
[6.637s] writing list of installed files to '/home/user/ros2_emo_voice/build/emo_voice/install.log'
[6.921s] Invoked command in '/home/user/ros2_emo_voice/src/emo_voice' returned '0': PYTHONPATH=/home/user/ros2_emo_voice/build/emo_voice/prefix_override:/home/user/ros2_emo_voice/install/emo_voice/lib/python3.10/site-packages:${PYTHONPATH} /usr/bin/python3 setup.py egg_info --egg-base ../../build/emo_voice build --build-base /home/user/ros2_emo_voice/build/emo_voice/build install --record /home/user/ros2_emo_voice/build/emo_voice/install.log --single-version-externally-managed
