[4.338s] Invoking command in '/home/user/ros2_emo_voice/src/emo_voice': PYTHONPATH=/home/user/ros2_emo_voice/build/emo_voice/prefix_override:/home/user/ros2_emo_voice/install/emo_voice/lib/python3.10/site-packages:${PYTHONPATH} /usr/bin/python3 setup.py egg_info --egg-base ../../build/emo_voice build --build-base /home/user/ros2_emo_voice/build/emo_voice/build install --record /home/user/ros2_emo_voice/build/emo_voice/install.log --single-version-externally-managed
[4.996s] running egg_info
[4.997s] writing ../../build/emo_voice/emo_voice.egg-info/PKG-INFO
[4.998s] writing dependency_links to ../../build/emo_voice/emo_voice.egg-info/dependency_links.txt
[4.998s] writing entry points to ../../build/emo_voice/emo_voice.egg-info/entry_points.txt
[4.999s] writing requirements to ../../build/emo_voice/emo_voice.egg-info/requires.txt
[5.000s] writing top-level names to ../../build/emo_voice/emo_voice.egg-info/top_level.txt
[5.003s] reading manifest file '../../build/emo_voice/emo_voice.egg-info/SOURCES.txt'
[5.003s] writing manifest file '../../build/emo_voice/emo_voice.egg-info/SOURCES.txt'
[5.003s] running build
[5.003s] running build_py
[5.003s] copying emo_voice/voice.py -> /home/user/ros2_emo_voice/build/emo_voice/build/lib/emo_voice
[5.004s] running install
[5.004s] running install_lib
[5.009s] copying /home/user/ros2_emo_voice/build/emo_voice/build/lib/emo_voice/voice.py -> /home/user/ros2_emo_voice/install/emo_voice/lib/python3.10/site-packages/emo_voice
[5.010s] byte-compiling /home/user/ros2_emo_voice/install/emo_voice/lib/python3.10/site-packages/emo_voice/voice.py to voice.cpython-310.pyc
[5.013s] running install_data
[5.016s] running install_egg_info
[5.018s] removing '/home/user/ros2_emo_voice/install/emo_voice/lib/python3.10/site-packages/emo_voice-0.0.0-py3.10.egg-info' (and everything under it)
[5.085s] Copying ../../build/emo_voice/emo_voice.egg-info to /home/user/ros2_emo_voice/install/emo_voice/lib/python3.10/site-packages/emo_voice-0.0.0-py3.10.egg-info
[5.085s] running install_scripts
[5.149s] Installing client script to /home/user/ros2_emo_voice/install/emo_voice/lib/emo_voice
[5.157s] Installing move script to /home/user/ros2_emo_voice/install/emo_voice/lib/emo_voice
[5.157s] Installing plot script to /home/user/ros2_emo_voice/install/emo_voice/lib/emo_voice
[5.161s] Installing sensor_pnnx script to /home/user/ros2_emo_voice/install/emo_voice/lib/emo_voice
[5.162s] Installing server script to /home/user/ros2_emo_voice/install/emo_voice/lib/emo_voice
[5.173s] writing list of installed files to '/home/user/ros2_emo_voice/build/emo_voice/install.log'
[5.305s] Invoked command in '/home/user/ros2_emo_voice/src/emo_voice' returned '0': PYTHONPATH=/home/user/ros2_emo_voice/build/emo_voice/prefix_override:/home/user/ros2_emo_voice/install/emo_voice/lib/python3.10/site-packages:${PYTHONPATH} /usr/bin/python3 setup.py egg_info --egg-base ../../build/emo_voice build --build-base /home/user/ros2_emo_voice/build/emo_voice/build install --record /home/user/ros2_emo_voice/build/emo_voice/install.log --single-version-externally-managed
