[2.415s] Invoking command in '/home/user/ros2_emo_voice/build/emo_voice_interfaces': CMAKE_PREFIX_PATH=${CMAKE_PREFIX_PATH}:/home/user/ros2_emo_voice/install/emo_voice:/home/user/ros2_ws/install/mytest:/opt/ros/humble /usr/bin/cmake --build /home/user/ros2_emo_voice/build/emo_voice_interfaces -- -j2 -l2
[4.546s] [  3%] Built target emo_voice_interfaces__cpp
[4.776s] [ 12%] Built target emo_voice_interfaces__rosidl_generator_c
[4.999s] [ 12%] Built target ament_cmake_python_copy_emo_voice_interfaces
[5.205s] [ 22%] Built target emo_voice_interfaces__rosidl_typesupport_cpp
[5.411s] [ 32%] Built target emo_voice_interfaces__rosidl_typesupport_fastrtps_c
[5.773s] [ 41%] Built target emo_voice_interfaces__rosidl_typesupport_introspection_c
[5.947s] [ 51%] Built target emo_voice_interfaces__rosidl_typesupport_c
[6.107s] [ 61%] Built target emo_voice_interfaces__rosidl_typesupport_fastrtps_cpp
[6.349s] [ 70%] Built target emo_voice_interfaces__rosidl_typesupport_introspection_cpp
[9.836s] running egg_info
[9.847s] writing emo_voice_interfaces.egg-info/PKG-INFO
[9.850s] writing dependency_links to emo_voice_interfaces.egg-info/dependency_links.txt
[9.854s] writing top-level names to emo_voice_interfaces.egg-info/top_level.txt
[9.877s] reading manifest file 'emo_voice_interfaces.egg-info/SOURCES.txt'
[9.883s] writing manifest file 'emo_voice_interfaces.egg-info/SOURCES.txt'
[10.057s] [ 70%] Built target ament_cmake_python_build_emo_voice_interfaces_egg
[10.189s] [ 70%] Built target emo_voice_interfaces
[10.315s] [ 74%] Built target emo_voice_interfaces__py
[10.504s] [ 80%] Built target emo_voice_interfaces__rosidl_generator_py
[10.761s] [ 87%] Built target emo_voice_interfaces__rosidl_typesupport_fastrtps_c__pyext
[10.923s] [ 93%] Built target emo_voice_interfaces__rosidl_typesupport_introspection_c__pyext
[11.048s] [100%] Built target emo_voice_interfaces__rosidl_typesupport_c__pyext
[11.122s] Invoked command in '/home/user/ros2_emo_voice/build/emo_voice_interfaces' returned '0': CMAKE_PREFIX_PATH=${CMAKE_PREFIX_PATH}:/home/user/ros2_emo_voice/install/emo_voice:/home/user/ros2_ws/install/mytest:/opt/ros/humble /usr/bin/cmake --build /home/user/ros2_emo_voice/build/emo_voice_interfaces -- -j2 -l2
[12.341s] Invoking command in '/home/user/ros2_emo_voice/build/emo_voice_interfaces': CMAKE_PREFIX_PATH=${CMAKE_PREFIX_PATH}:/home/user/ros2_emo_voice/install/emo_voice:/home/user/ros2_ws/install/mytest:/opt/ros/humble /usr/bin/cmake --install /home/user/ros2_emo_voice/build/emo_voice_interfaces
[12.444s] -- Install configuration: ""
[12.448s] -- Up-to-date: /home/user/ros2_emo_voice/install/emo_voice_interfaces/share/ament_index/resource_index/rosidl_interfaces/emo_voice_interfaces
[12.453s] -- Up-to-date: /home/user/ros2_emo_voice/install/emo_voice_interfaces/include/emo_voice_interfaces/emo_voice_interfaces
[12.454s] -- Up-to-date: /home/user/ros2_emo_voice/install/emo_voice_interfaces/include/emo_voice_interfaces/emo_voice_interfaces/msg
[12.464s] -- Up-to-date: /home/user/ros2_emo_voice/install/emo_voice_interfaces/include/emo_voice_interfaces/emo_voice_interfaces/msg/rosidl_generator_c__visibility_control.h
[12.466s] -- Up-to-date: /home/user/ros2_emo_voice/install/emo_voice_interfaces/include/emo_voice_interfaces/emo_voice_interfaces/srv
[12.467s] -- Up-to-date: /home/user/ros2_emo_voice/install/emo_voice_interfaces/include/emo_voice_interfaces/emo_voice_interfaces/srv/detail
[12.468s] -- Up-to-date: /home/user/ros2_emo_voice/install/emo_voice_interfaces/include/emo_voice_interfaces/emo_voice_interfaces/srv/detail/gen_text__struct.h
[12.468s] -- Up-to-date: /home/user/ros2_emo_voice/install/emo_voice_interfaces/include/emo_voice_interfaces/emo_voice_interfaces/srv/detail/gen_text__type_support.h
[12.469s] -- Up-to-date: /home/user/ros2_emo_voice/install/emo_voice_interfaces/include/emo_voice_interfaces/emo_voice_interfaces/srv/detail/gen_text__functions.h
[12.469s] -- Up-to-date: /home/user/ros2_emo_voice/install/emo_voice_interfaces/include/emo_voice_interfaces/emo_voice_interfaces/srv/detail/gen_text__functions.c
[12.469s] -- Up-to-date: /home/user/ros2_emo_voice/install/emo_voice_interfaces/include/emo_voice_interfaces/emo_voice_interfaces/srv/gen_text.h
[12.470s] -- Up-to-date: /home/user/ros2_emo_voice/install/emo_voice_interfaces/share/emo_voice_interfaces/environment/library_path.sh
[12.470s] -- Up-to-date: /home/user/ros2_emo_voice/install/emo_voice_interfaces/share/emo_voice_interfaces/environment/library_path.dsv
[12.484s] -- Up-to-date: /home/user/ros2_emo_voice/install/emo_voice_interfaces/lib/libemo_voice_interfaces__rosidl_generator_c.so
[12.485s] -- Up-to-date: /home/user/ros2_emo_voice/install/emo_voice_interfaces/include/emo_voice_interfaces/emo_voice_interfaces
[12.491s] -- Up-to-date: /home/user/ros2_emo_voice/install/emo_voice_interfaces/include/emo_voice_interfaces/emo_voice_interfaces/msg
[12.492s] -- Up-to-date: /home/user/ros2_emo_voice/install/emo_voice_interfaces/include/emo_voice_interfaces/emo_voice_interfaces/msg/rosidl_typesupport_fastrtps_c__visibility_control.h
[12.493s] -- Up-to-date: /home/user/ros2_emo_voice/install/emo_voice_interfaces/include/emo_voice_interfaces/emo_voice_interfaces/srv
[12.501s] -- Up-to-date: /home/user/ros2_emo_voice/install/emo_voice_interfaces/include/emo_voice_interfaces/emo_voice_interfaces/srv/detail
[12.501s] -- Up-to-date: /home/user/ros2_emo_voice/install/emo_voice_interfaces/include/emo_voice_interfaces/emo_voice_interfaces/srv/detail/gen_text__rosidl_typesupport_fastrtps_c.h
[12.502s] -- Up-to-date: /home/user/ros2_emo_voice/install/emo_voice_interfaces/lib/libemo_voice_interfaces__rosidl_typesupport_fastrtps_c.so
[12.502s] -- Up-to-date: /home/user/ros2_emo_voice/install/emo_voice_interfaces/include/emo_voice_interfaces/emo_voice_interfaces
[12.508s] -- Up-to-date: /home/user/ros2_emo_voice/install/emo_voice_interfaces/include/emo_voice_interfaces/emo_voice_interfaces/msg
[12.509s] -- Up-to-date: /home/user/ros2_emo_voice/install/emo_voice_interfaces/include/emo_voice_interfaces/emo_voice_interfaces/msg/rosidl_typesupport_introspection_c__visibility_control.h
[12.510s] -- Up-to-date: /home/user/ros2_emo_voice/install/emo_voice_interfaces/include/emo_voice_interfaces/emo_voice_interfaces/srv
[12.516s] -- Up-to-date: /home/user/ros2_emo_voice/install/emo_voice_interfaces/include/emo_voice_interfaces/emo_voice_interfaces/srv/detail
[12.516s] -- Up-to-date: /home/user/ros2_emo_voice/install/emo_voice_interfaces/include/emo_voice_interfaces/emo_voice_interfaces/srv/detail/gen_text__rosidl_typesupport_introspection_c.h
[12.517s] -- Up-to-date: /home/user/ros2_emo_voice/install/emo_voice_interfaces/include/emo_voice_interfaces/emo_voice_interfaces/srv/detail/gen_text__type_support.c
[12.517s] -- Up-to-date: /home/user/ros2_emo_voice/install/emo_voice_interfaces/lib/libemo_voice_interfaces__rosidl_typesupport_introspection_c.so
[12.517s] -- Up-to-date: /home/user/ros2_emo_voice/install/emo_voice_interfaces/lib/libemo_voice_interfaces__rosidl_typesupport_c.so
[12.518s] -- Up-to-date: /home/user/ros2_emo_voice/install/emo_voice_interfaces/include/emo_voice_interfaces/emo_voice_interfaces
[12.518s] -- Up-to-date: /home/user/ros2_emo_voice/install/emo_voice_interfaces/include/emo_voice_interfaces/emo_voice_interfaces/srv
[12.518s] -- Up-to-date: /home/user/ros2_emo_voice/install/emo_voice_interfaces/include/emo_voice_interfaces/emo_voice_interfaces/srv/detail
[12.519s] -- Up-to-date: /home/user/ros2_emo_voice/install/emo_voice_interfaces/include/emo_voice_interfaces/emo_voice_interfaces/srv/detail/gen_text__traits.hpp
[12.528s] -- Up-to-date: /home/user/ros2_emo_voice/install/emo_voice_interfaces/include/emo_voice_interfaces/emo_voice_interfaces/srv/detail/gen_text__struct.hpp
[12.529s] -- Up-to-date: /home/user/ros2_emo_voice/install/emo_voice_interfaces/include/emo_voice_interfaces/emo_voice_interfaces/srv/detail/gen_text__builder.hpp
[12.530s] -- Up-to-date: /home/user/ros2_emo_voice/install/emo_voice_interfaces/include/emo_voice_interfaces/emo_voice_interfaces/srv/gen_text.hpp
[12.530s] -- Up-to-date: /home/user/ros2_emo_voice/install/emo_voice_interfaces/include/emo_voice_interfaces/emo_voice_interfaces
[12.531s] -- Up-to-date: /home/user/ros2_emo_voice/install/emo_voice_interfaces/include/emo_voice_interfaces/emo_voice_interfaces/msg
[12.540s] -- Up-to-date: /home/user/ros2_emo_voice/install/emo_voice_interfaces/include/emo_voice_interfaces/emo_voice_interfaces/msg/rosidl_typesupport_fastrtps_cpp__visibility_control.h
[12.541s] -- Up-to-date: /home/user/ros2_emo_voice/install/emo_voice_interfaces/include/emo_voice_interfaces/emo_voice_interfaces/srv
[12.541s] -- Up-to-date: /home/user/ros2_emo_voice/install/emo_voice_interfaces/include/emo_voice_interfaces/emo_voice_interfaces/srv/detail
[12.542s] -- Up-to-date: /home/user/ros2_emo_voice/install/emo_voice_interfaces/include/emo_voice_interfaces/emo_voice_interfaces/srv/detail/gen_text__rosidl_typesupport_fastrtps_cpp.hpp
[12.543s] -- Up-to-date: /home/user/ros2_emo_voice/install/emo_voice_interfaces/include/emo_voice_interfaces/emo_voice_interfaces/srv/detail/dds_fastrtps
[12.547s] -- Up-to-date: /home/user/ros2_emo_voice/install/emo_voice_interfaces/lib/libemo_voice_interfaces__rosidl_typesupport_fastrtps_cpp.so
[12.548s] -- Up-to-date: /home/user/ros2_emo_voice/install/emo_voice_interfaces/include/emo_voice_interfaces/emo_voice_interfaces
[12.548s] -- Up-to-date: /home/user/ros2_emo_voice/install/emo_voice_interfaces/include/emo_voice_interfaces/emo_voice_interfaces/srv
[12.548s] -- Up-to-date: /home/user/ros2_emo_voice/install/emo_voice_interfaces/include/emo_voice_interfaces/emo_voice_interfaces/srv/detail
[12.548s] -- Up-to-date: /home/user/ros2_emo_voice/install/emo_voice_interfaces/include/emo_voice_interfaces/emo_voice_interfaces/srv/detail/gen_text__rosidl_typesupport_introspection_cpp.hpp
[12.549s] -- Up-to-date: /home/user/ros2_emo_voice/install/emo_voice_interfaces/include/emo_voice_interfaces/emo_voice_interfaces/srv/detail/gen_text__type_support.cpp
[12.549s] -- Up-to-date: /home/user/ros2_emo_voice/install/emo_voice_interfaces/lib/libemo_voice_interfaces__rosidl_typesupport_introspection_cpp.so
[12.549s] -- Up-to-date: /home/user/ros2_emo_voice/install/emo_voice_interfaces/lib/libemo_voice_interfaces__rosidl_typesupport_cpp.so
[12.549s] -- Up-to-date: /home/user/ros2_emo_voice/install/emo_voice_interfaces/share/emo_voice_interfaces/environment/pythonpath.sh
[12.550s] -- Up-to-date: /home/user/ros2_emo_voice/install/emo_voice_interfaces/share/emo_voice_interfaces/environment/pythonpath.dsv
[12.550s] -- Up-to-date: /home/user/ros2_emo_voice/install/emo_voice_interfaces/local/lib/python3.10/dist-packages/emo_voice_interfaces-0.0.0-py3.10.egg-info
[12.550s] -- Installing: /home/user/ros2_emo_voice/install/emo_voice_interfaces/local/lib/python3.10/dist-packages/emo_voice_interfaces-0.0.0-py3.10.egg-info/top_level.txt
[12.550s] -- Installing: /home/user/ros2_emo_voice/install/emo_voice_interfaces/local/lib/python3.10/dist-packages/emo_voice_interfaces-0.0.0-py3.10.egg-info/PKG-INFO
[12.550s] -- Installing: /home/user/ros2_emo_voice/install/emo_voice_interfaces/local/lib/python3.10/dist-packages/emo_voice_interfaces-0.0.0-py3.10.egg-info/SOURCES.txt
[12.551s] -- Installing: /home/user/ros2_emo_voice/install/emo_voice_interfaces/local/lib/python3.10/dist-packages/emo_voice_interfaces-0.0.0-py3.10.egg-info/dependency_links.txt
[12.551s] -- Up-to-date: /home/user/ros2_emo_voice/install/emo_voice_interfaces/local/lib/python3.10/dist-packages/emo_voice_interfaces
[12.562s] -- Up-to-date: /home/user/ros2_emo_voice/install/emo_voice_interfaces/local/lib/python3.10/dist-packages/emo_voice_interfaces/_emo_voice_interfaces_s.ep.rosidl_typesupport_c.c
[12.563s] -- Up-to-date: /home/user/ros2_emo_voice/install/emo_voice_interfaces/local/lib/python3.10/dist-packages/emo_voice_interfaces/_emo_voice_interfaces_s.ep.rosidl_typesupport_introspection_c.c
[12.563s] -- Up-to-date: /home/user/ros2_emo_voice/install/emo_voice_interfaces/local/lib/python3.10/dist-packages/emo_voice_interfaces/_emo_voice_interfaces_s.ep.rosidl_typesupport_fastrtps_c.c
[12.564s] -- Up-to-date: /home/user/ros2_emo_voice/install/emo_voice_interfaces/local/lib/python3.10/dist-packages/emo_voice_interfaces/emo_voice_interfaces_s__rosidl_typesupport_introspection_c.cpython-310-x86_64-linux-gnu.so
[12.564s] -- Up-to-date: /home/user/ros2_emo_voice/install/emo_voice_interfaces/local/lib/python3.10/dist-packages/emo_voice_interfaces/__init__.py
[12.565s] -- Up-to-date: /home/user/ros2_emo_voice/install/emo_voice_interfaces/local/lib/python3.10/dist-packages/emo_voice_interfaces/emo_voice_interfaces_s__rosidl_typesupport_c.cpython-310-x86_64-linux-gnu.so
[12.565s] -- Up-to-date: /home/user/ros2_emo_voice/install/emo_voice_interfaces/local/lib/python3.10/dist-packages/emo_voice_interfaces/emo_voice_interfaces_s__rosidl_typesupport_fastrtps_c.cpython-310-x86_64-linux-gnu.so
[12.565s] -- Up-to-date: /home/user/ros2_emo_voice/install/emo_voice_interfaces/local/lib/python3.10/dist-packages/emo_voice_interfaces/srv
[12.566s] -- Up-to-date: /home/user/ros2_emo_voice/install/emo_voice_interfaces/local/lib/python3.10/dist-packages/emo_voice_interfaces/srv/_gen_text_s.c
[12.566s] -- Up-to-date: /home/user/ros2_emo_voice/install/emo_voice_interfaces/local/lib/python3.10/dist-packages/emo_voice_interfaces/srv/_gen_text.py
[12.566s] -- Up-to-date: /home/user/ros2_emo_voice/install/emo_voice_interfaces/local/lib/python3.10/dist-packages/emo_voice_interfaces/srv/__init__.py
[12.566s] -- Up-to-date: /home/user/ros2_emo_voice/install/emo_voice_interfaces/local/lib/python3.10/dist-packages/emo_voice_interfaces/libemo_voice_interfaces__rosidl_generator_py.so
[12.669s] Listing '/home/user/ros2_emo_voice/install/emo_voice_interfaces/local/lib/python3.10/dist-packages/emo_voice_interfaces'...
[12.670s] Listing '/home/user/ros2_emo_voice/install/emo_voice_interfaces/local/lib/python3.10/dist-packages/emo_voice_interfaces/srv'...
[12.697s] -- Up-to-date: /home/user/ros2_emo_voice/install/emo_voice_interfaces/local/lib/python3.10/dist-packages/emo_voice_interfaces/emo_voice_interfaces_s__rosidl_typesupport_fastrtps_c.cpython-310-x86_64-linux-gnu.so
[12.697s] -- Up-to-date: /home/user/ros2_emo_voice/install/emo_voice_interfaces/local/lib/python3.10/dist-packages/emo_voice_interfaces/emo_voice_interfaces_s__rosidl_typesupport_introspection_c.cpython-310-x86_64-linux-gnu.so
[12.697s] -- Up-to-date: /home/user/ros2_emo_voice/install/emo_voice_interfaces/local/lib/python3.10/dist-packages/emo_voice_interfaces/emo_voice_interfaces_s__rosidl_typesupport_c.cpython-310-x86_64-linux-gnu.so
[12.697s] -- Up-to-date: /home/user/ros2_emo_voice/install/emo_voice_interfaces/lib/libemo_voice_interfaces__rosidl_generator_py.so
[12.698s] -- Up-to-date: /home/user/ros2_emo_voice/install/emo_voice_interfaces/share/emo_voice_interfaces/srv/GenText.idl
[12.698s] -- Up-to-date: /home/user/ros2_emo_voice/install/emo_voice_interfaces/share/emo_voice_interfaces/srv/GenText.srv
[12.698s] -- Up-to-date: /home/user/ros2_emo_voice/install/emo_voice_interfaces/share/emo_voice_interfaces/srv/GenText_Request.msg
[12.698s] -- Up-to-date: /home/user/ros2_emo_voice/install/emo_voice_interfaces/share/emo_voice_interfaces/srv/GenText_Response.msg
[12.699s] -- Up-to-date: /home/user/ros2_emo_voice/install/emo_voice_interfaces/share/ament_index/resource_index/package_run_dependencies/emo_voice_interfaces
[12.699s] -- Up-to-date: /home/user/ros2_emo_voice/install/emo_voice_interfaces/share/ament_index/resource_index/parent_prefix_path/emo_voice_interfaces
[12.700s] -- Up-to-date: /home/user/ros2_emo_voice/install/emo_voice_interfaces/share/emo_voice_interfaces/environment/ament_prefix_path.sh
[12.700s] -- Up-to-date: /home/user/ros2_emo_voice/install/emo_voice_interfaces/share/emo_voice_interfaces/environment/ament_prefix_path.dsv
[12.700s] -- Up-to-date: /home/user/ros2_emo_voice/install/emo_voice_interfaces/share/emo_voice_interfaces/environment/path.sh
[12.700s] -- Up-to-date: /home/user/ros2_emo_voice/install/emo_voice_interfaces/share/emo_voice_interfaces/environment/path.dsv
[12.701s] -- Up-to-date: /home/user/ros2_emo_voice/install/emo_voice_interfaces/share/emo_voice_interfaces/local_setup.bash
[12.701s] -- Up-to-date: /home/user/ros2_emo_voice/install/emo_voice_interfaces/share/emo_voice_interfaces/local_setup.sh
[12.701s] -- Up-to-date: /home/user/ros2_emo_voice/install/emo_voice_interfaces/share/emo_voice_interfaces/local_setup.zsh
[12.701s] -- Up-to-date: /home/user/ros2_emo_voice/install/emo_voice_interfaces/share/emo_voice_interfaces/local_setup.dsv
[12.702s] -- Installing: /home/user/ros2_emo_voice/install/emo_voice_interfaces/share/emo_voice_interfaces/package.dsv
[12.702s] -- Up-to-date: /home/user/ros2_emo_voice/install/emo_voice_interfaces/share/ament_index/resource_index/packages/emo_voice_interfaces
[12.702s] -- Up-to-date: /home/user/ros2_emo_voice/install/emo_voice_interfaces/share/emo_voice_interfaces/cmake/export_emo_voice_interfaces__rosidl_generator_cExport.cmake
[12.703s] -- Up-to-date: /home/user/ros2_emo_voice/install/emo_voice_interfaces/share/emo_voice_interfaces/cmake/export_emo_voice_interfaces__rosidl_generator_cExport-noconfig.cmake
[12.703s] -- Up-to-date: /home/user/ros2_emo_voice/install/emo_voice_interfaces/share/emo_voice_interfaces/cmake/export_emo_voice_interfaces__rosidl_typesupport_fastrtps_cExport.cmake
[12.703s] -- Up-to-date: /home/user/ros2_emo_voice/install/emo_voice_interfaces/share/emo_voice_interfaces/cmake/export_emo_voice_interfaces__rosidl_typesupport_fastrtps_cExport-noconfig.cmake
[12.703s] -- Up-to-date: /home/user/ros2_emo_voice/install/emo_voice_interfaces/share/emo_voice_interfaces/cmake/emo_voice_interfaces__rosidl_typesupport_introspection_cExport.cmake
[12.703s] -- Up-to-date: /home/user/ros2_emo_voice/install/emo_voice_interfaces/share/emo_voice_interfaces/cmake/emo_voice_interfaces__rosidl_typesupport_introspection_cExport-noconfig.cmake
[12.704s] -- Up-to-date: /home/user/ros2_emo_voice/install/emo_voice_interfaces/share/emo_voice_interfaces/cmake/emo_voice_interfaces__rosidl_typesupport_cExport.cmake
[12.704s] -- Up-to-date: /home/user/ros2_emo_voice/install/emo_voice_interfaces/share/emo_voice_interfaces/cmake/emo_voice_interfaces__rosidl_typesupport_cExport-noconfig.cmake
[12.704s] -- Up-to-date: /home/user/ros2_emo_voice/install/emo_voice_interfaces/share/emo_voice_interfaces/cmake/export_emo_voice_interfaces__rosidl_generator_cppExport.cmake
[12.704s] -- Up-to-date: /home/user/ros2_emo_voice/install/emo_voice_interfaces/share/emo_voice_interfaces/cmake/export_emo_voice_interfaces__rosidl_typesupport_fastrtps_cppExport.cmake
[12.705s] -- Up-to-date: /home/user/ros2_emo_voice/install/emo_voice_interfaces/share/emo_voice_interfaces/cmake/export_emo_voice_interfaces__rosidl_typesupport_fastrtps_cppExport-noconfig.cmake
[12.705s] -- Up-to-date: /home/user/ros2_emo_voice/install/emo_voice_interfaces/share/emo_voice_interfaces/cmake/emo_voice_interfaces__rosidl_typesupport_introspection_cppExport.cmake
[12.705s] -- Up-to-date: /home/user/ros2_emo_voice/install/emo_voice_interfaces/share/emo_voice_interfaces/cmake/emo_voice_interfaces__rosidl_typesupport_introspection_cppExport-noconfig.cmake
[12.705s] -- Up-to-date: /home/user/ros2_emo_voice/install/emo_voice_interfaces/share/emo_voice_interfaces/cmake/emo_voice_interfaces__rosidl_typesupport_cppExport.cmake
[12.706s] -- Up-to-date: /home/user/ros2_emo_voice/install/emo_voice_interfaces/share/emo_voice_interfaces/cmake/emo_voice_interfaces__rosidl_typesupport_cppExport-noconfig.cmake
[12.706s] -- Up-to-date: /home/user/ros2_emo_voice/install/emo_voice_interfaces/share/emo_voice_interfaces/cmake/export_emo_voice_interfaces__rosidl_generator_pyExport.cmake
[12.706s] -- Up-to-date: /home/user/ros2_emo_voice/install/emo_voice_interfaces/share/emo_voice_interfaces/cmake/export_emo_voice_interfaces__rosidl_generator_pyExport-noconfig.cmake
[12.706s] -- Up-to-date: /home/user/ros2_emo_voice/install/emo_voice_interfaces/share/emo_voice_interfaces/cmake/rosidl_cmake-extras.cmake
[12.707s] -- Up-to-date: /home/user/ros2_emo_voice/install/emo_voice_interfaces/share/emo_voice_interfaces/cmake/ament_cmake_export_include_directories-extras.cmake
[12.707s] -- Up-to-date: /home/user/ros2_emo_voice/install/emo_voice_interfaces/share/emo_voice_interfaces/cmake/ament_cmake_export_libraries-extras.cmake
[12.707s] -- Up-to-date: /home/user/ros2_emo_voice/install/emo_voice_interfaces/share/emo_voice_interfaces/cmake/ament_cmake_export_targets-extras.cmake
[12.707s] -- Up-to-date: /home/user/ros2_emo_voice/install/emo_voice_interfaces/share/emo_voice_interfaces/cmake/rosidl_cmake_export_typesupport_targets-extras.cmake
[12.712s] -- Up-to-date: /home/user/ros2_emo_voice/install/emo_voice_interfaces/share/emo_voice_interfaces/cmake/ament_cmake_export_dependencies-extras.cmake
[12.712s] -- Up-to-date: /home/user/ros2_emo_voice/install/emo_voice_interfaces/share/emo_voice_interfaces/cmake/rosidl_cmake_export_typesupport_libraries-extras.cmake
[12.712s] -- Up-to-date: /home/user/ros2_emo_voice/install/emo_voice_interfaces/share/emo_voice_interfaces/cmake/emo_voice_interfacesConfig.cmake
[12.712s] -- Up-to-date: /home/user/ros2_emo_voice/install/emo_voice_interfaces/share/emo_voice_interfaces/cmake/emo_voice_interfacesConfig-version.cmake
[12.712s] -- Up-to-date: /home/user/ros2_emo_voice/install/emo_voice_interfaces/share/emo_voice_interfaces/package.xml
[12.718s] Invoked command in '/home/user/ros2_emo_voice/build/emo_voice_interfaces' returned '0': CMAKE_PREFIX_PATH=${CMAKE_PREFIX_PATH}:/home/user/ros2_emo_voice/install/emo_voice:/home/user/ros2_ws/install/mytest:/opt/ros/humble /usr/bin/cmake --install /home/user/ros2_emo_voice/build/emo_voice_interfaces
