[5.338s] Invoking command in '/home/user/ros2_emo_voice/src/emo_voice': PYTHONPATH=/home/user/ros2_emo_voice/build/emo_voice/prefix_override:/home/user/ros2_emo_voice/install/emo_voice/lib/python3.10/site-packages:${PYTHONPATH} /usr/bin/python3 setup.py egg_info --egg-base ../../build/emo_voice build --build-base /home/user/ros2_emo_voice/build/emo_voice/build install --record /home/user/ros2_emo_voice/build/emo_voice/install.log --single-version-externally-managed
[6.620s] running egg_info
[6.628s] writing ../../build/emo_voice/emo_voice.egg-info/PKG-INFO
[6.631s] writing dependency_links to ../../build/emo_voice/emo_voice.egg-info/dependency_links.txt
[6.633s] writing entry points to ../../build/emo_voice/emo_voice.egg-info/entry_points.txt
[6.635s] writing requirements to ../../build/emo_voice/emo_voice.egg-info/requires.txt
[6.637s] writing top-level names to ../../build/emo_voice/emo_voice.egg-info/top_level.txt
[6.645s] reading manifest file '../../build/emo_voice/emo_voice.egg-info/SOURCES.txt'
[6.649s] writing manifest file '../../build/emo_voice/emo_voice.egg-info/SOURCES.txt'
[6.651s] running build
[6.651s] running build_py
[6.652s] copying emo_voice/voice.py -> /home/user/ros2_emo_voice/build/emo_voice/build/lib/emo_voice
[6.654s] running install
[6.655s] running install_lib
[6.657s] copying /home/user/ros2_emo_voice/build/emo_voice/build/lib/emo_voice/voice.py -> /home/user/ros2_emo_voice/install/emo_voice/lib/python3.10/site-packages/emo_voice
[6.659s] byte-compiling /home/user/ros2_emo_voice/install/emo_voice/lib/python3.10/site-packages/emo_voice/voice.py to voice.cpython-310.pyc
[6.662s] running install_data
[6.664s] running install_egg_info
[6.669s] removing '/home/user/ros2_emo_voice/install/emo_voice/lib/python3.10/site-packages/emo_voice-0.0.0-py3.10.egg-info' (and everything under it)
[6.679s] Copying ../../build/emo_voice/emo_voice.egg-info to /home/user/ros2_emo_voice/install/emo_voice/lib/python3.10/site-packages/emo_voice-0.0.0-py3.10.egg-info
[6.683s] running install_scripts
[6.801s] Installing client script to /home/user/ros2_emo_voice/install/emo_voice/lib/emo_voice
[6.803s] Installing move script to /home/user/ros2_emo_voice/install/emo_voice/lib/emo_voice
[6.806s] Installing plot script to /home/user/ros2_emo_voice/install/emo_voice/lib/emo_voice
[6.817s] Installing sensor_pnnx script to /home/user/ros2_emo_voice/install/emo_voice/lib/emo_voice
[6.817s] Installing server script to /home/user/ros2_emo_voice/install/emo_voice/lib/emo_voice
[6.817s] writing list of installed files to '/home/user/ros2_emo_voice/build/emo_voice/install.log'
[7.296s] Invoked command in '/home/user/ros2_emo_voice/src/emo_voice' returned '0': PYTHONPATH=/home/user/ros2_emo_voice/build/emo_voice/prefix_override:/home/user/ros2_emo_voice/install/emo_voice/lib/python3.10/site-packages:${PYTHONPATH} /usr/bin/python3 setup.py egg_info --egg-base ../../build/emo_voice build --build-base /home/user/ros2_emo_voice/build/emo_voice/build install --record /home/user/ros2_emo_voice/build/emo_voice/install.log --single-version-externally-managed
