[2.227s] Invoking command in '/home/user/ros2_emo_voice/build/emo_voice_interfaces': CMAKE_PREFIX_PATH=${CMAKE_PREFIX_PATH}:/home/user/ros2_emo_voice/install/emo_voice:/home/user/ros2_ws/install/mytest:/opt/ros/humble /usr/bin/cmake --build /home/user/ros2_emo_voice/build/emo_voice_interfaces -- -j2 -l2
[3.000s] [  3%] Built target emo_voice_interfaces__cpp
[3.038s] [ 12%] Built target emo_voice_interfaces__rosidl_generator_c
[3.354s] [ 12%] Built target ament_cmake_python_copy_emo_voice_interfaces
[3.365s] [ 22%] Built target emo_voice_interfaces__rosidl_typesupport_cpp
[3.549s] [ 32%] Built target emo_voice_interfaces__rosidl_typesupport_fastrtps_c
[3.592s] [ 41%] Built target emo_voice_interfaces__rosidl_typesupport_introspection_c
[3.726s] [ 51%] Built target emo_voice_interfaces__rosidl_typesupport_c
[3.798s] [ 61%] Built target emo_voice_interfaces__rosidl_typesupport_fastrtps_cpp
[3.945s] [ 70%] Built target emo_voice_interfaces__rosidl_typesupport_introspection_cpp
[4.132s] [ 70%] Built target emo_voice_interfaces
[4.384s] [ 74%] Built target emo_voice_interfaces__py
[4.685s] [ 80%] Built target emo_voice_interfaces__rosidl_generator_py
[4.900s] [ 87%] Built target emo_voice_interfaces__rosidl_typesupport_fastrtps_c__pyext
[5.225s] [ 93%] Built target emo_voice_interfaces__rosidl_typesupport_introspection_c__pyext
[5.433s] [100%] Built target emo_voice_interfaces__rosidl_typesupport_c__pyext
[5.885s] running egg_info
[5.889s] writing emo_voice_interfaces.egg-info/PKG-INFO
[5.890s] writing dependency_links to emo_voice_interfaces.egg-info/dependency_links.txt
[5.891s] writing top-level names to emo_voice_interfaces.egg-info/top_level.txt
[5.902s] reading manifest file 'emo_voice_interfaces.egg-info/SOURCES.txt'
[5.907s] writing manifest file 'emo_voice_interfaces.egg-info/SOURCES.txt'
[6.001s] [100%] Built target ament_cmake_python_build_emo_voice_interfaces_egg
[6.071s] Invoked command in '/home/user/ros2_emo_voice/build/emo_voice_interfaces' returned '0': CMAKE_PREFIX_PATH=${CMAKE_PREFIX_PATH}:/home/user/ros2_emo_voice/install/emo_voice:/home/user/ros2_ws/install/mytest:/opt/ros/humble /usr/bin/cmake --build /home/user/ros2_emo_voice/build/emo_voice_interfaces -- -j2 -l2
[6.584s] Invoking command in '/home/user/ros2_emo_voice/build/emo_voice_interfaces': CMAKE_PREFIX_PATH=${CMAKE_PREFIX_PATH}:/home/user/ros2_emo_voice/install/emo_voice:/home/user/ros2_ws/install/mytest:/opt/ros/humble /usr/bin/cmake --install /home/user/ros2_emo_voice/build/emo_voice_interfaces
[6.634s] -- Install configuration: ""
[6.640s] -- Up-to-date: /home/user/ros2_emo_voice/install/emo_voice_interfaces/share/ament_index/resource_index/rosidl_interfaces/emo_voice_interfaces
[6.641s] -- Up-to-date: /home/user/ros2_emo_voice/install/emo_voice_interfaces/include/emo_voice_interfaces/emo_voice_interfaces
[6.641s] -- Up-to-date: /home/user/ros2_emo_voice/install/emo_voice_interfaces/include/emo_voice_interfaces/emo_voice_interfaces/msg
[6.641s] -- Up-to-date: /home/user/ros2_emo_voice/install/emo_voice_interfaces/include/emo_voice_interfaces/emo_voice_interfaces/msg/rosidl_generator_c__visibility_control.h
[6.641s] -- Up-to-date: /home/user/ros2_emo_voice/install/emo_voice_interfaces/include/emo_voice_interfaces/emo_voice_interfaces/srv
[6.641s] -- Up-to-date: /home/user/ros2_emo_voice/install/emo_voice_interfaces/include/emo_voice_interfaces/emo_voice_interfaces/srv/detail
[6.641s] -- Up-to-date: /home/user/ros2_emo_voice/install/emo_voice_interfaces/include/emo_voice_interfaces/emo_voice_interfaces/srv/detail/gen_text__struct.h
[6.642s] -- Up-to-date: /home/user/ros2_emo_voice/install/emo_voice_interfaces/include/emo_voice_interfaces/emo_voice_interfaces/srv/detail/gen_text__type_support.h
[6.642s] -- Up-to-date: /home/user/ros2_emo_voice/install/emo_voice_interfaces/include/emo_voice_interfaces/emo_voice_interfaces/srv/detail/gen_text__functions.h
[6.642s] -- Up-to-date: /home/user/ros2_emo_voice/install/emo_voice_interfaces/include/emo_voice_interfaces/emo_voice_interfaces/srv/detail/gen_text__functions.c
[6.642s] -- Up-to-date: /home/user/ros2_emo_voice/install/emo_voice_interfaces/include/emo_voice_interfaces/emo_voice_interfaces/srv/gen_text.h
[6.642s] -- Up-to-date: /home/user/ros2_emo_voice/install/emo_voice_interfaces/share/emo_voice_interfaces/environment/library_path.sh
[6.642s] -- Up-to-date: /home/user/ros2_emo_voice/install/emo_voice_interfaces/share/emo_voice_interfaces/environment/library_path.dsv
[6.643s] -- Up-to-date: /home/user/ros2_emo_voice/install/emo_voice_interfaces/lib/libemo_voice_interfaces__rosidl_generator_c.so
[6.643s] -- Up-to-date: /home/user/ros2_emo_voice/install/emo_voice_interfaces/include/emo_voice_interfaces/emo_voice_interfaces
[6.643s] -- Up-to-date: /home/user/ros2_emo_voice/install/emo_voice_interfaces/include/emo_voice_interfaces/emo_voice_interfaces/msg
[6.643s] -- Up-to-date: /home/user/ros2_emo_voice/install/emo_voice_interfaces/include/emo_voice_interfaces/emo_voice_interfaces/msg/rosidl_typesupport_fastrtps_c__visibility_control.h
[6.643s] -- Up-to-date: /home/user/ros2_emo_voice/install/emo_voice_interfaces/include/emo_voice_interfaces/emo_voice_interfaces/srv
[6.643s] -- Up-to-date: /home/user/ros2_emo_voice/install/emo_voice_interfaces/include/emo_voice_interfaces/emo_voice_interfaces/srv/detail
[6.644s] -- Up-to-date: /home/user/ros2_emo_voice/install/emo_voice_interfaces/include/emo_voice_interfaces/emo_voice_interfaces/srv/detail/gen_text__rosidl_typesupport_fastrtps_c.h
[6.644s] -- Up-to-date: /home/user/ros2_emo_voice/install/emo_voice_interfaces/lib/libemo_voice_interfaces__rosidl_typesupport_fastrtps_c.so
[6.644s] -- Up-to-date: /home/user/ros2_emo_voice/install/emo_voice_interfaces/include/emo_voice_interfaces/emo_voice_interfaces
[6.644s] -- Up-to-date: /home/user/ros2_emo_voice/install/emo_voice_interfaces/include/emo_voice_interfaces/emo_voice_interfaces/msg
[6.645s] -- Up-to-date: /home/user/ros2_emo_voice/install/emo_voice_interfaces/include/emo_voice_interfaces/emo_voice_interfaces/msg/rosidl_typesupport_introspection_c__visibility_control.h
[6.645s] -- Up-to-date: /home/user/ros2_emo_voice/install/emo_voice_interfaces/include/emo_voice_interfaces/emo_voice_interfaces/srv
[6.645s] -- Up-to-date: /home/user/ros2_emo_voice/install/emo_voice_interfaces/include/emo_voice_interfaces/emo_voice_interfaces/srv/detail
[6.645s] -- Up-to-date: /home/user/ros2_emo_voice/install/emo_voice_interfaces/include/emo_voice_interfaces/emo_voice_interfaces/srv/detail/gen_text__rosidl_typesupport_introspection_c.h
[6.645s] -- Up-to-date: /home/user/ros2_emo_voice/install/emo_voice_interfaces/include/emo_voice_interfaces/emo_voice_interfaces/srv/detail/gen_text__type_support.c
[6.646s] -- Up-to-date: /home/user/ros2_emo_voice/install/emo_voice_interfaces/lib/libemo_voice_interfaces__rosidl_typesupport_introspection_c.so
[6.652s] -- Up-to-date: /home/user/ros2_emo_voice/install/emo_voice_interfaces/lib/libemo_voice_interfaces__rosidl_typesupport_c.so
[6.652s] -- Up-to-date: /home/user/ros2_emo_voice/install/emo_voice_interfaces/include/emo_voice_interfaces/emo_voice_interfaces
[6.653s] -- Up-to-date: /home/user/ros2_emo_voice/install/emo_voice_interfaces/include/emo_voice_interfaces/emo_voice_interfaces/srv
[6.653s] -- Up-to-date: /home/user/ros2_emo_voice/install/emo_voice_interfaces/include/emo_voice_interfaces/emo_voice_interfaces/srv/detail
[6.653s] -- Up-to-date: /home/user/ros2_emo_voice/install/emo_voice_interfaces/include/emo_voice_interfaces/emo_voice_interfaces/srv/detail/gen_text__traits.hpp
[6.653s] -- Up-to-date: /home/user/ros2_emo_voice/install/emo_voice_interfaces/include/emo_voice_interfaces/emo_voice_interfaces/srv/detail/gen_text__struct.hpp
[6.653s] -- Up-to-date: /home/user/ros2_emo_voice/install/emo_voice_interfaces/include/emo_voice_interfaces/emo_voice_interfaces/srv/detail/gen_text__builder.hpp
[6.653s] -- Up-to-date: /home/user/ros2_emo_voice/install/emo_voice_interfaces/include/emo_voice_interfaces/emo_voice_interfaces/srv/gen_text.hpp
[6.654s] -- Up-to-date: /home/user/ros2_emo_voice/install/emo_voice_interfaces/include/emo_voice_interfaces/emo_voice_interfaces
[6.654s] -- Up-to-date: /home/user/ros2_emo_voice/install/emo_voice_interfaces/include/emo_voice_interfaces/emo_voice_interfaces/msg
[6.656s] -- Up-to-date: /home/user/ros2_emo_voice/install/emo_voice_interfaces/include/emo_voice_interfaces/emo_voice_interfaces/msg/rosidl_typesupport_fastrtps_cpp__visibility_control.h
[6.656s] -- Up-to-date: /home/user/ros2_emo_voice/install/emo_voice_interfaces/include/emo_voice_interfaces/emo_voice_interfaces/srv
[6.656s] -- Up-to-date: /home/user/ros2_emo_voice/install/emo_voice_interfaces/include/emo_voice_interfaces/emo_voice_interfaces/srv/detail
[6.656s] -- Up-to-date: /home/user/ros2_emo_voice/install/emo_voice_interfaces/include/emo_voice_interfaces/emo_voice_interfaces/srv/detail/gen_text__rosidl_typesupport_fastrtps_cpp.hpp
[6.656s] -- Up-to-date: /home/user/ros2_emo_voice/install/emo_voice_interfaces/include/emo_voice_interfaces/emo_voice_interfaces/srv/detail/dds_fastrtps
[6.657s] -- Up-to-date: /home/user/ros2_emo_voice/install/emo_voice_interfaces/lib/libemo_voice_interfaces__rosidl_typesupport_fastrtps_cpp.so
[6.657s] -- Up-to-date: /home/user/ros2_emo_voice/install/emo_voice_interfaces/include/emo_voice_interfaces/emo_voice_interfaces
[6.657s] -- Up-to-date: /home/user/ros2_emo_voice/install/emo_voice_interfaces/include/emo_voice_interfaces/emo_voice_interfaces/srv
[6.657s] -- Up-to-date: /home/user/ros2_emo_voice/install/emo_voice_interfaces/include/emo_voice_interfaces/emo_voice_interfaces/srv/detail
[6.657s] -- Up-to-date: /home/user/ros2_emo_voice/install/emo_voice_interfaces/include/emo_voice_interfaces/emo_voice_interfaces/srv/detail/gen_text__rosidl_typesupport_introspection_cpp.hpp
[6.657s] -- Up-to-date: /home/user/ros2_emo_voice/install/emo_voice_interfaces/include/emo_voice_interfaces/emo_voice_interfaces/srv/detail/gen_text__type_support.cpp
[6.658s] -- Up-to-date: /home/user/ros2_emo_voice/install/emo_voice_interfaces/lib/libemo_voice_interfaces__rosidl_typesupport_introspection_cpp.so
[6.658s] -- Up-to-date: /home/user/ros2_emo_voice/install/emo_voice_interfaces/lib/libemo_voice_interfaces__rosidl_typesupport_cpp.so
[6.663s] -- Up-to-date: /home/user/ros2_emo_voice/install/emo_voice_interfaces/share/emo_voice_interfaces/environment/pythonpath.sh
[6.663s] -- Up-to-date: /home/user/ros2_emo_voice/install/emo_voice_interfaces/share/emo_voice_interfaces/environment/pythonpath.dsv
[6.664s] -- Up-to-date: /home/user/ros2_emo_voice/install/emo_voice_interfaces/local/lib/python3.10/dist-packages/emo_voice_interfaces-0.0.0-py3.10.egg-info
[6.664s] -- Installing: /home/user/ros2_emo_voice/install/emo_voice_interfaces/local/lib/python3.10/dist-packages/emo_voice_interfaces-0.0.0-py3.10.egg-info/top_level.txt
[6.664s] -- Installing: /home/user/ros2_emo_voice/install/emo_voice_interfaces/local/lib/python3.10/dist-packages/emo_voice_interfaces-0.0.0-py3.10.egg-info/PKG-INFO
[6.664s] -- Installing: /home/user/ros2_emo_voice/install/emo_voice_interfaces/local/lib/python3.10/dist-packages/emo_voice_interfaces-0.0.0-py3.10.egg-info/SOURCES.txt
[6.664s] -- Installing: /home/user/ros2_emo_voice/install/emo_voice_interfaces/local/lib/python3.10/dist-packages/emo_voice_interfaces-0.0.0-py3.10.egg-info/dependency_links.txt
[6.665s] -- Up-to-date: /home/user/ros2_emo_voice/install/emo_voice_interfaces/local/lib/python3.10/dist-packages/emo_voice_interfaces
[6.665s] -- Up-to-date: /home/user/ros2_emo_voice/install/emo_voice_interfaces/local/lib/python3.10/dist-packages/emo_voice_interfaces/_emo_voice_interfaces_s.ep.rosidl_typesupport_c.c
[6.665s] -- Up-to-date: /home/user/ros2_emo_voice/install/emo_voice_interfaces/local/lib/python3.10/dist-packages/emo_voice_interfaces/_emo_voice_interfaces_s.ep.rosidl_typesupport_introspection_c.c
[6.665s] -- Up-to-date: /home/user/ros2_emo_voice/install/emo_voice_interfaces/local/lib/python3.10/dist-packages/emo_voice_interfaces/_emo_voice_interfaces_s.ep.rosidl_typesupport_fastrtps_c.c
[6.665s] -- Up-to-date: /home/user/ros2_emo_voice/install/emo_voice_interfaces/local/lib/python3.10/dist-packages/emo_voice_interfaces/emo_voice_interfaces_s__rosidl_typesupport_introspection_c.cpython-310-x86_64-linux-gnu.so
[6.665s] -- Up-to-date: /home/user/ros2_emo_voice/install/emo_voice_interfaces/local/lib/python3.10/dist-packages/emo_voice_interfaces/__init__.py
[6.666s] -- Up-to-date: /home/user/ros2_emo_voice/install/emo_voice_interfaces/local/lib/python3.10/dist-packages/emo_voice_interfaces/emo_voice_interfaces_s__rosidl_typesupport_c.cpython-310-x86_64-linux-gnu.so
[6.666s] -- Up-to-date: /home/user/ros2_emo_voice/install/emo_voice_interfaces/local/lib/python3.10/dist-packages/emo_voice_interfaces/emo_voice_interfaces_s__rosidl_typesupport_fastrtps_c.cpython-310-x86_64-linux-gnu.so
[6.666s] -- Up-to-date: /home/user/ros2_emo_voice/install/emo_voice_interfaces/local/lib/python3.10/dist-packages/emo_voice_interfaces/srv
[6.666s] -- Up-to-date: /home/user/ros2_emo_voice/install/emo_voice_interfaces/local/lib/python3.10/dist-packages/emo_voice_interfaces/srv/_gen_text_s.c
[6.666s] -- Up-to-date: /home/user/ros2_emo_voice/install/emo_voice_interfaces/local/lib/python3.10/dist-packages/emo_voice_interfaces/srv/_gen_text.py
[6.666s] -- Up-to-date: /home/user/ros2_emo_voice/install/emo_voice_interfaces/local/lib/python3.10/dist-packages/emo_voice_interfaces/srv/__init__.py
[6.667s] -- Up-to-date: /home/user/ros2_emo_voice/install/emo_voice_interfaces/local/lib/python3.10/dist-packages/emo_voice_interfaces/libemo_voice_interfaces__rosidl_generator_py.so
[6.852s] Listing '/home/user/ros2_emo_voice/install/emo_voice_interfaces/local/lib/python3.10/dist-packages/emo_voice_interfaces'...
[6.853s] Listing '/home/user/ros2_emo_voice/install/emo_voice_interfaces/local/lib/python3.10/dist-packages/emo_voice_interfaces/srv'...
[6.886s] -- Up-to-date: /home/user/ros2_emo_voice/install/emo_voice_interfaces/local/lib/python3.10/dist-packages/emo_voice_interfaces/emo_voice_interfaces_s__rosidl_typesupport_fastrtps_c.cpython-310-x86_64-linux-gnu.so
[6.892s] -- Up-to-date: /home/user/ros2_emo_voice/install/emo_voice_interfaces/local/lib/python3.10/dist-packages/emo_voice_interfaces/emo_voice_interfaces_s__rosidl_typesupport_introspection_c.cpython-310-x86_64-linux-gnu.so
[6.892s] -- Up-to-date: /home/user/ros2_emo_voice/install/emo_voice_interfaces/local/lib/python3.10/dist-packages/emo_voice_interfaces/emo_voice_interfaces_s__rosidl_typesupport_c.cpython-310-x86_64-linux-gnu.so
[6.892s] -- Up-to-date: /home/user/ros2_emo_voice/install/emo_voice_interfaces/lib/libemo_voice_interfaces__rosidl_generator_py.so
[6.900s] -- Up-to-date: /home/user/ros2_emo_voice/install/emo_voice_interfaces/share/emo_voice_interfaces/srv/GenText.idl
[6.901s] -- Up-to-date: /home/user/ros2_emo_voice/install/emo_voice_interfaces/share/emo_voice_interfaces/srv/GenText.srv
[6.901s] -- Up-to-date: /home/user/ros2_emo_voice/install/emo_voice_interfaces/share/emo_voice_interfaces/srv/GenText_Request.msg
[6.902s] -- Up-to-date: /home/user/ros2_emo_voice/install/emo_voice_interfaces/share/emo_voice_interfaces/srv/GenText_Response.msg
[6.902s] -- Up-to-date: /home/user/ros2_emo_voice/install/emo_voice_interfaces/share/ament_index/resource_index/package_run_dependencies/emo_voice_interfaces
[6.903s] -- Up-to-date: /home/user/ros2_emo_voice/install/emo_voice_interfaces/share/ament_index/resource_index/parent_prefix_path/emo_voice_interfaces
[6.903s] -- Up-to-date: /home/user/ros2_emo_voice/install/emo_voice_interfaces/share/emo_voice_interfaces/environment/ament_prefix_path.sh
[6.904s] -- Up-to-date: /home/user/ros2_emo_voice/install/emo_voice_interfaces/share/emo_voice_interfaces/environment/ament_prefix_path.dsv
[6.904s] -- Up-to-date: /home/user/ros2_emo_voice/install/emo_voice_interfaces/share/emo_voice_interfaces/environment/path.sh
[6.918s] -- Up-to-date: /home/user/ros2_emo_voice/install/emo_voice_interfaces/share/emo_voice_interfaces/environment/path.dsv
[6.918s] -- Up-to-date: /home/user/ros2_emo_voice/install/emo_voice_interfaces/share/emo_voice_interfaces/local_setup.bash
[6.918s] -- Up-to-date: /home/user/ros2_emo_voice/install/emo_voice_interfaces/share/emo_voice_interfaces/local_setup.sh
[6.919s] -- Up-to-date: /home/user/ros2_emo_voice/install/emo_voice_interfaces/share/emo_voice_interfaces/local_setup.zsh
[6.919s] -- Up-to-date: /home/user/ros2_emo_voice/install/emo_voice_interfaces/share/emo_voice_interfaces/local_setup.dsv
[6.919s] -- Installing: /home/user/ros2_emo_voice/install/emo_voice_interfaces/share/emo_voice_interfaces/package.dsv
[6.920s] -- Up-to-date: /home/user/ros2_emo_voice/install/emo_voice_interfaces/share/ament_index/resource_index/packages/emo_voice_interfaces
[6.920s] -- Up-to-date: /home/user/ros2_emo_voice/install/emo_voice_interfaces/share/emo_voice_interfaces/cmake/export_emo_voice_interfaces__rosidl_generator_cExport.cmake
[6.921s] -- Up-to-date: /home/user/ros2_emo_voice/install/emo_voice_interfaces/share/emo_voice_interfaces/cmake/export_emo_voice_interfaces__rosidl_generator_cExport-noconfig.cmake
[6.921s] -- Up-to-date: /home/user/ros2_emo_voice/install/emo_voice_interfaces/share/emo_voice_interfaces/cmake/export_emo_voice_interfaces__rosidl_typesupport_fastrtps_cExport.cmake
[6.921s] -- Up-to-date: /home/user/ros2_emo_voice/install/emo_voice_interfaces/share/emo_voice_interfaces/cmake/export_emo_voice_interfaces__rosidl_typesupport_fastrtps_cExport-noconfig.cmake
[6.922s] -- Up-to-date: /home/user/ros2_emo_voice/install/emo_voice_interfaces/share/emo_voice_interfaces/cmake/emo_voice_interfaces__rosidl_typesupport_introspection_cExport.cmake
[6.922s] -- Up-to-date: /home/user/ros2_emo_voice/install/emo_voice_interfaces/share/emo_voice_interfaces/cmake/emo_voice_interfaces__rosidl_typesupport_introspection_cExport-noconfig.cmake
[6.923s] -- Up-to-date: /home/user/ros2_emo_voice/install/emo_voice_interfaces/share/emo_voice_interfaces/cmake/emo_voice_interfaces__rosidl_typesupport_cExport.cmake
[6.937s] -- Up-to-date: /home/user/ros2_emo_voice/install/emo_voice_interfaces/share/emo_voice_interfaces/cmake/emo_voice_interfaces__rosidl_typesupport_cExport-noconfig.cmake
[6.939s] -- Up-to-date: /home/user/ros2_emo_voice/install/emo_voice_interfaces/share/emo_voice_interfaces/cmake/export_emo_voice_interfaces__rosidl_generator_cppExport.cmake
[6.939s] -- Up-to-date: /home/user/ros2_emo_voice/install/emo_voice_interfaces/share/emo_voice_interfaces/cmake/export_emo_voice_interfaces__rosidl_typesupport_fastrtps_cppExport.cmake
[6.939s] -- Up-to-date: /home/user/ros2_emo_voice/install/emo_voice_interfaces/share/emo_voice_interfaces/cmake/export_emo_voice_interfaces__rosidl_typesupport_fastrtps_cppExport-noconfig.cmake
[6.940s] -- Up-to-date: /home/user/ros2_emo_voice/install/emo_voice_interfaces/share/emo_voice_interfaces/cmake/emo_voice_interfaces__rosidl_typesupport_introspection_cppExport.cmake
[6.940s] -- Up-to-date: /home/user/ros2_emo_voice/install/emo_voice_interfaces/share/emo_voice_interfaces/cmake/emo_voice_interfaces__rosidl_typesupport_introspection_cppExport-noconfig.cmake
[6.940s] -- Up-to-date: /home/user/ros2_emo_voice/install/emo_voice_interfaces/share/emo_voice_interfaces/cmake/emo_voice_interfaces__rosidl_typesupport_cppExport.cmake
[6.941s] -- Up-to-date: /home/user/ros2_emo_voice/install/emo_voice_interfaces/share/emo_voice_interfaces/cmake/emo_voice_interfaces__rosidl_typesupport_cppExport-noconfig.cmake
[6.941s] -- Up-to-date: /home/user/ros2_emo_voice/install/emo_voice_interfaces/share/emo_voice_interfaces/cmake/export_emo_voice_interfaces__rosidl_generator_pyExport.cmake
[6.941s] -- Up-to-date: /home/user/ros2_emo_voice/install/emo_voice_interfaces/share/emo_voice_interfaces/cmake/export_emo_voice_interfaces__rosidl_generator_pyExport-noconfig.cmake
[6.942s] -- Up-to-date: /home/user/ros2_emo_voice/install/emo_voice_interfaces/share/emo_voice_interfaces/cmake/rosidl_cmake-extras.cmake
[6.942s] -- Up-to-date: /home/user/ros2_emo_voice/install/emo_voice_interfaces/share/emo_voice_interfaces/cmake/ament_cmake_export_include_directories-extras.cmake
[6.942s] -- Up-to-date: /home/user/ros2_emo_voice/install/emo_voice_interfaces/share/emo_voice_interfaces/cmake/ament_cmake_export_libraries-extras.cmake
[6.943s] -- Up-to-date: /home/user/ros2_emo_voice/install/emo_voice_interfaces/share/emo_voice_interfaces/cmake/ament_cmake_export_targets-extras.cmake
[6.943s] -- Up-to-date: /home/user/ros2_emo_voice/install/emo_voice_interfaces/share/emo_voice_interfaces/cmake/rosidl_cmake_export_typesupport_targets-extras.cmake
[6.943s] -- Up-to-date: /home/user/ros2_emo_voice/install/emo_voice_interfaces/share/emo_voice_interfaces/cmake/ament_cmake_export_dependencies-extras.cmake
[6.963s] -- Up-to-date: /home/user/ros2_emo_voice/install/emo_voice_interfaces/share/emo_voice_interfaces/cmake/rosidl_cmake_export_typesupport_libraries-extras.cmake
[6.976s] -- Up-to-date: /home/user/ros2_emo_voice/install/emo_voice_interfaces/share/emo_voice_interfaces/cmake/emo_voice_interfacesConfig.cmake
[6.977s] -- Up-to-date: /home/user/ros2_emo_voice/install/emo_voice_interfaces/share/emo_voice_interfaces/cmake/emo_voice_interfacesConfig-version.cmake
[6.984s] -- Up-to-date: /home/user/ros2_emo_voice/install/emo_voice_interfaces/share/emo_voice_interfaces/package.xml
[6.985s] Invoked command in '/home/user/ros2_emo_voice/build/emo_voice_interfaces' returned '0': CMAKE_PREFIX_PATH=${CMAKE_PREFIX_PATH}:/home/user/ros2_emo_voice/install/emo_voice:/home/user/ros2_ws/install/mytest:/opt/ros/humble /usr/bin/cmake --install /home/user/ros2_emo_voice/build/emo_voice_interfaces
