[5.322s] DEBUG:colcon:Command line arguments: ['/usr/bin/colcon', 'build']
[5.322s] DEBUG:colcon:Parsed command line arguments: Namespace(log_base=None, log_level=None, verb_name='build', build_base='build', install_base='install', merge_install=False, symlink_install=False, test_result_base=None, continue_on_error=False, executor='parallel', parallel_workers=2, event_handlers=None, ignore_user_meta=False, metas=['./colcon.meta'], base_paths=['.'], packages_ignore=None, packages_ignore_regex=None, paths=None, packages_up_to=None, packages_up_to_regex=None, packages_above=None, packages_above_and_dependencies=None, packages_above_depth=None, packages_select_by_dep=None, packages_skip_by_dep=None, packages_skip_up_to=None, packages_select_build_failed=False, packages_skip_build_finished=False, packages_select_test_failures=False, packages_skip_test_passed=False, packages_select=None, packages_skip=None, packages_select_regex=None, packages_skip_regex=None, packages_start=None, packages_end=None, allow_overriding=[], cmake_args=None, cmake_target=None, cmake_target_skip_unavailable=False, cmake_clean_cache=False, cmake_clean_first=False, cmake_force_configure=False, ament_cmake_args=None, catkin_cmake_args=None, catkin_skip_building_tests=False, verb_parser=<colcon_defaults.argument_parser.defaults.DefaultArgumentsDecorator object at 0x75fbc50d9060>, verb_extension=<colcon_core.verb.build.BuildVerb object at 0x75fbc50da650>, main=<bound method BuildVerb.main of <colcon_core.verb.build.BuildVerb object at 0x75fbc50da650>>)
[5.608s] Level 1:colcon.colcon_core.package_discovery:discover_packages(colcon_meta) check parameters
[5.609s] Level 1:colcon.colcon_core.package_discovery:discover_packages(recursive) check parameters
[5.609s] Level 1:colcon.colcon_core.package_discovery:discover_packages(ignore) check parameters
[5.609s] Level 1:colcon.colcon_core.package_discovery:discover_packages(path) check parameters
[5.609s] Level 1:colcon.colcon_core.package_discovery:discover_packages(colcon_meta) discover
[5.609s] Level 1:colcon.colcon_core.package_discovery:discover_packages(recursive) discover
[5.609s] INFO:colcon.colcon_core.package_discovery:Crawling recursively for packages in '/home/user/ros2_ws_demo'
[5.609s] Level 1:colcon.colcon_core.package_identification:_identify(.) by extensions ['ignore', 'ignore_ament_install']
[5.610s] Level 1:colcon.colcon_core.package_identification:_identify(.) by extension 'ignore'
[5.610s] Level 1:colcon.colcon_core.package_identification:_identify(.) by extension 'ignore_ament_install'
[5.610s] Level 1:colcon.colcon_core.package_identification:_identify(.) by extensions ['colcon_pkg']
[5.610s] Level 1:colcon.colcon_core.package_identification:_identify(.) by extension 'colcon_pkg'
[5.610s] Level 1:colcon.colcon_core.package_identification:_identify(.) by extensions ['colcon_meta']
[5.610s] Level 1:colcon.colcon_core.package_identification:_identify(.) by extension 'colcon_meta'
[5.611s] Level 1:colcon.colcon_core.package_identification:_identify(.) by extensions ['ros']
[5.611s] Level 1:colcon.colcon_core.package_identification:_identify(.) by extension 'ros'
[5.650s] Level 1:colcon.colcon_core.package_identification:_identify(.) by extensions ['cmake', 'python']
[5.650s] Level 1:colcon.colcon_core.package_identification:_identify(.) by extension 'cmake'
[5.650s] Level 1:colcon.colcon_core.package_identification:_identify(.) by extension 'python'
[5.650s] Level 1:colcon.colcon_core.package_identification:_identify(.) by extensions ['python_setup_py']
[5.650s] Level 1:colcon.colcon_core.package_identification:_identify(.) by extension 'python_setup_py'
[5.651s] Level 1:colcon.colcon_core.package_identification:_identify(build) by extensions ['ignore', 'ignore_ament_install']
[5.651s] Level 1:colcon.colcon_core.package_identification:_identify(build) by extension 'ignore'
[5.651s] Level 1:colcon.colcon_core.package_identification:_identify(build) ignored
[5.651s] Level 1:colcon.colcon_core.package_identification:_identify(install) by extensions ['ignore', 'ignore_ament_install']
[5.651s] Level 1:colcon.colcon_core.package_identification:_identify(install) by extension 'ignore'
[5.652s] Level 1:colcon.colcon_core.package_identification:_identify(install) ignored
[5.652s] Level 1:colcon.colcon_core.package_identification:_identify(log) by extensions ['ignore', 'ignore_ament_install']
[5.652s] Level 1:colcon.colcon_core.package_identification:_identify(log) by extension 'ignore'
[5.652s] Level 1:colcon.colcon_core.package_identification:_identify(log) ignored
[5.653s] Level 1:colcon.colcon_core.package_identification:_identify(src) by extensions ['ignore', 'ignore_ament_install']
[5.653s] Level 1:colcon.colcon_core.package_identification:_identify(src) by extension 'ignore'
[5.653s] Level 1:colcon.colcon_core.package_identification:_identify(src) by extension 'ignore_ament_install'
[5.653s] Level 1:colcon.colcon_core.package_identification:_identify(src) by extensions ['colcon_pkg']
[5.653s] Level 1:colcon.colcon_core.package_identification:_identify(src) by extension 'colcon_pkg'
[5.653s] Level 1:colcon.colcon_core.package_identification:_identify(src) by extensions ['colcon_meta']
[5.653s] Level 1:colcon.colcon_core.package_identification:_identify(src) by extension 'colcon_meta'
[5.653s] Level 1:colcon.colcon_core.package_identification:_identify(src) by extensions ['ros']
[5.653s] Level 1:colcon.colcon_core.package_identification:_identify(src) by extension 'ros'
[5.654s] Level 1:colcon.colcon_core.package_identification:_identify(src) by extensions ['cmake', 'python']
[5.654s] Level 1:colcon.colcon_core.package_identification:_identify(src) by extension 'cmake'
[5.654s] Level 1:colcon.colcon_core.package_identification:_identify(src) by extension 'python'
[5.654s] Level 1:colcon.colcon_core.package_identification:_identify(src) by extensions ['python_setup_py']
[5.654s] Level 1:colcon.colcon_core.package_identification:_identify(src) by extension 'python_setup_py'
[5.655s] Level 1:colcon.colcon_core.package_identification:_identify(src/mytest) by extensions ['ignore', 'ignore_ament_install']
[5.655s] Level 1:colcon.colcon_core.package_identification:_identify(src/mytest) by extension 'ignore'
[5.655s] Level 1:colcon.colcon_core.package_identification:_identify(src/mytest) by extension 'ignore_ament_install'
[5.655s] Level 1:colcon.colcon_core.package_identification:_identify(src/mytest) by extensions ['colcon_pkg']
[5.655s] Level 1:colcon.colcon_core.package_identification:_identify(src/mytest) by extension 'colcon_pkg'
[5.655s] Level 1:colcon.colcon_core.package_identification:_identify(src/mytest) by extensions ['colcon_meta']
[5.655s] Level 1:colcon.colcon_core.package_identification:_identify(src/mytest) by extension 'colcon_meta'
[5.656s] Level 1:colcon.colcon_core.package_identification:_identify(src/mytest) by extensions ['ros']
[5.656s] Level 1:colcon.colcon_core.package_identification:_identify(src/mytest) by extension 'ros'
[5.666s] DEBUG:colcon.colcon_core.package_identification:Package 'src/mytest' with type 'ros.ament_python' and name 'mytest'
[5.666s] Level 1:colcon.colcon_core.package_discovery:discover_packages(recursive) using defaults
[5.666s] Level 1:colcon.colcon_core.package_discovery:discover_packages(ignore) discover
[5.666s] Level 1:colcon.colcon_core.package_discovery:discover_packages(ignore) using defaults
[5.666s] Level 1:colcon.colcon_core.package_discovery:discover_packages(path) discover
[5.667s] Level 1:colcon.colcon_core.package_discovery:discover_packages(path) using defaults
[6.030s] Level 1:colcon.colcon_core.package_discovery:discover_packages(prefix_path) check parameters
[6.030s] Level 1:colcon.colcon_core.package_discovery:discover_packages(prefix_path) discover
[6.147s] DEBUG:colcon.colcon_installed_package_information.package_discovery:Found 1 installed packages in /home/user/ros2_ws_demo/install
[6.218s] DEBUG:colcon.colcon_installed_package_information.package_discovery:Found 1 installed packages in /home/user/ros2_ws/install
[6.271s] DEBUG:colcon.colcon_installed_package_information.package_discovery:Found 396 installed packages in /opt/ros/humble
[6.275s] Level 1:colcon.colcon_core.package_discovery:discover_packages(prefix_path) using defaults
[7.028s] Level 5:colcon.colcon_core.verb:set package 'mytest' build argument 'cmake_args' from command line to 'None'
[7.028s] Level 5:colcon.colcon_core.verb:set package 'mytest' build argument 'cmake_target' from command line to 'None'
[7.028s] Level 5:colcon.colcon_core.verb:set package 'mytest' build argument 'cmake_target_skip_unavailable' from command line to 'False'
[7.028s] Level 5:colcon.colcon_core.verb:set package 'mytest' build argument 'cmake_clean_cache' from command line to 'False'
[7.028s] Level 5:colcon.colcon_core.verb:set package 'mytest' build argument 'cmake_clean_first' from command line to 'False'
[7.028s] Level 5:colcon.colcon_core.verb:set package 'mytest' build argument 'cmake_force_configure' from command line to 'False'
[7.028s] Level 5:colcon.colcon_core.verb:set package 'mytest' build argument 'ament_cmake_args' from command line to 'None'
[7.028s] Level 5:colcon.colcon_core.verb:set package 'mytest' build argument 'catkin_cmake_args' from command line to 'None'
[7.028s] Level 5:colcon.colcon_core.verb:set package 'mytest' build argument 'catkin_skip_building_tests' from command line to 'False'
[7.028s] DEBUG:colcon.colcon_core.verb:Building package 'mytest' with the following arguments: {'ament_cmake_args': None, 'build_base': '/home/user/ros2_ws_demo/build/mytest', 'catkin_cmake_args': None, 'catkin_skip_building_tests': False, 'cmake_args': None, 'cmake_clean_cache': False, 'cmake_clean_first': False, 'cmake_force_configure': False, 'cmake_target': None, 'cmake_target_skip_unavailable': False, 'install_base': '/home/user/ros2_ws_demo/install/mytest', 'merge_install': False, 'path': '/home/user/ros2_ws_demo/src/mytest', 'symlink_install': False, 'test_result_base': None}
[7.058s] INFO:colcon.colcon_core.executor:Executing jobs using 'parallel' executor
[7.090s] DEBUG:colcon.colcon_parallel_executor.executor.parallel:run_until_complete
[7.091s] INFO:colcon.colcon_ros.task.ament_python.build:Building ROS package in '/home/user/ros2_ws_demo/src/mytest' with build type 'ament_python'
[7.092s] Level 1:colcon.colcon_core.shell:create_environment_hook('mytest', 'ament_prefix_path')
[7.181s] INFO:colcon.colcon_core.plugin_system:Skipping extension 'colcon_core.shell.bat': Not used on non-Windows systems
[7.181s] INFO:colcon.colcon_core.shell:Creating environment hook '/home/user/ros2_ws_demo/install/mytest/share/mytest/hook/ament_prefix_path.ps1'
[7.189s] INFO:colcon.colcon_core.shell:Creating environment descriptor '/home/user/ros2_ws_demo/install/mytest/share/mytest/hook/ament_prefix_path.dsv'
[7.192s] INFO:colcon.colcon_core.shell:Creating environment hook '/home/user/ros2_ws_demo/install/mytest/share/mytest/hook/ament_prefix_path.sh'
[7.258s] INFO:colcon.colcon_core.shell:Skip shell extension 'powershell' for command environment: Not usable outside of PowerShell
[7.258s] DEBUG:colcon.colcon_core.shell:Skip shell extension 'dsv' for command environment
[8.548s] INFO:colcon.colcon_core.task.python.build:Building Python package in '/home/user/ros2_ws_demo/src/mytest'
[8.594s] INFO:colcon.colcon_core.shell:Skip shell extension 'powershell' for command environment: Not usable outside of PowerShell
[8.594s] DEBUG:colcon.colcon_core.shell:Skip shell extension 'dsv' for command environment
[11.813s] DEBUG:colcon.colcon_core.event_handler.log_command:Invoking command in '/home/user/ros2_ws_demo/src/mytest': PYTHONPATH=/home/user/ros2_ws_demo/build/mytest/prefix_override:/home/user/ros2_ws_demo/install/mytest/lib/python3.10/site-packages:${PYTHONPATH} /usr/bin/python3 setup.py egg_info --egg-base ../../build/mytest build --build-base /home/user/ros2_ws_demo/build/mytest/build install --record /home/user/ros2_ws_demo/build/mytest/install.log --single-version-externally-managed
[12.879s] DEBUG:colcon.colcon_core.event_handler.log_command:Invoked command in '/home/user/ros2_ws_demo/src/mytest' returned '0': PYTHONPATH=/home/user/ros2_ws_demo/build/mytest/prefix_override:/home/user/ros2_ws_demo/install/mytest/lib/python3.10/site-packages:${PYTHONPATH} /usr/bin/python3 setup.py egg_info --egg-base ../../build/mytest build --build-base /home/user/ros2_ws_demo/build/mytest/build install --record /home/user/ros2_ws_demo/build/mytest/install.log --single-version-externally-managed
[12.980s] Level 1:colcon.colcon_core.environment:checking '/home/user/ros2_ws_demo/install/mytest' for CMake module files
[12.982s] Level 1:colcon.colcon_core.environment:checking '/home/user/ros2_ws_demo/install/mytest' for CMake config files
[12.985s] Level 1:colcon.colcon_core.environment:checking '/home/user/ros2_ws_demo/install/mytest/lib'
[12.986s] Level 1:colcon.colcon_core.environment:checking '/home/user/ros2_ws_demo/install/mytest/bin'
[12.986s] Level 1:colcon.colcon_core.environment:checking '/home/user/ros2_ws_demo/install/mytest/lib/pkgconfig/mytest.pc'
[12.987s] Level 1:colcon.colcon_core.environment:checking '/home/user/ros2_ws_demo/install/mytest/lib/python3.10/site-packages'
[12.987s] Level 1:colcon.colcon_core.shell:create_environment_hook('mytest', 'pythonpath')
[13.071s] INFO:colcon.colcon_core.shell:Creating environment hook '/home/user/ros2_ws_demo/install/mytest/share/mytest/hook/pythonpath.ps1'
[13.072s] INFO:colcon.colcon_core.shell:Creating environment descriptor '/home/user/ros2_ws_demo/install/mytest/share/mytest/hook/pythonpath.dsv'
[13.073s] INFO:colcon.colcon_core.shell:Creating environment hook '/home/user/ros2_ws_demo/install/mytest/share/mytest/hook/pythonpath.sh'
[13.076s] Level 1:colcon.colcon_core.environment:checking '/home/user/ros2_ws_demo/install/mytest/bin'
[13.076s] Level 1:colcon.colcon_core.environment:create_environment_scripts_only(mytest)
[13.130s] INFO:colcon.colcon_core.shell:Creating package script '/home/user/ros2_ws_demo/install/mytest/share/mytest/package.ps1'
[13.135s] INFO:colcon.colcon_core.shell:Creating package descriptor '/home/user/ros2_ws_demo/install/mytest/share/mytest/package.dsv'
[13.138s] INFO:colcon.colcon_core.shell:Creating package script '/home/user/ros2_ws_demo/install/mytest/share/mytest/package.sh'
[13.142s] INFO:colcon.colcon_core.shell:Creating package script '/home/user/ros2_ws_demo/install/mytest/share/mytest/package.bash'
[13.147s] INFO:colcon.colcon_core.shell:Creating package script '/home/user/ros2_ws_demo/install/mytest/share/mytest/package.zsh'
[13.153s] Level 1:colcon.colcon_core.environment:create_file_with_runtime_dependencies(/home/user/ros2_ws_demo/install/mytest/share/colcon-core/packages/mytest)
[13.156s] DEBUG:colcon.colcon_parallel_executor.executor.parallel:closing loop
[13.156s] DEBUG:colcon.colcon_parallel_executor.executor.parallel:loop closed
[13.156s] DEBUG:colcon.colcon_parallel_executor.executor.parallel:run_until_complete finished with '0'
[13.157s] DEBUG:colcon.colcon_core.event_reactor:joining thread
[13.292s] INFO:colcon.colcon_core.plugin_system:Skipping extension 'colcon_notification.desktop_notification.terminal_notifier': Not used on non-Darwin systems
[13.293s] INFO:colcon.colcon_core.plugin_system:Skipping extension 'colcon_notification.desktop_notification.win32': Not used on non-Windows systems
[13.293s] INFO:colcon.colcon_notification.desktop_notification:Sending desktop notification using 'notify2'
[13.370s] DEBUG:colcon.colcon_core.event_reactor:joined thread
[13.467s] INFO:colcon.colcon_core.shell:Creating prefix script '/home/user/ros2_ws_demo/install/local_setup.ps1'
[13.474s] INFO:colcon.colcon_core.shell:Creating prefix util module '/home/user/ros2_ws_demo/install/_local_setup_util_ps1.py'
[13.484s] INFO:colcon.colcon_core.shell:Creating prefix chain script '/home/user/ros2_ws_demo/install/setup.ps1'
[13.567s] INFO:colcon.colcon_core.shell:Creating prefix script '/home/user/ros2_ws_demo/install/local_setup.sh'
[13.571s] INFO:colcon.colcon_core.shell:Creating prefix util module '/home/user/ros2_ws_demo/install/_local_setup_util_sh.py'
[13.573s] INFO:colcon.colcon_core.shell:Creating prefix chain script '/home/user/ros2_ws_demo/install/setup.sh'
[13.623s] INFO:colcon.colcon_core.shell:Creating prefix script '/home/user/ros2_ws_demo/install/local_setup.bash'
[13.626s] INFO:colcon.colcon_core.shell:Creating prefix chain script '/home/user/ros2_ws_demo/install/setup.bash'
[13.678s] INFO:colcon.colcon_core.shell:Creating prefix script '/home/user/ros2_ws_demo/install/local_setup.zsh'
[13.682s] INFO:colcon.colcon_core.shell:Creating prefix chain script '/home/user/ros2_ws_demo/install/setup.zsh'
