[9.917s] Invoking command in '/home/user/ros2_emo_voice/src/emo_voice': PYTHONPATH=/home/user/ros2_emo_voice/build/emo_voice/prefix_override:/home/user/ros2_emo_voice/install/emo_voice/lib/python3.10/site-packages:${PYTHONPATH} /usr/bin/python3 setup.py egg_info --egg-base ../../build/emo_voice build --build-base /home/user/ros2_emo_voice/build/emo_voice/build install --record /home/user/ros2_emo_voice/build/emo_voice/install.log --single-version-externally-managed
[12.999s] running egg_info
[13.000s] writing ../../build/emo_voice/emo_voice.egg-info/PKG-INFO
[13.005s] writing dependency_links to ../../build/emo_voice/emo_voice.egg-info/dependency_links.txt
[13.008s] writing entry points to ../../build/emo_voice/emo_voice.egg-info/entry_points.txt
[13.009s] writing requirements to ../../build/emo_voice/emo_voice.egg-info/requires.txt
[13.009s] writing top-level names to ../../build/emo_voice/emo_voice.egg-info/top_level.txt
[13.018s] reading manifest file '../../build/emo_voice/emo_voice.egg-info/SOURCES.txt'
[13.027s] writing manifest file '../../build/emo_voice/emo_voice.egg-info/SOURCES.txt'
[13.028s] running build
[13.028s] running build_py
[13.028s] copying emo_voice/voice.py -> /home/user/ros2_emo_voice/build/emo_voice/build/lib/emo_voice
[13.032s] copying emo_voice/client.py -> /home/user/ros2_emo_voice/build/emo_voice/build/lib/emo_voice
[13.032s] running install
[13.042s] running install_lib
[13.047s] copying /home/user/ros2_emo_voice/build/emo_voice/build/lib/emo_voice/voice.py -> /home/user/ros2_emo_voice/install/emo_voice/lib/python3.10/site-packages/emo_voice
[13.056s] copying /home/user/ros2_emo_voice/build/emo_voice/build/lib/emo_voice/client.py -> /home/user/ros2_emo_voice/install/emo_voice/lib/python3.10/site-packages/emo_voice
[13.068s] byte-compiling /home/user/ros2_emo_voice/install/emo_voice/lib/python3.10/site-packages/emo_voice/voice.py to voice.cpython-310.pyc
[13.069s] byte-compiling /home/user/ros2_emo_voice/install/emo_voice/lib/python3.10/site-packages/emo_voice/client.py to client.cpython-310.pyc
[13.088s] running install_data
[13.088s] running install_egg_info
[13.105s] removing '/home/user/ros2_emo_voice/install/emo_voice/lib/python3.10/site-packages/emo_voice-0.0.0-py3.10.egg-info' (and everything under it)
[13.183s] Copying ../../build/emo_voice/emo_voice.egg-info to /home/user/ros2_emo_voice/install/emo_voice/lib/python3.10/site-packages/emo_voice-0.0.0-py3.10.egg-info
[13.185s] running install_scripts
[13.467s] Installing client script to /home/user/ros2_emo_voice/install/emo_voice/lib/emo_voice
[13.479s] Installing move script to /home/user/ros2_emo_voice/install/emo_voice/lib/emo_voice
[13.488s] Installing plot script to /home/user/ros2_emo_voice/install/emo_voice/lib/emo_voice
[13.498s] Installing sensor_pnnx script to /home/user/ros2_emo_voice/install/emo_voice/lib/emo_voice
[13.503s] Installing server script to /home/user/ros2_emo_voice/install/emo_voice/lib/emo_voice
[13.518s] writing list of installed files to '/home/user/ros2_emo_voice/build/emo_voice/install.log'
[13.808s] Invoked command in '/home/user/ros2_emo_voice/src/emo_voice' returned '0': PYTHONPATH=/home/user/ros2_emo_voice/build/emo_voice/prefix_override:/home/user/ros2_emo_voice/install/emo_voice/lib/python3.10/site-packages:${PYTHONPATH} /usr/bin/python3 setup.py egg_info --egg-base ../../build/emo_voice build --build-base /home/user/ros2_emo_voice/build/emo_voice/build install --record /home/user/ros2_emo_voice/build/emo_voice/install.log --single-version-externally-managed
