[1.891s] Invoking command in '/home/user/ros2_emo_voice/src/emo_voice': PYTHONPATH=/home/user/ros2_emo_voice/build/emo_voice/prefix_override:/home/user/ros2_emo_voice/install/emo_voice/lib/python3.10/site-packages:${PYTHONPATH} /usr/bin/python3 setup.py egg_info --egg-base ../../build/emo_voice build --build-base /home/user/ros2_emo_voice/build/emo_voice/build install --record /home/user/ros2_emo_voice/build/emo_voice/install.log --single-version-externally-managed
[3.652s] running egg_info
[3.658s] writing ../../build/emo_voice/emo_voice.egg-info/PKG-INFO
[3.658s] writing dependency_links to ../../build/emo_voice/emo_voice.egg-info/dependency_links.txt
[3.658s] writing entry points to ../../build/emo_voice/emo_voice.egg-info/entry_points.txt
[3.660s] writing requirements to ../../build/emo_voice/emo_voice.egg-info/requires.txt
[3.660s] writing top-level names to ../../build/emo_voice/emo_voice.egg-info/top_level.txt
[3.675s] reading manifest file '../../build/emo_voice/emo_voice.egg-info/SOURCES.txt'
[3.681s] writing manifest file '../../build/emo_voice/emo_voice.egg-info/SOURCES.txt'
[3.682s] running build
[3.682s] running build_py
[3.685s] running install
[3.691s] running install_lib
[3.699s] running install_data
[3.707s] running install_egg_info
[3.720s] removing '/home/user/ros2_emo_voice/install/emo_voice/lib/python3.10/site-packages/emo_voice-0.0.0-py3.10.egg-info' (and everything under it)
[3.721s] Copying ../../build/emo_voice/emo_voice.egg-info to /home/user/ros2_emo_voice/install/emo_voice/lib/python3.10/site-packages/emo_voice-0.0.0-py3.10.egg-info
[3.727s] running install_scripts
[3.910s] Installing move script to /home/user/ros2_emo_voice/install/emo_voice/lib/emo_voice
[3.918s] Installing plot script to /home/user/ros2_emo_voice/install/emo_voice/lib/emo_voice
[3.928s] Installing sensor_pnnx script to /home/user/ros2_emo_voice/install/emo_voice/lib/emo_voice
[3.933s] writing list of installed files to '/home/user/ros2_emo_voice/build/emo_voice/install.log'
[4.123s] Invoked command in '/home/user/ros2_emo_voice/src/emo_voice' returned '0': PYTHONPATH=/home/user/ros2_emo_voice/build/emo_voice/prefix_override:/home/user/ros2_emo_voice/install/emo_voice/lib/python3.10/site-packages:${PYTHONPATH} /usr/bin/python3 setup.py egg_info --egg-base ../../build/emo_voice build --build-base /home/user/ros2_emo_voice/build/emo_voice/build install --record /home/user/ros2_emo_voice/build/emo_voice/install.log --single-version-externally-managed
