[9.327s] Invoking command in '/home/user/ros2_emo_voice/src/emo_voice': PYTHONPATH=/home/user/ros2_emo_voice/build/emo_voice/prefix_override:/home/user/ros2_emo_voice/install/emo_voice/lib/python3.10/site-packages:${PYTHONPATH} /usr/bin/python3 setup.py egg_info --egg-base ../../build/emo_voice build --build-base /home/user/ros2_emo_voice/build/emo_voice/build install --record /home/user/ros2_emo_voice/build/emo_voice/install.log --single-version-externally-managed
[11.975s] running egg_info
[11.980s] writing ../../build/emo_voice/emo_voice.egg-info/PKG-INFO
[11.982s] writing dependency_links to ../../build/emo_voice/emo_voice.egg-info/dependency_links.txt
[11.984s] writing entry points to ../../build/emo_voice/emo_voice.egg-info/entry_points.txt
[11.986s] writing requirements to ../../build/emo_voice/emo_voice.egg-info/requires.txt
[11.988s] writing top-level names to ../../build/emo_voice/emo_voice.egg-info/top_level.txt
[11.995s] reading manifest file '../../build/emo_voice/emo_voice.egg-info/SOURCES.txt'
[11.999s] writing manifest file '../../build/emo_voice/emo_voice.egg-info/SOURCES.txt'
[12.000s] running build
[12.001s] running build_py
[12.003s] copying emo_voice/voice.py -> /home/user/ros2_emo_voice/build/emo_voice/build/lib/emo_voice
[12.007s] running install
[12.008s] running install_lib
[12.011s] copying /home/user/ros2_emo_voice/build/emo_voice/build/lib/emo_voice/voice.py -> /home/user/ros2_emo_voice/install/emo_voice/lib/python3.10/site-packages/emo_voice
[12.014s] byte-compiling /home/user/ros2_emo_voice/install/emo_voice/lib/python3.10/site-packages/emo_voice/voice.py to voice.cpython-310.pyc
[12.018s] running install_data
[12.019s] running install_egg_info
[12.024s] removing '/home/user/ros2_emo_voice/install/emo_voice/lib/python3.10/site-packages/emo_voice-0.0.0-py3.10.egg-info' (and everything under it)
[12.027s] Copying ../../build/emo_voice/emo_voice.egg-info to /home/user/ros2_emo_voice/install/emo_voice/lib/python3.10/site-packages/emo_voice-0.0.0-py3.10.egg-info
[12.033s] running install_scripts
[12.167s] Installing client script to /home/user/ros2_emo_voice/install/emo_voice/lib/emo_voice
[12.170s] Installing move script to /home/user/ros2_emo_voice/install/emo_voice/lib/emo_voice
[12.173s] Installing plot script to /home/user/ros2_emo_voice/install/emo_voice/lib/emo_voice
[12.175s] Installing sensor_pnnx script to /home/user/ros2_emo_voice/install/emo_voice/lib/emo_voice
[12.183s] Installing server script to /home/user/ros2_emo_voice/install/emo_voice/lib/emo_voice
[12.197s] writing list of installed files to '/home/user/ros2_emo_voice/build/emo_voice/install.log'
[12.482s] Invoked command in '/home/user/ros2_emo_voice/src/emo_voice' returned '0': PYTHONPATH=/home/user/ros2_emo_voice/build/emo_voice/prefix_override:/home/user/ros2_emo_voice/install/emo_voice/lib/python3.10/site-packages:${PYTHONPATH} /usr/bin/python3 setup.py egg_info --egg-base ../../build/emo_voice build --build-base /home/user/ros2_emo_voice/build/emo_voice/build install --record /home/user/ros2_emo_voice/build/emo_voice/install.log --single-version-externally-managed
