[10.365s] Invoking command in '/home/user/ros2_emo_voice/src/emo_voice': PYTHONPATH=/home/user/ros2_emo_voice/build/emo_voice/prefix_override:/home/user/ros2_emo_voice/install/emo_voice/lib/python3.10/site-packages:${PYTHONPATH} /usr/bin/python3 setup.py egg_info --egg-base ../../build/emo_voice build --build-base /home/user/ros2_emo_voice/build/emo_voice/build install --record /home/user/ros2_emo_voice/build/emo_voice/install.log --single-version-externally-managed
[12.398s] running egg_info
[12.400s] writing ../../build/emo_voice/emo_voice.egg-info/PKG-INFO
[12.402s] writing dependency_links to ../../build/emo_voice/emo_voice.egg-info/dependency_links.txt
[12.404s] writing entry points to ../../build/emo_voice/emo_voice.egg-info/entry_points.txt
[12.408s] writing requirements to ../../build/emo_voice/emo_voice.egg-info/requires.txt
[12.408s] writing top-level names to ../../build/emo_voice/emo_voice.egg-info/top_level.txt
[12.414s] reading manifest file '../../build/emo_voice/emo_voice.egg-info/SOURCES.txt'
[12.422s] writing manifest file '../../build/emo_voice/emo_voice.egg-info/SOURCES.txt'
[12.424s] running build
[12.424s] running build_py
[12.426s] copying emo_voice/voice.py -> /home/user/ros2_emo_voice/build/emo_voice/build/lib/emo_voice
[12.431s] running install
[12.433s] running install_lib
[12.437s] copying /home/user/ros2_emo_voice/build/emo_voice/build/lib/emo_voice/voice.py -> /home/user/ros2_emo_voice/install/emo_voice/lib/python3.10/site-packages/emo_voice
[12.443s] byte-compiling /home/user/ros2_emo_voice/install/emo_voice/lib/python3.10/site-packages/emo_voice/voice.py to voice.cpython-310.pyc
[12.448s] running install_data
[12.451s] running install_egg_info
[12.462s] removing '/home/user/ros2_emo_voice/install/emo_voice/lib/python3.10/site-packages/emo_voice-0.0.0-py3.10.egg-info' (and everything under it)
[12.474s] Copying ../../build/emo_voice/emo_voice.egg-info to /home/user/ros2_emo_voice/install/emo_voice/lib/python3.10/site-packages/emo_voice-0.0.0-py3.10.egg-info
[12.479s] running install_scripts
[12.590s] Installing client script to /home/user/ros2_emo_voice/install/emo_voice/lib/emo_voice
[12.591s] Installing move script to /home/user/ros2_emo_voice/install/emo_voice/lib/emo_voice
[12.594s] Installing plot script to /home/user/ros2_emo_voice/install/emo_voice/lib/emo_voice
[12.595s] Installing sensor_pnnx script to /home/user/ros2_emo_voice/install/emo_voice/lib/emo_voice
[12.596s] Installing server script to /home/user/ros2_emo_voice/install/emo_voice/lib/emo_voice
[12.610s] writing list of installed files to '/home/user/ros2_emo_voice/build/emo_voice/install.log'
[12.996s] Invoked command in '/home/user/ros2_emo_voice/src/emo_voice' returned '0': PYTHONPATH=/home/user/ros2_emo_voice/build/emo_voice/prefix_override:/home/user/ros2_emo_voice/install/emo_voice/lib/python3.10/site-packages:${PYTHONPATH} /usr/bin/python3 setup.py egg_info --egg-base ../../build/emo_voice build --build-base /home/user/ros2_emo_voice/build/emo_voice/build install --record /home/user/ros2_emo_voice/build/emo_voice/install.log --single-version-externally-managed
