[3.732s] Invoking command in '/home/user/ros2_emo_voice/src/emo_voice': PYTHONPATH=/home/user/ros2_emo_voice/build/emo_voice/prefix_override:/home/user/ros2_emo_voice/install/emo_voice/lib/python3.10/site-packages:${PYTHONPATH} /usr/bin/python3 setup.py egg_info --egg-base ../../build/emo_voice build --build-base /home/user/ros2_emo_voice/build/emo_voice/build install --record /home/user/ros2_emo_voice/build/emo_voice/install.log --single-version-externally-managed
[4.712s] running egg_info
[4.713s] writing ../../build/emo_voice/emo_voice.egg-info/PKG-INFO
[4.714s] writing dependency_links to ../../build/emo_voice/emo_voice.egg-info/dependency_links.txt
[4.715s] writing entry points to ../../build/emo_voice/emo_voice.egg-info/entry_points.txt
[4.715s] writing requirements to ../../build/emo_voice/emo_voice.egg-info/requires.txt
[4.716s] writing top-level names to ../../build/emo_voice/emo_voice.egg-info/top_level.txt
[4.718s] reading manifest file '../../build/emo_voice/emo_voice.egg-info/SOURCES.txt'
[4.719s] writing manifest file '../../build/emo_voice/emo_voice.egg-info/SOURCES.txt'
[4.720s] running build
[4.721s] running build_py
[4.722s] running install
[4.723s] running install_lib
[4.723s] running install_data
[4.724s] running install_egg_info
[4.727s] removing '/home/user/ros2_emo_voice/install/emo_voice/lib/python3.10/site-packages/emo_voice-0.0.0-py3.10.egg-info' (and everything under it)
[4.738s] Copying ../../build/emo_voice/emo_voice.egg-info to /home/user/ros2_emo_voice/install/emo_voice/lib/python3.10/site-packages/emo_voice-0.0.0-py3.10.egg-info
[4.739s] running install_scripts
[4.834s] Installing client script to /home/user/ros2_emo_voice/install/emo_voice/lib/emo_voice
[4.834s] Installing move script to /home/user/ros2_emo_voice/install/emo_voice/lib/emo_voice
[4.835s] Installing plot script to /home/user/ros2_emo_voice/install/emo_voice/lib/emo_voice
[4.836s] Installing sensor_pnnx script to /home/user/ros2_emo_voice/install/emo_voice/lib/emo_voice
[4.836s] Installing server script to /home/user/ros2_emo_voice/install/emo_voice/lib/emo_voice
[4.836s] writing list of installed files to '/home/user/ros2_emo_voice/build/emo_voice/install.log'
[4.900s] Invoked command in '/home/user/ros2_emo_voice/src/emo_voice' returned '0': PYTHONPATH=/home/user/ros2_emo_voice/build/emo_voice/prefix_override:/home/user/ros2_emo_voice/install/emo_voice/lib/python3.10/site-packages:${PYTHONPATH} /usr/bin/python3 setup.py egg_info --egg-base ../../build/emo_voice build --build-base /home/user/ros2_emo_voice/build/emo_voice/build install --record /home/user/ros2_emo_voice/build/emo_voice/install.log --single-version-externally-managed
