[6.177s] Invoking command in '/home/user/ros2_emo_voice/src/emo_voice': PYTHONPATH=/home/user/ros2_emo_voice/build/emo_voice/prefix_override:/home/user/ros2_emo_voice/install/emo_voice/lib/python3.10/site-packages:${PYTHONPATH} /usr/bin/python3 setup.py egg_info --egg-base ../../build/emo_voice build --build-base /home/user/ros2_emo_voice/build/emo_voice/build install --record /home/user/ros2_emo_voice/build/emo_voice/install.log --single-version-externally-managed
[7.776s] running egg_info
[7.779s] writing ../../build/emo_voice/emo_voice.egg-info/PKG-INFO
[7.789s] writing dependency_links to ../../build/emo_voice/emo_voice.egg-info/dependency_links.txt
[7.795s] writing entry points to ../../build/emo_voice/emo_voice.egg-info/entry_points.txt
[7.800s] writing requirements to ../../build/emo_voice/emo_voice.egg-info/requires.txt
[7.806s] writing top-level names to ../../build/emo_voice/emo_voice.egg-info/top_level.txt
[7.821s] reading manifest file '../../build/emo_voice/emo_voice.egg-info/SOURCES.txt'
[7.827s] writing manifest file '../../build/emo_voice/emo_voice.egg-info/SOURCES.txt'
[7.830s] running build
[7.830s] running build_py
[7.838s] copying emo_voice/voice.py -> /home/user/ros2_emo_voice/build/emo_voice/build/lib/emo_voice
[7.842s] copying emo_voice/client.py -> /home/user/ros2_emo_voice/build/emo_voice/build/lib/emo_voice
[7.846s] running install
[7.847s] running install_lib
[7.850s] copying /home/user/ros2_emo_voice/build/emo_voice/build/lib/emo_voice/voice.py -> /home/user/ros2_emo_voice/install/emo_voice/lib/python3.10/site-packages/emo_voice
[7.854s] copying /home/user/ros2_emo_voice/build/emo_voice/build/lib/emo_voice/client.py -> /home/user/ros2_emo_voice/install/emo_voice/lib/python3.10/site-packages/emo_voice
[7.860s] byte-compiling /home/user/ros2_emo_voice/install/emo_voice/lib/python3.10/site-packages/emo_voice/voice.py to voice.cpython-310.pyc
[7.868s] byte-compiling /home/user/ros2_emo_voice/install/emo_voice/lib/python3.10/site-packages/emo_voice/client.py to client.cpython-310.pyc
[7.875s] running install_data
[7.879s] running install_egg_info
[7.887s] removing '/home/user/ros2_emo_voice/install/emo_voice/lib/python3.10/site-packages/emo_voice-0.0.0-py3.10.egg-info' (and everything under it)
[7.897s] Copying ../../build/emo_voice/emo_voice.egg-info to /home/user/ros2_emo_voice/install/emo_voice/lib/python3.10/site-packages/emo_voice-0.0.0-py3.10.egg-info
[7.909s] running install_scripts
[8.016s] Installing client script to /home/user/ros2_emo_voice/install/emo_voice/lib/emo_voice
[8.018s] Installing move script to /home/user/ros2_emo_voice/install/emo_voice/lib/emo_voice
[8.019s] Installing plot script to /home/user/ros2_emo_voice/install/emo_voice/lib/emo_voice
[8.027s] Installing sensor_pnnx script to /home/user/ros2_emo_voice/install/emo_voice/lib/emo_voice
[8.027s] Installing server script to /home/user/ros2_emo_voice/install/emo_voice/lib/emo_voice
[8.030s] writing list of installed files to '/home/user/ros2_emo_voice/build/emo_voice/install.log'
[8.178s] Invoked command in '/home/user/ros2_emo_voice/src/emo_voice' returned '0': PYTHONPATH=/home/user/ros2_emo_voice/build/emo_voice/prefix_override:/home/user/ros2_emo_voice/install/emo_voice/lib/python3.10/site-packages:${PYTHONPATH} /usr/bin/python3 setup.py egg_info --egg-base ../../build/emo_voice build --build-base /home/user/ros2_emo_voice/build/emo_voice/build install --record /home/user/ros2_emo_voice/build/emo_voice/install.log --single-version-externally-managed
