[7.226s] Invoking command in '/home/user/ros2_emo_voice/src/emo_voice': PYTHONPATH=/home/user/ros2_emo_voice/build/emo_voice/prefix_override:/home/user/ros2_emo_voice/install/emo_voice/lib/python3.10/site-packages:${PYTHONPATH} /usr/bin/python3 setup.py egg_info --egg-base ../../build/emo_voice build --build-base /home/user/ros2_emo_voice/build/emo_voice/build install --record /home/user/ros2_emo_voice/build/emo_voice/install.log --single-version-externally-managed
[9.600s] running egg_info
[9.605s] writing ../../build/emo_voice/emo_voice.egg-info/PKG-INFO
[9.605s] writing dependency_links to ../../build/emo_voice/emo_voice.egg-info/dependency_links.txt
[9.605s] writing entry points to ../../build/emo_voice/emo_voice.egg-info/entry_points.txt
[9.605s] writing requirements to ../../build/emo_voice/emo_voice.egg-info/requires.txt
[9.606s] writing top-level names to ../../build/emo_voice/emo_voice.egg-info/top_level.txt
[9.614s] reading manifest file '../../build/emo_voice/emo_voice.egg-info/SOURCES.txt'
[9.625s] writing manifest file '../../build/emo_voice/emo_voice.egg-info/SOURCES.txt'
[9.629s] running build
[9.640s] running build_py
[9.641s] copying emo_voice/voice.py -> /home/user/ros2_emo_voice/build/emo_voice/build/lib/emo_voice
[9.641s] copying emo_voice/client.py -> /home/user/ros2_emo_voice/build/emo_voice/build/lib/emo_voice
[9.670s] running install
[9.683s] running install_lib
[9.700s] copying /home/user/ros2_emo_voice/build/emo_voice/build/lib/emo_voice/voice.py -> /home/user/ros2_emo_voice/install/emo_voice/lib/python3.10/site-packages/emo_voice
[9.701s] copying /home/user/ros2_emo_voice/build/emo_voice/build/lib/emo_voice/client.py -> /home/user/ros2_emo_voice/install/emo_voice/lib/python3.10/site-packages/emo_voice
[9.713s] byte-compiling /home/user/ros2_emo_voice/install/emo_voice/lib/python3.10/site-packages/emo_voice/voice.py to voice.cpython-310.pyc
[9.713s] byte-compiling /home/user/ros2_emo_voice/install/emo_voice/lib/python3.10/site-packages/emo_voice/client.py to client.cpython-310.pyc
[9.730s] running install_data
[9.739s] running install_egg_info
[9.758s] removing '/home/user/ros2_emo_voice/install/emo_voice/lib/python3.10/site-packages/emo_voice-0.0.0-py3.10.egg-info' (and everything under it)
[9.824s] Copying ../../build/emo_voice/emo_voice.egg-info to /home/user/ros2_emo_voice/install/emo_voice/lib/python3.10/site-packages/emo_voice-0.0.0-py3.10.egg-info
[9.825s] running install_scripts
[10.533s] Installing client script to /home/user/ros2_emo_voice/install/emo_voice/lib/emo_voice
[10.549s] Installing move script to /home/user/ros2_emo_voice/install/emo_voice/lib/emo_voice
[10.551s] Installing plot script to /home/user/ros2_emo_voice/install/emo_voice/lib/emo_voice
[10.581s] Installing sensor_pnnx script to /home/user/ros2_emo_voice/install/emo_voice/lib/emo_voice
[10.593s] Installing server script to /home/user/ros2_emo_voice/install/emo_voice/lib/emo_voice
[10.826s] writing list of installed files to '/home/user/ros2_emo_voice/build/emo_voice/install.log'
