[1.817s] Invoking command in '/home/user/ros2_emo_voice/build/emo_voice_interfaces': CMAKE_PREFIX_PATH=${CMAKE_PREFIX_PATH}:/home/user/ros2_emo_voice/install/emo_voice:/home/user/ros2_ws/install/mytest:/opt/ros/humble /usr/bin/cmake --build /home/user/ros2_emo_voice/build/emo_voice_interfaces -- -j2 -l2
[2.432s] [  3%] Built target emo_voice_interfaces__cpp
[2.560s] [ 12%] Built target emo_voice_interfaces__rosidl_generator_c
[2.941s] [ 22%] Built target emo_voice_interfaces__rosidl_typesupport_fastrtps_cpp
[2.989s] [ 22%] Built target ament_cmake_python_copy_emo_voice_interfaces
[3.298s] [ 32%] Built target emo_voice_interfaces__rosidl_typesupport_cpp
[3.347s] [ 41%] Built target emo_voice_interfaces__rosidl_typesupport_introspection_cpp
[3.458s] [ 51%] Built target emo_voice_interfaces__rosidl_typesupport_fastrtps_c
[3.725s] [ 61%] Built target emo_voice_interfaces__rosidl_typesupport_introspection_c
[3.773s] [ 70%] Built target emo_voice_interfaces__rosidl_typesupport_c
[3.995s] [ 70%] Built target emo_voice_interfaces
[5.063s] [ 74%] Built target emo_voice_interfaces__py
[5.618s] [ 80%] Built target emo_voice_interfaces__rosidl_generator_py
[6.408s] [ 87%] Built target emo_voice_interfaces__rosidl_typesupport_fastrtps_c__pyext
[7.287s] [ 93%] Built target emo_voice_interfaces__rosidl_typesupport_introspection_c__pyext
[7.551s] [100%] Built target emo_voice_interfaces__rosidl_typesupport_c__pyext
[9.192s] running egg_info
[9.201s] writing emo_voice_interfaces.egg-info/PKG-INFO
[9.208s] writing dependency_links to emo_voice_interfaces.egg-info/dependency_links.txt
[9.213s] writing top-level names to emo_voice_interfaces.egg-info/top_level.txt
[9.236s] reading manifest file 'emo_voice_interfaces.egg-info/SOURCES.txt'
[9.241s] writing manifest file 'emo_voice_interfaces.egg-info/SOURCES.txt'
[9.396s] [100%] Built target ament_cmake_python_build_emo_voice_interfaces_egg
[9.481s] Invoked command in '/home/user/ros2_emo_voice/build/emo_voice_interfaces' returned '0': CMAKE_PREFIX_PATH=${CMAKE_PREFIX_PATH}:/home/user/ros2_emo_voice/install/emo_voice:/home/user/ros2_ws/install/mytest:/opt/ros/humble /usr/bin/cmake --build /home/user/ros2_emo_voice/build/emo_voice_interfaces -- -j2 -l2
[10.137s] Invoking command in '/home/user/ros2_emo_voice/build/emo_voice_interfaces': CMAKE_PREFIX_PATH=${CMAKE_PREFIX_PATH}:/home/user/ros2_emo_voice/install/emo_voice:/home/user/ros2_ws/install/mytest:/opt/ros/humble /usr/bin/cmake --install /home/user/ros2_emo_voice/build/emo_voice_interfaces
[10.218s] -- Install configuration: ""
[10.219s] -- Up-to-date: /home/user/ros2_emo_voice/install/emo_voice_interfaces/share/ament_index/resource_index/rosidl_interfaces/emo_voice_interfaces
[10.219s] -- Up-to-date: /home/user/ros2_emo_voice/install/emo_voice_interfaces/include/emo_voice_interfaces/emo_voice_interfaces
[10.219s] -- Up-to-date: /home/user/ros2_emo_voice/install/emo_voice_interfaces/include/emo_voice_interfaces/emo_voice_interfaces/msg
[10.219s] -- Up-to-date: /home/user/ros2_emo_voice/install/emo_voice_interfaces/include/emo_voice_interfaces/emo_voice_interfaces/msg/rosidl_generator_c__visibility_control.h
[10.226s] -- Up-to-date: /home/user/ros2_emo_voice/install/emo_voice_interfaces/include/emo_voice_interfaces/emo_voice_interfaces/srv
[10.227s] -- Up-to-date: /home/user/ros2_emo_voice/install/emo_voice_interfaces/include/emo_voice_interfaces/emo_voice_interfaces/srv/detail
[10.228s] -- Up-to-date: /home/user/ros2_emo_voice/install/emo_voice_interfaces/include/emo_voice_interfaces/emo_voice_interfaces/srv/detail/gen_text__struct.h
[10.229s] -- Up-to-date: /home/user/ros2_emo_voice/install/emo_voice_interfaces/include/emo_voice_interfaces/emo_voice_interfaces/srv/detail/gen_text__type_support.h
[10.229s] -- Up-to-date: /home/user/ros2_emo_voice/install/emo_voice_interfaces/include/emo_voice_interfaces/emo_voice_interfaces/srv/detail/gen_text__functions.h
[10.229s] -- Up-to-date: /home/user/ros2_emo_voice/install/emo_voice_interfaces/include/emo_voice_interfaces/emo_voice_interfaces/srv/detail/gen_text__functions.c
[10.233s] -- Up-to-date: /home/user/ros2_emo_voice/install/emo_voice_interfaces/include/emo_voice_interfaces/emo_voice_interfaces/srv/gen_text.h
[10.235s] -- Up-to-date: /home/user/ros2_emo_voice/install/emo_voice_interfaces/share/emo_voice_interfaces/environment/library_path.sh
[10.237s] -- Up-to-date: /home/user/ros2_emo_voice/install/emo_voice_interfaces/share/emo_voice_interfaces/environment/library_path.dsv
[10.244s] -- Up-to-date: /home/user/ros2_emo_voice/install/emo_voice_interfaces/lib/libemo_voice_interfaces__rosidl_generator_c.so
[10.244s] -- Up-to-date: /home/user/ros2_emo_voice/install/emo_voice_interfaces/include/emo_voice_interfaces/emo_voice_interfaces
[10.245s] -- Up-to-date: /home/user/ros2_emo_voice/install/emo_voice_interfaces/include/emo_voice_interfaces/emo_voice_interfaces/msg
[10.245s] -- Up-to-date: /home/user/ros2_emo_voice/install/emo_voice_interfaces/include/emo_voice_interfaces/emo_voice_interfaces/msg/rosidl_typesupport_fastrtps_c__visibility_control.h
[10.245s] -- Up-to-date: /home/user/ros2_emo_voice/install/emo_voice_interfaces/include/emo_voice_interfaces/emo_voice_interfaces/srv
[10.245s] -- Up-to-date: /home/user/ros2_emo_voice/install/emo_voice_interfaces/include/emo_voice_interfaces/emo_voice_interfaces/srv/detail
[10.245s] -- Up-to-date: /home/user/ros2_emo_voice/install/emo_voice_interfaces/include/emo_voice_interfaces/emo_voice_interfaces/srv/detail/gen_text__rosidl_typesupport_fastrtps_c.h
[10.245s] -- Up-to-date: /home/user/ros2_emo_voice/install/emo_voice_interfaces/lib/libemo_voice_interfaces__rosidl_typesupport_fastrtps_c.so
[10.246s] -- Up-to-date: /home/user/ros2_emo_voice/install/emo_voice_interfaces/include/emo_voice_interfaces/emo_voice_interfaces
[10.246s] -- Up-to-date: /home/user/ros2_emo_voice/install/emo_voice_interfaces/include/emo_voice_interfaces/emo_voice_interfaces/msg
[10.246s] -- Up-to-date: /home/user/ros2_emo_voice/install/emo_voice_interfaces/include/emo_voice_interfaces/emo_voice_interfaces/msg/rosidl_typesupport_introspection_c__visibility_control.h
[10.246s] -- Up-to-date: /home/user/ros2_emo_voice/install/emo_voice_interfaces/include/emo_voice_interfaces/emo_voice_interfaces/srv
[10.246s] -- Up-to-date: /home/user/ros2_emo_voice/install/emo_voice_interfaces/include/emo_voice_interfaces/emo_voice_interfaces/srv/detail
[10.246s] -- Up-to-date: /home/user/ros2_emo_voice/install/emo_voice_interfaces/include/emo_voice_interfaces/emo_voice_interfaces/srv/detail/gen_text__rosidl_typesupport_introspection_c.h
[10.247s] -- Up-to-date: /home/user/ros2_emo_voice/install/emo_voice_interfaces/include/emo_voice_interfaces/emo_voice_interfaces/srv/detail/gen_text__type_support.c
[10.247s] -- Up-to-date: /home/user/ros2_emo_voice/install/emo_voice_interfaces/lib/libemo_voice_interfaces__rosidl_typesupport_introspection_c.so
[10.247s] -- Up-to-date: /home/user/ros2_emo_voice/install/emo_voice_interfaces/lib/libemo_voice_interfaces__rosidl_typesupport_c.so
[10.247s] -- Up-to-date: /home/user/ros2_emo_voice/install/emo_voice_interfaces/include/emo_voice_interfaces/emo_voice_interfaces
[10.247s] -- Up-to-date: /home/user/ros2_emo_voice/install/emo_voice_interfaces/include/emo_voice_interfaces/emo_voice_interfaces/srv
[10.247s] -- Up-to-date: /home/user/ros2_emo_voice/install/emo_voice_interfaces/include/emo_voice_interfaces/emo_voice_interfaces/srv/detail
[10.248s] -- Up-to-date: /home/user/ros2_emo_voice/install/emo_voice_interfaces/include/emo_voice_interfaces/emo_voice_interfaces/srv/detail/gen_text__traits.hpp
[10.248s] -- Up-to-date: /home/user/ros2_emo_voice/install/emo_voice_interfaces/include/emo_voice_interfaces/emo_voice_interfaces/srv/detail/gen_text__struct.hpp
[10.248s] -- Up-to-date: /home/user/ros2_emo_voice/install/emo_voice_interfaces/include/emo_voice_interfaces/emo_voice_interfaces/srv/detail/gen_text__builder.hpp
[10.248s] -- Up-to-date: /home/user/ros2_emo_voice/install/emo_voice_interfaces/include/emo_voice_interfaces/emo_voice_interfaces/srv/gen_text.hpp
[10.267s] -- Up-to-date: /home/user/ros2_emo_voice/install/emo_voice_interfaces/include/emo_voice_interfaces/emo_voice_interfaces
[10.268s] -- Up-to-date: /home/user/ros2_emo_voice/install/emo_voice_interfaces/include/emo_voice_interfaces/emo_voice_interfaces/msg
[10.269s] -- Up-to-date: /home/user/ros2_emo_voice/install/emo_voice_interfaces/include/emo_voice_interfaces/emo_voice_interfaces/msg/rosidl_typesupport_fastrtps_cpp__visibility_control.h
[10.270s] -- Up-to-date: /home/user/ros2_emo_voice/install/emo_voice_interfaces/include/emo_voice_interfaces/emo_voice_interfaces/srv
[10.271s] -- Up-to-date: /home/user/ros2_emo_voice/install/emo_voice_interfaces/include/emo_voice_interfaces/emo_voice_interfaces/srv/detail
[10.271s] -- Up-to-date: /home/user/ros2_emo_voice/install/emo_voice_interfaces/include/emo_voice_interfaces/emo_voice_interfaces/srv/detail/gen_text__rosidl_typesupport_fastrtps_cpp.hpp
[10.271s] -- Up-to-date: /home/user/ros2_emo_voice/install/emo_voice_interfaces/include/emo_voice_interfaces/emo_voice_interfaces/srv/detail/dds_fastrtps
[10.271s] -- Up-to-date: /home/user/ros2_emo_voice/install/emo_voice_interfaces/lib/libemo_voice_interfaces__rosidl_typesupport_fastrtps_cpp.so
[10.272s] -- Up-to-date: /home/user/ros2_emo_voice/install/emo_voice_interfaces/include/emo_voice_interfaces/emo_voice_interfaces
[10.272s] -- Up-to-date: /home/user/ros2_emo_voice/install/emo_voice_interfaces/include/emo_voice_interfaces/emo_voice_interfaces/srv
[10.272s] -- Up-to-date: /home/user/ros2_emo_voice/install/emo_voice_interfaces/include/emo_voice_interfaces/emo_voice_interfaces/srv/detail
[10.273s] -- Up-to-date: /home/user/ros2_emo_voice/install/emo_voice_interfaces/include/emo_voice_interfaces/emo_voice_interfaces/srv/detail/gen_text__rosidl_typesupport_introspection_cpp.hpp
[10.273s] -- Up-to-date: /home/user/ros2_emo_voice/install/emo_voice_interfaces/include/emo_voice_interfaces/emo_voice_interfaces/srv/detail/gen_text__type_support.cpp
[10.273s] -- Up-to-date: /home/user/ros2_emo_voice/install/emo_voice_interfaces/lib/libemo_voice_interfaces__rosidl_typesupport_introspection_cpp.so
[10.273s] -- Up-to-date: /home/user/ros2_emo_voice/install/emo_voice_interfaces/lib/libemo_voice_interfaces__rosidl_typesupport_cpp.so
[10.274s] -- Up-to-date: /home/user/ros2_emo_voice/install/emo_voice_interfaces/share/emo_voice_interfaces/environment/pythonpath.sh
[10.274s] -- Up-to-date: /home/user/ros2_emo_voice/install/emo_voice_interfaces/share/emo_voice_interfaces/environment/pythonpath.dsv
[10.274s] -- Up-to-date: /home/user/ros2_emo_voice/install/emo_voice_interfaces/local/lib/python3.10/dist-packages/emo_voice_interfaces-0.0.0-py3.10.egg-info
[10.274s] -- Installing: /home/user/ros2_emo_voice/install/emo_voice_interfaces/local/lib/python3.10/dist-packages/emo_voice_interfaces-0.0.0-py3.10.egg-info/top_level.txt
[10.303s] -- Installing: /home/user/ros2_emo_voice/install/emo_voice_interfaces/local/lib/python3.10/dist-packages/emo_voice_interfaces-0.0.0-py3.10.egg-info/PKG-INFO
[10.303s] -- Installing: /home/user/ros2_emo_voice/install/emo_voice_interfaces/local/lib/python3.10/dist-packages/emo_voice_interfaces-0.0.0-py3.10.egg-info/SOURCES.txt
[10.304s] -- Installing: /home/user/ros2_emo_voice/install/emo_voice_interfaces/local/lib/python3.10/dist-packages/emo_voice_interfaces-0.0.0-py3.10.egg-info/dependency_links.txt
[10.304s] -- Up-to-date: /home/user/ros2_emo_voice/install/emo_voice_interfaces/local/lib/python3.10/dist-packages/emo_voice_interfaces
[10.305s] -- Up-to-date: /home/user/ros2_emo_voice/install/emo_voice_interfaces/local/lib/python3.10/dist-packages/emo_voice_interfaces/_emo_voice_interfaces_s.ep.rosidl_typesupport_c.c
[10.305s] -- Up-to-date: /home/user/ros2_emo_voice/install/emo_voice_interfaces/local/lib/python3.10/dist-packages/emo_voice_interfaces/_emo_voice_interfaces_s.ep.rosidl_typesupport_introspection_c.c
[10.306s] -- Up-to-date: /home/user/ros2_emo_voice/install/emo_voice_interfaces/local/lib/python3.10/dist-packages/emo_voice_interfaces/_emo_voice_interfaces_s.ep.rosidl_typesupport_fastrtps_c.c
[10.306s] -- Up-to-date: /home/user/ros2_emo_voice/install/emo_voice_interfaces/local/lib/python3.10/dist-packages/emo_voice_interfaces/emo_voice_interfaces_s__rosidl_typesupport_introspection_c.cpython-310-x86_64-linux-gnu.so
[10.306s] -- Up-to-date: /home/user/ros2_emo_voice/install/emo_voice_interfaces/local/lib/python3.10/dist-packages/emo_voice_interfaces/__init__.py
[10.306s] -- Up-to-date: /home/user/ros2_emo_voice/install/emo_voice_interfaces/local/lib/python3.10/dist-packages/emo_voice_interfaces/emo_voice_interfaces_s__rosidl_typesupport_c.cpython-310-x86_64-linux-gnu.so
[10.307s] -- Up-to-date: /home/user/ros2_emo_voice/install/emo_voice_interfaces/local/lib/python3.10/dist-packages/emo_voice_interfaces/emo_voice_interfaces_s__rosidl_typesupport_fastrtps_c.cpython-310-x86_64-linux-gnu.so
[10.307s] -- Up-to-date: /home/user/ros2_emo_voice/install/emo_voice_interfaces/local/lib/python3.10/dist-packages/emo_voice_interfaces/srv
[10.307s] -- Up-to-date: /home/user/ros2_emo_voice/install/emo_voice_interfaces/local/lib/python3.10/dist-packages/emo_voice_interfaces/srv/_gen_text_s.c
[10.308s] -- Up-to-date: /home/user/ros2_emo_voice/install/emo_voice_interfaces/local/lib/python3.10/dist-packages/emo_voice_interfaces/srv/_gen_text.py
[10.308s] -- Up-to-date: /home/user/ros2_emo_voice/install/emo_voice_interfaces/local/lib/python3.10/dist-packages/emo_voice_interfaces/srv/__init__.py
[10.308s] -- Up-to-date: /home/user/ros2_emo_voice/install/emo_voice_interfaces/local/lib/python3.10/dist-packages/emo_voice_interfaces/libemo_voice_interfaces__rosidl_generator_py.so
[10.528s] Listing '/home/user/ros2_emo_voice/install/emo_voice_interfaces/local/lib/python3.10/dist-packages/emo_voice_interfaces'...
[10.530s] Listing '/home/user/ros2_emo_voice/install/emo_voice_interfaces/local/lib/python3.10/dist-packages/emo_voice_interfaces/srv'...
[10.548s] -- Up-to-date: /home/user/ros2_emo_voice/install/emo_voice_interfaces/local/lib/python3.10/dist-packages/emo_voice_interfaces/emo_voice_interfaces_s__rosidl_typesupport_fastrtps_c.cpython-310-x86_64-linux-gnu.so
[10.548s] -- Up-to-date: /home/user/ros2_emo_voice/install/emo_voice_interfaces/local/lib/python3.10/dist-packages/emo_voice_interfaces/emo_voice_interfaces_s__rosidl_typesupport_introspection_c.cpython-310-x86_64-linux-gnu.so
[10.549s] -- Up-to-date: /home/user/ros2_emo_voice/install/emo_voice_interfaces/local/lib/python3.10/dist-packages/emo_voice_interfaces/emo_voice_interfaces_s__rosidl_typesupport_c.cpython-310-x86_64-linux-gnu.so
[10.549s] -- Up-to-date: /home/user/ros2_emo_voice/install/emo_voice_interfaces/lib/libemo_voice_interfaces__rosidl_generator_py.so
[10.551s] -- Up-to-date: /home/user/ros2_emo_voice/install/emo_voice_interfaces/share/emo_voice_interfaces/srv/GenText.idl
[10.552s] -- Up-to-date: /home/user/ros2_emo_voice/install/emo_voice_interfaces/share/emo_voice_interfaces/srv/GenText.srv
[10.554s] -- Up-to-date: /home/user/ros2_emo_voice/install/emo_voice_interfaces/share/emo_voice_interfaces/srv/GenText_Request.msg
[10.558s] -- Up-to-date: /home/user/ros2_emo_voice/install/emo_voice_interfaces/share/emo_voice_interfaces/srv/GenText_Response.msg
[10.560s] -- Up-to-date: /home/user/ros2_emo_voice/install/emo_voice_interfaces/share/ament_index/resource_index/package_run_dependencies/emo_voice_interfaces
[10.561s] -- Up-to-date: /home/user/ros2_emo_voice/install/emo_voice_interfaces/share/ament_index/resource_index/parent_prefix_path/emo_voice_interfaces
[10.561s] -- Up-to-date: /home/user/ros2_emo_voice/install/emo_voice_interfaces/share/emo_voice_interfaces/environment/ament_prefix_path.sh
[10.562s] -- Up-to-date: /home/user/ros2_emo_voice/install/emo_voice_interfaces/share/emo_voice_interfaces/environment/ament_prefix_path.dsv
[10.562s] -- Up-to-date: /home/user/ros2_emo_voice/install/emo_voice_interfaces/share/emo_voice_interfaces/environment/path.sh
[10.563s] -- Up-to-date: /home/user/ros2_emo_voice/install/emo_voice_interfaces/share/emo_voice_interfaces/environment/path.dsv
[10.563s] -- Up-to-date: /home/user/ros2_emo_voice/install/emo_voice_interfaces/share/emo_voice_interfaces/local_setup.bash
[10.579s] -- Up-to-date: /home/user/ros2_emo_voice/install/emo_voice_interfaces/share/emo_voice_interfaces/local_setup.sh
[10.580s] -- Up-to-date: /home/user/ros2_emo_voice/install/emo_voice_interfaces/share/emo_voice_interfaces/local_setup.zsh
[10.580s] -- Up-to-date: /home/user/ros2_emo_voice/install/emo_voice_interfaces/share/emo_voice_interfaces/local_setup.dsv
[10.581s] -- Installing: /home/user/ros2_emo_voice/install/emo_voice_interfaces/share/emo_voice_interfaces/package.dsv
[10.581s] -- Up-to-date: /home/user/ros2_emo_voice/install/emo_voice_interfaces/share/ament_index/resource_index/packages/emo_voice_interfaces
[10.581s] -- Up-to-date: /home/user/ros2_emo_voice/install/emo_voice_interfaces/share/emo_voice_interfaces/cmake/export_emo_voice_interfaces__rosidl_generator_cExport.cmake
[10.582s] -- Up-to-date: /home/user/ros2_emo_voice/install/emo_voice_interfaces/share/emo_voice_interfaces/cmake/export_emo_voice_interfaces__rosidl_generator_cExport-noconfig.cmake
[10.587s] -- Up-to-date: /home/user/ros2_emo_voice/install/emo_voice_interfaces/share/emo_voice_interfaces/cmake/export_emo_voice_interfaces__rosidl_typesupport_fastrtps_cExport.cmake
[10.587s] -- Up-to-date: /home/user/ros2_emo_voice/install/emo_voice_interfaces/share/emo_voice_interfaces/cmake/export_emo_voice_interfaces__rosidl_typesupport_fastrtps_cExport-noconfig.cmake
[10.587s] -- Up-to-date: /home/user/ros2_emo_voice/install/emo_voice_interfaces/share/emo_voice_interfaces/cmake/emo_voice_interfaces__rosidl_typesupport_introspection_cExport.cmake
[10.587s] -- Up-to-date: /home/user/ros2_emo_voice/install/emo_voice_interfaces/share/emo_voice_interfaces/cmake/emo_voice_interfaces__rosidl_typesupport_introspection_cExport-noconfig.cmake
[10.588s] -- Up-to-date: /home/user/ros2_emo_voice/install/emo_voice_interfaces/share/emo_voice_interfaces/cmake/emo_voice_interfaces__rosidl_typesupport_cExport.cmake
[10.588s] -- Up-to-date: /home/user/ros2_emo_voice/install/emo_voice_interfaces/share/emo_voice_interfaces/cmake/emo_voice_interfaces__rosidl_typesupport_cExport-noconfig.cmake
[10.588s] -- Up-to-date: /home/user/ros2_emo_voice/install/emo_voice_interfaces/share/emo_voice_interfaces/cmake/export_emo_voice_interfaces__rosidl_generator_cppExport.cmake
[10.588s] -- Up-to-date: /home/user/ros2_emo_voice/install/emo_voice_interfaces/share/emo_voice_interfaces/cmake/export_emo_voice_interfaces__rosidl_typesupport_fastrtps_cppExport.cmake
[10.588s] -- Up-to-date: /home/user/ros2_emo_voice/install/emo_voice_interfaces/share/emo_voice_interfaces/cmake/export_emo_voice_interfaces__rosidl_typesupport_fastrtps_cppExport-noconfig.cmake
[10.589s] -- Up-to-date: /home/user/ros2_emo_voice/install/emo_voice_interfaces/share/emo_voice_interfaces/cmake/emo_voice_interfaces__rosidl_typesupport_introspection_cppExport.cmake
[10.589s] -- Up-to-date: /home/user/ros2_emo_voice/install/emo_voice_interfaces/share/emo_voice_interfaces/cmake/emo_voice_interfaces__rosidl_typesupport_introspection_cppExport-noconfig.cmake
[10.589s] -- Up-to-date: /home/user/ros2_emo_voice/install/emo_voice_interfaces/share/emo_voice_interfaces/cmake/emo_voice_interfaces__rosidl_typesupport_cppExport.cmake
[10.589s] -- Up-to-date: /home/user/ros2_emo_voice/install/emo_voice_interfaces/share/emo_voice_interfaces/cmake/emo_voice_interfaces__rosidl_typesupport_cppExport-noconfig.cmake
[10.589s] -- Up-to-date: /home/user/ros2_emo_voice/install/emo_voice_interfaces/share/emo_voice_interfaces/cmake/export_emo_voice_interfaces__rosidl_generator_pyExport.cmake
[10.589s] -- Up-to-date: /home/user/ros2_emo_voice/install/emo_voice_interfaces/share/emo_voice_interfaces/cmake/export_emo_voice_interfaces__rosidl_generator_pyExport-noconfig.cmake
[10.590s] -- Up-to-date: /home/user/ros2_emo_voice/install/emo_voice_interfaces/share/emo_voice_interfaces/cmake/rosidl_cmake-extras.cmake
[10.590s] -- Up-to-date: /home/user/ros2_emo_voice/install/emo_voice_interfaces/share/emo_voice_interfaces/cmake/ament_cmake_export_include_directories-extras.cmake
[10.590s] -- Up-to-date: /home/user/ros2_emo_voice/install/emo_voice_interfaces/share/emo_voice_interfaces/cmake/ament_cmake_export_libraries-extras.cmake
[10.590s] -- Up-to-date: /home/user/ros2_emo_voice/install/emo_voice_interfaces/share/emo_voice_interfaces/cmake/ament_cmake_export_targets-extras.cmake
[10.590s] -- Up-to-date: /home/user/ros2_emo_voice/install/emo_voice_interfaces/share/emo_voice_interfaces/cmake/rosidl_cmake_export_typesupport_targets-extras.cmake
[10.590s] -- Up-to-date: /home/user/ros2_emo_voice/install/emo_voice_interfaces/share/emo_voice_interfaces/cmake/ament_cmake_export_dependencies-extras.cmake
[10.591s] -- Up-to-date: /home/user/ros2_emo_voice/install/emo_voice_interfaces/share/emo_voice_interfaces/cmake/rosidl_cmake_export_typesupport_libraries-extras.cmake
[10.591s] -- Up-to-date: /home/user/ros2_emo_voice/install/emo_voice_interfaces/share/emo_voice_interfaces/cmake/emo_voice_interfacesConfig.cmake
[10.591s] -- Up-to-date: /home/user/ros2_emo_voice/install/emo_voice_interfaces/share/emo_voice_interfaces/cmake/emo_voice_interfacesConfig-version.cmake
[10.591s] -- Up-to-date: /home/user/ros2_emo_voice/install/emo_voice_interfaces/share/emo_voice_interfaces/package.xml
[10.751s] Invoked command in '/home/user/ros2_emo_voice/build/emo_voice_interfaces' returned '0': CMAKE_PREFIX_PATH=${CMAKE_PREFIX_PATH}:/home/user/ros2_emo_voice/install/emo_voice:/home/user/ros2_ws/install/mytest:/opt/ros/humble /usr/bin/cmake --install /home/user/ros2_emo_voice/build/emo_voice_interfaces
