[5.402s] Invoking command in '/home/user/ros2_emo_voice/src/emo_voice': PYTHONPATH=/home/user/ros2_emo_voice/build/emo_voice/prefix_override:/home/user/ros2_emo_voice/install/emo_voice/lib/python3.10/site-packages:${PYTHONPATH} /usr/bin/python3 setup.py egg_info --egg-base ../../build/emo_voice build --build-base /home/user/ros2_emo_voice/build/emo_voice/build install --record /home/user/ros2_emo_voice/build/emo_voice/install.log --single-version-externally-managed
[6.688s] running egg_info
[6.689s] writing ../../build/emo_voice/emo_voice.egg-info/PKG-INFO
[6.706s] writing dependency_links to ../../build/emo_voice/emo_voice.egg-info/dependency_links.txt
[6.706s] writing entry points to ../../build/emo_voice/emo_voice.egg-info/entry_points.txt
[6.706s] writing requirements to ../../build/emo_voice/emo_voice.egg-info/requires.txt
[6.707s] writing top-level names to ../../build/emo_voice/emo_voice.egg-info/top_level.txt
[6.709s] reading manifest file '../../build/emo_voice/emo_voice.egg-info/SOURCES.txt'
[6.714s] writing manifest file '../../build/emo_voice/emo_voice.egg-info/SOURCES.txt'
[6.715s] running build
[6.715s] running build_py
[6.717s] copying emo_voice/voice.py -> /home/user/ros2_emo_voice/build/emo_voice/build/lib/emo_voice
[6.719s] running install
[6.721s] running install_lib
[6.727s] copying /home/user/ros2_emo_voice/build/emo_voice/build/lib/emo_voice/voice.py -> /home/user/ros2_emo_voice/install/emo_voice/lib/python3.10/site-packages/emo_voice
[6.729s] byte-compiling /home/user/ros2_emo_voice/install/emo_voice/lib/python3.10/site-packages/emo_voice/voice.py to voice.cpython-310.pyc
[6.736s] running install_data
[6.740s] running install_egg_info
[6.761s] removing '/home/user/ros2_emo_voice/install/emo_voice/lib/python3.10/site-packages/emo_voice-0.0.0-py3.10.egg-info' (and everything under it)
[6.762s] Copying ../../build/emo_voice/emo_voice.egg-info to /home/user/ros2_emo_voice/install/emo_voice/lib/python3.10/site-packages/emo_voice-0.0.0-py3.10.egg-info
[6.786s] running install_scripts
[6.875s] Installing client script to /home/user/ros2_emo_voice/install/emo_voice/lib/emo_voice
[6.885s] Installing move script to /home/user/ros2_emo_voice/install/emo_voice/lib/emo_voice
[6.886s] Installing plot script to /home/user/ros2_emo_voice/install/emo_voice/lib/emo_voice
[6.886s] Installing sensor_pnnx script to /home/user/ros2_emo_voice/install/emo_voice/lib/emo_voice
[6.886s] Installing server script to /home/user/ros2_emo_voice/install/emo_voice/lib/emo_voice
[6.887s] writing list of installed files to '/home/user/ros2_emo_voice/build/emo_voice/install.log'
[7.122s] Invoked command in '/home/user/ros2_emo_voice/src/emo_voice' returned '0': PYTHONPATH=/home/user/ros2_emo_voice/build/emo_voice/prefix_override:/home/user/ros2_emo_voice/install/emo_voice/lib/python3.10/site-packages:${PYTHONPATH} /usr/bin/python3 setup.py egg_info --egg-base ../../build/emo_voice build --build-base /home/user/ros2_emo_voice/build/emo_voice/build install --record /home/user/ros2_emo_voice/build/emo_voice/install.log --single-version-externally-managed
