[3.839s] DEBUG:colcon:Command line arguments: ['/usr/bin/colcon', 'build']
[3.840s] DEBUG:colcon:Parsed command line arguments: Namespace(log_base=None, log_level=None, verb_name='build', build_base='build', install_base='install', merge_install=False, symlink_install=False, test_result_base=None, continue_on_error=False, executor='parallel', parallel_workers=2, event_handlers=None, ignore_user_meta=False, metas=['./colcon.meta'], base_paths=['.'], packages_ignore=None, packages_ignore_regex=None, paths=None, packages_up_to=None, packages_up_to_regex=None, packages_above=None, packages_above_and_dependencies=None, packages_above_depth=None, packages_select_by_dep=None, packages_skip_by_dep=None, packages_skip_up_to=None, packages_select_build_failed=False, packages_skip_build_finished=False, packages_select_test_failures=False, packages_skip_test_passed=False, packages_select=None, packages_skip=None, packages_select_regex=None, packages_skip_regex=None, packages_start=None, packages_end=None, allow_overriding=[], cmake_args=None, cmake_target=None, cmake_target_skip_unavailable=False, cmake_clean_cache=False, cmake_clean_first=False, cmake_force_configure=False, ament_cmake_args=None, catkin_cmake_args=None, catkin_skip_building_tests=False, verb_parser=<colcon_defaults.argument_parser.defaults.DefaultArgumentsDecorator object at 0x7f6a4cccd480>, verb_extension=<colcon_core.verb.build.BuildVerb object at 0x7f6a4cccc1c0>, main=<bound method BuildVerb.main of <colcon_core.verb.build.BuildVerb object at 0x7f6a4cccc1c0>>)
[3.978s] Level 1:colcon.colcon_core.package_discovery:discover_packages(colcon_meta) check parameters
[3.979s] Level 1:colcon.colcon_core.package_discovery:discover_packages(recursive) check parameters
[3.979s] Level 1:colcon.colcon_core.package_discovery:discover_packages(ignore) check parameters
[3.979s] Level 1:colcon.colcon_core.package_discovery:discover_packages(path) check parameters
[3.979s] Level 1:colcon.colcon_core.package_discovery:discover_packages(colcon_meta) discover
[3.979s] Level 1:colcon.colcon_core.package_discovery:discover_packages(recursive) discover
[3.979s] INFO:colcon.colcon_core.package_discovery:Crawling recursively for packages in '/home/user/ros2_ws_demo'
[3.980s] Level 1:colcon.colcon_core.package_identification:_identify(.) by extensions ['ignore', 'ignore_ament_install']
[3.980s] Level 1:colcon.colcon_core.package_identification:_identify(.) by extension 'ignore'
[3.980s] Level 1:colcon.colcon_core.package_identification:_identify(.) by extension 'ignore_ament_install'
[3.980s] Level 1:colcon.colcon_core.package_identification:_identify(.) by extensions ['colcon_pkg']
[3.980s] Level 1:colcon.colcon_core.package_identification:_identify(.) by extension 'colcon_pkg'
[3.980s] Level 1:colcon.colcon_core.package_identification:_identify(.) by extensions ['colcon_meta']
[3.980s] Level 1:colcon.colcon_core.package_identification:_identify(.) by extension 'colcon_meta'
[3.980s] Level 1:colcon.colcon_core.package_identification:_identify(.) by extensions ['ros']
[3.981s] Level 1:colcon.colcon_core.package_identification:_identify(.) by extension 'ros'
[4.014s] Level 1:colcon.colcon_core.package_identification:_identify(.) by extensions ['cmake', 'python']
[4.014s] Level 1:colcon.colcon_core.package_identification:_identify(.) by extension 'cmake'
[4.014s] Level 1:colcon.colcon_core.package_identification:_identify(.) by extension 'python'
[4.014s] Level 1:colcon.colcon_core.package_identification:_identify(.) by extensions ['python_setup_py']
[4.014s] Level 1:colcon.colcon_core.package_identification:_identify(.) by extension 'python_setup_py'
[4.015s] Level 1:colcon.colcon_core.package_identification:_identify(build) by extensions ['ignore', 'ignore_ament_install']
[4.015s] Level 1:colcon.colcon_core.package_identification:_identify(build) by extension 'ignore'
[4.015s] Level 1:colcon.colcon_core.package_identification:_identify(build) ignored
[4.015s] Level 1:colcon.colcon_core.package_identification:_identify(install) by extensions ['ignore', 'ignore_ament_install']
[4.016s] Level 1:colcon.colcon_core.package_identification:_identify(install) by extension 'ignore'
[4.016s] Level 1:colcon.colcon_core.package_identification:_identify(install) ignored
[4.016s] Level 1:colcon.colcon_core.package_identification:_identify(log) by extensions ['ignore', 'ignore_ament_install']
[4.016s] Level 1:colcon.colcon_core.package_identification:_identify(log) by extension 'ignore'
[4.017s] Level 1:colcon.colcon_core.package_identification:_identify(log) ignored
[4.017s] Level 1:colcon.colcon_core.package_identification:_identify(src) by extensions ['ignore', 'ignore_ament_install']
[4.017s] Level 1:colcon.colcon_core.package_identification:_identify(src) by extension 'ignore'
[4.017s] Level 1:colcon.colcon_core.package_identification:_identify(src) by extension 'ignore_ament_install'
[4.017s] Level 1:colcon.colcon_core.package_identification:_identify(src) by extensions ['colcon_pkg']
[4.018s] Level 1:colcon.colcon_core.package_identification:_identify(src) by extension 'colcon_pkg'
[4.018s] Level 1:colcon.colcon_core.package_identification:_identify(src) by extensions ['colcon_meta']
[4.018s] Level 1:colcon.colcon_core.package_identification:_identify(src) by extension 'colcon_meta'
[4.018s] Level 1:colcon.colcon_core.package_identification:_identify(src) by extensions ['ros']
[4.018s] Level 1:colcon.colcon_core.package_identification:_identify(src) by extension 'ros'
[4.019s] Level 1:colcon.colcon_core.package_identification:_identify(src) by extensions ['cmake', 'python']
[4.019s] Level 1:colcon.colcon_core.package_identification:_identify(src) by extension 'cmake'
[4.019s] Level 1:colcon.colcon_core.package_identification:_identify(src) by extension 'python'
[4.019s] Level 1:colcon.colcon_core.package_identification:_identify(src) by extensions ['python_setup_py']
[4.019s] Level 1:colcon.colcon_core.package_identification:_identify(src) by extension 'python_setup_py'
[4.020s] Level 1:colcon.colcon_core.package_identification:_identify(src/mytest) by extensions ['ignore', 'ignore_ament_install']
[4.020s] Level 1:colcon.colcon_core.package_identification:_identify(src/mytest) by extension 'ignore'
[4.020s] Level 1:colcon.colcon_core.package_identification:_identify(src/mytest) by extension 'ignore_ament_install'
[4.020s] Level 1:colcon.colcon_core.package_identification:_identify(src/mytest) by extensions ['colcon_pkg']
[4.020s] Level 1:colcon.colcon_core.package_identification:_identify(src/mytest) by extension 'colcon_pkg'
[4.021s] Level 1:colcon.colcon_core.package_identification:_identify(src/mytest) by extensions ['colcon_meta']
[4.021s] Level 1:colcon.colcon_core.package_identification:_identify(src/mytest) by extension 'colcon_meta'
[4.021s] Level 1:colcon.colcon_core.package_identification:_identify(src/mytest) by extensions ['ros']
[4.021s] Level 1:colcon.colcon_core.package_identification:_identify(src/mytest) by extension 'ros'
[4.029s] DEBUG:colcon.colcon_core.package_identification:Package 'src/mytest' with type 'ros.ament_python' and name 'mytest'
[4.030s] Level 1:colcon.colcon_core.package_discovery:discover_packages(recursive) using defaults
[4.030s] Level 1:colcon.colcon_core.package_discovery:discover_packages(ignore) discover
[4.030s] Level 1:colcon.colcon_core.package_discovery:discover_packages(ignore) using defaults
[4.030s] Level 1:colcon.colcon_core.package_discovery:discover_packages(path) discover
[4.030s] Level 1:colcon.colcon_core.package_discovery:discover_packages(path) using defaults
[4.304s] Level 1:colcon.colcon_core.package_discovery:discover_packages(prefix_path) check parameters
[4.304s] Level 1:colcon.colcon_core.package_discovery:discover_packages(prefix_path) discover
[4.393s] DEBUG:colcon.colcon_installed_package_information.package_discovery:Found 1 installed packages in /home/user/ros2_ws_demo/install
[4.455s] DEBUG:colcon.colcon_installed_package_information.package_discovery:Found 1 installed packages in /home/user/ros2_ws/install
[4.504s] DEBUG:colcon.colcon_installed_package_information.package_discovery:Found 396 installed packages in /opt/ros/humble
[4.508s] Level 1:colcon.colcon_core.package_discovery:discover_packages(prefix_path) using defaults
[4.810s] Level 5:colcon.colcon_core.verb:set package 'mytest' build argument 'cmake_args' from command line to 'None'
[4.810s] Level 5:colcon.colcon_core.verb:set package 'mytest' build argument 'cmake_target' from command line to 'None'
[4.810s] Level 5:colcon.colcon_core.verb:set package 'mytest' build argument 'cmake_target_skip_unavailable' from command line to 'False'
[4.810s] Level 5:colcon.colcon_core.verb:set package 'mytest' build argument 'cmake_clean_cache' from command line to 'False'
[4.810s] Level 5:colcon.colcon_core.verb:set package 'mytest' build argument 'cmake_clean_first' from command line to 'False'
[4.810s] Level 5:colcon.colcon_core.verb:set package 'mytest' build argument 'cmake_force_configure' from command line to 'False'
[4.810s] Level 5:colcon.colcon_core.verb:set package 'mytest' build argument 'ament_cmake_args' from command line to 'None'
[4.814s] Level 5:colcon.colcon_core.verb:set package 'mytest' build argument 'catkin_cmake_args' from command line to 'None'
[4.814s] Level 5:colcon.colcon_core.verb:set package 'mytest' build argument 'catkin_skip_building_tests' from command line to 'False'
[4.814s] DEBUG:colcon.colcon_core.verb:Building package 'mytest' with the following arguments: {'ament_cmake_args': None, 'build_base': '/home/user/ros2_ws_demo/build/mytest', 'catkin_cmake_args': None, 'catkin_skip_building_tests': False, 'cmake_args': None, 'cmake_clean_cache': False, 'cmake_clean_first': False, 'cmake_force_configure': False, 'cmake_target': None, 'cmake_target_skip_unavailable': False, 'install_base': '/home/user/ros2_ws_demo/install/mytest', 'merge_install': False, 'path': '/home/user/ros2_ws_demo/src/mytest', 'symlink_install': False, 'test_result_base': None}
[4.860s] INFO:colcon.colcon_core.executor:Executing jobs using 'parallel' executor
[4.911s] DEBUG:colcon.colcon_parallel_executor.executor.parallel:run_until_complete
[4.912s] INFO:colcon.colcon_ros.task.ament_python.build:Building ROS package in '/home/user/ros2_ws_demo/src/mytest' with build type 'ament_python'
[4.913s] Level 1:colcon.colcon_core.shell:create_environment_hook('mytest', 'ament_prefix_path')
[4.976s] INFO:colcon.colcon_core.plugin_system:Skipping extension 'colcon_core.shell.bat': Not used on non-Windows systems
[4.977s] INFO:colcon.colcon_core.shell:Creating environment hook '/home/user/ros2_ws_demo/install/mytest/share/mytest/hook/ament_prefix_path.ps1'
[4.979s] INFO:colcon.colcon_core.shell:Creating environment descriptor '/home/user/ros2_ws_demo/install/mytest/share/mytest/hook/ament_prefix_path.dsv'
[4.980s] INFO:colcon.colcon_core.shell:Creating environment hook '/home/user/ros2_ws_demo/install/mytest/share/mytest/hook/ament_prefix_path.sh'
[5.034s] INFO:colcon.colcon_core.shell:Skip shell extension 'powershell' for command environment: Not usable outside of PowerShell
[5.034s] DEBUG:colcon.colcon_core.shell:Skip shell extension 'dsv' for command environment
[6.109s] INFO:colcon.colcon_core.task.python.build:Building Python package in '/home/user/ros2_ws_demo/src/mytest'
[6.153s] INFO:colcon.colcon_core.shell:Skip shell extension 'powershell' for command environment: Not usable outside of PowerShell
[6.154s] DEBUG:colcon.colcon_core.shell:Skip shell extension 'dsv' for command environment
[9.384s] DEBUG:colcon.colcon_core.event_handler.log_command:Invoking command in '/home/user/ros2_ws_demo/src/mytest': PYTHONPATH=/home/user/ros2_ws_demo/build/mytest/prefix_override:/home/user/ros2_ws_demo/install/mytest/lib/python3.10/site-packages:${PYTHONPATH} /usr/bin/python3 setup.py egg_info --egg-base ../../build/mytest build --build-base /home/user/ros2_ws_demo/build/mytest/build install --record /home/user/ros2_ws_demo/build/mytest/install.log --single-version-externally-managed
[10.456s] DEBUG:colcon.colcon_core.event_handler.log_command:Invoked command in '/home/user/ros2_ws_demo/src/mytest' returned '0': PYTHONPATH=/home/user/ros2_ws_demo/build/mytest/prefix_override:/home/user/ros2_ws_demo/install/mytest/lib/python3.10/site-packages:${PYTHONPATH} /usr/bin/python3 setup.py egg_info --egg-base ../../build/mytest build --build-base /home/user/ros2_ws_demo/build/mytest/build install --record /home/user/ros2_ws_demo/build/mytest/install.log --single-version-externally-managed
[10.549s] Level 1:colcon.colcon_core.environment:checking '/home/user/ros2_ws_demo/install/mytest' for CMake module files
[10.550s] Level 1:colcon.colcon_core.environment:checking '/home/user/ros2_ws_demo/install/mytest' for CMake config files
[10.552s] Level 1:colcon.colcon_core.environment:checking '/home/user/ros2_ws_demo/install/mytest/lib'
[10.552s] Level 1:colcon.colcon_core.environment:checking '/home/user/ros2_ws_demo/install/mytest/bin'
[10.553s] Level 1:colcon.colcon_core.environment:checking '/home/user/ros2_ws_demo/install/mytest/lib/pkgconfig/mytest.pc'
[10.553s] Level 1:colcon.colcon_core.environment:checking '/home/user/ros2_ws_demo/install/mytest/lib/python3.10/site-packages'
[10.553s] Level 1:colcon.colcon_core.shell:create_environment_hook('mytest', 'pythonpath')
[10.606s] INFO:colcon.colcon_core.shell:Creating environment hook '/home/user/ros2_ws_demo/install/mytest/share/mytest/hook/pythonpath.ps1'
[10.611s] INFO:colcon.colcon_core.shell:Creating environment descriptor '/home/user/ros2_ws_demo/install/mytest/share/mytest/hook/pythonpath.dsv'
[10.616s] INFO:colcon.colcon_core.shell:Creating environment hook '/home/user/ros2_ws_demo/install/mytest/share/mytest/hook/pythonpath.sh'
[10.620s] Level 1:colcon.colcon_core.environment:checking '/home/user/ros2_ws_demo/install/mytest/bin'
[10.621s] Level 1:colcon.colcon_core.environment:create_environment_scripts_only(mytest)
[10.666s] INFO:colcon.colcon_core.shell:Creating package script '/home/user/ros2_ws_demo/install/mytest/share/mytest/package.ps1'
[10.670s] INFO:colcon.colcon_core.shell:Creating package descriptor '/home/user/ros2_ws_demo/install/mytest/share/mytest/package.dsv'
[10.674s] INFO:colcon.colcon_core.shell:Creating package script '/home/user/ros2_ws_demo/install/mytest/share/mytest/package.sh'
[10.678s] INFO:colcon.colcon_core.shell:Creating package script '/home/user/ros2_ws_demo/install/mytest/share/mytest/package.bash'
[10.683s] INFO:colcon.colcon_core.shell:Creating package script '/home/user/ros2_ws_demo/install/mytest/share/mytest/package.zsh'
[10.689s] Level 1:colcon.colcon_core.environment:create_file_with_runtime_dependencies(/home/user/ros2_ws_demo/install/mytest/share/colcon-core/packages/mytest)
[10.690s] DEBUG:colcon.colcon_parallel_executor.executor.parallel:closing loop
[10.692s] DEBUG:colcon.colcon_parallel_executor.executor.parallel:loop closed
[10.692s] DEBUG:colcon.colcon_parallel_executor.executor.parallel:run_until_complete finished with '0'
[10.693s] DEBUG:colcon.colcon_core.event_reactor:joining thread
[10.788s] INFO:colcon.colcon_core.plugin_system:Skipping extension 'colcon_notification.desktop_notification.terminal_notifier': Not used on non-Darwin systems
[10.788s] INFO:colcon.colcon_core.plugin_system:Skipping extension 'colcon_notification.desktop_notification.win32': Not used on non-Windows systems
[10.788s] INFO:colcon.colcon_notification.desktop_notification:Sending desktop notification using 'notify2'
[10.830s] DEBUG:colcon.colcon_core.event_reactor:joined thread
[10.908s] INFO:colcon.colcon_core.shell:Creating prefix script '/home/user/ros2_ws_demo/install/local_setup.ps1'
[10.913s] INFO:colcon.colcon_core.shell:Creating prefix util module '/home/user/ros2_ws_demo/install/_local_setup_util_ps1.py'
[10.930s] INFO:colcon.colcon_core.shell:Creating prefix chain script '/home/user/ros2_ws_demo/install/setup.ps1'
[10.999s] INFO:colcon.colcon_core.shell:Creating prefix script '/home/user/ros2_ws_demo/install/local_setup.sh'
[11.003s] INFO:colcon.colcon_core.shell:Creating prefix util module '/home/user/ros2_ws_demo/install/_local_setup_util_sh.py'
[11.005s] INFO:colcon.colcon_core.shell:Creating prefix chain script '/home/user/ros2_ws_demo/install/setup.sh'
[11.069s] INFO:colcon.colcon_core.shell:Creating prefix script '/home/user/ros2_ws_demo/install/local_setup.bash'
[11.072s] INFO:colcon.colcon_core.shell:Creating prefix chain script '/home/user/ros2_ws_demo/install/setup.bash'
[11.118s] INFO:colcon.colcon_core.shell:Creating prefix script '/home/user/ros2_ws_demo/install/local_setup.zsh'
[11.121s] INFO:colcon.colcon_core.shell:Creating prefix chain script '/home/user/ros2_ws_demo/install/setup.zsh'
