[4.659s] Invoking command in '/home/user/ros2_emo_voice/src/emo_voice': PYTHONPATH=/home/user/ros2_emo_voice/build/emo_voice/prefix_override:/home/user/ros2_emo_voice/install/emo_voice/lib/python3.10/site-packages:${PYTHONPATH} /usr/bin/python3 setup.py egg_info --egg-base ../../build/emo_voice build --build-base /home/user/ros2_emo_voice/build/emo_voice/build install --record /home/user/ros2_emo_voice/build/emo_voice/install.log --single-version-externally-managed
[6.087s] running egg_info
[6.088s] writing ../../build/emo_voice/emo_voice.egg-info/PKG-INFO
[6.088s] writing dependency_links to ../../build/emo_voice/emo_voice.egg-info/dependency_links.txt
[6.088s] writing entry points to ../../build/emo_voice/emo_voice.egg-info/entry_points.txt
[6.105s] writing requirements to ../../build/emo_voice/emo_voice.egg-info/requires.txt
[6.106s] writing top-level names to ../../build/emo_voice/emo_voice.egg-info/top_level.txt
[6.107s] reading manifest file '../../build/emo_voice/emo_voice.egg-info/SOURCES.txt'
[6.107s] writing manifest file '../../build/emo_voice/emo_voice.egg-info/SOURCES.txt'
[6.115s] running build
[6.116s] running build_py
[6.219s] copying emo_voice/client.py -> /home/user/ros2_emo_voice/build/emo_voice/build/lib/emo_voice
[6.230s] running install
[6.230s] running install_lib
[6.230s] copying /home/user/ros2_emo_voice/build/emo_voice/build/lib/emo_voice/client.py -> /home/user/ros2_emo_voice/install/emo_voice/lib/python3.10/site-packages/emo_voice
[6.231s] byte-compiling /home/user/ros2_emo_voice/install/emo_voice/lib/python3.10/site-packages/emo_voice/client.py to client.cpython-310.pyc
[6.248s] running install_data
[6.248s] running install_egg_info
[6.248s] removing '/home/user/ros2_emo_voice/install/emo_voice/lib/python3.10/site-packages/emo_voice-0.0.0-py3.10.egg-info' (and everything under it)
[6.249s] Copying ../../build/emo_voice/emo_voice.egg-info to /home/user/ros2_emo_voice/install/emo_voice/lib/python3.10/site-packages/emo_voice-0.0.0-py3.10.egg-info
[6.249s] running install_scripts
[6.369s] Installing client script to /home/user/ros2_emo_voice/install/emo_voice/lib/emo_voice
[6.373s] Installing move script to /home/user/ros2_emo_voice/install/emo_voice/lib/emo_voice
[6.375s] Installing plot script to /home/user/ros2_emo_voice/install/emo_voice/lib/emo_voice
[6.377s] Installing sensor_pnnx script to /home/user/ros2_emo_voice/install/emo_voice/lib/emo_voice
[6.379s] Installing server script to /home/user/ros2_emo_voice/install/emo_voice/lib/emo_voice
[6.382s] writing list of installed files to '/home/user/ros2_emo_voice/build/emo_voice/install.log'
[6.669s] Invoked command in '/home/user/ros2_emo_voice/src/emo_voice' returned '0': PYTHONPATH=/home/user/ros2_emo_voice/build/emo_voice/prefix_override:/home/user/ros2_emo_voice/install/emo_voice/lib/python3.10/site-packages:${PYTHONPATH} /usr/bin/python3 setup.py egg_info --egg-base ../../build/emo_voice build --build-base /home/user/ros2_emo_voice/build/emo_voice/build install --record /home/user/ros2_emo_voice/build/emo_voice/install.log --single-version-externally-managed
