[2.425s] DEBUG:colcon:Command line arguments: ['/usr/bin/colcon', 'build']
[2.425s] DEBUG:colcon:Parsed command line arguments: Namespace(log_base=None, log_level=None, verb_name='build', build_base='build', install_base='install', merge_install=False, symlink_install=False, test_result_base=None, continue_on_error=False, executor='parallel', parallel_workers=2, event_handlers=None, ignore_user_meta=False, metas=['./colcon.meta'], base_paths=['.'], packages_ignore=None, packages_ignore_regex=None, paths=None, packages_up_to=None, packages_up_to_regex=None, packages_above=None, packages_above_and_dependencies=None, packages_above_depth=None, packages_select_by_dep=None, packages_skip_by_dep=None, packages_skip_up_to=None, packages_select_build_failed=False, packages_skip_build_finished=False, packages_select_test_failures=False, packages_skip_test_passed=False, packages_select=None, packages_skip=None, packages_select_regex=None, packages_skip_regex=None, packages_start=None, packages_end=None, allow_overriding=[], cmake_args=None, cmake_target=None, cmake_target_skip_unavailable=False, cmake_clean_cache=False, cmake_clean_first=False, cmake_force_configure=False, ament_cmake_args=None, catkin_cmake_args=None, catkin_skip_building_tests=False, verb_parser=<colcon_defaults.argument_parser.defaults.DefaultArgumentsDecorator object at 0x7cf70737fdc0>, verb_extension=<colcon_core.verb.build.BuildVerb object at 0x7cf70737e140>, main=<bound method BuildVerb.main of <colcon_core.verb.build.BuildVerb object at 0x7cf70737e140>>)
[2.577s] Level 1:colcon.colcon_core.package_discovery:discover_packages(colcon_meta) check parameters
[2.578s] Level 1:colcon.colcon_core.package_discovery:discover_packages(recursive) check parameters
[2.578s] Level 1:colcon.colcon_core.package_discovery:discover_packages(ignore) check parameters
[2.578s] Level 1:colcon.colcon_core.package_discovery:discover_packages(path) check parameters
[2.578s] Level 1:colcon.colcon_core.package_discovery:discover_packages(colcon_meta) discover
[2.578s] Level 1:colcon.colcon_core.package_discovery:discover_packages(recursive) discover
[2.578s] INFO:colcon.colcon_core.package_discovery:Crawling recursively for packages in '/home/user/ros2_emo_voice'
[2.578s] Level 1:colcon.colcon_core.package_identification:_identify(.) by extensions ['ignore', 'ignore_ament_install']
[2.579s] Level 1:colcon.colcon_core.package_identification:_identify(.) by extension 'ignore'
[2.579s] Level 1:colcon.colcon_core.package_identification:_identify(.) by extension 'ignore_ament_install'
[2.579s] Level 1:colcon.colcon_core.package_identification:_identify(.) by extensions ['colcon_pkg']
[2.579s] Level 1:colcon.colcon_core.package_identification:_identify(.) by extension 'colcon_pkg'
[2.579s] Level 1:colcon.colcon_core.package_identification:_identify(.) by extensions ['colcon_meta']
[2.579s] Level 1:colcon.colcon_core.package_identification:_identify(.) by extension 'colcon_meta'
[2.579s] Level 1:colcon.colcon_core.package_identification:_identify(.) by extensions ['ros']
[2.579s] Level 1:colcon.colcon_core.package_identification:_identify(.) by extension 'ros'
[2.599s] Level 1:colcon.colcon_core.package_identification:_identify(.) by extensions ['cmake', 'python']
[2.600s] Level 1:colcon.colcon_core.package_identification:_identify(.) by extension 'cmake'
[2.600s] Level 1:colcon.colcon_core.package_identification:_identify(.) by extension 'python'
[2.600s] Level 1:colcon.colcon_core.package_identification:_identify(.) by extensions ['python_setup_py']
[2.600s] Level 1:colcon.colcon_core.package_identification:_identify(.) by extension 'python_setup_py'
[2.600s] Level 1:colcon.colcon_core.package_identification:_identify(build) by extensions ['ignore', 'ignore_ament_install']
[2.600s] Level 1:colcon.colcon_core.package_identification:_identify(build) by extension 'ignore'
[2.600s] Level 1:colcon.colcon_core.package_identification:_identify(build) ignored
[2.600s] Level 1:colcon.colcon_core.package_identification:_identify(install) by extensions ['ignore', 'ignore_ament_install']
[2.600s] Level 1:colcon.colcon_core.package_identification:_identify(install) by extension 'ignore'
[2.601s] Level 1:colcon.colcon_core.package_identification:_identify(install) ignored
[2.601s] Level 1:colcon.colcon_core.package_identification:_identify(log) by extensions ['ignore', 'ignore_ament_install']
[2.601s] Level 1:colcon.colcon_core.package_identification:_identify(log) by extension 'ignore'
[2.601s] Level 1:colcon.colcon_core.package_identification:_identify(log) ignored
[2.601s] Level 1:colcon.colcon_core.package_identification:_identify(src) by extensions ['ignore', 'ignore_ament_install']
[2.601s] Level 1:colcon.colcon_core.package_identification:_identify(src) by extension 'ignore'
[2.601s] Level 1:colcon.colcon_core.package_identification:_identify(src) by extension 'ignore_ament_install'
[2.601s] Level 1:colcon.colcon_core.package_identification:_identify(src) by extensions ['colcon_pkg']
[2.602s] Level 1:colcon.colcon_core.package_identification:_identify(src) by extension 'colcon_pkg'
[2.602s] Level 1:colcon.colcon_core.package_identification:_identify(src) by extensions ['colcon_meta']
[2.602s] Level 1:colcon.colcon_core.package_identification:_identify(src) by extension 'colcon_meta'
[2.602s] Level 1:colcon.colcon_core.package_identification:_identify(src) by extensions ['ros']
[2.602s] Level 1:colcon.colcon_core.package_identification:_identify(src) by extension 'ros'
[2.602s] Level 1:colcon.colcon_core.package_identification:_identify(src) by extensions ['cmake', 'python']
[2.602s] Level 1:colcon.colcon_core.package_identification:_identify(src) by extension 'cmake'
[2.602s] Level 1:colcon.colcon_core.package_identification:_identify(src) by extension 'python'
[2.602s] Level 1:colcon.colcon_core.package_identification:_identify(src) by extensions ['python_setup_py']
[2.602s] Level 1:colcon.colcon_core.package_identification:_identify(src) by extension 'python_setup_py'
[2.602s] Level 1:colcon.colcon_core.package_identification:_identify(src/build) by extensions ['ignore', 'ignore_ament_install']
[2.602s] Level 1:colcon.colcon_core.package_identification:_identify(src/build) by extension 'ignore'
[2.602s] Level 1:colcon.colcon_core.package_identification:_identify(src/build) ignored
[2.603s] Level 1:colcon.colcon_core.package_identification:_identify(src/emo_voice) by extensions ['ignore', 'ignore_ament_install']
[2.603s] Level 1:colcon.colcon_core.package_identification:_identify(src/emo_voice) by extension 'ignore'
[2.603s] Level 1:colcon.colcon_core.package_identification:_identify(src/emo_voice) by extension 'ignore_ament_install'
[2.603s] Level 1:colcon.colcon_core.package_identification:_identify(src/emo_voice) by extensions ['colcon_pkg']
[2.603s] Level 1:colcon.colcon_core.package_identification:_identify(src/emo_voice) by extension 'colcon_pkg'
[2.603s] Level 1:colcon.colcon_core.package_identification:_identify(src/emo_voice) by extensions ['colcon_meta']
[2.603s] Level 1:colcon.colcon_core.package_identification:_identify(src/emo_voice) by extension 'colcon_meta'
[2.603s] Level 1:colcon.colcon_core.package_identification:_identify(src/emo_voice) by extensions ['ros']
[2.603s] Level 1:colcon.colcon_core.package_identification:_identify(src/emo_voice) by extension 'ros'
[2.616s] DEBUG:colcon.colcon_core.package_identification:Package 'src/emo_voice' with type 'ros.ament_python' and name 'emo_voice'
[2.617s] Level 1:colcon.colcon_core.package_identification:_identify(src/emo_voice_interfaces) by extensions ['ignore', 'ignore_ament_install']
[2.617s] Level 1:colcon.colcon_core.package_identification:_identify(src/emo_voice_interfaces) by extension 'ignore'
[2.617s] Level 1:colcon.colcon_core.package_identification:_identify(src/emo_voice_interfaces) by extension 'ignore_ament_install'
[2.617s] Level 1:colcon.colcon_core.package_identification:_identify(src/emo_voice_interfaces) by extensions ['colcon_pkg']
[2.617s] Level 1:colcon.colcon_core.package_identification:_identify(src/emo_voice_interfaces) by extension 'colcon_pkg'
[2.617s] Level 1:colcon.colcon_core.package_identification:_identify(src/emo_voice_interfaces) by extensions ['colcon_meta']
[2.617s] Level 1:colcon.colcon_core.package_identification:_identify(src/emo_voice_interfaces) by extension 'colcon_meta'
[2.617s] Level 1:colcon.colcon_core.package_identification:_identify(src/emo_voice_interfaces) by extensions ['ros']
[2.617s] Level 1:colcon.colcon_core.package_identification:_identify(src/emo_voice_interfaces) by extension 'ros'
[2.619s] DEBUG:colcon.colcon_core.package_identification:Package 'src/emo_voice_interfaces' with type 'ros.ament_cmake' and name 'emo_voice_interfaces'
[2.619s] Level 1:colcon.colcon_core.package_identification:_identify(src/install) by extensions ['ignore', 'ignore_ament_install']
[2.619s] Level 1:colcon.colcon_core.package_identification:_identify(src/install) by extension 'ignore'
[2.619s] Level 1:colcon.colcon_core.package_identification:_identify(src/install) ignored
[2.620s] Level 1:colcon.colcon_core.package_identification:_identify(src/log) by extensions ['ignore', 'ignore_ament_install']
[2.620s] Level 1:colcon.colcon_core.package_identification:_identify(src/log) by extension 'ignore'
[2.620s] Level 1:colcon.colcon_core.package_identification:_identify(src/log) ignored
[2.620s] Level 1:colcon.colcon_core.package_discovery:discover_packages(recursive) using defaults
[2.620s] Level 1:colcon.colcon_core.package_discovery:discover_packages(ignore) discover
[2.620s] Level 1:colcon.colcon_core.package_discovery:discover_packages(ignore) using defaults
[2.620s] Level 1:colcon.colcon_core.package_discovery:discover_packages(path) discover
[2.620s] Level 1:colcon.colcon_core.package_discovery:discover_packages(path) using defaults
[2.791s] Level 1:colcon.colcon_core.package_discovery:discover_packages(prefix_path) check parameters
[2.791s] Level 1:colcon.colcon_core.package_discovery:discover_packages(prefix_path) discover
[2.843s] DEBUG:colcon.colcon_installed_package_information.package_discovery:Found 2 installed packages in /home/user/ros2_emo_voice/install
[2.876s] DEBUG:colcon.colcon_installed_package_information.package_discovery:Found 1 installed packages in /home/user/ros2_ws/install
[2.906s] DEBUG:colcon.colcon_installed_package_information.package_discovery:Found 396 installed packages in /opt/ros/humble
[2.907s] Level 1:colcon.colcon_core.package_discovery:discover_packages(prefix_path) using defaults
[3.453s] Level 5:colcon.colcon_core.verb:set package 'emo_voice' build argument 'cmake_args' from command line to 'None'
[3.453s] Level 5:colcon.colcon_core.verb:set package 'emo_voice' build argument 'cmake_target' from command line to 'None'
[3.453s] Level 5:colcon.colcon_core.verb:set package 'emo_voice' build argument 'cmake_target_skip_unavailable' from command line to 'False'
[3.454s] Level 5:colcon.colcon_core.verb:set package 'emo_voice' build argument 'cmake_clean_cache' from command line to 'False'
[3.454s] Level 5:colcon.colcon_core.verb:set package 'emo_voice' build argument 'cmake_clean_first' from command line to 'False'
[3.454s] Level 5:colcon.colcon_core.verb:set package 'emo_voice' build argument 'cmake_force_configure' from command line to 'False'
[3.454s] Level 5:colcon.colcon_core.verb:set package 'emo_voice' build argument 'ament_cmake_args' from command line to 'None'
[3.454s] Level 5:colcon.colcon_core.verb:set package 'emo_voice' build argument 'catkin_cmake_args' from command line to 'None'
[3.455s] Level 5:colcon.colcon_core.verb:set package 'emo_voice' build argument 'catkin_skip_building_tests' from command line to 'False'
[3.455s] DEBUG:colcon.colcon_core.verb:Building package 'emo_voice' with the following arguments: {'ament_cmake_args': None, 'build_base': '/home/user/ros2_emo_voice/build/emo_voice', 'catkin_cmake_args': None, 'catkin_skip_building_tests': False, 'cmake_args': None, 'cmake_clean_cache': False, 'cmake_clean_first': False, 'cmake_force_configure': False, 'cmake_target': None, 'cmake_target_skip_unavailable': False, 'install_base': '/home/user/ros2_emo_voice/install/emo_voice', 'merge_install': False, 'path': '/home/user/ros2_emo_voice/src/emo_voice', 'symlink_install': False, 'test_result_base': None}
[3.485s] Level 5:colcon.colcon_core.verb:set package 'emo_voice_interfaces' build argument 'cmake_args' from command line to 'None'
[3.485s] Level 5:colcon.colcon_core.verb:set package 'emo_voice_interfaces' build argument 'cmake_target' from command line to 'None'
[3.486s] Level 5:colcon.colcon_core.verb:set package 'emo_voice_interfaces' build argument 'cmake_target_skip_unavailable' from command line to 'False'
[3.486s] Level 5:colcon.colcon_core.verb:set package 'emo_voice_interfaces' build argument 'cmake_clean_cache' from command line to 'False'
[3.486s] Level 5:colcon.colcon_core.verb:set package 'emo_voice_interfaces' build argument 'cmake_clean_first' from command line to 'False'
[3.487s] Level 5:colcon.colcon_core.verb:set package 'emo_voice_interfaces' build argument 'cmake_force_configure' from command line to 'False'
[3.487s] Level 5:colcon.colcon_core.verb:set package 'emo_voice_interfaces' build argument 'ament_cmake_args' from command line to 'None'
[3.487s] Level 5:colcon.colcon_core.verb:set package 'emo_voice_interfaces' build argument 'catkin_cmake_args' from command line to 'None'
[3.487s] Level 5:colcon.colcon_core.verb:set package 'emo_voice_interfaces' build argument 'catkin_skip_building_tests' from command line to 'False'
[3.488s] DEBUG:colcon.colcon_core.verb:Building package 'emo_voice_interfaces' with the following arguments: {'ament_cmake_args': None, 'build_base': '/home/user/ros2_emo_voice/build/emo_voice_interfaces', 'catkin_cmake_args': None, 'catkin_skip_building_tests': False, 'cmake_args': None, 'cmake_clean_cache': False, 'cmake_clean_first': False, 'cmake_force_configure': False, 'cmake_target': None, 'cmake_target_skip_unavailable': False, 'install_base': '/home/user/ros2_emo_voice/install/emo_voice_interfaces', 'merge_install': False, 'path': '/home/user/ros2_emo_voice/src/emo_voice_interfaces', 'symlink_install': False, 'test_result_base': None}
[3.528s] INFO:colcon.colcon_core.executor:Executing jobs using 'parallel' executor
[3.569s] DEBUG:colcon.colcon_parallel_executor.executor.parallel:run_until_complete
[3.571s] INFO:colcon.colcon_ros.task.ament_python.build:Building ROS package in '/home/user/ros2_emo_voice/src/emo_voice' with build type 'ament_python'
[3.572s] Level 1:colcon.colcon_core.shell:create_environment_hook('emo_voice', 'ament_prefix_path')
[3.638s] INFO:colcon.colcon_core.plugin_system:Skipping extension 'colcon_core.shell.bat': Not used on non-Windows systems
[3.638s] INFO:colcon.colcon_core.shell:Creating environment hook '/home/user/ros2_emo_voice/install/emo_voice/share/emo_voice/hook/ament_prefix_path.ps1'
[3.642s] INFO:colcon.colcon_core.shell:Creating environment descriptor '/home/user/ros2_emo_voice/install/emo_voice/share/emo_voice/hook/ament_prefix_path.dsv'
[3.645s] INFO:colcon.colcon_core.shell:Creating environment hook '/home/user/ros2_emo_voice/install/emo_voice/share/emo_voice/hook/ament_prefix_path.sh'
[3.695s] INFO:colcon.colcon_core.shell:Skip shell extension 'powershell' for command environment: Not usable outside of PowerShell
[3.696s] DEBUG:colcon.colcon_core.shell:Skip shell extension 'dsv' for command environment
[3.843s] INFO:colcon.colcon_ros.task.ament_cmake.build:Building ROS package in '/home/user/ros2_emo_voice/src/emo_voice_interfaces' with build type 'ament_cmake'
[3.844s] INFO:colcon.colcon_cmake.task.cmake.build:Building CMake package in '/home/user/ros2_emo_voice/src/emo_voice_interfaces'
[3.890s] INFO:colcon.colcon_core.shell:Skip shell extension 'powershell' for command environment: Not usable outside of PowerShell
[3.890s] DEBUG:colcon.colcon_core.shell:Skip shell extension 'dsv' for command environment
[4.507s] INFO:colcon.colcon_core.task.python.build:Building Python package in '/home/user/ros2_emo_voice/src/emo_voice'
[4.533s] INFO:colcon.colcon_core.shell:Skip shell extension 'powershell' for command environment: Not usable outside of PowerShell
[4.534s] DEBUG:colcon.colcon_core.shell:Skip shell extension 'dsv' for command environment
[4.638s] DEBUG:colcon.colcon_core.event_handler.log_command:Invoking command in '/home/user/ros2_emo_voice/build/emo_voice_interfaces': CMAKE_PREFIX_PATH=${CMAKE_PREFIX_PATH}:/home/user/ros2_emo_voice/install/emo_voice:/home/user/ros2_ws/install/mytest:/opt/ros/humble /usr/bin/cmake --build /home/user/ros2_emo_voice/build/emo_voice_interfaces -- -j2 -l2
[6.578s] DEBUG:colcon.colcon_core.event_handler.log_command:Invoking command in '/home/user/ros2_emo_voice/src/emo_voice': PYTHONPATH=/home/user/ros2_emo_voice/build/emo_voice/prefix_override:/home/user/ros2_emo_voice/install/emo_voice/lib/python3.10/site-packages:${PYTHONPATH} /usr/bin/python3 setup.py egg_info --egg-base ../../build/emo_voice build --build-base /home/user/ros2_emo_voice/build/emo_voice/build install --record /home/user/ros2_emo_voice/build/emo_voice/install.log --single-version-externally-managed
[6.833s] DEBUG:colcon.colcon_core.event_handler.log_command:Invoked command in '/home/user/ros2_emo_voice/build/emo_voice_interfaces' returned '0': CMAKE_PREFIX_PATH=${CMAKE_PREFIX_PATH}:/home/user/ros2_emo_voice/install/emo_voice:/home/user/ros2_ws/install/mytest:/opt/ros/humble /usr/bin/cmake --build /home/user/ros2_emo_voice/build/emo_voice_interfaces -- -j2 -l2
[7.190s] DEBUG:colcon.colcon_core.event_handler.log_command:Invoking command in '/home/user/ros2_emo_voice/build/emo_voice_interfaces': CMAKE_PREFIX_PATH=${CMAKE_PREFIX_PATH}:/home/user/ros2_emo_voice/install/emo_voice:/home/user/ros2_ws/install/mytest:/opt/ros/humble /usr/bin/cmake --install /home/user/ros2_emo_voice/build/emo_voice_interfaces
[7.315s] DEBUG:colcon.colcon_core.event_handler.log_command:Invoked command in '/home/user/ros2_emo_voice/src/emo_voice' returned '0': PYTHONPATH=/home/user/ros2_emo_voice/build/emo_voice/prefix_override:/home/user/ros2_emo_voice/install/emo_voice/lib/python3.10/site-packages:${PYTHONPATH} /usr/bin/python3 setup.py egg_info --egg-base ../../build/emo_voice build --build-base /home/user/ros2_emo_voice/build/emo_voice/build install --record /home/user/ros2_emo_voice/build/emo_voice/install.log --single-version-externally-managed
[7.394s] Level 1:colcon.colcon_core.environment:checking '/home/user/ros2_emo_voice/install/emo_voice' for CMake module files
[7.396s] Level 1:colcon.colcon_core.environment:checking '/home/user/ros2_emo_voice/install/emo_voice' for CMake config files
[7.399s] Level 1:colcon.colcon_core.environment:checking '/home/user/ros2_emo_voice/install/emo_voice/lib'
[7.399s] Level 1:colcon.colcon_core.environment:checking '/home/user/ros2_emo_voice/install/emo_voice/bin'
[7.400s] Level 1:colcon.colcon_core.environment:checking '/home/user/ros2_emo_voice/install/emo_voice/lib/pkgconfig/emo_voice.pc'
[7.400s] Level 1:colcon.colcon_core.environment:checking '/home/user/ros2_emo_voice/install/emo_voice/lib/python3.10/site-packages'
[7.400s] Level 1:colcon.colcon_core.shell:create_environment_hook('emo_voice', 'pythonpath')
[7.452s] INFO:colcon.colcon_core.shell:Creating environment hook '/home/user/ros2_emo_voice/install/emo_voice/share/emo_voice/hook/pythonpath.ps1'
[7.453s] INFO:colcon.colcon_core.shell:Creating environment descriptor '/home/user/ros2_emo_voice/install/emo_voice/share/emo_voice/hook/pythonpath.dsv'
[7.459s] INFO:colcon.colcon_core.shell:Creating environment hook '/home/user/ros2_emo_voice/install/emo_voice/share/emo_voice/hook/pythonpath.sh'
[7.462s] Level 1:colcon.colcon_core.environment:checking '/home/user/ros2_emo_voice/install/emo_voice/bin'
[7.463s] Level 1:colcon.colcon_core.environment:create_environment_scripts_only(emo_voice)
[7.516s] INFO:colcon.colcon_core.shell:Creating package script '/home/user/ros2_emo_voice/install/emo_voice/share/emo_voice/package.ps1'
[7.519s] INFO:colcon.colcon_core.shell:Creating package descriptor '/home/user/ros2_emo_voice/install/emo_voice/share/emo_voice/package.dsv'
[7.521s] INFO:colcon.colcon_core.shell:Creating package script '/home/user/ros2_emo_voice/install/emo_voice/share/emo_voice/package.sh'
[7.523s] INFO:colcon.colcon_core.shell:Creating package script '/home/user/ros2_emo_voice/install/emo_voice/share/emo_voice/package.bash'
[7.526s] INFO:colcon.colcon_core.shell:Creating package script '/home/user/ros2_emo_voice/install/emo_voice/share/emo_voice/package.zsh'
[7.529s] Level 1:colcon.colcon_core.environment:create_file_with_runtime_dependencies(/home/user/ros2_emo_voice/install/emo_voice/share/colcon-core/packages/emo_voice)
[7.531s] Level 1:colcon.colcon_core.environment:create_environment_scripts_only(emo_voice_interfaces)
[7.532s] DEBUG:colcon.colcon_core.event_handler.log_command:Invoked command in '/home/user/ros2_emo_voice/build/emo_voice_interfaces' returned '0': CMAKE_PREFIX_PATH=${CMAKE_PREFIX_PATH}:/home/user/ros2_emo_voice/install/emo_voice:/home/user/ros2_ws/install/mytest:/opt/ros/humble /usr/bin/cmake --install /home/user/ros2_emo_voice/build/emo_voice_interfaces
[7.572s] Level 1:colcon.colcon_core.environment:checking '/home/user/ros2_emo_voice/install/emo_voice_interfaces' for CMake module files
[7.573s] Level 1:colcon.colcon_core.environment:checking '/home/user/ros2_emo_voice/install/emo_voice_interfaces' for CMake config files
[7.573s] Level 1:colcon.colcon_core.shell:create_environment_hook('emo_voice_interfaces', 'cmake_prefix_path')
[7.609s] INFO:colcon.colcon_core.shell:Creating environment hook '/home/user/ros2_emo_voice/install/emo_voice_interfaces/share/emo_voice_interfaces/hook/cmake_prefix_path.ps1'
[7.610s] INFO:colcon.colcon_core.shell:Creating environment descriptor '/home/user/ros2_emo_voice/install/emo_voice_interfaces/share/emo_voice_interfaces/hook/cmake_prefix_path.dsv'
[7.611s] INFO:colcon.colcon_core.shell:Creating environment hook '/home/user/ros2_emo_voice/install/emo_voice_interfaces/share/emo_voice_interfaces/hook/cmake_prefix_path.sh'
[7.612s] Level 1:colcon.colcon_core.environment:checking '/home/user/ros2_emo_voice/install/emo_voice_interfaces/lib'
[7.612s] Level 1:colcon.colcon_core.shell:create_environment_hook('emo_voice_interfaces', 'ld_library_path_lib')
[7.646s] INFO:colcon.colcon_core.shell:Creating environment hook '/home/user/ros2_emo_voice/install/emo_voice_interfaces/share/emo_voice_interfaces/hook/ld_library_path_lib.ps1'
[7.647s] INFO:colcon.colcon_core.shell:Creating environment descriptor '/home/user/ros2_emo_voice/install/emo_voice_interfaces/share/emo_voice_interfaces/hook/ld_library_path_lib.dsv'
[7.648s] INFO:colcon.colcon_core.shell:Creating environment hook '/home/user/ros2_emo_voice/install/emo_voice_interfaces/share/emo_voice_interfaces/hook/ld_library_path_lib.sh'
[7.649s] Level 1:colcon.colcon_core.environment:checking '/home/user/ros2_emo_voice/install/emo_voice_interfaces/bin'
[7.649s] Level 1:colcon.colcon_core.environment:checking '/home/user/ros2_emo_voice/install/emo_voice_interfaces/lib/pkgconfig/emo_voice_interfaces.pc'
[7.649s] Level 1:colcon.colcon_core.environment:checking '/home/user/ros2_emo_voice/install/emo_voice_interfaces/lib/python3.10/site-packages'
[7.650s] Level 1:colcon.colcon_core.environment:checking '/home/user/ros2_emo_voice/install/emo_voice_interfaces/bin'
[7.681s] INFO:colcon.colcon_core.shell:Creating package script '/home/user/ros2_emo_voice/install/emo_voice_interfaces/share/emo_voice_interfaces/package.ps1'
[7.685s] INFO:colcon.colcon_core.shell:Creating package descriptor '/home/user/ros2_emo_voice/install/emo_voice_interfaces/share/emo_voice_interfaces/package.dsv'
[7.686s] INFO:colcon.colcon_core.shell:Creating package script '/home/user/ros2_emo_voice/install/emo_voice_interfaces/share/emo_voice_interfaces/package.sh'
[7.687s] INFO:colcon.colcon_core.shell:Creating package script '/home/user/ros2_emo_voice/install/emo_voice_interfaces/share/emo_voice_interfaces/package.bash'
[7.688s] INFO:colcon.colcon_core.shell:Creating package script '/home/user/ros2_emo_voice/install/emo_voice_interfaces/share/emo_voice_interfaces/package.zsh'
[7.689s] Level 1:colcon.colcon_core.environment:create_file_with_runtime_dependencies(/home/user/ros2_emo_voice/install/emo_voice_interfaces/share/colcon-core/packages/emo_voice_interfaces)
[7.959s] Level 1:colcon.colcon_core.environment:create_environment_scripts_only(emo_voice_interfaces)
[7.984s] Level 1:colcon.colcon_core.environment:checking '/home/user/ros2_emo_voice/install/emo_voice_interfaces' for CMake module files
[7.985s] Level 1:colcon.colcon_core.environment:checking '/home/user/ros2_emo_voice/install/emo_voice_interfaces' for CMake config files
[7.985s] Level 1:colcon.colcon_core.shell:create_environment_hook('emo_voice_interfaces', 'cmake_prefix_path')
[8.018s] INFO:colcon.colcon_core.shell:Creating environment hook '/home/user/ros2_emo_voice/install/emo_voice_interfaces/share/emo_voice_interfaces/hook/cmake_prefix_path.ps1'
[8.027s] INFO:colcon.colcon_core.shell:Creating environment descriptor '/home/user/ros2_emo_voice/install/emo_voice_interfaces/share/emo_voice_interfaces/hook/cmake_prefix_path.dsv'
[8.028s] INFO:colcon.colcon_core.shell:Creating environment hook '/home/user/ros2_emo_voice/install/emo_voice_interfaces/share/emo_voice_interfaces/hook/cmake_prefix_path.sh'
[8.029s] Level 1:colcon.colcon_core.environment:checking '/home/user/ros2_emo_voice/install/emo_voice_interfaces/lib'
[8.029s] Level 1:colcon.colcon_core.shell:create_environment_hook('emo_voice_interfaces', 'ld_library_path_lib')
[8.071s] INFO:colcon.colcon_core.shell:Creating environment hook '/home/user/ros2_emo_voice/install/emo_voice_interfaces/share/emo_voice_interfaces/hook/ld_library_path_lib.ps1'
[8.074s] INFO:colcon.colcon_core.shell:Creating environment descriptor '/home/user/ros2_emo_voice/install/emo_voice_interfaces/share/emo_voice_interfaces/hook/ld_library_path_lib.dsv'
[8.075s] INFO:colcon.colcon_core.shell:Creating environment hook '/home/user/ros2_emo_voice/install/emo_voice_interfaces/share/emo_voice_interfaces/hook/ld_library_path_lib.sh'
[8.077s] Level 1:colcon.colcon_core.environment:checking '/home/user/ros2_emo_voice/install/emo_voice_interfaces/bin'
[8.077s] Level 1:colcon.colcon_core.environment:checking '/home/user/ros2_emo_voice/install/emo_voice_interfaces/lib/pkgconfig/emo_voice_interfaces.pc'
[8.077s] Level 1:colcon.colcon_core.environment:checking '/home/user/ros2_emo_voice/install/emo_voice_interfaces/lib/python3.10/site-packages'
[8.078s] Level 1:colcon.colcon_core.environment:checking '/home/user/ros2_emo_voice/install/emo_voice_interfaces/bin'
[8.127s] INFO:colcon.colcon_core.shell:Creating package script '/home/user/ros2_emo_voice/install/emo_voice_interfaces/share/emo_voice_interfaces/package.ps1'
[8.129s] INFO:colcon.colcon_core.shell:Creating package descriptor '/home/user/ros2_emo_voice/install/emo_voice_interfaces/share/emo_voice_interfaces/package.dsv'
[8.131s] INFO:colcon.colcon_core.shell:Creating package script '/home/user/ros2_emo_voice/install/emo_voice_interfaces/share/emo_voice_interfaces/package.sh'
[8.132s] INFO:colcon.colcon_core.shell:Creating package script '/home/user/ros2_emo_voice/install/emo_voice_interfaces/share/emo_voice_interfaces/package.bash'
[8.136s] INFO:colcon.colcon_core.shell:Creating package script '/home/user/ros2_emo_voice/install/emo_voice_interfaces/share/emo_voice_interfaces/package.zsh'
[8.138s] Level 1:colcon.colcon_core.environment:create_file_with_runtime_dependencies(/home/user/ros2_emo_voice/install/emo_voice_interfaces/share/colcon-core/packages/emo_voice_interfaces)
[8.139s] DEBUG:colcon.colcon_parallel_executor.executor.parallel:closing loop
[8.140s] DEBUG:colcon.colcon_parallel_executor.executor.parallel:loop closed
[8.141s] DEBUG:colcon.colcon_parallel_executor.executor.parallel:run_until_complete finished with '0'
[8.141s] DEBUG:colcon.colcon_core.event_reactor:joining thread
[8.257s] INFO:colcon.colcon_core.plugin_system:Skipping extension 'colcon_notification.desktop_notification.terminal_notifier': Not used on non-Darwin systems
[8.258s] INFO:colcon.colcon_core.plugin_system:Skipping extension 'colcon_notification.desktop_notification.win32': Not used on non-Windows systems
[8.258s] INFO:colcon.colcon_notification.desktop_notification:Sending desktop notification using 'notify2'
[8.548s] DEBUG:colcon.colcon_core.event_reactor:joined thread
[8.588s] INFO:colcon.colcon_core.shell:Creating prefix script '/home/user/ros2_emo_voice/install/local_setup.ps1'
[8.593s] INFO:colcon.colcon_core.shell:Creating prefix util module '/home/user/ros2_emo_voice/install/_local_setup_util_ps1.py'
[8.599s] INFO:colcon.colcon_core.shell:Creating prefix chain script '/home/user/ros2_emo_voice/install/setup.ps1'
[8.642s] INFO:colcon.colcon_core.shell:Creating prefix script '/home/user/ros2_emo_voice/install/local_setup.sh'
[8.647s] INFO:colcon.colcon_core.shell:Creating prefix util module '/home/user/ros2_emo_voice/install/_local_setup_util_sh.py'
[8.648s] INFO:colcon.colcon_core.shell:Creating prefix chain script '/home/user/ros2_emo_voice/install/setup.sh'
[8.692s] INFO:colcon.colcon_core.shell:Creating prefix script '/home/user/ros2_emo_voice/install/local_setup.bash'
[8.694s] INFO:colcon.colcon_core.shell:Creating prefix chain script '/home/user/ros2_emo_voice/install/setup.bash'
[8.756s] INFO:colcon.colcon_core.shell:Creating prefix script '/home/user/ros2_emo_voice/install/local_setup.zsh'
[8.758s] INFO:colcon.colcon_core.shell:Creating prefix chain script '/home/user/ros2_emo_voice/install/setup.zsh'
