[6.104s] Invoking command in '/home/user/ros2_emo_voice/src/emo_voice': PYTHONPATH=/home/user/ros2_emo_voice/build/emo_voice/prefix_override:/home/user/ros2_emo_voice/install/emo_voice/lib/python3.10/site-packages:${PYTHONPATH} /usr/bin/python3 setup.py egg_info --egg-base ../../build/emo_voice build --build-base /home/user/ros2_emo_voice/build/emo_voice/build install --record /home/user/ros2_emo_voice/build/emo_voice/install.log --single-version-externally-managed
[7.303s] running egg_info
[7.306s] writing ../../build/emo_voice/emo_voice.egg-info/PKG-INFO
[7.314s] writing dependency_links to ../../build/emo_voice/emo_voice.egg-info/dependency_links.txt
[7.319s] writing entry points to ../../build/emo_voice/emo_voice.egg-info/entry_points.txt
[7.321s] writing requirements to ../../build/emo_voice/emo_voice.egg-info/requires.txt
[7.321s] writing top-level names to ../../build/emo_voice/emo_voice.egg-info/top_level.txt
[7.334s] reading manifest file '../../build/emo_voice/emo_voice.egg-info/SOURCES.txt'
[7.345s] writing manifest file '../../build/emo_voice/emo_voice.egg-info/SOURCES.txt'
[7.348s] running build
[7.348s] running build_py
[7.348s] copying emo_voice/voice.py -> /home/user/ros2_emo_voice/build/emo_voice/build/lib/emo_voice
[7.355s] running install
[7.357s] running install_lib
[7.367s] copying /home/user/ros2_emo_voice/build/emo_voice/build/lib/emo_voice/voice.py -> /home/user/ros2_emo_voice/install/emo_voice/lib/python3.10/site-packages/emo_voice
[7.378s] byte-compiling /home/user/ros2_emo_voice/install/emo_voice/lib/python3.10/site-packages/emo_voice/voice.py to voice.cpython-310.pyc
[7.423s] running install_data
[7.424s] running install_egg_info
[7.470s] removing '/home/user/ros2_emo_voice/install/emo_voice/lib/python3.10/site-packages/emo_voice-0.0.0-py3.10.egg-info' (and everything under it)
[7.470s] Copying ../../build/emo_voice/emo_voice.egg-info to /home/user/ros2_emo_voice/install/emo_voice/lib/python3.10/site-packages/emo_voice-0.0.0-py3.10.egg-info
[7.470s] running install_scripts
[7.566s] Installing client script to /home/user/ros2_emo_voice/install/emo_voice/lib/emo_voice
[7.570s] Installing move script to /home/user/ros2_emo_voice/install/emo_voice/lib/emo_voice
[7.571s] Installing plot script to /home/user/ros2_emo_voice/install/emo_voice/lib/emo_voice
[7.571s] Installing sensor_pnnx script to /home/user/ros2_emo_voice/install/emo_voice/lib/emo_voice
[7.578s] Installing server script to /home/user/ros2_emo_voice/install/emo_voice/lib/emo_voice
[7.578s] writing list of installed files to '/home/user/ros2_emo_voice/build/emo_voice/install.log'
[7.976s] Invoked command in '/home/user/ros2_emo_voice/src/emo_voice' returned '0': PYTHONPATH=/home/user/ros2_emo_voice/build/emo_voice/prefix_override:/home/user/ros2_emo_voice/install/emo_voice/lib/python3.10/site-packages:${PYTHONPATH} /usr/bin/python3 setup.py egg_info --egg-base ../../build/emo_voice build --build-base /home/user/ros2_emo_voice/build/emo_voice/build install --record /home/user/ros2_emo_voice/build/emo_voice/install.log --single-version-externally-managed
