[5.687s] Invoking command in '/home/user/ros2_emo_voice/src/emo_voice': PYTHONPATH=/home/user/ros2_emo_voice/build/emo_voice/prefix_override:/home/user/ros2_emo_voice/install/emo_voice/lib/python3.10/site-packages:${PYTHONPATH} /usr/bin/python3 setup.py egg_info --egg-base ../../build/emo_voice build --build-base /home/user/ros2_emo_voice/build/emo_voice/build install --record /home/user/ros2_emo_voice/build/emo_voice/install.log --single-version-externally-managed
[7.201s] running egg_info
[7.211s] writing ../../build/emo_voice/emo_voice.egg-info/PKG-INFO
[7.213s] writing dependency_links to ../../build/emo_voice/emo_voice.egg-info/dependency_links.txt
[7.215s] writing entry points to ../../build/emo_voice/emo_voice.egg-info/entry_points.txt
[7.217s] writing requirements to ../../build/emo_voice/emo_voice.egg-info/requires.txt
[7.220s] writing top-level names to ../../build/emo_voice/emo_voice.egg-info/top_level.txt
[7.222s] reading manifest file '../../build/emo_voice/emo_voice.egg-info/SOURCES.txt'
[7.228s] writing manifest file '../../build/emo_voice/emo_voice.egg-info/SOURCES.txt'
[7.231s] running build
[7.233s] running build_py
[7.234s] copying emo_voice/client.py -> /home/user/ros2_emo_voice/build/emo_voice/build/lib/emo_voice
[7.237s] running install
[7.238s] running install_lib
[7.239s] copying /home/user/ros2_emo_voice/build/emo_voice/build/lib/emo_voice/client.py -> /home/user/ros2_emo_voice/install/emo_voice/lib/python3.10/site-packages/emo_voice
[7.239s] byte-compiling /home/user/ros2_emo_voice/install/emo_voice/lib/python3.10/site-packages/emo_voice/client.py to client.cpython-310.pyc
[7.243s] running install_data
[7.244s] running install_egg_info
[7.251s] removing '/home/user/ros2_emo_voice/install/emo_voice/lib/python3.10/site-packages/emo_voice-0.0.0-py3.10.egg-info' (and everything under it)
[7.258s] Copying ../../build/emo_voice/emo_voice.egg-info to /home/user/ros2_emo_voice/install/emo_voice/lib/python3.10/site-packages/emo_voice-0.0.0-py3.10.egg-info
[7.259s] running install_scripts
[7.434s] Installing client script to /home/user/ros2_emo_voice/install/emo_voice/lib/emo_voice
[7.435s] Installing move script to /home/user/ros2_emo_voice/install/emo_voice/lib/emo_voice
[7.436s] Installing plot script to /home/user/ros2_emo_voice/install/emo_voice/lib/emo_voice
[7.437s] Installing sensor_pnnx script to /home/user/ros2_emo_voice/install/emo_voice/lib/emo_voice
[7.439s] Installing server script to /home/user/ros2_emo_voice/install/emo_voice/lib/emo_voice
[7.450s] writing list of installed files to '/home/user/ros2_emo_voice/build/emo_voice/install.log'
[7.622s] Invoked command in '/home/user/ros2_emo_voice/src/emo_voice' returned '0': PYTHONPATH=/home/user/ros2_emo_voice/build/emo_voice/prefix_override:/home/user/ros2_emo_voice/install/emo_voice/lib/python3.10/site-packages:${PYTHONPATH} /usr/bin/python3 setup.py egg_info --egg-base ../../build/emo_voice build --build-base /home/user/ros2_emo_voice/build/emo_voice/build install --record /home/user/ros2_emo_voice/build/emo_voice/install.log --single-version-externally-managed
