/home/user/ros2_emo_voice/install/emo_voice/lib/python3.10/site-packages/emo_voice/move.py
/home/user/ros2_emo_voice/install/emo_voice/lib/python3.10/site-packages/emo_voice/plot.py
/home/user/ros2_emo_voice/install/emo_voice/lib/python3.10/site-packages/emo_voice/voice.py
/home/user/ros2_emo_voice/install/emo_voice/lib/python3.10/site-packages/emo_voice/server_gentext.py
/home/user/ros2_emo_voice/install/emo_voice/lib/python3.10/site-packages/emo_voice/client.py
/home/user/ros2_emo_voice/install/emo_voice/lib/python3.10/site-packages/emo_voice/__init__.py
/home/user/ros2_emo_voice/install/emo_voice/lib/python3.10/site-packages/emo_voice/sensor_pnnx.py
/home/user/ros2_emo_voice/install/emo_voice/lib/python3.10/site-packages/emo_voice/test_voice.py
/home/user/ros2_emo_voice/install/emo_voice/lib/python3.10/site-packages/emo_voice/__pycache__/move.cpython-310.pyc
/home/user/ros2_emo_voice/install/emo_voice/lib/python3.10/site-packages/emo_voice/__pycache__/plot.cpython-310.pyc
/home/user/ros2_emo_voice/install/emo_voice/lib/python3.10/site-packages/emo_voice/__pycache__/voice.cpython-310.pyc
/home/user/ros2_emo_voice/install/emo_voice/lib/python3.10/site-packages/emo_voice/__pycache__/server_gentext.cpython-310.pyc
/home/user/ros2_emo_voice/install/emo_voice/lib/python3.10/site-packages/emo_voice/__pycache__/client.cpython-310.pyc
/home/user/ros2_emo_voice/install/emo_voice/lib/python3.10/site-packages/emo_voice/__pycache__/__init__.cpython-310.pyc
/home/user/ros2_emo_voice/install/emo_voice/lib/python3.10/site-packages/emo_voice/__pycache__/sensor_pnnx.cpython-310.pyc
/home/user/ros2_emo_voice/install/emo_voice/lib/python3.10/site-packages/emo_voice/__pycache__/test_voice.cpython-310.pyc
/home/user/ros2_emo_voice/install/emo_voice/share/ament_index/resource_index/packages/emo_voice
/home/user/ros2_emo_voice/install/emo_voice/share/emo_voice/package.xml
/home/user/ros2_emo_voice/install/emo_voice/lib/python3.10/site-packages/emo_voice-0.0.0-py3.10.egg-info/top_level.txt
/home/user/ros2_emo_voice/install/emo_voice/lib/python3.10/site-packages/emo_voice-0.0.0-py3.10.egg-info/requires.txt
/home/user/ros2_emo_voice/install/emo_voice/lib/python3.10/site-packages/emo_voice-0.0.0-py3.10.egg-info/entry_points.txt
/home/user/ros2_emo_voice/install/emo_voice/lib/python3.10/site-packages/emo_voice-0.0.0-py3.10.egg-info/zip-safe
/home/user/ros2_emo_voice/install/emo_voice/lib/python3.10/site-packages/emo_voice-0.0.0-py3.10.egg-info/PKG-INFO
/home/user/ros2_emo_voice/install/emo_voice/lib/python3.10/site-packages/emo_voice-0.0.0-py3.10.egg-info/SOURCES.txt
/home/user/ros2_emo_voice/install/emo_voice/lib/python3.10/site-packages/emo_voice-0.0.0-py3.10.egg-info/dependency_links.txt
/home/user/ros2_emo_voice/install/emo_voice/lib/emo_voice/client
/home/user/ros2_emo_voice/install/emo_voice/lib/emo_voice/move
/home/user/ros2_emo_voice/install/emo_voice/lib/emo_voice/plot
/home/user/ros2_emo_voice/install/emo_voice/lib/emo_voice/sensor_pnnx
/home/user/ros2_emo_voice/install/emo_voice/lib/emo_voice/server
