running egg_info
writing ../../build/emo_voice/emo_voice.egg-info/PKG-INFO
writing dependency_links to ../../build/emo_voice/emo_voice.egg-info/dependency_links.txt
writing entry points to ../../build/emo_voice/emo_voice.egg-info/entry_points.txt
writing requirements to ../../build/emo_voice/emo_voice.egg-info/requires.txt
writing top-level names to ../../build/emo_voice/emo_voice.egg-info/top_level.txt
reading manifest file '../../build/emo_voice/emo_voice.egg-info/SOURCES.txt'
writing manifest file '../../build/emo_voice/emo_voice.egg-info/SOURCES.txt'
running build
running build_py
copying emo_voice/move.py -> /home/user/ros2_emo_voice/build/emo_voice/build/lib/emo_voice
copying emo_voice/plot.py -> /home/user/ros2_emo_voice/build/emo_voice/build/lib/emo_voice
copying emo_voice/voice.py -> /home/user/ros2_emo_voice/build/emo_voice/build/lib/emo_voice
copying emo_voice/server_gentext.py -> /home/user/ros2_emo_voice/build/emo_voice/build/lib/emo_voice
copying emo_voice/client.py -> /home/user/ros2_emo_voice/build/emo_voice/build/lib/emo_voice
copying emo_voice/sensor_pnnx.py -> /home/user/ros2_emo_voice/build/emo_voice/build/lib/emo_voice
copying emo_voice/test_voice.py -> /home/user/ros2_emo_voice/build/emo_voice/build/lib/emo_voice
running install
running install_lib
copying /home/user/ros2_emo_voice/build/emo_voice/build/lib/emo_voice/move.py -> /home/user/ros2_emo_voice/install/emo_voice/lib/python3.10/site-packages/emo_voice
copying /home/user/ros2_emo_voice/build/emo_voice/build/lib/emo_voice/plot.py -> /home/user/ros2_emo_voice/install/emo_voice/lib/python3.10/site-packages/emo_voice
copying /home/user/ros2_emo_voice/build/emo_voice/build/lib/emo_voice/voice.py -> /home/user/ros2_emo_voice/install/emo_voice/lib/python3.10/site-packages/emo_voice
copying /home/user/ros2_emo_voice/build/emo_voice/build/lib/emo_voice/server_gentext.py -> /home/user/ros2_emo_voice/install/emo_voice/lib/python3.10/site-packages/emo_voice
copying /home/user/ros2_emo_voice/build/emo_voice/build/lib/emo_voice/client.py -> /home/user/ros2_emo_voice/install/emo_voice/lib/python3.10/site-packages/emo_voice
copying /home/user/ros2_emo_voice/build/emo_voice/build/lib/emo_voice/sensor_pnnx.py -> /home/user/ros2_emo_voice/install/emo_voice/lib/python3.10/site-packages/emo_voice
copying /home/user/ros2_emo_voice/build/emo_voice/build/lib/emo_voice/test_voice.py -> /home/user/ros2_emo_voice/install/emo_voice/lib/python3.10/site-packages/emo_voice
byte-compiling /home/user/ros2_emo_voice/install/emo_voice/lib/python3.10/site-packages/emo_voice/move.py to move.cpython-310.pyc
byte-compiling /home/user/ros2_emo_voice/install/emo_voice/lib/python3.10/site-packages/emo_voice/plot.py to plot.cpython-310.pyc
byte-compiling /home/user/ros2_emo_voice/install/emo_voice/lib/python3.10/site-packages/emo_voice/voice.py to voice.cpython-310.pyc
byte-compiling /home/user/ros2_emo_voice/install/emo_voice/lib/python3.10/site-packages/emo_voice/server_gentext.py to server_gentext.cpython-310.pyc
byte-compiling /home/user/ros2_emo_voice/install/emo_voice/lib/python3.10/site-packages/emo_voice/client.py to client.cpython-310.pyc
byte-compiling /home/user/ros2_emo_voice/install/emo_voice/lib/python3.10/site-packages/emo_voice/sensor_pnnx.py to sensor_pnnx.cpython-310.pyc
byte-compiling /home/user/ros2_emo_voice/install/emo_voice/lib/python3.10/site-packages/emo_voice/test_voice.py to test_voice.cpython-310.pyc
running install_data
running install_egg_info
removing '/home/user/ros2_emo_voice/install/emo_voice/lib/python3.10/site-packages/emo_voice-0.0.0-py3.10.egg-info' (and everything under it)
Copying ../../build/emo_voice/emo_voice.egg-info to /home/user/ros2_emo_voice/install/emo_voice/lib/python3.10/site-packages/emo_voice-0.0.0-py3.10.egg-info
running install_scripts
Installing move script to /home/user/ros2_emo_voice/install/emo_voice/lib/emo_voice
Installing plot script to /home/user/ros2_emo_voice/install/emo_voice/lib/emo_voice
Installing sensor_pnnx script to /home/user/ros2_emo_voice/install/emo_voice/lib/emo_voice
writing list of installed files to '/home/user/ros2_emo_voice/build/emo_voice/install.log'
