[5.396s] Invoking command in '/home/user/ros2_emo_voice/src/emo_voice': PYTHONPATH=/home/user/ros2_emo_voice/build/emo_voice/prefix_override:/home/user/ros2_emo_voice/install/emo_voice/lib/python3.10/site-packages:${PYTHONPATH} /usr/bin/python3 setup.py egg_info --egg-base ../../build/emo_voice build --build-base /home/user/ros2_emo_voice/build/emo_voice/build install --record /home/user/ros2_emo_voice/build/emo_voice/install.log --single-version-externally-managed
[8.025s] running egg_info
[8.025s] writing ../../build/emo_voice/emo_voice.egg-info/PKG-INFO
[8.025s] writing dependency_links to ../../build/emo_voice/emo_voice.egg-info/dependency_links.txt
[8.025s] writing entry points to ../../build/emo_voice/emo_voice.egg-info/entry_points.txt
[8.025s] writing requirements to ../../build/emo_voice/emo_voice.egg-info/requires.txt
[8.025s] writing top-level names to ../../build/emo_voice/emo_voice.egg-info/top_level.txt
[8.051s] reading manifest file '../../build/emo_voice/emo_voice.egg-info/SOURCES.txt'
[8.052s] writing manifest file '../../build/emo_voice/emo_voice.egg-info/SOURCES.txt'
[8.054s] running build
[8.054s] running build_py
[8.062s] copying emo_voice/move.py -> /home/user/ros2_emo_voice/build/emo_voice/build/lib/emo_voice
[8.064s] copying emo_voice/plot.py -> /home/user/ros2_emo_voice/build/emo_voice/build/lib/emo_voice
[8.067s] copying emo_voice/voice.py -> /home/user/ros2_emo_voice/build/emo_voice/build/lib/emo_voice
[8.073s] copying emo_voice/server_gentext.py -> /home/user/ros2_emo_voice/build/emo_voice/build/lib/emo_voice
[8.074s] copying emo_voice/client.py -> /home/user/ros2_emo_voice/build/emo_voice/build/lib/emo_voice
[8.074s] copying emo_voice/sensor_pnnx.py -> /home/user/ros2_emo_voice/build/emo_voice/build/lib/emo_voice
[8.074s] copying emo_voice/test_voice.py -> /home/user/ros2_emo_voice/build/emo_voice/build/lib/emo_voice
[8.074s] running install
[8.074s] running install_lib
[8.084s] copying /home/user/ros2_emo_voice/build/emo_voice/build/lib/emo_voice/move.py -> /home/user/ros2_emo_voice/install/emo_voice/lib/python3.10/site-packages/emo_voice
[8.084s] copying /home/user/ros2_emo_voice/build/emo_voice/build/lib/emo_voice/plot.py -> /home/user/ros2_emo_voice/install/emo_voice/lib/python3.10/site-packages/emo_voice
[8.084s] copying /home/user/ros2_emo_voice/build/emo_voice/build/lib/emo_voice/voice.py -> /home/user/ros2_emo_voice/install/emo_voice/lib/python3.10/site-packages/emo_voice
[8.102s] copying /home/user/ros2_emo_voice/build/emo_voice/build/lib/emo_voice/server_gentext.py -> /home/user/ros2_emo_voice/install/emo_voice/lib/python3.10/site-packages/emo_voice
[8.102s] copying /home/user/ros2_emo_voice/build/emo_voice/build/lib/emo_voice/client.py -> /home/user/ros2_emo_voice/install/emo_voice/lib/python3.10/site-packages/emo_voice
[8.102s] copying /home/user/ros2_emo_voice/build/emo_voice/build/lib/emo_voice/sensor_pnnx.py -> /home/user/ros2_emo_voice/install/emo_voice/lib/python3.10/site-packages/emo_voice
[8.102s] copying /home/user/ros2_emo_voice/build/emo_voice/build/lib/emo_voice/test_voice.py -> /home/user/ros2_emo_voice/install/emo_voice/lib/python3.10/site-packages/emo_voice
[8.103s] byte-compiling /home/user/ros2_emo_voice/install/emo_voice/lib/python3.10/site-packages/emo_voice/move.py to move.cpython-310.pyc
[8.103s] byte-compiling /home/user/ros2_emo_voice/install/emo_voice/lib/python3.10/site-packages/emo_voice/plot.py to plot.cpython-310.pyc
[8.103s] byte-compiling /home/user/ros2_emo_voice/install/emo_voice/lib/python3.10/site-packages/emo_voice/voice.py to voice.cpython-310.pyc
[8.103s] byte-compiling /home/user/ros2_emo_voice/install/emo_voice/lib/python3.10/site-packages/emo_voice/server_gentext.py to server_gentext.cpython-310.pyc
[8.103s] byte-compiling /home/user/ros2_emo_voice/install/emo_voice/lib/python3.10/site-packages/emo_voice/client.py to client.cpython-310.pyc
[8.110s] byte-compiling /home/user/ros2_emo_voice/install/emo_voice/lib/python3.10/site-packages/emo_voice/sensor_pnnx.py to sensor_pnnx.cpython-310.pyc
[8.111s] byte-compiling /home/user/ros2_emo_voice/install/emo_voice/lib/python3.10/site-packages/emo_voice/test_voice.py to test_voice.cpython-310.pyc
[8.117s] running install_data
[8.127s] running install_egg_info
[8.137s] removing '/home/user/ros2_emo_voice/install/emo_voice/lib/python3.10/site-packages/emo_voice-0.0.0-py3.10.egg-info' (and everything under it)
[8.157s] Copying ../../build/emo_voice/emo_voice.egg-info to /home/user/ros2_emo_voice/install/emo_voice/lib/python3.10/site-packages/emo_voice-0.0.0-py3.10.egg-info
[8.158s] running install_scripts
[8.264s] Installing move script to /home/user/ros2_emo_voice/install/emo_voice/lib/emo_voice
[8.278s] Installing plot script to /home/user/ros2_emo_voice/install/emo_voice/lib/emo_voice
[8.279s] Installing sensor_pnnx script to /home/user/ros2_emo_voice/install/emo_voice/lib/emo_voice
[8.281s] writing list of installed files to '/home/user/ros2_emo_voice/build/emo_voice/install.log'
[8.359s] Invoked command in '/home/user/ros2_emo_voice/src/emo_voice' returned '0': PYTHONPATH=/home/user/ros2_emo_voice/build/emo_voice/prefix_override:/home/user/ros2_emo_voice/install/emo_voice/lib/python3.10/site-packages:${PYTHONPATH} /usr/bin/python3 setup.py egg_info --egg-base ../../build/emo_voice build --build-base /home/user/ros2_emo_voice/build/emo_voice/build install --record /home/user/ros2_emo_voice/build/emo_voice/install.log --single-version-externally-managed
