[7.685s] Invoking command in '/home/user/ros2_emo_voice/src/emo_voice': PYTHONPATH=/home/user/ros2_emo_voice/build/emo_voice/prefix_override:/home/user/ros2_emo_voice/install/emo_voice/lib/python3.10/site-packages:${PYTHONPATH} /usr/bin/python3 setup.py egg_info --egg-base ../../build/emo_voice build --build-base /home/user/ros2_emo_voice/build/emo_voice/build install --record /home/user/ros2_emo_voice/build/emo_voice/install.log --single-version-externally-managed
[8.913s] running egg_info
[8.919s] writing ../../build/emo_voice/emo_voice.egg-info/PKG-INFO
[8.927s] writing dependency_links to ../../build/emo_voice/emo_voice.egg-info/dependency_links.txt
[8.937s] writing entry points to ../../build/emo_voice/emo_voice.egg-info/entry_points.txt
[8.947s] writing requirements to ../../build/emo_voice/emo_voice.egg-info/requires.txt
[8.952s] writing top-level names to ../../build/emo_voice/emo_voice.egg-info/top_level.txt
[8.966s] reading manifest file '../../build/emo_voice/emo_voice.egg-info/SOURCES.txt'
[8.979s] writing manifest file '../../build/emo_voice/emo_voice.egg-info/SOURCES.txt'
[8.985s] running build
[8.988s] running build_py
[8.992s] copying emo_voice/voice.py -> /home/user/ros2_emo_voice/build/emo_voice/build/lib/emo_voice
[8.999s] copying emo_voice/client.py -> /home/user/ros2_emo_voice/build/emo_voice/build/lib/emo_voice
[9.009s] running install
[9.016s] running install_lib
[9.022s] copying /home/user/ros2_emo_voice/build/emo_voice/build/lib/emo_voice/voice.py -> /home/user/ros2_emo_voice/install/emo_voice/lib/python3.10/site-packages/emo_voice
[9.029s] copying /home/user/ros2_emo_voice/build/emo_voice/build/lib/emo_voice/client.py -> /home/user/ros2_emo_voice/install/emo_voice/lib/python3.10/site-packages/emo_voice
[9.036s] byte-compiling /home/user/ros2_emo_voice/install/emo_voice/lib/python3.10/site-packages/emo_voice/voice.py to voice.cpython-310.pyc
[9.048s] byte-compiling /home/user/ros2_emo_voice/install/emo_voice/lib/python3.10/site-packages/emo_voice/client.py to client.cpython-310.pyc
[9.064s] running install_data
[9.070s] running install_egg_info
[9.078s] removing '/home/user/ros2_emo_voice/install/emo_voice/lib/python3.10/site-packages/emo_voice-0.0.0-py3.10.egg-info' (and everything under it)
[9.114s] Copying ../../build/emo_voice/emo_voice.egg-info to /home/user/ros2_emo_voice/install/emo_voice/lib/python3.10/site-packages/emo_voice-0.0.0-py3.10.egg-info
[9.137s] running install_scripts
[9.283s] Installing client script to /home/user/ros2_emo_voice/install/emo_voice/lib/emo_voice
[9.286s] Installing move script to /home/user/ros2_emo_voice/install/emo_voice/lib/emo_voice
[9.289s] Installing plot script to /home/user/ros2_emo_voice/install/emo_voice/lib/emo_voice
[9.292s] Installing sensor_pnnx script to /home/user/ros2_emo_voice/install/emo_voice/lib/emo_voice
[9.299s] Installing server script to /home/user/ros2_emo_voice/install/emo_voice/lib/emo_voice
[9.307s] writing list of installed files to '/home/user/ros2_emo_voice/build/emo_voice/install.log'
[9.426s] Invoked command in '/home/user/ros2_emo_voice/src/emo_voice' returned '0': PYTHONPATH=/home/user/ros2_emo_voice/build/emo_voice/prefix_override:/home/user/ros2_emo_voice/install/emo_voice/lib/python3.10/site-packages:${PYTHONPATH} /usr/bin/python3 setup.py egg_info --egg-base ../../build/emo_voice build --build-base /home/user/ros2_emo_voice/build/emo_voice/build install --record /home/user/ros2_emo_voice/build/emo_voice/install.log --single-version-externally-managed
