[3.313s] DEBUG:colcon:Command line arguments: ['/usr/bin/colcon', 'build']
[3.314s] DEBUG:colcon:Parsed command line arguments: Namespace(log_base=None, log_level=None, verb_name='build', build_base='build', install_base='install', merge_install=False, symlink_install=False, test_result_base=None, continue_on_error=False, executor='parallel', parallel_workers=2, event_handlers=None, ignore_user_meta=False, metas=['./colcon.meta'], base_paths=['.'], packages_ignore=None, packages_ignore_regex=None, paths=None, packages_up_to=None, packages_up_to_regex=None, packages_above=None, packages_above_and_dependencies=None, packages_above_depth=None, packages_select_by_dep=None, packages_skip_by_dep=None, packages_skip_up_to=None, packages_select_build_failed=False, packages_skip_build_finished=False, packages_select_test_failures=False, packages_skip_test_passed=False, packages_select=None, packages_skip=None, packages_select_regex=None, packages_skip_regex=None, packages_start=None, packages_end=None, allow_overriding=[], cmake_args=None, cmake_target=None, cmake_target_skip_unavailable=False, cmake_clean_cache=False, cmake_clean_first=False, cmake_force_configure=False, ament_cmake_args=None, catkin_cmake_args=None, catkin_skip_building_tests=False, verb_parser=<colcon_defaults.argument_parser.defaults.DefaultArgumentsDecorator object at 0x7f08b31d53f0>, verb_extension=<colcon_core.verb.build.BuildVerb object at 0x7f08b31d4130>, main=<bound method BuildVerb.main of <colcon_core.verb.build.BuildVerb object at 0x7f08b31d4130>>)
[3.448s] Level 1:colcon.colcon_core.package_discovery:discover_packages(colcon_meta) check parameters
[3.448s] Level 1:colcon.colcon_core.package_discovery:discover_packages(recursive) check parameters
[3.448s] Level 1:colcon.colcon_core.package_discovery:discover_packages(ignore) check parameters
[3.448s] Level 1:colcon.colcon_core.package_discovery:discover_packages(path) check parameters
[3.448s] Level 1:colcon.colcon_core.package_discovery:discover_packages(colcon_meta) discover
[3.449s] Level 1:colcon.colcon_core.package_discovery:discover_packages(recursive) discover
[3.449s] INFO:colcon.colcon_core.package_discovery:Crawling recursively for packages in '/home/user/ros2_ws_demo'
[3.449s] Level 1:colcon.colcon_core.package_identification:_identify(.) by extensions ['ignore', 'ignore_ament_install']
[3.449s] Level 1:colcon.colcon_core.package_identification:_identify(.) by extension 'ignore'
[3.449s] Level 1:colcon.colcon_core.package_identification:_identify(.) by extension 'ignore_ament_install'
[3.450s] Level 1:colcon.colcon_core.package_identification:_identify(.) by extensions ['colcon_pkg']
[3.450s] Level 1:colcon.colcon_core.package_identification:_identify(.) by extension 'colcon_pkg'
[3.450s] Level 1:colcon.colcon_core.package_identification:_identify(.) by extensions ['colcon_meta']
[3.450s] Level 1:colcon.colcon_core.package_identification:_identify(.) by extension 'colcon_meta'
[3.450s] Level 1:colcon.colcon_core.package_identification:_identify(.) by extensions ['ros']
[3.450s] Level 1:colcon.colcon_core.package_identification:_identify(.) by extension 'ros'
[3.478s] Level 1:colcon.colcon_core.package_identification:_identify(.) by extensions ['cmake', 'python']
[3.478s] Level 1:colcon.colcon_core.package_identification:_identify(.) by extension 'cmake'
[3.479s] Level 1:colcon.colcon_core.package_identification:_identify(.) by extension 'python'
[3.479s] Level 1:colcon.colcon_core.package_identification:_identify(.) by extensions ['python_setup_py']
[3.479s] Level 1:colcon.colcon_core.package_identification:_identify(.) by extension 'python_setup_py'
[3.479s] Level 1:colcon.colcon_core.package_identification:_identify(build) by extensions ['ignore', 'ignore_ament_install']
[3.479s] Level 1:colcon.colcon_core.package_identification:_identify(build) by extension 'ignore'
[3.479s] Level 1:colcon.colcon_core.package_identification:_identify(build) ignored
[3.480s] Level 1:colcon.colcon_core.package_identification:_identify(install) by extensions ['ignore', 'ignore_ament_install']
[3.480s] Level 1:colcon.colcon_core.package_identification:_identify(install) by extension 'ignore'
[3.480s] Level 1:colcon.colcon_core.package_identification:_identify(install) ignored
[3.480s] Level 1:colcon.colcon_core.package_identification:_identify(log) by extensions ['ignore', 'ignore_ament_install']
[3.481s] Level 1:colcon.colcon_core.package_identification:_identify(log) by extension 'ignore'
[3.481s] Level 1:colcon.colcon_core.package_identification:_identify(log) ignored
[3.481s] Level 1:colcon.colcon_core.package_identification:_identify(src) by extensions ['ignore', 'ignore_ament_install']
[3.481s] Level 1:colcon.colcon_core.package_identification:_identify(src) by extension 'ignore'
[3.481s] Level 1:colcon.colcon_core.package_identification:_identify(src) by extension 'ignore_ament_install'
[3.482s] Level 1:colcon.colcon_core.package_identification:_identify(src) by extensions ['colcon_pkg']
[3.482s] Level 1:colcon.colcon_core.package_identification:_identify(src) by extension 'colcon_pkg'
[3.482s] Level 1:colcon.colcon_core.package_identification:_identify(src) by extensions ['colcon_meta']
[3.482s] Level 1:colcon.colcon_core.package_identification:_identify(src) by extension 'colcon_meta'
[3.482s] Level 1:colcon.colcon_core.package_identification:_identify(src) by extensions ['ros']
[3.482s] Level 1:colcon.colcon_core.package_identification:_identify(src) by extension 'ros'
[3.482s] Level 1:colcon.colcon_core.package_identification:_identify(src) by extensions ['cmake', 'python']
[3.482s] Level 1:colcon.colcon_core.package_identification:_identify(src) by extension 'cmake'
[3.482s] Level 1:colcon.colcon_core.package_identification:_identify(src) by extension 'python'
[3.483s] Level 1:colcon.colcon_core.package_identification:_identify(src) by extensions ['python_setup_py']
[3.483s] Level 1:colcon.colcon_core.package_identification:_identify(src) by extension 'python_setup_py'
[3.483s] Level 1:colcon.colcon_core.package_identification:_identify(src/mytest) by extensions ['ignore', 'ignore_ament_install']
[3.484s] Level 1:colcon.colcon_core.package_identification:_identify(src/mytest) by extension 'ignore'
[3.484s] Level 1:colcon.colcon_core.package_identification:_identify(src/mytest) by extension 'ignore_ament_install'
[3.484s] Level 1:colcon.colcon_core.package_identification:_identify(src/mytest) by extensions ['colcon_pkg']
[3.484s] Level 1:colcon.colcon_core.package_identification:_identify(src/mytest) by extension 'colcon_pkg'
[3.484s] Level 1:colcon.colcon_core.package_identification:_identify(src/mytest) by extensions ['colcon_meta']
[3.485s] Level 1:colcon.colcon_core.package_identification:_identify(src/mytest) by extension 'colcon_meta'
[3.485s] Level 1:colcon.colcon_core.package_identification:_identify(src/mytest) by extensions ['ros']
[3.485s] Level 1:colcon.colcon_core.package_identification:_identify(src/mytest) by extension 'ros'
[3.492s] DEBUG:colcon.colcon_core.package_identification:Package 'src/mytest' with type 'ros.ament_python' and name 'mytest'
[3.492s] Level 1:colcon.colcon_core.package_discovery:discover_packages(recursive) using defaults
[3.492s] Level 1:colcon.colcon_core.package_discovery:discover_packages(ignore) discover
[3.492s] Level 1:colcon.colcon_core.package_discovery:discover_packages(ignore) using defaults
[3.492s] Level 1:colcon.colcon_core.package_discovery:discover_packages(path) discover
[3.493s] Level 1:colcon.colcon_core.package_discovery:discover_packages(path) using defaults
[3.772s] Level 1:colcon.colcon_core.package_discovery:discover_packages(prefix_path) check parameters
[3.773s] Level 1:colcon.colcon_core.package_discovery:discover_packages(prefix_path) discover
[3.882s] DEBUG:colcon.colcon_installed_package_information.package_discovery:Found 1 installed packages in /home/user/ros2_ws_demo/install
[3.945s] DEBUG:colcon.colcon_installed_package_information.package_discovery:Found 1 installed packages in /home/user/ros2_ws/install
[4.008s] DEBUG:colcon.colcon_installed_package_information.package_discovery:Found 396 installed packages in /opt/ros/humble
[4.013s] Level 1:colcon.colcon_core.package_discovery:discover_packages(prefix_path) using defaults
[4.327s] Level 5:colcon.colcon_core.verb:set package 'mytest' build argument 'cmake_args' from command line to 'None'
[4.327s] Level 5:colcon.colcon_core.verb:set package 'mytest' build argument 'cmake_target' from command line to 'None'
[4.328s] Level 5:colcon.colcon_core.verb:set package 'mytest' build argument 'cmake_target_skip_unavailable' from command line to 'False'
[4.328s] Level 5:colcon.colcon_core.verb:set package 'mytest' build argument 'cmake_clean_cache' from command line to 'False'
[4.328s] Level 5:colcon.colcon_core.verb:set package 'mytest' build argument 'cmake_clean_first' from command line to 'False'
[4.328s] Level 5:colcon.colcon_core.verb:set package 'mytest' build argument 'cmake_force_configure' from command line to 'False'
[4.328s] Level 5:colcon.colcon_core.verb:set package 'mytest' build argument 'ament_cmake_args' from command line to 'None'
[4.328s] Level 5:colcon.colcon_core.verb:set package 'mytest' build argument 'catkin_cmake_args' from command line to 'None'
[4.328s] Level 5:colcon.colcon_core.verb:set package 'mytest' build argument 'catkin_skip_building_tests' from command line to 'False'
[4.328s] DEBUG:colcon.colcon_core.verb:Building package 'mytest' with the following arguments: {'ament_cmake_args': None, 'build_base': '/home/user/ros2_ws_demo/build/mytest', 'catkin_cmake_args': None, 'catkin_skip_building_tests': False, 'cmake_args': None, 'cmake_clean_cache': False, 'cmake_clean_first': False, 'cmake_force_configure': False, 'cmake_target': None, 'cmake_target_skip_unavailable': False, 'install_base': '/home/user/ros2_ws_demo/install/mytest', 'merge_install': False, 'path': '/home/user/ros2_ws_demo/src/mytest', 'symlink_install': False, 'test_result_base': None}
[4.373s] INFO:colcon.colcon_core.executor:Executing jobs using 'parallel' executor
[4.421s] DEBUG:colcon.colcon_parallel_executor.executor.parallel:run_until_complete
[4.422s] INFO:colcon.colcon_ros.task.ament_python.build:Building ROS package in '/home/user/ros2_ws_demo/src/mytest' with build type 'ament_python'
[4.422s] Level 1:colcon.colcon_core.shell:create_environment_hook('mytest', 'ament_prefix_path')
[5.640s] INFO:colcon.colcon_core.plugin_system:Skipping extension 'colcon_core.shell.bat': Not used on non-Windows systems
[5.640s] INFO:colcon.colcon_core.shell:Creating environment hook '/home/user/ros2_ws_demo/install/mytest/share/mytest/hook/ament_prefix_path.ps1'
[5.643s] INFO:colcon.colcon_core.shell:Creating environment descriptor '/home/user/ros2_ws_demo/install/mytest/share/mytest/hook/ament_prefix_path.dsv'
[5.644s] INFO:colcon.colcon_core.shell:Creating environment hook '/home/user/ros2_ws_demo/install/mytest/share/mytest/hook/ament_prefix_path.sh'
[5.716s] INFO:colcon.colcon_core.shell:Skip shell extension 'powershell' for command environment: Not usable outside of PowerShell
[5.716s] DEBUG:colcon.colcon_core.shell:Skip shell extension 'dsv' for command environment
[7.151s] INFO:colcon.colcon_core.task.python.build:Building Python package in '/home/user/ros2_ws_demo/src/mytest'
[7.205s] INFO:colcon.colcon_core.shell:Skip shell extension 'powershell' for command environment: Not usable outside of PowerShell
[7.205s] DEBUG:colcon.colcon_core.shell:Skip shell extension 'dsv' for command environment
[8.639s] DEBUG:colcon.colcon_core.event_handler.log_command:Invoking command in '/home/user/ros2_ws_demo/src/mytest': PYTHONPATH=/home/user/ros2_ws_demo/build/mytest/prefix_override:/home/user/ros2_ws_demo/install/mytest/lib/python3.10/site-packages:${PYTHONPATH} /usr/bin/python3 setup.py egg_info --egg-base ../../build/mytest build --build-base /home/user/ros2_ws_demo/build/mytest/build install --record /home/user/ros2_ws_demo/build/mytest/install.log --single-version-externally-managed
[9.636s] DEBUG:colcon.colcon_core.event_handler.log_command:Invoked command in '/home/user/ros2_ws_demo/src/mytest' returned '0': PYTHONPATH=/home/user/ros2_ws_demo/build/mytest/prefix_override:/home/user/ros2_ws_demo/install/mytest/lib/python3.10/site-packages:${PYTHONPATH} /usr/bin/python3 setup.py egg_info --egg-base ../../build/mytest build --build-base /home/user/ros2_ws_demo/build/mytest/build install --record /home/user/ros2_ws_demo/build/mytest/install.log --single-version-externally-managed
[9.704s] Level 1:colcon.colcon_core.environment:checking '/home/user/ros2_ws_demo/install/mytest' for CMake module files
[9.706s] Level 1:colcon.colcon_core.environment:checking '/home/user/ros2_ws_demo/install/mytest' for CMake config files
[9.708s] Level 1:colcon.colcon_core.environment:checking '/home/user/ros2_ws_demo/install/mytest/lib'
[9.708s] Level 1:colcon.colcon_core.environment:checking '/home/user/ros2_ws_demo/install/mytest/bin'
[9.708s] Level 1:colcon.colcon_core.environment:checking '/home/user/ros2_ws_demo/install/mytest/lib/pkgconfig/mytest.pc'
[9.709s] Level 1:colcon.colcon_core.environment:checking '/home/user/ros2_ws_demo/install/mytest/lib/python3.10/site-packages'
[9.709s] Level 1:colcon.colcon_core.shell:create_environment_hook('mytest', 'pythonpath')
[9.759s] INFO:colcon.colcon_core.shell:Creating environment hook '/home/user/ros2_ws_demo/install/mytest/share/mytest/hook/pythonpath.ps1'
[9.761s] INFO:colcon.colcon_core.shell:Creating environment descriptor '/home/user/ros2_ws_demo/install/mytest/share/mytest/hook/pythonpath.dsv'
[9.762s] INFO:colcon.colcon_core.shell:Creating environment hook '/home/user/ros2_ws_demo/install/mytest/share/mytest/hook/pythonpath.sh'
[9.764s] Level 1:colcon.colcon_core.environment:checking '/home/user/ros2_ws_demo/install/mytest/bin'
[9.765s] Level 1:colcon.colcon_core.environment:create_environment_scripts_only(mytest)
[9.821s] INFO:colcon.colcon_core.shell:Creating package script '/home/user/ros2_ws_demo/install/mytest/share/mytest/package.ps1'
[9.823s] INFO:colcon.colcon_core.shell:Creating package descriptor '/home/user/ros2_ws_demo/install/mytest/share/mytest/package.dsv'
[9.825s] INFO:colcon.colcon_core.shell:Creating package script '/home/user/ros2_ws_demo/install/mytest/share/mytest/package.sh'
[9.828s] INFO:colcon.colcon_core.shell:Creating package script '/home/user/ros2_ws_demo/install/mytest/share/mytest/package.bash'
[9.831s] INFO:colcon.colcon_core.shell:Creating package script '/home/user/ros2_ws_demo/install/mytest/share/mytest/package.zsh'
[9.833s] Level 1:colcon.colcon_core.environment:create_file_with_runtime_dependencies(/home/user/ros2_ws_demo/install/mytest/share/colcon-core/packages/mytest)
[9.834s] DEBUG:colcon.colcon_parallel_executor.executor.parallel:closing loop
[9.836s] DEBUG:colcon.colcon_parallel_executor.executor.parallel:loop closed
[9.836s] DEBUG:colcon.colcon_parallel_executor.executor.parallel:run_until_complete finished with '0'
[9.836s] DEBUG:colcon.colcon_core.event_reactor:joining thread
[9.916s] INFO:colcon.colcon_core.plugin_system:Skipping extension 'colcon_notification.desktop_notification.terminal_notifier': Not used on non-Darwin systems
[9.916s] INFO:colcon.colcon_core.plugin_system:Skipping extension 'colcon_notification.desktop_notification.win32': Not used on non-Windows systems
[9.916s] INFO:colcon.colcon_notification.desktop_notification:Sending desktop notification using 'notify2'
[9.952s] DEBUG:colcon.colcon_core.event_reactor:joined thread
[10.034s] INFO:colcon.colcon_core.shell:Creating prefix script '/home/user/ros2_ws_demo/install/local_setup.ps1'
[10.037s] INFO:colcon.colcon_core.shell:Creating prefix util module '/home/user/ros2_ws_demo/install/_local_setup_util_ps1.py'
[10.042s] INFO:colcon.colcon_core.shell:Creating prefix chain script '/home/user/ros2_ws_demo/install/setup.ps1'
[10.109s] INFO:colcon.colcon_core.shell:Creating prefix script '/home/user/ros2_ws_demo/install/local_setup.sh'
[10.112s] INFO:colcon.colcon_core.shell:Creating prefix util module '/home/user/ros2_ws_demo/install/_local_setup_util_sh.py'
[10.114s] INFO:colcon.colcon_core.shell:Creating prefix chain script '/home/user/ros2_ws_demo/install/setup.sh'
[10.177s] INFO:colcon.colcon_core.shell:Creating prefix script '/home/user/ros2_ws_demo/install/local_setup.bash'
[10.179s] INFO:colcon.colcon_core.shell:Creating prefix chain script '/home/user/ros2_ws_demo/install/setup.bash'
[10.227s] INFO:colcon.colcon_core.shell:Creating prefix script '/home/user/ros2_ws_demo/install/local_setup.zsh'
[10.229s] INFO:colcon.colcon_core.shell:Creating prefix chain script '/home/user/ros2_ws_demo/install/setup.zsh'
