[8.621s] Invoking command in '/home/user/ros2_emo_voice/src/emo_voice': PYTHONPATH=/home/user/ros2_emo_voice/build/emo_voice/prefix_override:/home/user/ros2_emo_voice/install/emo_voice/lib/python3.10/site-packages:${PYTHONPATH} /usr/bin/python3 setup.py egg_info --egg-base ../../build/emo_voice build --build-base /home/user/ros2_emo_voice/build/emo_voice/build install --record /home/user/ros2_emo_voice/build/emo_voice/install.log --single-version-externally-managed
[10.683s] running egg_info
[10.687s] writing ../../build/emo_voice/emo_voice.egg-info/PKG-INFO
[10.689s] writing dependency_links to ../../build/emo_voice/emo_voice.egg-info/dependency_links.txt
[10.691s] writing entry points to ../../build/emo_voice/emo_voice.egg-info/entry_points.txt
[10.692s] writing requirements to ../../build/emo_voice/emo_voice.egg-info/requires.txt
[10.693s] writing top-level names to ../../build/emo_voice/emo_voice.egg-info/top_level.txt
[10.701s] reading manifest file '../../build/emo_voice/emo_voice.egg-info/SOURCES.txt'
[10.705s] writing manifest file '../../build/emo_voice/emo_voice.egg-info/SOURCES.txt'
[10.706s] running build
[10.706s] running build_py
[10.708s] running install
[10.708s] running install_lib
[10.713s] running install_data
[10.716s] running install_egg_info
[10.721s] removing '/home/user/ros2_emo_voice/install/emo_voice/lib/python3.10/site-packages/emo_voice-0.0.0-py3.10.egg-info' (and everything under it)
[10.723s] Copying ../../build/emo_voice/emo_voice.egg-info to /home/user/ros2_emo_voice/install/emo_voice/lib/python3.10/site-packages/emo_voice-0.0.0-py3.10.egg-info
[10.729s] running install_scripts
[10.798s] Installing move script to /home/user/ros2_emo_voice/install/emo_voice/lib/emo_voice
[10.801s] Installing plot script to /home/user/ros2_emo_voice/install/emo_voice/lib/emo_voice
[10.802s] Installing sensor_pnnx script to /home/user/ros2_emo_voice/install/emo_voice/lib/emo_voice
[10.806s] writing list of installed files to '/home/user/ros2_emo_voice/build/emo_voice/install.log'
[10.918s] Invoked command in '/home/user/ros2_emo_voice/src/emo_voice' returned '0': PYTHONPATH=/home/user/ros2_emo_voice/build/emo_voice/prefix_override:/home/user/ros2_emo_voice/install/emo_voice/lib/python3.10/site-packages:${PYTHONPATH} /usr/bin/python3 setup.py egg_info --egg-base ../../build/emo_voice build --build-base /home/user/ros2_emo_voice/build/emo_voice/build install --record /home/user/ros2_emo_voice/build/emo_voice/install.log --single-version-externally-managed
