[4.824s] Invoking command in '/home/user/ros2_emo_voice/src/emo_voice': PYTHONPATH=/home/user/ros2_emo_voice/build/emo_voice/prefix_override:/home/user/ros2_emo_voice/install/emo_voice/lib/python3.10/site-packages:${PYTHONPATH} /usr/bin/python3 setup.py egg_info --egg-base ../../build/emo_voice build --build-base /home/user/ros2_emo_voice/build/emo_voice/build install --record /home/user/ros2_emo_voice/build/emo_voice/install.log --single-version-externally-managed
[6.436s] running egg_info
[6.440s] writing ../../build/emo_voice/emo_voice.egg-info/PKG-INFO
[6.440s] writing dependency_links to ../../build/emo_voice/emo_voice.egg-info/dependency_links.txt
[6.442s] writing entry points to ../../build/emo_voice/emo_voice.egg-info/entry_points.txt
[6.444s] writing requirements to ../../build/emo_voice/emo_voice.egg-info/requires.txt
[6.444s] writing top-level names to ../../build/emo_voice/emo_voice.egg-info/top_level.txt
[6.457s] reading manifest file '../../build/emo_voice/emo_voice.egg-info/SOURCES.txt'
[6.458s] writing manifest file '../../build/emo_voice/emo_voice.egg-info/SOURCES.txt'
[6.458s] running build
[6.458s] running build_py
[6.467s] copying emo_voice/voice.py -> /home/user/ros2_emo_voice/build/emo_voice/build/lib/emo_voice
[6.469s] running install
[6.475s] running install_lib
[6.483s] copying /home/user/ros2_emo_voice/build/emo_voice/build/lib/emo_voice/voice.py -> /home/user/ros2_emo_voice/install/emo_voice/lib/python3.10/site-packages/emo_voice
[6.485s] byte-compiling /home/user/ros2_emo_voice/install/emo_voice/lib/python3.10/site-packages/emo_voice/voice.py to voice.cpython-310.pyc
[6.494s] running install_data
[6.494s] running install_egg_info
[6.505s] removing '/home/user/ros2_emo_voice/install/emo_voice/lib/python3.10/site-packages/emo_voice-0.0.0-py3.10.egg-info' (and everything under it)
[6.505s] Copying ../../build/emo_voice/emo_voice.egg-info to /home/user/ros2_emo_voice/install/emo_voice/lib/python3.10/site-packages/emo_voice-0.0.0-py3.10.egg-info
[6.505s] running install_scripts
[6.575s] Installing client script to /home/user/ros2_emo_voice/install/emo_voice/lib/emo_voice
[6.577s] Installing move script to /home/user/ros2_emo_voice/install/emo_voice/lib/emo_voice
[6.578s] Installing plot script to /home/user/ros2_emo_voice/install/emo_voice/lib/emo_voice
[6.579s] Installing sensor_pnnx script to /home/user/ros2_emo_voice/install/emo_voice/lib/emo_voice
[6.580s] Installing server script to /home/user/ros2_emo_voice/install/emo_voice/lib/emo_voice
[6.580s] writing list of installed files to '/home/user/ros2_emo_voice/build/emo_voice/install.log'
[6.791s] Invoked command in '/home/user/ros2_emo_voice/src/emo_voice' returned '0': PYTHONPATH=/home/user/ros2_emo_voice/build/emo_voice/prefix_override:/home/user/ros2_emo_voice/install/emo_voice/lib/python3.10/site-packages:${PYTHONPATH} /usr/bin/python3 setup.py egg_info --egg-base ../../build/emo_voice build --build-base /home/user/ros2_emo_voice/build/emo_voice/build install --record /home/user/ros2_emo_voice/build/emo_voice/install.log --single-version-externally-managed
